status file for recon-all
Thu Mar 12 00:24:26 CET 2026
#@# Tessellate lh Thu Mar 12 00:24:26 CET 2026
#@# Smooth1 lh Thu Mar 12 00:24:30 CET 2026
#@# Inflation1 lh Thu Mar 12 00:24:33 CET 2026
#@# QSphere lh Thu Mar 12 00:24:50 CET 2026
#@# Fix Topology lh Thu Mar 12 00:26:38 CET 2026
#@# Smooth2 lh Thu Mar 12 00:35:14 CET 2026
#@# Inflation2 lh Thu Mar 12 00:35:17 CET 2026
#@# Curv .H and .K lh Thu Mar 12 00:35:32 CET 2026
#@# Sphere lh Thu Mar 12 00:36:17 CET 2026
#@# Surf Reg lh Thu Mar 12 00:41:48 CET 2026
#@# Jacobian white lh Thu Mar 12 00:50:58 CET 2026
#@# AvgCurv lh Thu Mar 12 00:50:59 CET 2026
#@# Cortical Parc lh Thu Mar 12 00:51:00 CET 2026
#@# white curv lh Thu Mar 12 01:02:46 CET 2026
#@# white area lh Thu Mar 12 01:02:48 CET 2026
#@# pial curv lh Thu Mar 12 01:02:49 CET 2026
#@# pial area lh Thu Mar 12 01:02:51 CET 2026
#@# thickness lh Thu Mar 12 01:02:52 CET 2026
#@# area and vertex vol lh Thu Mar 12 01:03:19 CET 2026
#@# Curvature Stats lh Thu Mar 12 01:03:21 CET 2026
#@# Cortical Parc 2 lh Thu Mar 12 01:03:23 CET 2026
#@# Cortical Parc 3 lh Thu Mar 12 01:03:36 CET 2026
#@# WM/GM Contrast lh Thu Mar 12 01:03:47 CET 2026
recon-all -s sub-v1s0x0050668_ses-1 finished without error at Thu Mar 12 01:03:50 CET 2026



#New# invocation of recon-all 



status file for recon-all
Thu Mar 12 01:33:41 CET 2026
#@# white curv lh Thu Mar 12 01:33:41 CET 2026
#@# white area lh Thu Mar 12 01:33:41 CET 2026
#@# pial curv lh Thu Mar 12 01:33:41 CET 2026
#@# pial area lh Thu Mar 12 01:33:41 CET 2026
#@# thickness lh Thu Mar 12 01:33:41 CET 2026
#@# area and vertex vol lh Thu Mar 12 01:33:41 CET 2026
#@# Parcellation Stats lh Thu Mar 12 01:33:41 CET 2026
#@# Parcellation Stats 2 lh Thu Mar 12 01:33:58 CET 2026
#@# Parcellation Stats 3 lh Thu Mar 12 01:34:07 CET 2026
#@# BA_exvivo Labels lh Thu Mar 12 01:34:17 CET 2026
recon-all -s sub-v1s0x0050668_ses-1 finished without error at Thu Mar 12 01:37:04 CET 2026
