status file for recon-all
Wed Mar 11 22:28:01 CET 2026
#@# MotionCor Wed Mar 11 22:28:03 CET 2026
#@# Talairach Wed Mar 11 22:28:11 CET 2026
#@# Talairach Failure Detection Wed Mar 11 22:32:51 CET 2026
#@# Nu Intensity Correction Wed Mar 11 22:32:51 CET 2026
#@# Intensity Normalization Wed Mar 11 22:36:06 CET 2026
recon-all -s sub-v1s0x0050668_ses-1 finished without error at Wed Mar 11 22:37:33 CET 2026



#New# invocation of recon-all 



status file for recon-all
Wed Mar 11 22:44:22 CET 2026
#@# EM Registration Wed Mar 11 22:44:22 CET 2026
recon-all -s sub-v1s0x0050668_ses-1 finished without error at Wed Mar 11 22:46:14 CET 2026



#New# invocation of recon-all 



status file for recon-all
Wed Mar 11 22:46:16 CET 2026
#@# CA Normalize Wed Mar 11 22:46:16 CET 2026
#@# CA Reg Wed Mar 11 22:47:40 CET 2026
#@# SubCort Seg Wed Mar 11 23:40:37 CET 2026
#@# CC Seg Thu Mar 12 00:18:08 CET 2026
#@# Merge ASeg Thu Mar 12 00:18:50 CET 2026
#@# Intensity Normalization2 Thu Mar 12 00:18:50 CET 2026
#@# Mask BFS Thu Mar 12 00:21:12 CET 2026
#@# WM Segmentation Thu Mar 12 00:21:13 CET 2026
#@# Fill Thu Mar 12 00:23:21 CET 2026
recon-all -s sub-v1s0x0050668_ses-1 finished without error at Thu Mar 12 00:24:22 CET 2026



#New# invocation of recon-all 



status file for recon-all
Thu Mar 12 01:29:15 CET 2026
#@# white curv lh Thu Mar 12 01:29:15 CET 2026
#@# white area lh Thu Mar 12 01:29:15 CET 2026
#@# pial curv lh Thu Mar 12 01:29:15 CET 2026
#@# pial area lh Thu Mar 12 01:29:15 CET 2026
#@# thickness lh Thu Mar 12 01:29:15 CET 2026
#@# area and vertex vol lh Thu Mar 12 01:29:15 CET 2026
#@# white curv rh Thu Mar 12 01:29:15 CET 2026
#@# white area rh Thu Mar 12 01:29:15 CET 2026
#@# pial curv rh Thu Mar 12 01:29:15 CET 2026
#@# pial area rh Thu Mar 12 01:29:15 CET 2026
#@# thickness rh Thu Mar 12 01:29:15 CET 2026
#@# area and vertex vol rh Thu Mar 12 01:29:15 CET 2026
#@# Cortical ribbon mask Thu Mar 12 01:29:15 CET 2026
recon-all -s sub-v1s0x0050668_ses-1 finished without error at Thu Mar 12 01:33:37 CET 2026



#New# invocation of recon-all 



status file for recon-all
Thu Mar 12 01:40:33 CET 2026
#@# white curv lh Thu Mar 12 01:40:33 CET 2026
#@# white area lh Thu Mar 12 01:40:33 CET 2026
#@# pial curv lh Thu Mar 12 01:40:33 CET 2026
#@# pial area lh Thu Mar 12 01:40:33 CET 2026
#@# thickness lh Thu Mar 12 01:40:33 CET 2026
#@# area and vertex vol lh Thu Mar 12 01:40:33 CET 2026
#@# white curv rh Thu Mar 12 01:40:33 CET 2026
#@# white area rh Thu Mar 12 01:40:33 CET 2026
#@# pial curv rh Thu Mar 12 01:40:34 CET 2026
#@# pial area rh Thu Mar 12 01:40:34 CET 2026
#@# thickness rh Thu Mar 12 01:40:34 CET 2026
#@# area and vertex vol rh Thu Mar 12 01:40:34 CET 2026
#@# Curvature Stats lh Thu Mar 12 01:40:34 CET 2026
#@# Curvature Stats rh Thu Mar 12 01:40:36 CET 2026
#@# Relabel Hypointensities Thu Mar 12 01:40:39 CET 2026
#@# APas-to-ASeg Thu Mar 12 01:40:53 CET 2026
#@# AParc-to-ASeg aparc Thu Mar 12 01:41:02 CET 2026
#@# AParc-to-ASeg aparc.a2009s Thu Mar 12 01:41:36 CET 2026
#@# AParc-to-ASeg aparc.DKTatlas Thu Mar 12 01:42:05 CET 2026
#@# WMParc Thu Mar 12 01:42:37 CET 2026
#@# ASeg Stats Thu Mar 12 01:46:35 CET 2026
recon-all -s sub-v1s0x0050668_ses-1 finished without error at Thu Mar 12 01:47:15 CET 2026
