/out/sourcedata/freesurfer/sub-v1s0x0050663_ses-1/mri
/opt/freesurfer/bin/talairach_avi
--i orig_nu.mgz --xfm transforms/talairach.auto.xfm
talairach_avi 7.3.2
Linux dna022 5.14.0-427.37.1.el9_4.x86_64 #1 SMP PREEMPT_DYNAMIC Fri Sep 13 12:41:50 EDT 2024 x86_64 x86_64 x86_64 GNU/Linux
Wed Mar 11 21:10:12 CET 2026
mri_convert orig_nu.mgz talsrcimg.img 
reading from orig_nu.mgz...
TR=0.00, TE=0.00, TI=0.00, flip angle=0.00
i_ras = (-1, 0, 0)
j_ras = (0, 0, -1)
k_ras = (0, 1, 0)
writing to talsrcimg.img...
Analyze Output Matrix
-1.00000   0.00000   0.00000   129.50000;
 0.00000   0.00000   1.00000  -128.00000;
 0.00000  -1.00000   0.00000   130.00000;
 0.00000   0.00000   0.00000   1.00000;
--------------------
INFO: set hdr.hist.orient to -1
mpr2mni305 talsrcimg
Wed Mar 11 21:10:13 CET 2026
/opt/freesurfer/bin/mpr2mni305 talsrcimg
mpr2mni305 7.3.2
target=711-2C_as_mni_average_305

---------------------------------------------------------------------
analyzeto4dfp talsrcimg -O0 -y
---------------------------------------------------------------------

freesurfer ifh2hdr.c
Wed Mar 11 21:10:13 2026
Writing: talsrcimg.4dfp.hdr
freesurfer analyzeto4dfp.c
Reading: talsrcimg.hdr
header size 348 bytes
hdr.dime.datatype	offset=70	value=2
hdr.dime.bitpix		offset=72	value=8
hdr.hist.orient		offset=252	value=-1
dimensionality     4
dimensions       256       256       256         1
Reading: talsrcimg.img
Writing: talsrcimg.4dfp.img
Writing: talsrcimg.4dfp.ifh
ifh2hdr talsrcimg -r0to255
ori=2

---------------------------------------------------------------------
gauss_4dfp talsrcimg 1.1
---------------------------------------------------------------------

freesurfer gauss_4dfp.c
Reading: talsrcimg.4dfp.img
Writing: talsrcimg_g11.4dfp.img
image dimensions 256 256 256 padded to 288 288 288
processing volume 1freesurfer ifh2hdr.c
Wed Mar 11 21:10:15 2026
Writing: talsrcimg_g11.4dfp.hdr

Writing: talsrcimg_g11.4dfp.ifh
including: talsrcimg.4dfp.img.rec in talsrcimg_g11.4dfp.img.rec

---------------------------------------------------------------------
imgreg_4dfp /opt/freesurfer/average/711-2C_as_mni_average_305 none talsrcimg_g11 none talsrcimg_to_711-2C_as_mni_average_305_t4 4355
---------------------------------------------------------------------

freesurfer imgreg_4dfp.c
/opt/freesurfer/average/711-2C_as_mni_average_305.4dfp.img
       256       256       256         1
  1.000000  1.000000  1.000000
orientation T byte_order littleendian
Reading image: /opt/freesurfer/average/711-2C_as_mni_average_305.4dfp.img
dimensions:      256       256       256
mmppix:       1.0000   -1.0000   -1.0000
center:     128.0000 -129.0000 -129.0000
talsrcimg_g11.4dfp.img
       256       256       256         1
  1.000000  1.000000  1.000000
orientation T byte_order littleendian
Reading image: talsrcimg_g11.4dfp.img
dimensions:      256       256       256
mmppix:       1.0000   -1.0000   -1.0000
center:     128.0000 -129.0000 -129.0000
t4_read: open error in t4_sub.f l:  41 t4_file(1:l)talsrcimg_to_711-2C_as_mni_average_305_t4 
t4_read: transform initialized to I4
rotation matrix determinant  1.000000
image alignment mode   4355 decimal     1103 hex
   -7.5000  -45.0000  -45.0000 9768.7871   12.1279
    0.0000  -45.0000  -45.000010228.6787   12.1425
    7.5000  -45.0000  -45.0000 9735.6045   12.1456
   -7.5000  -37.5000  -45.000010319.4697   12.1300
    0.0000  -37.5000  -45.000010801.5049   12.1452
    7.5000  -37.5000  -45.000010262.3828   12.1464
   -7.5000  -30.0000  -45.000011217.4561   12.1392
    0.0000  -30.0000  -45.000011747.3984   12.1536
    7.5000  -30.0000  -45.000011154.5312   12.1555
   -7.5000  -22.5000  -45.000012035.7568   12.1405
    0.0000  -22.5000  -45.000012567.5918   12.1534
    7.5000  -22.5000  -45.000011969.9229   12.1585
   -7.5000  -15.0000  -45.000012755.8848   12.1324
    0.0000  -15.0000  -45.000013323.4258   12.1443
    7.5000  -15.0000  -45.000012687.1982   12.1524
   -7.5000   -7.5000  -45.000013361.4082   12.1220
    0.0000   -7.5000  -45.000013944.4395   12.1348
    7.5000   -7.5000  -45.000013282.0371   12.1416
   -7.5000    0.0000  -45.000013715.4941   12.1169
    0.0000    0.0000  -45.000014329.3418   12.1314
    7.5000    0.0000  -45.000013612.3535   12.1344
   -7.5000    7.5000  -45.000013042.0127   12.1254
    0.0000    7.5000  -45.000013650.8154   12.1405
    7.5000    7.5000  -45.000012945.9678   12.1417
   -7.5000   15.0000  -45.000012322.3047   12.1385
    0.0000   15.0000  -45.000012907.2285   12.1529
    7.5000   15.0000  -45.000012245.4189   12.1548
   -7.5000   22.5000  -45.000011401.9082   12.1389
    0.0000   22.5000  -45.000011973.4463   12.1517
    7.5000   22.5000  -45.000011374.2168   12.1568
   -7.5000   30.0000  -45.000010367.3477   11.9707
    0.0000   30.0000  -45.000010873.7666   11.9824
    7.5000   30.0000  -45.000010336.9883   11.9905
   -7.5000   37.5000  -45.0000 9690.9609   11.9621
    0.0000   37.5000  -45.000010173.5771   11.9747
    7.5000   37.5000  -45.0000 9656.2031   11.9815
   -7.5000   45.0000  -45.0000 8778.0703   11.7159
    0.0000   45.0000  -45.0000 9224.6875   11.7297
    7.5000   45.0000  -45.0000 8736.2119   11.7325
   -7.5000  -45.0000  -37.500010167.7041   12.1342
    0.0000  -45.0000  -37.500010668.2832   12.1505
    7.5000  -45.0000  -37.500010142.1211   12.1534
   -7.5000  -37.5000  -37.500010734.9268   12.1335
    0.0000  -37.5000  -37.500011260.9990   12.1484
    7.5000  -37.5000  -37.500010695.5332   12.1487
   -7.5000  -30.0000  -37.500011701.3486   12.1399
    0.0000  -30.0000  -37.500012269.3848   12.1531
    7.5000  -30.0000  -37.500011643.3145   12.1538
   -7.5000  -22.5000  -37.500012518.5020   12.1415
    0.0000  -22.5000  -37.500013101.0723   12.1547
    7.5000  -22.5000  -37.500012453.5801   12.1596
   -7.5000  -15.0000  -37.500013252.1279   12.1358
    0.0000  -15.0000  -37.500013855.7930   12.1500
    7.5000  -15.0000  -37.500013177.0312   12.1591
   -7.5000   -7.5000  -37.500013880.5752   12.1278
    0.0000   -7.5000  -37.500014509.9678   12.1434
    7.5000   -7.5000  -37.500013791.6699   12.1509
   -7.5000    0.0000  -37.500014252.2891   12.1231
    0.0000    0.0000  -37.500014943.8887   12.1393
    7.5000    0.0000  -37.500014162.2676   12.1422
   -7.5000    7.5000  -37.500013555.6748   12.1288
    0.0000    7.5000  -37.500014218.5078   12.1436
    7.5000    7.5000  -37.500013473.1650   12.1439
   -7.5000   15.0000  -37.500012782.2422   12.1392
    0.0000   15.0000  -37.500013389.4971   12.1524
    7.5000   15.0000  -37.500012706.8535   12.1531
   -7.5000   22.5000  -37.500011858.2041   12.1398
    0.0000   22.5000  -37.500012419.0820   12.1530
    7.5000   22.5000  -37.500011810.1270   12.1579
   -7.5000   30.0000  -37.500010775.2617   11.9740
    0.0000   30.0000  -37.500011313.9834   11.9881
    7.5000   30.0000  -37.500010760.9775   11.9970
   -7.5000   37.5000  -37.500010077.4697   11.9681
    0.0000   37.5000  -37.500010568.4678   11.9835
    7.5000   37.5000  -37.500010052.0195   11.9908
   -7.5000   45.0000  -37.5000 9104.8730   11.7225
    0.0000   45.0000  -37.5000 9560.5078   11.7380
    7.5000   45.0000  -37.5000 9074.0244   11.7407
   -7.5000  -45.0000  -30.000010717.8828   12.6500
    0.0000  -45.0000  -30.000011227.2676   12.6649
    7.5000  -45.0000  -30.000010704.1494   12.6686
   -7.5000  -37.5000  -30.000011291.9277   12.6451
    0.0000  -37.5000  -30.000011846.6455   12.6585
    7.5000  -37.5000  -30.000011280.8135   12.6598
   -7.5000  -30.0000  -30.000012331.3174   12.6460
    0.0000  -30.0000  -30.000012940.0176   12.6583
    7.5000  -30.0000  -30.000012312.8037   12.6596
   -7.5000  -22.5000  -30.000013200.6953   12.6465
    0.0000  -22.5000  -30.000013829.4580   12.6599
    7.5000  -22.5000  -30.000013146.2100   12.6652
   -7.5000  -15.0000  -30.000013952.2012   12.6444
    0.0000  -15.0000  -30.000014566.7549   12.6591
    7.5000  -15.0000  -30.000013855.5830   12.6685
   -7.5000   -7.5000  -30.000014630.0322   12.6416
    0.0000   -7.5000  -30.000015281.9990   12.6566
    7.5000   -7.5000  -30.000014521.5498   12.6644
   -7.5000    0.0000  -30.000015031.8906   12.6385
    0.0000    0.0000  -30.000015773.2441   12.6533
    7.5000    0.0000  -30.000014940.0332   12.6570
   -7.5000    7.5000  -30.000014270.9785   12.6402
    0.0000    7.5000  -30.000014981.9355   12.6536
    7.5000    7.5000  -30.000014193.2080   12.6548
   -7.5000   15.0000  -30.000013387.5527   12.6453
    0.0000   15.0000  -30.000014024.5781   12.6576
    7.5000   15.0000  -30.000013306.4619   12.6589
   -7.5000   22.5000  -30.000012469.7998   12.6434
    0.0000   22.5000  -30.000013051.0420   12.6569
    7.5000   22.5000  -30.000012403.9219   12.6621
   -7.5000   30.0000  -30.000011379.4990   12.4771
    0.0000   30.0000  -30.000011935.9795   12.4916
    7.5000   30.0000  -30.000011344.6592   12.5009
   -7.5000   37.5000  -30.000010646.1123   12.4765
    0.0000   37.5000  -30.000011177.5684   12.4913
    7.5000   37.5000  -30.000010606.4746   12.4990
   -7.5000   45.0000  -30.0000 9602.5342   12.2313
    0.0000   45.0000  -30.000010102.5020   12.2458
    7.5000   45.0000  -30.0000 9571.4473   12.2494
   -7.5000  -45.0000  -22.500011227.1709   13.0890
    0.0000  -45.0000  -22.500011739.6162   13.1000
    7.5000  -45.0000  -22.500011201.0742   13.1049
   -7.5000  -37.5000  -22.500011802.1758   13.0840
    0.0000  -37.5000  -22.500012368.3623   13.0960
    7.5000  -37.5000  -22.500011802.4844   13.0991
   -7.5000  -30.0000  -22.500012901.3877   13.0833
    0.0000  -30.0000  -22.500013551.3164   13.0964
    7.5000  -30.0000  -22.500012903.2861   13.0988
   -7.5000  -22.5000  -22.500013865.6914   13.0817
    0.0000  -22.5000  -22.500014548.2930   13.0953
    7.5000  -22.5000  -22.500013808.0010   13.1007
   -7.5000  -15.0000  -22.500014660.3242   13.0797
    0.0000  -15.0000  -22.500015271.0576   13.0922
    7.5000  -15.0000  -22.500014541.3867   13.1009
   -7.5000   -7.5000  -22.500015328.0371   13.0787
    0.0000   -7.5000  -22.500015946.6230   13.0895
    7.5000   -7.5000  -22.500015217.2490   13.0973
   -7.5000    0.0000  -22.500015781.7812   13.0771
    0.0000    0.0000  -22.500016474.3770   13.0880
    7.5000    0.0000  -22.500015690.4678   13.0930
   -7.5000    7.5000  -22.500014974.0400   13.0789
    0.0000    7.5000  -22.500015697.3369   13.0910
    7.5000    7.5000  -22.500014896.1768   13.0940
   -7.5000   15.0000  -22.500014028.4932   13.0826
    0.0000   15.0000  -22.500014699.8242   13.0956
    7.5000   15.0000  -22.500013945.9912   13.0981
   -7.5000   22.5000  -22.500013107.9502   13.0777
    0.0000   22.5000  -22.500013745.1094   13.0913
    7.5000   22.5000  -22.500013007.9189   13.0966
   -7.5000   30.0000  -22.500011982.1230   12.9086
    0.0000   30.0000  -22.500012605.2822   12.9210
    7.5000   30.0000  -22.500011923.9805   12.9295
   -7.5000   37.5000  -22.500011210.9180   12.9099
    0.0000   37.5000  -22.500011813.9072   12.9205
    7.5000   37.5000  -22.500011142.7979   12.9283
   -7.5000   45.0000  -22.500010081.7842   12.6662
    0.0000   45.0000  -22.500010639.6455   12.6770
    7.5000   45.0000  -22.500010029.0049   12.6820
   -7.5000  -45.0000  -15.000011623.6250   13.4037
    0.0000  -45.0000  -15.000012210.7822   13.4128
    7.5000  -45.0000  -15.000011613.9033   13.4179
   -7.5000  -37.5000  -15.000012241.4756   13.4028
    0.0000  -37.5000  -15.000012874.9463   13.4158
    7.5000  -37.5000  -15.000012245.5566   13.4191
   -7.5000  -30.0000  -15.000013370.3506   13.4044
    0.0000  -30.0000  -15.000014099.7373   13.4196
    7.5000  -30.0000  -15.000013358.2295   13.4228
   -7.5000  -22.5000  -15.000014471.8643   13.4000
    0.0000  -22.5000  -15.000015282.0078   13.4140
    7.5000  -22.5000  -15.000014419.3633   13.4197
   -7.5000  -15.0000  -15.000015486.2207   13.3940
    0.0000  -15.0000  -15.000016214.9697   13.4043
    7.5000  -15.0000  -15.000015370.3691   13.4127
   -7.5000   -7.5000  -15.000016223.2100   13.3914
    0.0000   -7.5000  -15.000016868.1797   13.3991
    7.5000   -7.5000  -15.000016058.2744   13.4067
   -7.5000    0.0000  -15.000016667.1562   13.3916
    0.0000    0.0000  -15.000017393.0898   13.4006
    7.5000    0.0000  -15.000016479.2402   13.4057
   -7.5000    7.5000  -15.000015791.8350   13.3977
    0.0000    7.5000  -15.000016600.6777   13.4107
    7.5000    7.5000  -15.000015625.2402   13.4140
   -7.5000   15.0000  -15.000014769.8662   13.4037
    0.0000   15.0000  -15.000015592.2930   13.4189
    7.5000   15.0000  -15.000014611.1689   13.4220
   -7.5000   22.5000  -15.000013723.0293   13.3953
    0.0000   22.5000  -15.000014523.9531   13.4092
    7.5000   22.5000  -15.000013558.0801   13.4149
   -7.5000   30.0000  -15.000012538.2803   13.2206
    0.0000   30.0000  -15.000013277.7695   13.2308
    7.5000   30.0000  -15.000012422.6250   13.2391
   -7.5000   37.5000  -15.000011704.2246   13.2202
    0.0000   37.5000  -15.000012400.4736   13.2278
    7.5000   37.5000  -15.000011611.7129   13.2353
   -7.5000   45.0000  -15.000010498.3477   12.9782
    0.0000   45.0000  -15.000011122.4863   12.9870
    7.5000   45.0000  -15.000010427.3721   12.9922
   -7.5000  -45.0000   -7.500012018.5479   13.5540
    0.0000  -45.0000   -7.500012639.7793   13.5660
    7.5000  -45.0000   -7.500012034.0791   13.5700
   -7.5000  -37.5000   -7.500012689.8369   13.5561
    0.0000  -37.5000   -7.500013337.7070   13.5714
    7.5000  -37.5000   -7.500012706.9404   13.5740
   -7.5000  -30.0000   -7.500013854.3857   13.5625
    0.0000  -30.0000   -7.500014604.1328   13.5789
    7.5000  -30.0000   -7.500013858.5459   13.5822
   -7.5000  -22.5000   -7.500015056.8252   13.5599
    0.0000  -22.5000   -7.500016068.5391   13.5740
    7.5000  -22.5000   -7.500015036.1650   13.5799
   -7.5000  -15.0000   -7.500016222.1934   13.5510
    0.0000  -15.0000   -7.500017409.8496   13.5616
    7.5000  -15.0000   -7.500016167.9043   13.5702
   -7.5000   -7.5000   -7.500017066.2812   13.5437
    0.0000   -7.5000   -7.500018221.1348   13.5534
    7.5000   -7.5000   -7.500016967.1289   13.5605
   -7.5000    0.0000   -7.500017492.3047   13.5417
    0.0000    0.0000   -7.500018645.6152   13.5536
    7.5000    0.0000   -7.500017331.9121   13.5576
   -7.5000    7.5000   -7.500016533.9668   13.5509
    0.0000    7.5000   -7.500017635.8574   13.5662
    7.5000    7.5000   -7.500016344.1123   13.5688
   -7.5000   15.0000   -7.500015434.3555   13.5618
    0.0000   15.0000   -7.500016430.0312   13.5782
    7.5000   15.0000   -7.500015228.6982   13.5815
   -7.5000   22.5000   -7.500014276.4873   13.5537
    0.0000   22.5000   -7.500015141.6660   13.5677
    7.5000   22.5000   -7.500014076.2275   13.5736
   -7.5000   30.0000   -7.500013040.4199   13.3753
    0.0000   30.0000   -7.500013780.2021   13.3858
    7.5000   30.0000   -7.500012882.4775   13.3942
   -7.5000   37.5000   -7.500012152.0391   13.3699
    0.0000   37.5000   -7.500012833.9756   13.3795
    7.5000   37.5000   -7.500012031.9424   13.3865
   -7.5000   45.0000   -7.500010901.3164   13.1246
    0.0000   45.0000   -7.500011520.6309   13.1360
    7.5000   45.0000   -7.500010802.0459   13.1400
   -7.5000  -45.0000    0.000012299.1289   13.5715
    0.0000  -45.0000    0.000012914.3164   13.5878
    7.5000  -45.0000    0.000012311.7656   13.5912
   -7.5000  -37.5000    0.000013024.4248   13.5738
    0.0000  -37.5000    0.000013724.0410   13.5908
    7.5000  -37.5000    0.000013036.2910   13.5921
   -7.5000  -30.0000    0.000014266.2305   13.5841
    0.0000  -30.0000    0.000015140.5244   13.6002
    7.5000  -30.0000    0.000014268.3711   13.6024
   -7.5000  -22.5000    0.000015469.5029   13.5856
    0.0000  -22.5000    0.000016604.7480   13.6000
    7.5000  -22.5000    0.000015423.4648   13.6056
   -7.5000  -15.0000    0.000016538.2734   13.5765
    0.0000  -15.0000    0.000017715.5703   13.5897
    7.5000  -15.0000    0.000016444.6484   13.5989
   -7.5000   -7.5000    0.000017324.6543   13.5649
    0.0000   -7.5000    0.000018466.3105   13.5791
    7.5000   -7.5000    0.000017214.7383   13.5868
   -7.5000    0.0000    0.000017820.4492   13.5591
    0.0000    0.0000    0.000019030.6641   13.5753
    7.5000    0.0000    0.000017694.1094   13.5787
   -7.5000    7.5000    0.000016900.5430   13.5686
    0.0000    7.5000    0.000018081.6953   13.5855
    7.5000    7.5000    0.000016762.2305   13.5868
   -7.5000   15.0000    0.000015753.7979   13.5834
    0.0000   15.0000    0.000016822.0801   13.5995
    7.5000   15.0000    0.000015601.5342   13.6016
   -7.5000   22.5000    0.000014530.5996   13.5793
    0.0000   22.5000    0.000015449.7988   13.5937
    7.5000   22.5000    0.000014369.3867   13.5994
   -7.5000   30.0000    0.000013276.3447   13.4008
    0.0000   30.0000    0.000014063.6855   13.4139
    7.5000   30.0000    0.000013149.4863   13.4229
   -7.5000   37.5000    0.000012397.9512   13.3912
    0.0000   37.5000    0.000013076.6084   13.4053
    7.5000   37.5000    0.000012273.0742   13.4128
   -7.5000   45.0000    0.000011123.5889   13.1413
    0.0000   45.0000    0.000011731.3125   13.1567
    7.5000   45.0000    0.000011029.4375   13.1599
   -7.5000  -45.0000    7.500011684.5049   13.5785
    0.0000  -45.0000    7.500012294.3486   13.5967
    7.5000  -45.0000    7.500011680.4658   13.6000
   -7.5000  -37.5000    7.500012406.6387   13.5778
    0.0000  -37.5000    7.500013076.4365   13.5944
    7.5000  -37.5000    7.500012400.9189   13.5947
   -7.5000  -30.0000    7.500013541.8086   13.5849
    0.0000  -30.0000    7.500014310.6016   13.5996
    7.5000  -30.0000    7.500013532.9512   13.6004
   -7.5000  -22.5000    7.500014604.2734   13.5867
    0.0000  -22.5000    7.500015495.3564   13.6014
    7.5000  -22.5000    7.500014549.6436   13.6069
   -7.5000  -15.0000    7.500015548.8672   13.5802
    0.0000  -15.0000    7.500016369.5088   13.5962
    7.5000  -15.0000    7.500015474.4277   13.6063
   -7.5000   -7.5000    7.500016224.2373   13.5714
    0.0000   -7.5000    7.500017037.7148   13.5888
    7.5000   -7.5000    7.500016134.3955   13.5971
   -7.5000    0.0000    7.500016688.2461   13.5661
    0.0000    0.0000    7.500017564.5312   13.5842
    7.5000    0.0000    7.500016596.1875   13.5875
   -7.5000    7.5000    7.500015882.6729   13.5725
    0.0000    7.5000    7.500016762.6836   13.5890
    7.5000    7.5000    7.500015775.6895   13.5893
   -7.5000   15.0000    7.500014812.6650   13.5841
    0.0000   15.0000    7.500015643.2373   13.5988
    7.5000   15.0000    7.500014697.0176   13.5996
   -7.5000   22.5000    7.500013651.8809   13.5804
    0.0000   22.5000    7.500014397.9795   13.5952
    7.5000   22.5000    7.500013533.5371   13.6007
   -7.5000   30.0000    7.500012468.1748   13.4045
    0.0000   30.0000    7.500013149.6846   13.4202
    7.5000   30.0000    7.500012374.2646   13.4302
   -7.5000   37.5000    7.500011664.9912   13.3978
    0.0000   37.5000    7.500012287.0098   13.4150
    7.5000   37.5000    7.500011587.3906   13.4233
   -7.5000   45.0000    7.500010426.8525   13.1487
    0.0000   45.0000    7.500011007.5479   13.1661
    7.5000   45.0000    7.500010394.1699   13.1691
   -7.5000  -45.0000   15.000011005.1543   13.7117
    0.0000  -45.0000   15.000011601.8711   13.7279
    7.5000  -45.0000   15.000010992.8701   13.7319
   -7.5000  -37.5000   15.000011629.3721   13.7063
    0.0000  -37.5000   15.000012238.3691   13.7208
    7.5000  -37.5000   15.000011615.6377   13.7220
   -7.5000  -30.0000   15.000012637.3350   13.7075
    0.0000  -30.0000   15.000013294.7217   13.7206
    7.5000  -30.0000   15.000012609.9600   13.7219
   -7.5000  -22.5000   15.000013579.7373   13.7081
    0.0000  -22.5000   15.000014293.7432   13.7225
    7.5000  -22.5000   15.000013544.8174   13.7281
   -7.5000  -15.0000   15.000014375.4580   13.7059
    0.0000  -15.0000   15.000015061.7246   13.7218
    7.5000  -15.0000   15.000014338.4551   13.7319
   -7.5000   -7.5000   15.000015004.5537   13.7027
    0.0000   -7.5000   15.000015731.3477   13.7189
    7.5000   -7.5000   15.000014982.5723   13.7274
   -7.5000    0.0000   15.000015462.0967   13.6991
    0.0000    0.0000   15.000016239.2754   13.7152
    7.5000    0.0000   15.000015420.9443   13.7192
   -7.5000    7.5000   15.000014748.8936   13.7009
    0.0000    7.5000   15.000015511.9414   13.7153
    7.5000    7.5000   15.000014670.0527   13.7166
   -7.5000   15.0000   15.000013799.6484   13.7067
    0.0000   15.0000   15.000014511.1328   13.7198
    7.5000   15.0000   15.000013708.6660   13.7210
   -7.5000   22.5000   15.000012698.9678   13.7018
    0.0000   22.5000   15.000013361.8584   13.7162
    7.5000   22.5000   15.000012612.2832   13.7218
   -7.5000   30.0000   15.000011586.6025   13.5285
    0.0000   30.0000   15.000012191.0273   13.5442
    7.5000   30.0000   15.000011503.4912   13.5542
   -7.5000   37.5000   15.000010858.4834   13.5277
    0.0000   37.5000   15.000011424.4209   13.5438
    7.5000   37.5000   15.000010800.0869   13.5521
   -7.5000   45.0000   15.0000 9694.7559   13.2799
    0.0000   45.0000   15.000010199.1094   13.2957
    7.5000   45.0000   15.0000 9681.2617   13.2996
   -7.5000  -45.0000   22.500010176.7822   13.9377
    0.0000  -45.0000   22.500010685.3232   13.9497
    7.5000  -45.0000   22.500010166.6152   13.9548
   -7.5000  -37.5000   22.500010714.9258   13.9319
    0.0000  -37.5000   22.500011241.3916   13.9453
    7.5000  -37.5000   22.500010718.8418   13.9484
   -7.5000  -30.0000   22.500011644.8516   13.9312
    0.0000  -30.0000   22.500012205.6943   13.9456
    7.5000  -30.0000   22.500011647.4326   13.9480
   -7.5000  -22.5000   22.500012484.7129   13.9298
    0.0000  -22.5000   22.500013073.6406   13.9445
    7.5000  -22.5000   22.500012480.1582   13.9498
   -7.5000  -15.0000   22.500013218.0615   13.9279
    0.0000  -15.0000   22.500013791.0723   13.9412
    7.5000  -15.0000   22.500013193.3057   13.9500
   -7.5000   -7.5000   22.500013800.4912   13.9268
    0.0000   -7.5000   22.500014416.9209   13.9383
    7.5000   -7.5000   22.500013788.8516   13.9463
   -7.5000    0.0000   22.500014218.4932   13.9247
    0.0000    0.0000   22.500014893.2051   13.9367
    7.5000    0.0000   22.500014186.4336   13.9418
   -7.5000    7.5000   22.500013588.1523   13.9265
    0.0000    7.5000   22.500014234.3311   13.9398
    7.5000    7.5000   22.500013524.2510   13.9428
   -7.5000   15.0000   22.500012734.6182   13.9304
    0.0000   15.0000   22.500013369.6611   13.9448
    7.5000   15.0000   22.500012653.3887   13.9471
   -7.5000   22.5000   22.500011712.5674   13.9234
    0.0000   22.5000   22.500012301.6230   13.9381
    7.5000   22.5000   22.500011634.5146   13.9433
   -7.5000   30.0000   22.500010700.7812   13.7476
    0.0000   30.0000   22.500011236.6875   13.7608
    7.5000   30.0000   22.500010631.6172   13.7695
   -7.5000   37.5000   22.500010028.1035   13.7491
    0.0000   37.5000   22.500010525.3535   13.7604
    7.5000   37.5000   22.5000 9968.7842   13.7683
   -7.5000   45.0000   22.5000 8960.5615   13.5009
    0.0000   45.0000   22.5000 9405.0000   13.5127
    7.5000   45.0000   22.5000 8920.7119   13.5179
   -7.5000  -45.0000   30.0000 9290.6719   14.2962
    0.0000  -45.0000   30.0000 9708.7930   14.3061
    7.5000  -45.0000   30.0000 9282.3994   14.3126
   -7.5000  -37.5000   30.0000 9810.1865   14.2950
    0.0000  -37.5000   30.000010258.0391   14.3095
    7.5000  -37.5000   30.0000 9815.4268   14.3141
   -7.5000  -30.0000   30.000010663.2236   14.2985
    0.0000  -30.0000   30.000011160.5234   14.3155
    7.5000  -30.0000   30.000010677.2383   14.3194
   -7.5000  -22.5000   30.000011429.4053   14.2955
    0.0000  -22.5000   30.000011927.3223   14.3108
    7.5000  -22.5000   30.000011419.8750   14.3170
   -7.5000  -15.0000   30.000012069.9746   14.2891
    0.0000  -15.0000   30.000012582.7129   14.2999
    7.5000  -15.0000   30.000012052.6758   14.3091
   -7.5000   -7.5000   30.000012587.3154   14.2845
    0.0000   -7.5000   30.000013140.7432   14.2923
    7.5000   -7.5000   30.000012575.8291   14.3012
   -7.5000    0.0000   30.000012984.8613   14.2826
    0.0000    0.0000   30.000013590.6738   14.2924
    7.5000    0.0000   30.000012957.6270   14.2989
   -7.5000    7.5000   30.000012428.2910   14.2893
    0.0000    7.5000   30.000013008.5352   14.3038
    7.5000    7.5000   30.000012387.5518   14.3083
   -7.5000   15.0000   30.000011675.1523   14.2977
    0.0000   15.0000   30.000012251.9521   14.3147
    7.5000   15.0000   30.000011617.0039   14.3185
   -7.5000   22.5000   30.000010744.8760   14.2889
    0.0000   22.5000   30.000011281.7549   14.3042
    7.5000   22.5000   30.000010681.6973   14.3104
   -7.5000   30.0000   30.0000 9788.3740   14.1042
    0.0000   30.0000   30.000010274.9521   14.1148
    7.5000   30.0000   30.0000 9725.3242   14.1239
   -7.5000   37.5000   30.0000 9191.9316   14.1013
    0.0000   37.5000   30.0000 9636.9248   14.1090
    7.5000   37.5000   30.0000 9128.6504   14.1178
   -7.5000   45.0000   30.0000 8240.4355   13.8475
    0.0000   45.0000   30.0000 8646.3955   13.8570
    7.5000   45.0000   30.0000 8201.1074   13.8637
   -7.5000  -45.0000   37.5000 8823.5537   14.8447
    0.0000  -45.0000   37.5000 9198.0430   14.8576
    7.5000  -45.0000   37.5000 8799.9678   14.8643
   -7.5000  -37.5000   37.5000 9338.5547   14.8473
    0.0000  -37.5000   37.5000 9763.1533   14.8652
    7.5000  -37.5000   37.5000 9332.5068   14.8702
   -7.5000  -30.0000   37.500010173.5117   14.8571
    0.0000  -30.0000   37.500010647.1357   14.8768
    7.5000  -30.0000   37.500010172.8203   14.8826
   -7.5000  -22.5000   37.500010893.7539   14.8560
    0.0000  -22.5000   37.500011373.6543   14.8723
    7.5000  -22.5000   37.500010876.4834   14.8813
   -7.5000  -15.0000   37.500011467.4131   14.8453
    0.0000  -15.0000   37.500011974.8818   14.8565
    7.5000  -15.0000   37.500011438.6689   14.8688
   -7.5000   -7.5000   37.500011961.4111   14.8344
    0.0000   -7.5000   37.500012502.4502   14.8440
    7.5000   -7.5000   37.500011943.6807   14.8546
   -7.5000    0.0000   37.500012354.9121   14.8299
    0.0000    0.0000   37.500012931.4717   14.8428
    7.5000    0.0000   37.500012329.0176   14.8495
   -7.5000    7.5000   37.500011848.0234   14.8411
    0.0000    7.5000   37.500012403.6240   14.8590
    7.5000    7.5000   37.500011820.5664   14.8639
   -7.5000   15.0000   37.500011143.4424   14.8562
    0.0000   15.0000   37.500011691.0391   14.8759
    7.5000   15.0000   37.500011107.1133   14.8817
   -7.5000   22.5000   37.500010257.6621   14.8491
    0.0000   22.5000   37.500010795.7852   14.8654
    7.5000   22.5000   37.500010214.5381   14.8745
   -7.5000   30.0000   37.5000 9346.1250   14.6532
    0.0000   30.0000   37.5000 9815.2852   14.6642
    7.5000   30.0000   37.5000 9296.2539   14.6763
   -7.5000   37.5000   37.5000 8765.3223   14.6430
    0.0000   37.5000   37.5000 9203.5586   14.6524
    7.5000   37.5000   37.5000 8726.7744   14.6628
   -7.5000   45.0000   37.5000 7870.1724   14.3775
    0.0000   45.0000   37.5000 8250.4805   14.3897
    7.5000   45.0000   37.5000 7845.9556   14.3963
   -7.5000  -45.0000   45.0000 8046.6206   15.4952
    0.0000  -45.0000   45.0000 8392.5391   15.5135
    7.5000  -45.0000   45.0000 8009.5635   15.5121
   -7.5000  -37.5000   45.0000 8527.5703   15.4951
    0.0000  -37.5000   45.0000 8921.3818   15.5151
    7.5000  -37.5000   45.0000 8495.2900   15.5115
   -7.5000  -30.0000   45.0000 9294.7363   15.5003
    0.0000  -30.0000   45.0000 9742.3730   15.5202
    7.5000  -30.0000   45.0000 9282.4707   15.5195
   -7.5000  -22.5000   45.0000 9940.9199   15.4966
    0.0000  -22.5000   45.000010415.4980   15.5149
    7.5000  -22.5000   45.0000 9931.4141   15.5203
   -7.5000  -15.0000   45.000010470.3379   15.4866
    0.0000  -15.0000   45.000010950.7207   15.5028
    7.5000  -15.0000   45.000010445.4160   15.5127
   -7.5000   -7.5000   45.000010932.5059   15.4801
    0.0000   -7.5000   45.000011440.5898   15.4963
    7.5000   -7.5000   45.000010914.1680   15.5021
   -7.5000    0.0000   45.000011298.8730   15.4790
    0.0000    0.0000   45.000011839.3652   15.4972
    7.5000    0.0000   45.000011282.4971   15.4957
   -7.5000    7.5000   45.000010865.0518   15.4883
    0.0000    7.5000   45.000011381.8604   15.5082
    7.5000    7.5000   45.000010829.6289   15.5045
   -7.5000   15.0000   45.000010212.6279   15.4993
    0.0000   15.0000   45.000010706.1865   15.5192
    7.5000   15.0000   45.000010177.3740   15.5185
   -7.5000   22.5000   45.0000 9400.1602   15.4894
    0.0000   22.5000   45.0000 9876.3271   15.5077
    7.5000   22.5000   45.0000 9365.8828   15.5132
   -7.5000   30.0000   45.0000 8564.2812   15.2848
    0.0000   30.0000   45.0000 9003.7656   15.3008
    7.5000   30.0000   45.0000 8534.5928   15.3106
   -7.5000   37.5000   45.0000 8068.8608   15.2786
    0.0000   37.5000   45.0000 8467.6250   15.2946
    7.5000   37.5000   45.0000 8040.0469   15.3003
   -7.5000   45.0000   45.0000 7254.0249   15.0033
    0.0000   45.0000   45.0000 7588.8999   15.0207
    7.5000   45.0000   45.0000 7228.0522   15.0194

---------------------------------------------------------------------
imgreg_4dfp /opt/freesurfer/average/711-2C_as_mni_average_305 /opt/freesurfer/average/711-2B_as_mni_average_305_mask talsrcimg_g11 none talsrcimg_to_711-2C_as_mni_average_305_t4 4355
---------------------------------------------------------------------

freesurfer imgreg_4dfp.c
/opt/freesurfer/average/711-2C_as_mni_average_305.4dfp.img
       256       256       256         1
  1.000000  1.000000  1.000000
orientation T byte_order littleendian
Reading image: /opt/freesurfer/average/711-2C_as_mni_average_305.4dfp.img
dimensions:      256       256       256
mmppix:       1.0000   -1.0000   -1.0000
center:     128.0000 -129.0000 -129.0000
/opt/freesurfer/average/711-2B_as_mni_average_305_mask.4dfp.img
       256       256       256         1
  1.000000  1.000000  1.000000
orientation T byte_order littleendian
Reading mask: /opt/freesurfer/average/711-2B_as_mni_average_305_mask.4dfp.img (2306576 pixels)
talsrcimg_g11.4dfp.img
       256       256       256         1
  1.000000  1.000000  1.000000
orientation T byte_order littleendian
Reading image: talsrcimg_g11.4dfp.img
dimensions:      256       256       256
mmppix:       1.0000   -1.0000   -1.0000
center:     128.0000 -129.0000 -129.0000
rotation matrix determinant  1.000000
image alignment mode   4355 decimal     1103 hex
   -7.5000  -45.0000  -45.0000 2444.5312   11.5290
    0.0000  -45.0000  -45.0000 2464.4290   11.5538
    7.5000  -45.0000  -45.0000 2439.3179   11.5867
   -7.5000  -37.5000  -45.0000 2525.7676   10.7786
    0.0000  -37.5000  -45.0000 2543.2664   10.7819
    7.5000  -37.5000  -45.0000 2519.4421   10.8304
   -7.5000  -30.0000  -45.0000 2576.0872   10.3520
    0.0000  -30.0000  -45.0000 2592.4612   10.3435
    7.5000  -30.0000  -45.0000 2570.3557   10.3875
   -7.5000  -22.5000  -45.0000 2613.6826   10.1055
    0.0000  -22.5000  -45.0000 2625.8679   10.0642
    7.5000  -22.5000  -45.0000 2603.3123   10.1467
   -7.5000  -15.0000  -45.0000 2625.7747   10.0469
    0.0000  -15.0000  -45.0000 2638.1775    9.9947
    7.5000  -15.0000  -45.0000 2615.3027   10.0898
   -7.5000   -7.5000  -45.0000 2625.8179   10.1679
    0.0000   -7.5000  -45.0000 2638.5491   10.1109
    7.5000   -7.5000  -45.0000 2616.3406   10.2184
   -7.5000    0.0000  -45.0000 2609.6331   10.4332
    0.0000    0.0000  -45.0000 2627.6785   10.4041
    7.5000    0.0000  -45.0000 2603.8025   10.5091
   -7.5000    7.5000  -45.0000 2570.1299   10.8951
    0.0000    7.5000  -45.0000 2592.9504   10.8514
    7.5000    7.5000  -45.0000 2565.9902   10.9522
   -7.5000   15.0000  -45.0000 2500.1458   11.5101
    0.0000   15.0000  -45.0000 2522.3032   11.4742
    7.5000   15.0000  -45.0000 2497.6299   11.5737
   -7.5000   22.5000  -45.0000 2407.4136   12.3634
    0.0000   22.5000  -45.0000 2430.6589   12.3228
    7.5000   22.5000  -45.0000 2407.7798   12.4117
   -7.5000   30.0000  -45.0000 2300.5361   13.4983
    0.0000   30.0000  -45.0000 2319.5256   13.4460
    7.5000   30.0000  -45.0000 2302.3889   13.5334
   -7.5000   37.5000  -45.0000 2177.4641   14.9749
    0.0000   37.5000  -45.0000 2192.8320   14.9144
    7.5000   37.5000  -45.0000 2173.6121   14.9859
   -7.5000   45.0000  -45.0000 2045.1965   16.8701
    0.0000   45.0000  -45.0000 2059.6941   16.8332
    7.5000   45.0000  -45.0000 2040.2838   16.8961
   -7.5000  -45.0000  -37.5000 2498.7107   11.0292
    0.0000  -45.0000  -37.5000 2517.7183   11.0350
    7.5000  -45.0000  -37.5000 2496.0696   11.1109
   -7.5000  -37.5000  -37.5000 2585.1235   10.2784
    0.0000  -37.5000  -37.5000 2602.9138   10.2482
    7.5000  -37.5000  -37.5000 2580.2917   10.3211
   -7.5000  -30.0000  -37.5000 2646.0083    9.7796
    0.0000  -30.0000  -37.5000 2664.2859    9.7369
    7.5000  -30.0000  -37.5000 2644.1272    9.7899
   -7.5000  -22.5000  -37.5000 2686.2073    9.5042
    0.0000  -22.5000  -37.5000 2701.2654    9.4402
    7.5000  -22.5000  -37.5000 2684.2605    9.5002
   -7.5000  -15.0000  -37.5000 2703.7244    9.3916
    0.0000  -15.0000  -37.5000 2718.1765    9.3398
    7.5000  -15.0000  -37.5000 2698.9565    9.4217
   -7.5000   -7.5000  -37.5000 2707.7041    9.5023
    0.0000   -7.5000  -37.5000 2723.0413    9.4552
    7.5000   -7.5000  -37.5000 2704.5295    9.5608
   -7.5000    0.0000  -37.5000 2692.3608    9.7912
    0.0000    0.0000  -37.5000 2715.5908    9.7471
    7.5000    0.0000  -37.5000 2692.4873    9.8510
   -7.5000    7.5000  -37.5000 2654.8054   10.2347
    0.0000    7.5000  -37.5000 2676.6370   10.1585
    7.5000    7.5000  -37.5000 2656.5718   10.2802
   -7.5000   15.0000  -37.5000 2584.5417   10.8093
    0.0000   15.0000  -37.5000 2602.5815   10.7302
    7.5000   15.0000  -37.5000 2587.1680   10.8397
   -7.5000   22.5000  -37.5000 2490.2681   11.6054
    0.0000   22.5000  -37.5000 2509.3010   11.5271
    7.5000   22.5000  -37.5000 2493.0034   11.6220
   -7.5000   30.0000  -37.5000 2373.3569   12.6893
    0.0000   30.0000  -37.5000 2394.6201   12.6235
    7.5000   30.0000  -37.5000 2376.9583   12.6995
   -7.5000   37.5000  -37.5000 2244.2273   14.0849
    0.0000   37.5000  -37.5000 2260.2202   14.0203
    7.5000   37.5000  -37.5000 2245.1914   14.0775
   -7.5000   45.0000  -37.5000 2104.7666   15.8789
    0.0000   45.0000  -37.5000 2117.3391   15.8175
    7.5000   45.0000  -37.5000 2102.9099   15.8811
   -7.5000  -45.0000  -30.0000 2584.1287   10.9924
    0.0000  -45.0000  -30.0000 2604.2561   10.9676
    7.5000  -45.0000  -30.0000 2589.3816   11.0699
   -7.5000  -37.5000  -30.0000 2669.9866   10.1939
    0.0000  -37.5000  -30.0000 2691.5950   10.1404
    7.5000  -37.5000  -30.0000 2674.5408   10.2350
   -7.5000  -30.0000  -30.0000 2744.5928    9.6088
    0.0000  -30.0000  -30.0000 2767.2610    9.5578
    7.5000  -30.0000  -30.0000 2751.8882    9.6280
   -7.5000  -22.5000  -30.0000 2792.9612    9.2749
    0.0000  -22.5000  -30.0000 2814.9873    9.2126
    7.5000  -22.5000  -30.0000 2796.9604    9.2775
   -7.5000  -15.0000  -30.0000 2822.0125    9.1359
    0.0000  -15.0000  -30.0000 2842.5330    9.0481
    7.5000  -15.0000  -30.0000 2823.5957    9.1507
   -7.5000   -7.5000  -30.0000 2840.3601    9.2500
    0.0000   -7.5000  -30.0000 2857.5505    9.1507
    7.5000   -7.5000  -30.0000 2838.4709    9.2739
   -7.5000    0.0000  -30.0000 2825.5188    9.5503
    0.0000    0.0000  -30.0000 2849.3655    9.4506
    7.5000    0.0000  -30.0000 2831.0225    9.5730
   -7.5000    7.5000  -30.0000 2783.1401   10.0123
    0.0000    7.5000  -30.0000 2807.1243    9.9036
    7.5000    7.5000  -30.0000 2789.7556   10.0155
   -7.5000   15.0000  -30.0000 2709.6069   10.5741
    0.0000   15.0000  -30.0000 2726.9438   10.4732
    7.5000   15.0000  -30.0000 2715.0139   10.5805
   -7.5000   22.5000  -30.0000 2612.6665   11.3590
    0.0000   22.5000  -30.0000 2629.1572   11.2462
    7.5000   22.5000  -30.0000 2618.1116   11.3613
   -7.5000   30.0000  -30.0000 2492.6877   12.4424
    0.0000   30.0000  -30.0000 2511.7964   12.3310
    7.5000   30.0000  -30.0000 2496.0891   12.4521
   -7.5000   37.5000  -30.0000 2353.6179   13.8282
    0.0000   37.5000  -30.0000 2370.1826   13.7355
    7.5000   37.5000  -30.0000 2354.7161   13.8299
   -7.5000   45.0000  -30.0000 2204.1340   15.5783
    0.0000   45.0000  -30.0000 2216.3232   15.5030
    7.5000   45.0000  -30.0000 2201.3357   15.5917
   -7.5000  -45.0000  -22.5000 2630.6516   10.9527
    0.0000  -45.0000  -22.5000 2651.7876   10.8807
    7.5000  -45.0000  -22.5000 2635.9893   10.9899
   -7.5000  -37.5000  -22.5000 2713.5125   10.0908
    0.0000  -37.5000  -22.5000 2737.0540   10.0130
    7.5000  -37.5000  -22.5000 2722.6572   10.1199
   -7.5000  -30.0000  -22.5000 2803.3188    9.4512
    0.0000  -30.0000  -22.5000 2825.5386    9.3764
    7.5000  -30.0000  -22.5000 2811.5320    9.4753
   -7.5000  -22.5000  -22.5000 2861.9170    9.0722
    0.0000  -22.5000  -22.5000 2885.5581    8.9886
    7.5000  -22.5000  -22.5000 2866.6689    9.0803
   -7.5000  -15.0000  -22.5000 2904.9270    8.9190
    0.0000  -15.0000  -22.5000 2926.4319    8.7717
    7.5000  -15.0000  -22.5000 2903.9026    8.9189
   -7.5000   -7.5000  -22.5000 2931.6240    8.9873
    0.0000   -7.5000  -22.5000 2948.0310    8.8070
    7.5000   -7.5000  -22.5000 2927.6428    9.0038
   -7.5000    0.0000  -22.5000 2920.0715    9.3209
    0.0000    0.0000  -22.5000 2937.6345    9.1502
    7.5000    0.0000  -22.5000 2923.2866    9.3105
   -7.5000    7.5000  -22.5000 2878.7952    9.7831
    0.0000    7.5000  -22.5000 2900.0742    9.6251
    7.5000    7.5000  -22.5000 2883.3020    9.7710
   -7.5000   15.0000  -22.5000 2806.6230   10.3610
    0.0000   15.0000  -22.5000 2820.4280   10.2061
    7.5000   15.0000  -22.5000 2807.8738   10.3538
   -7.5000   22.5000  -22.5000 2704.3467   11.1388
    0.0000   22.5000  -22.5000 2717.3145   10.9744
    7.5000   22.5000  -22.5000 2705.2598   11.1419
   -7.5000   30.0000  -22.5000 2572.3901   12.2322
    0.0000   30.0000  -22.5000 2592.7739   12.0689
    7.5000   30.0000  -22.5000 2572.9851   12.2466
   -7.5000   37.5000  -22.5000 2428.9297   13.5913
    0.0000   37.5000  -22.5000 2450.0264   13.4634
    7.5000   37.5000  -22.5000 2425.8201   13.6189
   -7.5000   45.0000  -22.5000 2269.2297   15.2955
    0.0000   45.0000  -22.5000 2284.8699   15.1984
    7.5000   45.0000  -22.5000 2265.5039   15.3303
   -7.5000  -45.0000  -15.0000 2631.4370   10.8861
    0.0000  -45.0000  -15.0000 2650.7527   10.8266
    7.5000  -45.0000  -15.0000 2635.7351   10.9239
   -7.5000  -37.5000  -15.0000 2722.4121   10.0004
    0.0000  -37.5000  -15.0000 2746.5642    9.9504
    7.5000  -37.5000  -15.0000 2729.8618   10.0427
   -7.5000  -30.0000  -15.0000 2815.5671    9.3741
    0.0000  -30.0000  -15.0000 2840.5735    9.2976
    7.5000  -30.0000  -15.0000 2822.4697    9.3852
   -7.5000  -22.5000  -15.0000 2893.8892    8.9648
    0.0000  -22.5000  -15.0000 2915.5876    8.8764
    7.5000  -22.5000  -15.0000 2900.2468    8.9588
   -7.5000  -15.0000  -15.0000 2948.4353    8.8588
    0.0000  -15.0000  -15.0000 2971.6016    8.7271
    7.5000  -15.0000  -15.0000 2943.8591    8.8459
   -7.5000   -7.5000  -15.0000 2982.0286    8.9139
    0.0000   -7.5000  -15.0000 2994.9707    8.7195
    7.5000   -7.5000  -15.0000 2974.1948    8.9397
   -7.5000    0.0000  -15.0000 2970.2522    9.1726
    0.0000    0.0000  -15.0000 2991.5806    9.0143
    7.5000    0.0000  -15.0000 2963.2312    9.1763
   -7.5000    7.5000  -15.0000 2923.5894    9.5825
    0.0000    7.5000  -15.0000 2954.0493    9.4691
    7.5000    7.5000  -15.0000 2924.4612    9.5892
   -7.5000   15.0000  -15.0000 2845.5874   10.1725
    0.0000   15.0000  -15.0000 2870.3508   10.0762
    7.5000   15.0000  -15.0000 2846.1995   10.1808
   -7.5000   22.5000  -15.0000 2739.6062   10.9858
    0.0000   22.5000  -15.0000 2763.3650   10.8833
    7.5000   22.5000  -15.0000 2736.5920   10.9918
   -7.5000   30.0000  -15.0000 2608.4641   12.0648
    0.0000   30.0000  -15.0000 2634.2585   11.9691
    7.5000   30.0000  -15.0000 2604.2490   12.0752
   -7.5000   37.5000  -15.0000 2463.3010   13.4013
    0.0000   37.5000  -15.0000 2488.9734   13.3470
    7.5000   37.5000  -15.0000 2461.9426   13.4336
   -7.5000   45.0000  -15.0000 2300.4612   15.0894
    0.0000   45.0000  -15.0000 2318.2319   15.0766
    7.5000   45.0000  -15.0000 2300.0701   15.1375
   -7.5000  -45.0000   -7.5000 2608.1296   10.9058
    0.0000  -45.0000   -7.5000 2624.1306   10.8212
    7.5000  -45.0000   -7.5000 2616.9055   10.9592
   -7.5000  -37.5000   -7.5000 2711.4812   10.0273
    0.0000  -37.5000   -7.5000 2725.7803    9.9325
    7.5000  -37.5000   -7.5000 2719.5220   10.0642
   -7.5000  -30.0000   -7.5000 2804.5464    9.3872
    0.0000  -30.0000   -7.5000 2818.9741    9.2879
    7.5000  -30.0000   -7.5000 2812.3652    9.3971
   -7.5000  -22.5000   -7.5000 2892.4604    8.9854
    0.0000  -22.5000   -7.5000 2915.0640    8.9287
    7.5000  -22.5000   -7.5000 2899.7427    9.0037
   -7.5000  -15.0000   -7.5000 2955.0779    8.8853
    0.0000  -15.0000   -7.5000 2991.8418    8.8543
    7.5000  -15.0000   -7.5000 2954.1353    8.9017
   -7.5000   -7.5000   -7.5000 2996.0703    8.9053
    0.0000   -7.5000   -7.5000 3037.0005    8.8726
    7.5000   -7.5000   -7.5000 2991.6521    8.9374
   -7.5000    0.0000   -7.5000 2978.4980    9.0866
    0.0000    0.0000   -7.5000 3018.5784    9.0512
    7.5000    0.0000   -7.5000 2972.6475    9.1248
   -7.5000    7.5000   -7.5000 2933.4644    9.4756
    0.0000    7.5000   -7.5000 2969.2126    9.3862
    7.5000    7.5000   -7.5000 2930.2124    9.4945
   -7.5000   15.0000   -7.5000 2849.7668   10.0873
    0.0000   15.0000   -7.5000 2876.6172    9.9976
    7.5000   15.0000   -7.5000 2851.1770   10.0913
   -7.5000   22.5000   -7.5000 2747.3296   10.9215
    0.0000   22.5000   -7.5000 2765.6335   10.8314
    7.5000   22.5000   -7.5000 2746.6272   10.9128
   -7.5000   30.0000   -7.5000 2615.5737   11.9960
    0.0000   30.0000   -7.5000 2632.0825   11.9054
    7.5000   30.0000   -7.5000 2614.4502   12.0035
   -7.5000   37.5000   -7.5000 2467.3496   13.3299
    0.0000   37.5000   -7.5000 2486.8462   13.2659
    7.5000   37.5000   -7.5000 2470.0293   13.3628
   -7.5000   45.0000   -7.5000 2304.1299   15.0130
    0.0000   45.0000   -7.5000 2322.3784   14.9980
    7.5000   45.0000   -7.5000 2301.6401   15.0658
   -7.5000  -45.0000    0.0000 2570.1438   11.1362
    0.0000  -45.0000    0.0000 2579.0393   11.0170
    7.5000  -45.0000    0.0000 2576.1826   11.2055
   -7.5000  -37.5000    0.0000 2677.8630   10.2683
    0.0000  -37.5000    0.0000 2685.6946   10.1788
    7.5000  -37.5000    0.0000 2679.5271   10.3213
   -7.5000  -30.0000    0.0000 2775.7678    9.6224
    0.0000  -30.0000    0.0000 2788.4631    9.5680
    7.5000  -30.0000    0.0000 2779.5500    9.6828
   -7.5000  -22.5000    0.0000 2870.9956    9.1845
    0.0000  -22.5000    0.0000 2898.4136    9.1860
    7.5000  -22.5000    0.0000 2874.1848    9.2466
   -7.5000  -15.0000    0.0000 2938.2607    9.0032
    0.0000  -15.0000    0.0000 2978.3813    9.0065
    7.5000  -15.0000    0.0000 2937.5002    9.0521
   -7.5000   -7.5000    0.0000 2980.6067    8.9810
    0.0000   -7.5000    0.0000 3022.6006    8.9205
    7.5000   -7.5000    0.0000 2975.0042    9.0335
   -7.5000    0.0000    0.0000 2970.6736    9.1565
    0.0000    0.0000    0.0000 3006.6287    9.0694
    7.5000    0.0000    0.0000 2966.2456    9.2105
   -7.5000    7.5000    0.0000 2918.9888    9.5838
    0.0000    7.5000    0.0000 2955.0181    9.5112
    7.5000    7.5000    0.0000 2915.3748    9.6353
   -7.5000   15.0000    0.0000 2835.1628   10.2385
    0.0000   15.0000    0.0000 2863.0017   10.1983
    7.5000   15.0000    0.0000 2834.6335   10.2733
   -7.5000   22.5000    0.0000 2725.8667   11.1011
    0.0000   22.5000    0.0000 2741.2065   11.0273
    7.5000   22.5000    0.0000 2723.8757   11.0999
   -7.5000   30.0000    0.0000 2594.6221   12.1530
    0.0000   30.0000    0.0000 2609.7751   12.0570
    7.5000   30.0000    0.0000 2596.6729   12.1307
   -7.5000   37.5000    0.0000 2452.1477   13.4489
    0.0000   37.5000    0.0000 2467.0410   13.3694
    7.5000   37.5000    0.0000 2453.0840   13.4436
   -7.5000   45.0000    0.0000 2289.4172   15.0635
    0.0000   45.0000    0.0000 2306.1035   15.0195
    7.5000   45.0000    0.0000 2289.2527   15.0779
   -7.5000  -45.0000    7.5000 2531.7231   11.5726
    0.0000  -45.0000    7.5000 2538.7256   11.4939
    7.5000  -45.0000    7.5000 2531.8303   11.6893
   -7.5000  -37.5000    7.5000 2643.1062   10.7251
    0.0000  -37.5000    7.5000 2654.1167   10.6335
    7.5000  -37.5000    7.5000 2642.6575   10.8018
   -7.5000  -30.0000    7.5000 2741.0024    9.9904
    0.0000  -30.0000    7.5000 2759.8567    9.9213
    7.5000  -30.0000    7.5000 2747.8599   10.0466
   -7.5000  -22.5000    7.5000 2835.0142    9.5273
    0.0000  -22.5000    7.5000 2858.8689    9.4566
    7.5000  -22.5000    7.5000 2836.7847    9.5733
   -7.5000  -15.0000    7.5000 2905.3489    9.2925
    0.0000  -15.0000    7.5000 2938.2146    9.2296
    7.5000  -15.0000    7.5000 2907.2520    9.3387
   -7.5000   -7.5000    7.5000 2946.9419    9.2424
    0.0000   -7.5000    7.5000 2979.4373    9.0843
    7.5000   -7.5000    7.5000 2944.0479    9.2824
   -7.5000    0.0000    7.5000 2939.1157    9.4236
    0.0000    0.0000    7.5000 2970.9854    9.2773
    7.5000    0.0000    7.5000 2939.5642    9.4595
   -7.5000    7.5000    7.5000 2886.5601    9.8874
    0.0000    7.5000    7.5000 2916.1899    9.7506
    7.5000    7.5000    7.5000 2885.9314    9.8989
   -7.5000   15.0000    7.5000 2802.8079   10.5448
    0.0000   15.0000    7.5000 2828.3093   10.4265
    7.5000   15.0000    7.5000 2800.2625   10.5408
   -7.5000   22.5000    7.5000 2692.0496   11.4325
    0.0000   22.5000    7.5000 2705.1792   11.3201
    7.5000   22.5000    7.5000 2690.6951   11.4102
   -7.5000   30.0000    7.5000 2562.1682   12.4824
    0.0000   30.0000    7.5000 2574.9719   12.3918
    7.5000   30.0000    7.5000 2561.2117   12.4735
   -7.5000   37.5000    7.5000 2419.7673   13.7356
    0.0000   37.5000    7.5000 2436.1213   13.6718
    7.5000   37.5000    7.5000 2420.2170   13.7358
   -7.5000   45.0000    7.5000 2257.9255   15.3399
    0.0000   45.0000    7.5000 2275.0107   15.3153
    7.5000   45.0000    7.5000 2260.4080   15.3378
   -7.5000  -45.0000   15.0000 2484.9839   12.2311
    0.0000  -45.0000   15.0000 2502.5784   12.1456
    7.5000  -45.0000   15.0000 2486.9636   12.3420
   -7.5000  -37.5000   15.0000 2593.2297   11.2470
    0.0000  -37.5000   15.0000 2610.2173   11.1334
    7.5000  -37.5000   15.0000 2596.7317   11.3267
   -7.5000  -30.0000   15.0000 2691.9116   10.4737
    0.0000  -30.0000   15.0000 2703.1907   10.3557
    7.5000  -30.0000   15.0000 2693.5576   10.5298
   -7.5000  -22.5000   15.0000 2786.5476   10.0206
    0.0000  -22.5000   15.0000 2800.2822    9.8933
    7.5000  -22.5000   15.0000 2785.7737   10.0520
   -7.5000  -15.0000   15.0000 2853.2390    9.7082
    0.0000  -15.0000   15.0000 2882.4546    9.5659
    7.5000  -15.0000   15.0000 2853.6838    9.7554
   -7.5000   -7.5000   15.0000 2887.5061    9.6728
    0.0000   -7.5000   15.0000 2914.0112    9.5003
    7.5000   -7.5000   15.0000 2888.0610    9.7140
   -7.5000    0.0000   15.0000 2879.9746    9.8529
    0.0000    0.0000   15.0000 2903.0085    9.7278
    7.5000    0.0000   15.0000 2879.7988    9.8948
   -7.5000    7.5000   15.0000 2826.4568   10.3175
    0.0000    7.5000   15.0000 2850.2214   10.2054
    7.5000    7.5000   15.0000 2824.3713   10.3366
   -7.5000   15.0000   15.0000 2748.5115   10.9848
    0.0000   15.0000   15.0000 2771.3733   10.8513
    7.5000   15.0000   15.0000 2745.2332   10.9795
   -7.5000   22.5000   15.0000 2641.4197   11.8345
    0.0000   22.5000   15.0000 2659.5667   11.7031
    7.5000   22.5000   15.0000 2639.8140   11.8180
   -7.5000   30.0000   15.0000 2512.4524   12.9030
    0.0000   30.0000   15.0000 2529.3738   12.7924
    7.5000   30.0000   15.0000 2513.7529   12.8966
   -7.5000   37.5000   15.0000 2374.5129   14.1981
    0.0000   37.5000   15.0000 2392.5669   14.1126
    7.5000   37.5000   15.0000 2377.8850   14.1853
   -7.5000   45.0000   15.0000 2211.2812   15.8220
    0.0000   45.0000   15.0000 2229.8752   15.7859
    7.5000   45.0000   15.0000 2215.7949   15.8122
   -7.5000  -45.0000   22.5000 2428.6216   12.9482
    0.0000  -45.0000   22.5000 2444.4109   12.7790
    7.5000  -45.0000   22.5000 2432.6448   13.0353
   -7.5000  -37.5000   22.5000 2535.2927   11.8876
    0.0000  -37.5000   22.5000 2551.0215   11.6810
    7.5000  -37.5000   22.5000 2539.6951   11.9587
   -7.5000  -30.0000   22.5000 2634.8765   11.1161
    0.0000  -30.0000   22.5000 2645.8691   10.9201
    7.5000  -30.0000   22.5000 2636.0144   11.1681
   -7.5000  -22.5000   22.5000 2722.3132   10.5741
    0.0000  -22.5000   22.5000 2733.0437   10.3894
    7.5000  -22.5000   22.5000 2722.3049   10.6119
   -7.5000  -15.0000   22.5000 2785.7844   10.2582
    0.0000  -15.0000   22.5000 2807.0813   10.0787
    7.5000  -15.0000   22.5000 2784.7449   10.3083
   -7.5000   -7.5000   22.5000 2809.6152   10.2269
    0.0000   -7.5000   22.5000 2826.0049   10.0603
    7.5000   -7.5000   22.5000 2809.5405   10.2725
   -7.5000    0.0000   22.5000 2793.3757   10.4537
    0.0000    0.0000   22.5000 2811.5957   10.3140
    7.5000    0.0000   22.5000 2793.3049   10.4837
   -7.5000    7.5000   22.5000 2747.7625   10.8953
    0.0000    7.5000   22.5000 2769.7275   10.7600
    7.5000    7.5000   22.5000 2746.6760   10.8907
   -7.5000   15.0000   22.5000 2674.1038   11.5571
    0.0000   15.0000   22.5000 2699.5981   11.4136
    7.5000   15.0000   22.5000 2672.4165   11.5460
   -7.5000   22.5000   22.5000 2573.4016   12.3806
    0.0000   22.5000   22.5000 2594.0652   12.2515
    7.5000   22.5000   22.5000 2572.4197   12.3825
   -7.5000   30.0000   22.5000 2456.1812   13.4399
    0.0000   30.0000   22.5000 2471.7515   13.3485
    7.5000   30.0000   22.5000 2457.3303   13.4582
   -7.5000   37.5000   22.5000 2315.2690   14.7518
    0.0000   37.5000   22.5000 2334.7961   14.6814
    7.5000   37.5000   22.5000 2319.1702   14.7866
   -7.5000   45.0000   22.5000 2156.7361   16.4434
    0.0000   45.0000   22.5000 2180.1011   16.3935
    7.5000   45.0000   22.5000 2160.0552   16.4610
   -7.5000  -45.0000   30.0000 2362.1829   13.7961
    0.0000  -45.0000   30.0000 2373.7197   13.5194
    7.5000  -45.0000   30.0000 2362.6306   13.8724
   -7.5000  -37.5000   30.0000 2471.0647   12.7001
    0.0000  -37.5000   30.0000 2485.3772   12.4234
    7.5000  -37.5000   30.0000 2475.2214   12.7833
   -7.5000  -30.0000   30.0000 2563.6790   11.8844
    0.0000  -30.0000   30.0000 2578.1284   11.6430
    7.5000  -30.0000   30.0000 2565.9387   11.9443
   -7.5000  -22.5000   30.0000 2643.0256   11.2680
    0.0000  -22.5000   30.0000 2657.4661   11.0516
    7.5000  -22.5000   30.0000 2643.3242   11.3227
   -7.5000  -15.0000   30.0000 2693.6350   10.9589
    0.0000  -15.0000   30.0000 2714.3701   10.7759
    7.5000  -15.0000   30.0000 2695.7246   11.0292
   -7.5000   -7.5000   30.0000 2709.7271   10.9045
    0.0000   -7.5000   30.0000 2727.0076   10.7522
    7.5000   -7.5000   30.0000 2712.5659   10.9619
   -7.5000    0.0000   30.0000 2692.8794   11.1598
    0.0000    0.0000   30.0000 2712.4829   11.0182
    7.5000    0.0000   30.0000 2694.6484   11.1659
   -7.5000    7.5000   30.0000 2648.3152   11.6147
    0.0000    7.5000   30.0000 2671.1001   11.4757
    7.5000    7.5000   30.0000 2652.0710   11.5900
   -7.5000   15.0000   30.0000 2584.6755   12.2241
    0.0000   15.0000   30.0000 2611.7920   12.0838
    7.5000   15.0000   30.0000 2584.8196   12.2337
   -7.5000   22.5000   30.0000 2497.0188   13.0358
    0.0000   22.5000   30.0000 2521.9565   12.8958
    7.5000   22.5000   30.0000 2496.5491   13.0674
   -7.5000   30.0000   30.0000 2382.5566   14.0976
    0.0000   30.0000   30.0000 2400.7754   14.0086
    7.5000   30.0000   30.0000 2383.2712   14.1309
   -7.5000   37.5000   30.0000 2248.7468   15.4775
    0.0000   37.5000   30.0000 2267.9751   15.4107
    7.5000   37.5000   30.0000 2248.7004   15.5024
   -7.5000   45.0000   30.0000 2102.2585   17.2480
    0.0000   45.0000   30.0000 2126.5715   17.1998
    7.5000   45.0000   30.0000 2104.3240   17.2436
   -7.5000  -45.0000   37.5000 2291.6238   14.8434
    0.0000  -45.0000   37.5000 2305.8684   14.4940
    7.5000  -45.0000   37.5000 2286.3242   14.8750
   -7.5000  -37.5000   37.5000 2396.2898   13.6712
    0.0000  -37.5000   37.5000 2415.7385   13.3832
    7.5000  -37.5000   37.5000 2397.9446   13.7483
   -7.5000  -30.0000   37.5000 2486.4543   12.7877
    0.0000  -30.0000   37.5000 2507.8699   12.5548
    7.5000  -30.0000   37.5000 2489.3530   12.8634
   -7.5000  -22.5000   37.5000 2557.8303   12.1493
    0.0000  -22.5000   37.5000 2580.9368   11.9453
    7.5000  -22.5000   37.5000 2559.4673   12.2193
   -7.5000  -15.0000   37.5000 2593.3455   11.8141
    0.0000  -15.0000   37.5000 2615.1104   11.6647
    7.5000  -15.0000   37.5000 2595.6543   11.8884
   -7.5000   -7.5000   37.5000 2608.6311   11.7278
    0.0000   -7.5000   37.5000 2628.0310   11.6048
    7.5000   -7.5000   37.5000 2613.0398   11.7907
   -7.5000    0.0000   37.5000 2591.4790   11.9791
    0.0000    0.0000   37.5000 2612.4324   11.8700
    7.5000    0.0000   37.5000 2594.5742   11.9928
   -7.5000    7.5000   37.5000 2550.9763   12.4641
    0.0000    7.5000   37.5000 2572.4680   12.3612
    7.5000    7.5000   37.5000 2553.3616   12.4521
   -7.5000   15.0000   37.5000 2486.1077   13.0712
    0.0000   15.0000   37.5000 2513.9106   12.9558
    7.5000   15.0000   37.5000 2492.5071   13.0857
   -7.5000   22.5000   37.5000 2412.1313   13.8602
    0.0000   22.5000   37.5000 2444.9802   13.7167
    7.5000   22.5000   37.5000 2416.4016   13.8758
   -7.5000   30.0000   37.5000 2309.3499   14.9384
    0.0000   30.0000   37.5000 2329.8613   14.8224
    7.5000   30.0000   37.5000 2311.0149   14.9547
   -7.5000   37.5000   37.5000 2175.8359   16.3582
    0.0000   37.5000   37.5000 2197.4302   16.2791
    7.5000   37.5000   37.5000 2179.2368   16.3699
   -7.5000   45.0000   37.5000 2043.3018   18.1700
    0.0000   45.0000   37.5000 2062.2004   18.1081
    7.5000   45.0000   37.5000 2043.6356   18.1990
   -7.5000  -45.0000   45.0000 2207.8364   16.1144
    0.0000  -45.0000   45.0000 2223.2319   15.8132
    7.5000  -45.0000   45.0000 2200.2092   16.1477
   -7.5000  -37.5000   45.0000 2310.6216   14.8575
    0.0000  -37.5000   45.0000 2330.3872   14.6024
    7.5000  -37.5000   45.0000 2306.2803   14.9002
   -7.5000  -30.0000   45.0000 2403.7644   13.9074
    0.0000  -30.0000   45.0000 2426.8135   13.6798
    7.5000  -30.0000   45.0000 2404.8672   13.9480
   -7.5000  -22.5000   45.0000 2466.4165   13.2410
    0.0000  -22.5000   45.0000 2491.3101   13.0792
    7.5000  -22.5000   45.0000 2467.7622   13.3106
   -7.5000  -15.0000   45.0000 2492.4912   12.8483
    0.0000  -15.0000   45.0000 2509.0850   12.7295
    7.5000  -15.0000   45.0000 2496.5012   12.9213
   -7.5000   -7.5000   45.0000 2500.1201   12.7593
    0.0000   -7.5000   45.0000 2521.8325   12.6697
    7.5000   -7.5000   45.0000 2506.4277   12.8266
   -7.5000    0.0000   45.0000 2483.2102   12.9706
    0.0000    0.0000   45.0000 2506.4346   12.9092
    7.5000    0.0000   45.0000 2489.4131   13.0030
   -7.5000    7.5000   45.0000 2450.5735   13.4504
    0.0000    7.5000   45.0000 2471.2427   13.3901
    7.5000    7.5000   45.0000 2451.0864   13.4565
   -7.5000   15.0000   45.0000 2388.6663   14.0800
    0.0000   15.0000   45.0000 2411.0554   14.0074
    7.5000   15.0000   45.0000 2392.5940   14.0956
   -7.5000   22.5000   45.0000 2314.5061   14.9228
    0.0000   22.5000   45.0000 2342.1902   14.7944
    7.5000   22.5000   45.0000 2319.4939   14.9080
   -7.5000   30.0000   45.0000 2219.5391   15.9964
    0.0000   30.0000   45.0000 2247.3860   15.9046
    7.5000   30.0000   45.0000 2225.2124   15.9955
   -7.5000   37.5000   45.0000 2103.9551   17.4150
    0.0000   37.5000   45.0000 2124.7642   17.3433
    7.5000   37.5000   45.0000 2107.1550   17.4360
   -7.5000   45.0000   45.0000 1978.1030   19.2892
    0.0000   45.0000   45.0000 1993.9285   19.2004
    7.5000   45.0000   45.0000 1979.7693   19.3201

---------------------------------------------------------------------
imgreg_4dfp /opt/freesurfer/average/711-2C_as_mni_average_305 /opt/freesurfer/average/711-2B_as_mni_average_305_mask talsrcimg_g11 none talsrcimg_to_711-2C_as_mni_average_305_t4 1283
---------------------------------------------------------------------

freesurfer imgreg_4dfp.c
/opt/freesurfer/average/711-2C_as_mni_average_305.4dfp.img
       256       256       256         1
  1.000000  1.000000  1.000000
orientation T byte_order littleendian
Reading image: /opt/freesurfer/average/711-2C_as_mni_average_305.4dfp.img
dimensions:      256       256       256
mmppix:       1.0000   -1.0000   -1.0000
center:     128.0000 -129.0000 -129.0000
/opt/freesurfer/average/711-2B_as_mni_average_305_mask.4dfp.img
       256       256       256         1
  1.000000  1.000000  1.000000
orientation T byte_order littleendian
Reading mask: /opt/freesurfer/average/711-2B_as_mni_average_305_mask.4dfp.img (2306576 pixels)
talsrcimg_g11.4dfp.img
       256       256       256         1
  1.000000  1.000000  1.000000
orientation T byte_order littleendian
Reading image: talsrcimg_g11.4dfp.img
dimensions:      256       256       256
mmppix:       1.0000   -1.0000   -1.0000
center:     128.0000 -129.0000 -129.0000
rotation matrix determinant  1.000000
fimgreg.f
image alignment mode   1283 decimal      503 hex
parameters
    0.0000   -7.5000   -7.5000    0.0000    0.0000    0.0000
eta,q 0.95258  8.92698
niter,ni,del,rscale     5    3   12.0000    1.2000
parameter  4  3.146238 ->  0.500000 qaram    1.1500
parameters
    0.0384   -6.5426   -5.5071   -3.4500   -1.5256    0.4439
eta,q 0.95574  8.87718
  0.0594  0.0589  0.0629  0.0417  0.0449  0.0481
  0.0516  0.0533  0.0565  0.0438  0.0443  0.0458
  0.0475  0.0488  0.0500  0.0460  0.0442  0.0445
  0.0470  0.0469  0.0474  0.0479  0.0443  0.0442
  0.0487  0.0484  0.0479  0.0501  0.0444  0.0444
  0.0520  0.0503  0.0491  0.0528  0.0453  0.0453
  0.0583  0.0527  0.0502  0.0564  0.0472  0.0469
niter,ni,del,rscale     5    3   12.0000    1.2000
parameter  4  8.477032 ->  0.500000 qaram    1.3225
parameters
    0.3244   -6.1182   -5.5507   -7.4175   -1.2350    0.9398
eta,q 0.96024  8.84827
  0.0573  0.0548  0.0511  0.0378  0.0441  0.0443
  0.0491  0.0486  0.0463  0.0393  0.0418  0.0423
  0.0452  0.0452  0.0442  0.0415  0.0403  0.0406
  0.0443  0.0442  0.0445  0.0444  0.0398  0.0398
  0.0447  0.0460  0.0454  0.0472  0.0402  0.0399
  0.0483  0.0480  0.0473  0.0495  0.0415  0.0411
  0.0544  0.0512  0.0504  0.0518  0.0432  0.0433
niter,ni,del,rscale     5    3   12.0000    1.2000
parameter  4  1.757504 ->  0.500000 qaram    1.5209
parameters
   -0.1150   -4.9569   -5.8778  -11.9801    0.0387   -0.8550
eta,q 0.96464  8.78167
  0.0506  0.0526  0.0468  0.0349  0.0443  0.0372
  0.0430  0.0465  0.0423  0.0356  0.0403  0.0359
  0.0401  0.0416  0.0402  0.0372  0.0375  0.0354
  0.0398  0.0398  0.0400  0.0399  0.0359  0.0356
  0.0410  0.0405  0.0409  0.0435  0.0357  0.0368
  0.0465  0.0426  0.0439  0.0473  0.0371  0.0390
  0.0539  0.0450  0.0482  0.0497  0.0393  0.0413
niter,ni,del,rscale     5    3   12.0000    1.2000
parameters
   -0.4844   -3.2412   -6.9157  -16.4352    0.2117    0.2592
eta,q 0.96941  8.79361
  0.0504  0.0504  0.0408  0.0351  0.0396  0.0382
  0.0405  0.0428  0.0350  0.0307  0.0355  0.0347
  0.0350  0.0372  0.0334  0.0316  0.0320  0.0321
  0.0354  0.0350  0.0345  0.0337  0.0307  0.0307
  0.0387  0.0346  0.0371  0.0379  0.0319  0.0307
  0.0445  0.0359  0.0404  0.0431  0.0347  0.0319
  0.0527  0.0387  0.0452  0.0475  0.0387  0.0342
niter,ni,del,rscale     4    3   12.0000    1.2000
parameters
   -0.4785   -1.8952   -7.6318  -16.5934    0.2842    0.1067
eta,q 0.96996  8.79403
  0.0499  0.0489  0.0391  0.0424  0.0381  0.0348
  0.0393  0.0397  0.0329  0.0358  0.0344  0.0321
  0.0324  0.0328  0.0302  0.0305  0.0311  0.0306
  0.0306  0.0306  0.0305  0.0300  0.0300  0.0300
  0.0333  0.0307  0.0334  0.0326  0.0315  0.0305
  0.0402  0.0324  0.0376  0.0370  0.0341  0.0323
  0.0489  0.0370  0.0424  0.0422  0.0376  0.0356
niter,ni,del,rscale     3    3   12.0000    1.2000
parameters
   -0.4518   -1.9707   -7.6421  -16.5818    0.2964    0.1104
eta,q 0.96998  8.79391
  0.0493  0.0417  0.0421  0.0427  0.0380  0.0351
  0.0390  0.0336  0.0345  0.0362  0.0343  0.0323
  0.0323  0.0302  0.0307  0.0307  0.0310  0.0307
  0.0300  0.0300  0.0300  0.0300  0.0300  0.0300
  0.0326  0.0315  0.0322  0.0323  0.0316  0.0304
  0.0397  0.0354  0.0361  0.0366  0.0342  0.0321
  0.0482  0.0411  0.0407  0.0418  0.0378  0.0353
niter,ni,del,rscale     2    3   12.0000    1.2000
parameters
   -0.4510   -1.9775   -7.6424  -16.5744    0.2976    0.1098
eta,q 0.96998  8.79388
  0.0491  0.0421  0.0422  0.0427  0.0380  0.0351
  0.0389  0.0339  0.0345  0.0362  0.0343  0.0323
  0.0322  0.0303  0.0307  0.0307  0.0310  0.0307
  0.0300  0.0300  0.0300  0.0300  0.0300  0.0300
  0.0327  0.0314  0.0322  0.0323  0.0316  0.0304
  0.0398  0.0352  0.0361  0.0366  0.0342  0.0321
  0.0484  0.0409  0.0407  0.0418  0.0378  0.0353
registration optimization eta report
parameter search radius
    6.0000    6.0000    6.0000    9.1253    6.0000    6.0000
100000*second partial in parameter space
       51.       33.       31.       15.       21.       14.
  0.0491  0.0421  0.0422  0.0427  0.0380  0.0351
  0.0389  0.0339  0.0345  0.0362  0.0343  0.0323
  0.0322  0.0303  0.0307  0.0307  0.0310  0.0307
  0.0300  0.0300  0.0300  0.0300  0.0300  0.0300
  0.0327  0.0314  0.0322  0.0323  0.0316  0.0304
  0.0398  0.0352  0.0361  0.0366  0.0342  0.0321
  0.0484  0.0409  0.0407  0.0418  0.0378  0.0353
   -0.4510   -1.9775   -7.6424  -16.5744    0.2976    0.1098
eta,q 0.96998  8.79388

---------------------------------------------------------------------
imgreg_4dfp /opt/freesurfer/average/711-2C_as_mni_average_305 /opt/freesurfer/average/711-2B_as_mni_average_305_mask talsrcimg_g11 none talsrcimg_to_711-2C_as_mni_average_305_t4 3335
---------------------------------------------------------------------

freesurfer imgreg_4dfp.c
/opt/freesurfer/average/711-2C_as_mni_average_305.4dfp.img
       256       256       256         1
  1.000000  1.000000  1.000000
orientation T byte_order littleendian
Reading image: /opt/freesurfer/average/711-2C_as_mni_average_305.4dfp.img
dimensions:      256       256       256
mmppix:       1.0000   -1.0000   -1.0000
center:     128.0000 -129.0000 -129.0000
/opt/freesurfer/average/711-2B_as_mni_average_305_mask.4dfp.img
       256       256       256         1
  1.000000  1.000000  1.000000
orientation T byte_order littleendian
Reading mask: /opt/freesurfer/average/711-2B_as_mni_average_305_mask.4dfp.img (2306576 pixels)
talsrcimg_g11.4dfp.img
       256       256       256         1
  1.000000  1.000000  1.000000
orientation T byte_order littleendian
Reading image: talsrcimg_g11.4dfp.img
dimensions:      256       256       256
mmppix:       1.0000   -1.0000   -1.0000
center:     128.0000 -129.0000 -129.0000
fimgreg.f
image alignment mode   3335 decimal      D07 hex
parameters
   -0.4510   -1.9775   -7.6424   -0.0015   -4.1549   -4.1563
   -0.0355   -0.5524    0.1916   28.5250    0.5194  -28.5256
eta,q 0.97177  8.89532
niter,ni,del,rscale     5    3    5.0000    1.2000
parameter  4  0.860434 ->  0.500000 qaram    1.1500
parameter  5  1.885162 ->  0.500000 qaram    1.1500
parameters
   -0.4260   -1.6701   -8.1531   -4.1415   -8.2949   -6.7882
    0.1483    0.7001    1.3158   25.6028   -0.6235  -29.8121
eta,q 0.97938  8.77804
  0.0320  0.0307  0.0295  0.0253  0.0206  0.0226  0.0245  0.0280  0.0240  0.0219  0.0215  0.0217
  0.0301  0.0295  0.0285  0.0247  0.0213  0.0218  0.0229  0.0251  0.0227  0.0210  0.0210  0.0210
  0.0288  0.0287  0.0280  0.0255  0.0227  0.0215  0.0219  0.0228  0.0218  0.0207  0.0207  0.0207
  0.0282  0.0282  0.0282  0.0280  0.0248  0.0216  0.0215  0.0215  0.0213  0.0212  0.0207  0.0207
  0.0286  0.0282  0.0288  0.0318  0.0274  0.0230  0.0218  0.0214  0.0213  0.0226  0.0209  0.0211
  0.0299  0.0287  0.0298  0.0359  0.0300  0.0261  0.0227  0.0225  0.0218  0.0249  0.0215  0.0217
  0.0320  0.0298  0.0312  0.0400  0.0324  0.0313  0.0242  0.0249  0.0228  0.0277  0.0224  0.0226
niter,ni,del,rscale     6    3    5.0000    1.2000
parameters
   -0.5194   -2.3157   -8.5719   -4.9415  -10.9542   -6.4263
   -0.1399    0.8640    1.7158   25.8356   -0.8968  -31.4263
eta,q 0.98013  8.74740
  0.0241  0.0218  0.0214  0.0250  0.0220  0.0225  0.0226  0.0250  0.0223  0.0232  0.0210  0.0208
  0.0221  0.0208  0.0207  0.0231  0.0207  0.0214  0.0211  0.0224  0.0212  0.0215  0.0204  0.0201
  0.0209  0.0204  0.0204  0.0213  0.0201  0.0205  0.0202  0.0207  0.0203  0.0204  0.0201  0.0199
  0.0206  0.0206  0.0204  0.0204  0.0205  0.0201  0.0200  0.0200  0.0200  0.0200  0.0199  0.0200
  0.0212  0.0214  0.0207  0.0212  0.0219  0.0197  0.0204  0.0203  0.0201  0.0202  0.0201  0.0204
  0.0225  0.0226  0.0215  0.0241  0.0244  0.0203  0.0215  0.0219  0.0208  0.0212  0.0205  0.0210
  0.0246  0.0243  0.0225  0.0280  0.0274  0.0226  0.0230  0.0247  0.0219  0.0229  0.0212  0.0219
niter,ni,del,rscale     5    3    5.0000    1.2000
parameters
   -0.4989   -2.2285   -8.8657   -4.7223  -11.5075   -6.6480
   -0.2278    0.8696    1.8004   26.2187   -0.9667  -32.1248
eta,q 0.98022  8.74356
  0.0237  0.0226  0.0210  0.0253  0.0232  0.0221  0.0227  0.0246  0.0220  0.0230  0.0209  0.0210
  0.0216  0.0211  0.0203  0.0234  0.0216  0.0210  0.0211  0.0221  0.0209  0.0213  0.0203  0.0202
  0.0203  0.0202  0.0199  0.0214  0.0203  0.0202  0.0201  0.0205  0.0201  0.0203  0.0200  0.0199
  0.0199  0.0199  0.0199  0.0198  0.0198  0.0198  0.0198  0.0198  0.0198  0.0198  0.0198  0.0198
  0.0203  0.0201  0.0201  0.0199  0.0204  0.0195  0.0202  0.0203  0.0201  0.0200  0.0199  0.0201
  0.0215  0.0209  0.0208  0.0221  0.0220  0.0205  0.0213  0.0220  0.0208  0.0209  0.0203  0.0207
  0.0235  0.0222  0.0217  0.0257  0.0246  0.0233  0.0228  0.0248  0.0219  0.0224  0.0210  0.0215
niter,ni,del,rscale     4    3    5.0000    1.2000
parameters
   -0.4898   -2.1952   -8.9631   -4.6161  -11.6963   -6.7013
   -0.2450    0.8557    1.8046   26.3773   -1.0122  -32.3605
eta,q 0.98024  8.74364
  0.0236  0.0224  0.0211  0.0252  0.0235  0.0222  0.0227  0.0246  0.0219  0.0227  0.0209  0.0212
  0.0215  0.0210  0.0203  0.0233  0.0218  0.0211  0.0211  0.0221  0.0208  0.0211  0.0203  0.0203
  0.0202  0.0201  0.0199  0.0212  0.0204  0.0203  0.0201  0.0204  0.0200  0.0202  0.0199  0.0199
  0.0198  0.0198  0.0198  0.0198  0.0198  0.0198  0.0198  0.0198  0.0198  0.0198  0.0198  0.0198
  0.0202  0.0201  0.0200  0.0200  0.0202  0.0194  0.0202  0.0203  0.0200  0.0200  0.0199  0.0200
  0.0215  0.0209  0.0205  0.0222  0.0216  0.0203  0.0212  0.0220  0.0208  0.0209  0.0203  0.0205
  0.0234  0.0222  0.0214  0.0258  0.0242  0.0232  0.0227  0.0248  0.0219  0.0225  0.0210  0.0213
niter,ni,del,rscale     3    3    5.0000    1.2000
parameters
   -0.4873   -2.1781   -8.9994   -4.5782  -11.7648   -6.7232
   -0.2470    0.8562    1.8063   26.4376   -1.0241  -32.4429
eta,q 0.98024  8.74355
  0.0236  0.0223  0.0212  0.0251  0.0236  0.0223  0.0227  0.0247  0.0219  0.0226  0.0210  0.0213
  0.0214  0.0209  0.0204  0.0232  0.0218  0.0211  0.0211  0.0221  0.0208  0.0211  0.0203  0.0204
  0.0202  0.0201  0.0199  0.0212  0.0204  0.0203  0.0201  0.0204  0.0200  0.0201  0.0199  0.0199
  0.0198  0.0198  0.0198  0.0198  0.0198  0.0198  0.0198  0.0198  0.0198  0.0198  0.0198  0.0198
  0.0202  0.0200  0.0200  0.0200  0.0201  0.0193  0.0201  0.0202  0.0200  0.0200  0.0199  0.0200
  0.0215  0.0209  0.0205  0.0223  0.0215  0.0203  0.0212  0.0220  0.0208  0.0209  0.0203  0.0205
  0.0235  0.0222  0.0213  0.0259  0.0241  0.0232  0.0227  0.0248  0.0219  0.0226  0.0210  0.0213
niter,ni,del,rscale     2    3    5.0000    1.2000
parameters
   -0.4870   -2.1704   -9.0096   -4.5646  -11.7904   -6.7247
   -0.2461    0.8555    1.8078   26.4582   -1.0424  -32.4748
eta,q 0.98024  8.74369
  0.0236  0.0223  0.0212  0.0251  0.0236  0.0223  0.0227  0.0247  0.0219  0.0226  0.0210  0.0213
  0.0214  0.0209  0.0204  0.0232  0.0219  0.0211  0.0211  0.0221  0.0208  0.0210  0.0203  0.0204
  0.0201  0.0200  0.0199  0.0212  0.0205  0.0203  0.0201  0.0204  0.0200  0.0201  0.0199  0.0199
  0.0198  0.0198  0.0198  0.0198  0.0198  0.0198  0.0198  0.0198  0.0198  0.0198  0.0198  0.0198
  0.0202  0.0200  0.0199  0.0200  0.0201  0.0193  0.0201  0.0202  0.0200  0.0200  0.0199  0.0200
  0.0215  0.0209  0.0204  0.0224  0.0215  0.0203  0.0212  0.0220  0.0208  0.0209  0.0203  0.0205
  0.0235  0.0222  0.0212  0.0260  0.0241  0.0232  0.0227  0.0248  0.0219  0.0226  0.0210  0.0213
registration optimization eta report
parameter search radius
    2.4000    2.4000    2.4000    8.2800    8.2800    7.2000
    7.2000    7.2000    7.2000    7.2000    7.2000    7.2000
100000*second partial in parameter space
       65.       43.       26.        8.        6.        6.
        6.       10.        4.        5.        2.        3.
  0.0236  0.0223  0.0212  0.0251  0.0236  0.0223  0.0227  0.0247  0.0219  0.0226  0.0210  0.0213
  0.0214  0.0209  0.0204  0.0232  0.0219  0.0211  0.0211  0.0221  0.0208  0.0210  0.0203  0.0204
  0.0201  0.0200  0.0199  0.0212  0.0205  0.0203  0.0201  0.0204  0.0200  0.0201  0.0199  0.0199
  0.0198  0.0198  0.0198  0.0198  0.0198  0.0198  0.0198  0.0198  0.0198  0.0198  0.0198  0.0198
  0.0202  0.0200  0.0199  0.0200  0.0201  0.0193  0.0201  0.0202  0.0200  0.0200  0.0199  0.0200
  0.0215  0.0209  0.0204  0.0224  0.0215  0.0203  0.0212  0.0220  0.0208  0.0209  0.0203  0.0205
  0.0235  0.0222  0.0212  0.0260  0.0241  0.0232  0.0227  0.0248  0.0219  0.0226  0.0210  0.0213
   -0.4870   -2.1704   -9.0096   -4.5646  -11.7904   -6.7247
   -0.2461    0.8555    1.8078   26.4582   -1.0424  -32.4748
eta,q 0.98024  8.74369

---------------------------------------------------------------------
imgreg_4dfp /opt/freesurfer/average/711-2C_as_mni_average_305 /opt/freesurfer/average/711-2B_as_mni_average_305_mask talsrcimg_g11 none talsrcimg_to_711-2C_as_mni_average_305_t4 2311
---------------------------------------------------------------------

freesurfer imgreg_4dfp.c
/opt/freesurfer/average/711-2C_as_mni_average_305.4dfp.img
       256       256       256         1
  1.000000  1.000000  1.000000
orientation T byte_order littleendian
Reading image: /opt/freesurfer/average/711-2C_as_mni_average_305.4dfp.img
dimensions:      256       256       256
mmppix:       1.0000   -1.0000   -1.0000
center:     128.0000 -129.0000 -129.0000
/opt/freesurfer/average/711-2B_as_mni_average_305_mask.4dfp.img
       256       256       256         1
  1.000000  1.000000  1.000000
orientation T byte_order littleendian
Reading mask: /opt/freesurfer/average/711-2B_as_mni_average_305_mask.4dfp.img (2306576 pixels)
talsrcimg_g11.4dfp.img
       256       256       256         1
  1.000000  1.000000  1.000000
orientation T byte_order littleendian
Reading image: talsrcimg_g11.4dfp.img
dimensions:      256       256       256
mmppix:       1.0000   -1.0000   -1.0000
center:     128.0000 -129.0000 -129.0000
fimgreg.f
image alignment mode   2311 decimal      907 hex
parameters
   -0.4870   -2.1704   -9.0096   -4.5646  -11.7904   -6.7247
   -0.2461    0.8555    1.8078   26.4582   -1.0424  -32.4748
eta,q 0.98024  8.74370
niter,ni,del,rscale     5    3    5.0000    0.8000
parameters
   -0.5107   -2.1721   -9.0295   -3.8910  -11.5117   -5.8731
   -0.2678    0.7159    1.7271   26.6461   -1.4768  -32.6158
eta,q 0.98056  8.78356
  0.0214  0.0209  0.0204  0.0227  0.0213  0.0209  0.0210  0.0220  0.0205  0.0210  0.0200  0.0202
  0.0205  0.0203  0.0200  0.0215  0.0205  0.0203  0.0201  0.0206  0.0199  0.0202  0.0197  0.0197
  0.0199  0.0199  0.0198  0.0204  0.0199  0.0199  0.0196  0.0197  0.0196  0.0197  0.0195  0.0195
  0.0198  0.0198  0.0198  0.0198  0.0196  0.0196  0.0195  0.0195  0.0195  0.0195  0.0195  0.0195
  0.0200  0.0199  0.0198  0.0197  0.0197  0.0194  0.0197  0.0198  0.0196  0.0196  0.0196  0.0196
  0.0206  0.0203  0.0201  0.0203  0.0202  0.0195  0.0202  0.0208  0.0200  0.0200  0.0199  0.0198
  0.0215  0.0209  0.0204  0.0216  0.0210  0.0205  0.0210  0.0223  0.0206  0.0208  0.0203  0.0202
niter,ni,del,rscale     4    3    5.0000    0.7000
parameters
   -0.5024   -2.1755   -9.0391   -3.9422  -11.6196   -5.6753
   -0.2933    0.7744    1.7290   26.7170   -1.6298  -32.7654
eta,q 0.98060  8.78709
  0.0209  0.0204  0.0200  0.0215  0.0206  0.0205  0.0206  0.0216  0.0202  0.0206  0.0199  0.0200
  0.0201  0.0199  0.0197  0.0205  0.0200  0.0201  0.0199  0.0204  0.0198  0.0200  0.0196  0.0196
  0.0196  0.0196  0.0195  0.0198  0.0196  0.0198  0.0195  0.0197  0.0195  0.0196  0.0195  0.0194
  0.0194  0.0194  0.0194  0.0194  0.0194  0.0194  0.0194  0.0194  0.0194  0.0194  0.0194  0.0194
  0.0196  0.0196  0.0195  0.0196  0.0196  0.0193  0.0196  0.0196  0.0195  0.0195  0.0195  0.0195
  0.0201  0.0199  0.0197  0.0204  0.0201  0.0196  0.0200  0.0203  0.0198  0.0199  0.0197  0.0197
  0.0209  0.0204  0.0200  0.0218  0.0208  0.0206  0.0206  0.0215  0.0202  0.0205  0.0200  0.0200
niter,ni,del,rscale     3    3    5.0000    0.6000
parameters
   -0.4934   -2.1562   -9.0584   -3.9199  -11.6701   -5.3993
   -0.2829    0.7666    1.7192   26.7825   -1.7658  -32.8912
eta,q 0.98066  8.79342
  0.0205  0.0201  0.0198  0.0210  0.0203  0.0202  0.0202  0.0210  0.0200  0.0203  0.0198  0.0198
  0.0199  0.0197  0.0196  0.0202  0.0198  0.0199  0.0198  0.0201  0.0196  0.0198  0.0195  0.0195
  0.0195  0.0195  0.0194  0.0197  0.0195  0.0197  0.0195  0.0196  0.0194  0.0195  0.0194  0.0194
  0.0194  0.0194  0.0194  0.0194  0.0194  0.0194  0.0193  0.0193  0.0193  0.0193  0.0193  0.0193
  0.0195  0.0195  0.0195  0.0195  0.0195  0.0192  0.0195  0.0195  0.0194  0.0194  0.0194  0.0194
  0.0199  0.0197  0.0196  0.0201  0.0198  0.0195  0.0197  0.0201  0.0196  0.0197  0.0196  0.0196
  0.0204  0.0201  0.0199  0.0211  0.0204  0.0203  0.0202  0.0210  0.0200  0.0202  0.0198  0.0198
niter,ni,del,rscale     2    3    5.0000    0.5000
parameters
   -0.4905   -2.1380   -9.0536   -3.9099  -11.7494   -5.0985
   -0.2867    0.7472    1.7180   26.8257   -1.8879  -32.9927
eta,q 0.98072  8.79853
  0.0201  0.0198  0.0197  0.0205  0.0200  0.0200  0.0199  0.0205  0.0197  0.0200  0.0196  0.0196
  0.0197  0.0196  0.0195  0.0199  0.0196  0.0198  0.0196  0.0198  0.0195  0.0196  0.0194  0.0194
  0.0194  0.0194  0.0194  0.0195  0.0194  0.0196  0.0194  0.0194  0.0193  0.0194  0.0193  0.0193
  0.0193  0.0193  0.0193  0.0193  0.0193  0.0193  0.0193  0.0193  0.0193  0.0193  0.0193  0.0193
  0.0194  0.0194  0.0194  0.0195  0.0194  0.0192  0.0194  0.0194  0.0193  0.0193  0.0193  0.0193
  0.0197  0.0195  0.0195  0.0199  0.0197  0.0194  0.0196  0.0199  0.0195  0.0196  0.0195  0.0194
  0.0201  0.0198  0.0197  0.0205  0.0201  0.0200  0.0199  0.0205  0.0197  0.0199  0.0197  0.0196
niter,ni,del,rscale     1    3    5.0000    0.4000
parameters
   -0.4889   -2.1211   -9.0243   -3.9263  -11.8274   -4.8129
   -0.2913    0.7400    1.7170   26.8446   -2.0012  -33.0342
eta,q 0.98075  8.80211
  0.0198  0.0196  0.0195  0.0200  0.0197  0.0199  0.0197  0.0201  0.0195  0.0197  0.0195  0.0195
  0.0195  0.0194  0.0194  0.0197  0.0195  0.0197  0.0194  0.0196  0.0194  0.0195  0.0193  0.0193
  0.0193  0.0193  0.0193  0.0194  0.0193  0.0195  0.0193  0.0194  0.0193  0.0193  0.0193  0.0193
  0.0193  0.0193  0.0193  0.0193  0.0193  0.0193  0.0192  0.0192  0.0192  0.0192  0.0192  0.0192
  0.0193  0.0193  0.0193  0.0194  0.0194  0.0192  0.0193  0.0193  0.0193  0.0193  0.0193  0.0193
  0.0195  0.0194  0.0194  0.0196  0.0195  0.0194  0.0194  0.0196  0.0194  0.0194  0.0194  0.0193
  0.0198  0.0196  0.0195  0.0201  0.0198  0.0197  0.0197  0.0201  0.0195  0.0197  0.0195  0.0195
registration optimization eta report
parameter search radius
    0.8000    0.8000    0.8000    2.4000    2.4000    2.4000
    2.4000    2.4000    2.4000    2.4000    2.4000    2.4000
100000*second partial in parameter space
       76.       48.       37.       14.        8.        9.
        7.       14.        5.        8.        4.        4.
  0.0198  0.0196  0.0195  0.0200  0.0197  0.0199  0.0197  0.0201  0.0195  0.0197  0.0195  0.0195
  0.0195  0.0194  0.0194  0.0197  0.0195  0.0197  0.0194  0.0196  0.0194  0.0195  0.0193  0.0193
  0.0193  0.0193  0.0193  0.0194  0.0193  0.0195  0.0193  0.0194  0.0193  0.0193  0.0193  0.0193
  0.0193  0.0193  0.0193  0.0193  0.0193  0.0193  0.0192  0.0192  0.0192  0.0192  0.0192  0.0192
  0.0193  0.0193  0.0193  0.0194  0.0194  0.0192  0.0193  0.0193  0.0193  0.0193  0.0193  0.0193
  0.0195  0.0194  0.0194  0.0196  0.0195  0.0194  0.0194  0.0196  0.0194  0.0194  0.0194  0.0193
  0.0198  0.0196  0.0195  0.0201  0.0198  0.0197  0.0197  0.0201  0.0195  0.0197  0.0195  0.0195
   -0.4889   -2.1211   -9.0243   -3.9263  -11.8274   -4.8129
   -0.2913    0.7400    1.7170   26.8446   -2.0012  -33.0342
eta,q 0.98075  8.80211

---------------------------------------------------------------------
imgreg_4dfp /opt/freesurfer/average/711-2C_as_mni_average_305 /opt/freesurfer/average/711-2B_as_mni_average_305_mask talsrcimg_g11 none talsrcimg_to_711-2C_as_mni_average_305_t4 2311
---------------------------------------------------------------------

freesurfer imgreg_4dfp.c
/opt/freesurfer/average/711-2C_as_mni_average_305.4dfp.img
       256       256       256         1
  1.000000  1.000000  1.000000
orientation T byte_order littleendian
Reading image: /opt/freesurfer/average/711-2C_as_mni_average_305.4dfp.img
dimensions:      256       256       256
mmppix:       1.0000   -1.0000   -1.0000
center:     128.0000 -129.0000 -129.0000
/opt/freesurfer/average/711-2B_as_mni_average_305_mask.4dfp.img
       256       256       256         1
  1.000000  1.000000  1.000000
orientation T byte_order littleendian
Reading mask: /opt/freesurfer/average/711-2B_as_mni_average_305_mask.4dfp.img (2306576 pixels)
talsrcimg_g11.4dfp.img
       256       256       256         1
  1.000000  1.000000  1.000000
orientation T byte_order littleendian
Reading image: talsrcimg_g11.4dfp.img
dimensions:      256       256       256
mmppix:       1.0000   -1.0000   -1.0000
center:     128.0000 -129.0000 -129.0000
fimgreg.f
image alignment mode   2311 decimal      907 hex
parameters
   -0.4889   -2.1211   -9.0243   -3.9263  -11.8274   -4.8129
   -0.2913    0.7400    1.7170   26.8446   -2.0012  -33.0342
eta,q 0.98075  8.80211
niter,ni,del,rscale     5    3    5.0000    0.8000
parameters
   -0.4767   -2.1039   -8.9453   -4.1734  -11.9021   -5.6207
   -0.3191    0.9138    1.7550   26.8909   -1.7213  -32.8048
eta,q 0.98058  8.78272
  0.0212  0.0205  0.0203  0.0218  0.0209  0.0204  0.0209  0.0223  0.0205  0.0209  0.0202  0.0203
  0.0201  0.0198  0.0197  0.0205  0.0200  0.0200  0.0201  0.0208  0.0199  0.0201  0.0198  0.0198
  0.0195  0.0194  0.0194  0.0196  0.0195  0.0196  0.0196  0.0198  0.0195  0.0196  0.0195  0.0195
  0.0192  0.0192  0.0192  0.0192  0.0193  0.0193  0.0194  0.0194  0.0194  0.0194  0.0194  0.0194
  0.0195  0.0194  0.0193  0.0196  0.0195  0.0194  0.0196  0.0197  0.0195  0.0196  0.0195  0.0195
  0.0201  0.0198  0.0196  0.0207  0.0201  0.0205  0.0201  0.0205  0.0199  0.0200  0.0197  0.0197
  0.0212  0.0205  0.0201  0.0225  0.0210  0.0225  0.0209  0.0219  0.0205  0.0208  0.0201  0.0201
niter,ni,del,rscale     4    3    5.0000    0.7000
parameters
   -0.4800   -2.1138   -9.0539   -3.9781  -11.7274   -5.6944
   -0.3005    0.8441    1.7311   26.8243   -1.6786  -32.8607
eta,q 0.98060  8.78587
  0.0208  0.0203  0.0199  0.0217  0.0207  0.0204  0.0206  0.0215  0.0202  0.0205  0.0200  0.0200
  0.0200  0.0198  0.0196  0.0206  0.0201  0.0200  0.0199  0.0203  0.0198  0.0199  0.0197  0.0196
  0.0196  0.0195  0.0194  0.0198  0.0196  0.0197  0.0196  0.0196  0.0195  0.0195  0.0195  0.0195
  0.0194  0.0194  0.0194  0.0194  0.0194  0.0194  0.0194  0.0194  0.0194  0.0194  0.0194  0.0194
  0.0196  0.0195  0.0195  0.0195  0.0195  0.0193  0.0195  0.0197  0.0195  0.0195  0.0195  0.0195
  0.0201  0.0198  0.0198  0.0202  0.0199  0.0197  0.0199  0.0204  0.0198  0.0199  0.0197  0.0197
  0.0208  0.0203  0.0201  0.0214  0.0206  0.0209  0.0206  0.0216  0.0202  0.0206  0.0200  0.0200
niter,ni,del,rscale     3    3    5.0000    0.6000
parameters
   -0.4848   -2.1400   -9.0733   -3.9181  -11.6976   -5.4212
   -0.2843    0.7820    1.7200   26.8236   -1.7852  -32.9421
eta,q 0.98066  8.79315
  0.0205  0.0201  0.0198  0.0211  0.0204  0.0202  0.0202  0.0209  0.0200  0.0202  0.0198  0.0198
  0.0199  0.0197  0.0196  0.0203  0.0198  0.0200  0.0198  0.0201  0.0196  0.0198  0.0195  0.0195
  0.0195  0.0195  0.0194  0.0197  0.0195  0.0197  0.0195  0.0195  0.0194  0.0195  0.0194  0.0194
  0.0194  0.0194  0.0194  0.0194  0.0194  0.0194  0.0193  0.0193  0.0193  0.0193  0.0193  0.0193
  0.0195  0.0195  0.0195  0.0195  0.0195  0.0193  0.0194  0.0196  0.0194  0.0194  0.0194  0.0194
  0.0199  0.0197  0.0196  0.0201  0.0198  0.0195  0.0197  0.0201  0.0196  0.0197  0.0196  0.0196
  0.0205  0.0201  0.0199  0.0210  0.0203  0.0203  0.0202  0.0211  0.0200  0.0202  0.0198  0.0198
niter,ni,del,rscale     2    3    5.0000    0.5000
parameters
   -0.4884   -2.1338   -9.0590   -3.9048  -11.7559   -5.1036
   -0.2855    0.7524    1.7189   26.8438   -1.8910  -33.0005
eta,q 0.98071  8.79855
  0.0201  0.0198  0.0197  0.0205  0.0200  0.0200  0.0199  0.0205  0.0197  0.0199  0.0196  0.0196
  0.0197  0.0196  0.0195  0.0199  0.0196  0.0198  0.0196  0.0198  0.0195  0.0196  0.0194  0.0194
  0.0194  0.0194  0.0194  0.0195  0.0194  0.0196  0.0194  0.0194  0.0193  0.0194  0.0193  0.0193
  0.0193  0.0193  0.0193  0.0193  0.0193  0.0193  0.0193  0.0193  0.0193  0.0193  0.0193  0.0193
  0.0194  0.0194  0.0194  0.0195  0.0194  0.0192  0.0194  0.0194  0.0193  0.0194  0.0193  0.0193
  0.0197  0.0196  0.0195  0.0199  0.0197  0.0194  0.0196  0.0199  0.0195  0.0196  0.0195  0.0194
  0.0201  0.0198  0.0197  0.0205  0.0200  0.0200  0.0199  0.0205  0.0197  0.0199  0.0196  0.0196
niter,ni,del,rscale     1    3    5.0000    0.4000
parameters
   -0.4869   -2.1180   -9.0250   -3.9258  -11.8348   -4.8078
   -0.2869    0.7398    1.7110   26.8528   -2.0045  -33.0425
eta,q 0.98075  8.80219
  0.0198  0.0196  0.0195  0.0201  0.0197  0.0199  0.0197  0.0201  0.0195  0.0197  0.0195  0.0195
  0.0195  0.0194  0.0194  0.0196  0.0195  0.0197  0.0194  0.0196  0.0194  0.0195  0.0193  0.0193
  0.0193  0.0193  0.0193  0.0194  0.0193  0.0195  0.0193  0.0194  0.0193  0.0193  0.0193  0.0193
  0.0193  0.0193  0.0193  0.0193  0.0193  0.0193  0.0192  0.0192  0.0192  0.0192  0.0192  0.0192
  0.0193  0.0193  0.0193  0.0194  0.0193  0.0192  0.0193  0.0193  0.0193  0.0193  0.0193  0.0193
  0.0195  0.0194  0.0194  0.0196  0.0195  0.0194  0.0194  0.0196  0.0194  0.0194  0.0194  0.0193
  0.0198  0.0196  0.0195  0.0201  0.0198  0.0197  0.0197  0.0201  0.0195  0.0197  0.0195  0.0195
registration optimization eta report
parameter search radius
    0.8000    0.8000    0.8000    2.4000    2.4000    2.4000
    2.4000    2.4000    2.4000    2.4000    2.4000    2.4000
100000*second partial in parameter space
       76.       49.       36.       14.        8.        9.
        7.       14.        5.        8.        4.        4.
  0.0198  0.0196  0.0195  0.0201  0.0197  0.0199  0.0197  0.0201  0.0195  0.0197  0.0195  0.0195
  0.0195  0.0194  0.0194  0.0196  0.0195  0.0197  0.0194  0.0196  0.0194  0.0195  0.0193  0.0193
  0.0193  0.0193  0.0193  0.0194  0.0193  0.0195  0.0193  0.0194  0.0193  0.0193  0.0193  0.0193
  0.0193  0.0193  0.0193  0.0193  0.0193  0.0193  0.0192  0.0192  0.0192  0.0192  0.0192  0.0192
  0.0193  0.0193  0.0193  0.0194  0.0193  0.0192  0.0193  0.0193  0.0193  0.0193  0.0193  0.0193
  0.0195  0.0194  0.0194  0.0196  0.0195  0.0194  0.0194  0.0196  0.0194  0.0194  0.0194  0.0193
  0.0198  0.0196  0.0195  0.0201  0.0198  0.0197  0.0197  0.0201  0.0195  0.0197  0.0195  0.0195
   -0.4869   -2.1180   -9.0250   -3.9258  -11.8348   -4.8078
   -0.2869    0.7398    1.7110   26.8528   -2.0045  -33.0425
eta,q 0.98075  8.80219

---------------------------------------------------------------------
compute_vox2vox talsrcimg talsrcimg_to_711-2C_as_mni_average_305_t4 /opt/freesurfer/average/711-2C_as_mni_average_305
---------------------------------------------------------------------

freesurfer compute_vox2vox.c
Reading: talsrcimg.4dfp.ifh
Reading: talsrcimg_to_711-2C_as_mni_average_305_t4
Reading: /opt/freesurfer/average/711-2C_as_mni_average_305.4dfp.ifh
Writing: talsrcimg_to_711-2C_as_mni_average_305_t4_vox2vox.txt

start time Wed Mar 11 21:10:13 CET 2026
end		time Wed Mar 11 21:11:41 CET 2026

mpr2mni305 success

avi2talxfm orig_nu.mgz /opt/freesurfer/average/mni305.cor.mgz talsrcimg_to_711-2C_as_mni_average_305_t4_vox2vox.txt transforms/talairach.auto.xfm
avi2talxfm done
mv -f /out/sourcedata/freesurfer/sub-v1s0x0050663_ses-1/mri/talsrcimg_to_711-2C_as_mni_average_305_t4_vox2vox.txt /out/sourcedata/freesurfer/sub-v1s0x0050663_ses-1/mri/transforms/talsrcimg_to_711-2C_as_mni_average_305_t4_vox2vox.txt
lta_convert --src orig_nu.mgz --trg /opt/freesurfer/average/mni305.cor.mgz --inxfm transforms/talairach.auto.xfm --outlta transforms/talairach.auto.xfm.lta --subject fsaverage
7.3.2

--src: orig_nu.mgz src image (geometry).
--trg: /opt/freesurfer/average/mni305.cor.mgz trg image (geometry).
--inmni: transforms/talairach.auto.xfm input MNI/XFM transform.
--outlta: transforms/talairach.auto.xfm.lta output LTA.
--s: fsaverage subject name
 LTA read, type : 1
 1.04069  -0.00818   0.00032  -0.08710;
 0.01348   0.94996   0.35607   7.97123;
-0.02430  -0.28917   1.02578  -1.46265;
 0.00000   0.00000   0.00000   1.00000;
setting subject to fsaverage
Writing  LTA to file transforms/talairach.auto.xfm.lta...
lta_convert successful.
 
 
Started at Wed Mar 11 21:10:12 CET 2026
Ended   at Wed Mar 11 21:11:42 CET 2026
talairach_avi done
