status file for recon-all
Wed Mar 11 23:42:12 CET 2026
#@# Tessellate rh Wed Mar 11 23:42:12 CET 2026
#@# Smooth1 rh Wed Mar 11 23:42:15 CET 2026
#@# Inflation1 rh Wed Mar 11 23:42:18 CET 2026
#@# QSphere rh Wed Mar 11 23:42:28 CET 2026
#@# Fix Topology rh Wed Mar 11 23:43:40 CET 2026
#@# Smooth2 rh Wed Mar 11 23:50:38 CET 2026
#@# Inflation2 rh Wed Mar 11 23:50:41 CET 2026
#@# Curv .H and .K rh Wed Mar 11 23:50:55 CET 2026
#@# Sphere rh Wed Mar 11 23:51:50 CET 2026
#@# Surf Reg rh Wed Mar 11 23:54:43 CET 2026
#@# Jacobian white rh Wed Mar 11 23:59:27 CET 2026
#@# AvgCurv rh Wed Mar 11 23:59:28 CET 2026
#@# Cortical Parc rh Wed Mar 11 23:59:29 CET 2026
#@# white curv rh Thu Mar 12 00:05:32 CET 2026
#@# white area rh Thu Mar 12 00:05:34 CET 2026
#@# pial curv rh Thu Mar 12 00:05:34 CET 2026
#@# pial area rh Thu Mar 12 00:05:36 CET 2026
#@# thickness rh Thu Mar 12 00:05:37 CET 2026
#@# area and vertex vol rh Thu Mar 12 00:06:12 CET 2026
#@# Curvature Stats rh Thu Mar 12 00:06:14 CET 2026
#@# Cortical Parc 2 rh Thu Mar 12 00:06:17 CET 2026
#@# Cortical Parc 3 rh Thu Mar 12 00:06:32 CET 2026
#@# WM/GM Contrast rh Thu Mar 12 00:06:43 CET 2026
recon-all -s sub-v1s0x0050666_ses-1 finished without error at Thu Mar 12 00:06:46 CET 2026



#New# invocation of recon-all 



status file for recon-all
Thu Mar 12 00:17:00 CET 2026
#@# white curv rh Thu Mar 12 00:17:00 CET 2026
#@# white area rh Thu Mar 12 00:17:00 CET 2026
#@# pial curv rh Thu Mar 12 00:17:00 CET 2026
#@# pial area rh Thu Mar 12 00:17:00 CET 2026
#@# thickness rh Thu Mar 12 00:17:00 CET 2026
#@# area and vertex vol rh Thu Mar 12 00:17:00 CET 2026
#@# Parcellation Stats rh Thu Mar 12 00:17:00 CET 2026
#@# Parcellation Stats 2 rh Thu Mar 12 00:17:24 CET 2026
#@# Parcellation Stats 3 rh Thu Mar 12 00:17:36 CET 2026
#@# BA_exvivo Labels rh Thu Mar 12 00:17:48 CET 2026
recon-all -s sub-v1s0x0050666_ses-1 finished without error at Thu Mar 12 00:20:30 CET 2026
