status file for recon-all
Wed Mar 11 21:32:14 CET 2026
#@# MotionCor Wed Mar 11 21:32:16 CET 2026
#@# Talairach Wed Mar 11 21:32:24 CET 2026
#@# Talairach Failure Detection Wed Mar 11 21:36:46 CET 2026
#@# Nu Intensity Correction Wed Mar 11 21:36:46 CET 2026
#@# Intensity Normalization Wed Mar 11 21:39:59 CET 2026
recon-all -s sub-v1s0x0050666_ses-1 finished without error at Wed Mar 11 21:41:44 CET 2026



#New# invocation of recon-all 



status file for recon-all
Wed Mar 11 21:48:43 CET 2026
#@# EM Registration Wed Mar 11 21:48:43 CET 2026
recon-all -s sub-v1s0x0050666_ses-1 finished without error at Wed Mar 11 21:50:07 CET 2026



#New# invocation of recon-all 



status file for recon-all
Wed Mar 11 21:50:09 CET 2026
#@# CA Normalize Wed Mar 11 21:50:09 CET 2026
#@# CA Reg Wed Mar 11 21:51:28 CET 2026
#@# SubCort Seg Wed Mar 11 22:30:27 CET 2026
#@# CC Seg Wed Mar 11 23:11:31 CET 2026
#@# Merge ASeg Wed Mar 11 23:12:07 CET 2026
#@# Intensity Normalization2 Wed Mar 11 23:12:07 CET 2026
#@# Mask BFS Wed Mar 11 23:14:24 CET 2026
#@# WM Segmentation Wed Mar 11 23:14:25 CET 2026
#@# Fill Wed Mar 11 23:16:43 CET 2026
recon-all -s sub-v1s0x0050666_ses-1 finished without error at Wed Mar 11 23:17:45 CET 2026



#New# invocation of recon-all 



status file for recon-all
Thu Mar 12 00:06:50 CET 2026
#@# white curv lh Thu Mar 12 00:06:50 CET 2026
#@# white area lh Thu Mar 12 00:06:50 CET 2026
#@# pial curv lh Thu Mar 12 00:06:50 CET 2026
#@# pial area lh Thu Mar 12 00:06:50 CET 2026
#@# thickness lh Thu Mar 12 00:06:50 CET 2026
#@# area and vertex vol lh Thu Mar 12 00:06:50 CET 2026
#@# white curv rh Thu Mar 12 00:06:50 CET 2026
#@# white area rh Thu Mar 12 00:06:50 CET 2026
#@# pial curv rh Thu Mar 12 00:06:50 CET 2026
#@# pial area rh Thu Mar 12 00:06:50 CET 2026
#@# thickness rh Thu Mar 12 00:06:50 CET 2026
#@# area and vertex vol rh Thu Mar 12 00:06:51 CET 2026
#@# Cortical ribbon mask Thu Mar 12 00:06:51 CET 2026
recon-all -s sub-v1s0x0050666_ses-1 finished without error at Thu Mar 12 00:13:22 CET 2026



#New# invocation of recon-all 



status file for recon-all
Thu Mar 12 00:20:34 CET 2026
#@# white curv lh Thu Mar 12 00:20:34 CET 2026
#@# white area lh Thu Mar 12 00:20:34 CET 2026
#@# pial curv lh Thu Mar 12 00:20:34 CET 2026
#@# pial area lh Thu Mar 12 00:20:34 CET 2026
#@# thickness lh Thu Mar 12 00:20:34 CET 2026
#@# area and vertex vol lh Thu Mar 12 00:20:34 CET 2026
#@# white curv rh Thu Mar 12 00:20:34 CET 2026
#@# white area rh Thu Mar 12 00:20:34 CET 2026
#@# pial curv rh Thu Mar 12 00:20:34 CET 2026
#@# pial area rh Thu Mar 12 00:20:34 CET 2026
#@# thickness rh Thu Mar 12 00:20:34 CET 2026
#@# area and vertex vol rh Thu Mar 12 00:20:34 CET 2026
#@# Curvature Stats lh Thu Mar 12 00:20:34 CET 2026
#@# Curvature Stats rh Thu Mar 12 00:20:37 CET 2026
#@# Relabel Hypointensities Thu Mar 12 00:20:40 CET 2026
#@# APas-to-ASeg Thu Mar 12 00:20:56 CET 2026
#@# AParc-to-ASeg aparc Thu Mar 12 00:21:04 CET 2026
#@# AParc-to-ASeg aparc.a2009s Thu Mar 12 00:21:42 CET 2026
#@# AParc-to-ASeg aparc.DKTatlas Thu Mar 12 00:22:19 CET 2026
#@# WMParc Thu Mar 12 00:22:56 CET 2026
#@# ASeg Stats Thu Mar 12 00:26:29 CET 2026
recon-all -s sub-v1s0x0050666_ses-1 finished without error at Thu Mar 12 00:27:01 CET 2026
