status file for recon-all
Wed Mar 11 22:41:58 CET 2026
#@# Tessellate lh Wed Mar 11 22:41:58 CET 2026
#@# Smooth1 lh Wed Mar 11 22:42:02 CET 2026
#@# Inflation1 lh Wed Mar 11 22:42:05 CET 2026
#@# QSphere lh Wed Mar 11 22:42:18 CET 2026
#@# Fix Topology lh Wed Mar 11 22:43:32 CET 2026
#@# Smooth2 lh Wed Mar 11 22:54:26 CET 2026
#@# Inflation2 lh Wed Mar 11 22:54:29 CET 2026
#@# Curv .H and .K lh Wed Mar 11 22:54:45 CET 2026
#@# Sphere lh Wed Mar 11 22:55:39 CET 2026
#@# Surf Reg lh Wed Mar 11 23:01:04 CET 2026
#@# Jacobian white lh Wed Mar 11 23:05:56 CET 2026
#@# AvgCurv lh Wed Mar 11 23:05:57 CET 2026
#@# Cortical Parc lh Wed Mar 11 23:05:58 CET 2026
#@# white curv lh Wed Mar 11 23:12:28 CET 2026
#@# white area lh Wed Mar 11 23:12:30 CET 2026
#@# pial curv lh Wed Mar 11 23:12:31 CET 2026
#@# pial area lh Wed Mar 11 23:12:33 CET 2026
#@# thickness lh Wed Mar 11 23:12:34 CET 2026
#@# area and vertex vol lh Wed Mar 11 23:13:05 CET 2026
#@# Curvature Stats lh Wed Mar 11 23:13:07 CET 2026
#@# Cortical Parc 2 lh Wed Mar 11 23:13:09 CET 2026
#@# Cortical Parc 3 lh Wed Mar 11 23:13:23 CET 2026
#@# WM/GM Contrast lh Wed Mar 11 23:13:33 CET 2026
recon-all -s sub-v1s0x0050654_ses-1 finished without error at Wed Mar 11 23:13:36 CET 2026



#New# invocation of recon-all 



status file for recon-all
Wed Mar 11 23:45:51 CET 2026
#@# white curv lh Wed Mar 11 23:45:51 CET 2026
#@# white area lh Wed Mar 11 23:45:51 CET 2026
#@# pial curv lh Wed Mar 11 23:45:51 CET 2026
#@# pial area lh Wed Mar 11 23:45:51 CET 2026
#@# thickness lh Wed Mar 11 23:45:51 CET 2026
#@# area and vertex vol lh Wed Mar 11 23:45:51 CET 2026
#@# Parcellation Stats lh Wed Mar 11 23:45:51 CET 2026
#@# Parcellation Stats 2 lh Wed Mar 11 23:46:11 CET 2026
#@# Parcellation Stats 3 lh Wed Mar 11 23:46:22 CET 2026
#@# BA_exvivo Labels lh Wed Mar 11 23:46:36 CET 2026
recon-all -s sub-v1s0x0050654_ses-1 finished without error at Wed Mar 11 23:49:26 CET 2026
