status file for recon-all
Wed Mar 11 23:13:39 CET 2026
#@# Tessellate rh Wed Mar 11 23:13:39 CET 2026
#@# Smooth1 rh Wed Mar 11 23:13:42 CET 2026
#@# Inflation1 rh Wed Mar 11 23:13:46 CET 2026
#@# QSphere rh Wed Mar 11 23:14:02 CET 2026
#@# Fix Topology rh Wed Mar 11 23:15:14 CET 2026
#@# Smooth2 rh Wed Mar 11 23:21:20 CET 2026
#@# Inflation2 rh Wed Mar 11 23:21:23 CET 2026
#@# Curv .H and .K rh Wed Mar 11 23:21:39 CET 2026
#@# Sphere rh Wed Mar 11 23:22:28 CET 2026
#@# Surf Reg rh Wed Mar 11 23:25:12 CET 2026
#@# Jacobian white rh Wed Mar 11 23:30:38 CET 2026
#@# AvgCurv rh Wed Mar 11 23:30:40 CET 2026
#@# Cortical Parc rh Wed Mar 11 23:30:41 CET 2026
#@# white curv rh Wed Mar 11 23:36:43 CET 2026
#@# white area rh Wed Mar 11 23:36:45 CET 2026
#@# pial curv rh Wed Mar 11 23:36:46 CET 2026
#@# pial area rh Wed Mar 11 23:36:48 CET 2026
#@# thickness rh Wed Mar 11 23:36:49 CET 2026
#@# area and vertex vol rh Wed Mar 11 23:37:19 CET 2026
#@# Curvature Stats rh Wed Mar 11 23:37:21 CET 2026
#@# Cortical Parc 2 rh Wed Mar 11 23:37:24 CET 2026
#@# Cortical Parc 3 rh Wed Mar 11 23:37:38 CET 2026
#@# WM/GM Contrast rh Wed Mar 11 23:37:48 CET 2026
recon-all -s sub-v1s0x0050654_ses-1 finished without error at Wed Mar 11 23:37:51 CET 2026



#New# invocation of recon-all 



status file for recon-all
Wed Mar 11 23:49:29 CET 2026
#@# white curv rh Wed Mar 11 23:49:29 CET 2026
#@# white area rh Wed Mar 11 23:49:29 CET 2026
#@# pial curv rh Wed Mar 11 23:49:29 CET 2026
#@# pial area rh Wed Mar 11 23:49:29 CET 2026
#@# thickness rh Wed Mar 11 23:49:29 CET 2026
#@# area and vertex vol rh Wed Mar 11 23:49:29 CET 2026
#@# Parcellation Stats rh Wed Mar 11 23:49:29 CET 2026
#@# Parcellation Stats 2 rh Wed Mar 11 23:49:49 CET 2026
#@# Parcellation Stats 3 rh Wed Mar 11 23:49:59 CET 2026
#@# BA_exvivo Labels rh Wed Mar 11 23:50:11 CET 2026
recon-all -s sub-v1s0x0050654_ses-1 finished without error at Wed Mar 11 23:53:00 CET 2026
