status file for recon-all
Wed Mar 11 20:48:53 CET 2026
#@# MotionCor Wed Mar 11 20:48:55 CET 2026
#@# Talairach Wed Mar 11 20:49:02 CET 2026
#@# Talairach Failure Detection Wed Mar 11 20:53:27 CET 2026
#@# Nu Intensity Correction Wed Mar 11 20:53:27 CET 2026
#@# Intensity Normalization Wed Mar 11 20:56:41 CET 2026
recon-all -s sub-v1s0x0050654_ses-1 finished without error at Wed Mar 11 20:58:18 CET 2026



#New# invocation of recon-all 



status file for recon-all
Wed Mar 11 21:04:44 CET 2026
#@# EM Registration Wed Mar 11 21:04:44 CET 2026
recon-all -s sub-v1s0x0050654_ses-1 finished without error at Wed Mar 11 21:06:28 CET 2026



#New# invocation of recon-all 



status file for recon-all
Wed Mar 11 21:06:30 CET 2026
#@# CA Normalize Wed Mar 11 21:06:30 CET 2026
#@# CA Reg Wed Mar 11 21:07:53 CET 2026
#@# SubCort Seg Wed Mar 11 21:56:29 CET 2026
#@# CC Seg Wed Mar 11 22:35:29 CET 2026
#@# Merge ASeg Wed Mar 11 22:36:14 CET 2026
#@# Intensity Normalization2 Wed Mar 11 22:36:14 CET 2026
#@# Mask BFS Wed Mar 11 22:38:32 CET 2026
#@# WM Segmentation Wed Mar 11 22:38:33 CET 2026
#@# Fill Wed Mar 11 22:40:49 CET 2026
recon-all -s sub-v1s0x0050654_ses-1 finished without error at Wed Mar 11 22:41:53 CET 2026



#New# invocation of recon-all 



status file for recon-all
Wed Mar 11 23:37:55 CET 2026
#@# white curv lh Wed Mar 11 23:37:55 CET 2026
#@# white area lh Wed Mar 11 23:37:55 CET 2026
#@# pial curv lh Wed Mar 11 23:37:55 CET 2026
#@# pial area lh Wed Mar 11 23:37:55 CET 2026
#@# thickness lh Wed Mar 11 23:37:55 CET 2026
#@# area and vertex vol lh Wed Mar 11 23:37:55 CET 2026
#@# white curv rh Wed Mar 11 23:37:55 CET 2026
#@# white area rh Wed Mar 11 23:37:55 CET 2026
#@# pial curv rh Wed Mar 11 23:37:55 CET 2026
#@# pial area rh Wed Mar 11 23:37:55 CET 2026
#@# thickness rh Wed Mar 11 23:37:55 CET 2026
#@# area and vertex vol rh Wed Mar 11 23:37:55 CET 2026
#@# Cortical ribbon mask Wed Mar 11 23:37:55 CET 2026
recon-all -s sub-v1s0x0050654_ses-1 finished without error at Wed Mar 11 23:45:46 CET 2026



#New# invocation of recon-all 



status file for recon-all
Wed Mar 11 23:53:07 CET 2026
#@# white curv lh Wed Mar 11 23:53:07 CET 2026
#@# white area lh Wed Mar 11 23:53:07 CET 2026
#@# pial curv lh Wed Mar 11 23:53:07 CET 2026
#@# pial area lh Wed Mar 11 23:53:07 CET 2026
#@# thickness lh Wed Mar 11 23:53:07 CET 2026
#@# area and vertex vol lh Wed Mar 11 23:53:07 CET 2026
#@# white curv rh Wed Mar 11 23:53:07 CET 2026
#@# white area rh Wed Mar 11 23:53:07 CET 2026
#@# pial curv rh Wed Mar 11 23:53:07 CET 2026
#@# pial area rh Wed Mar 11 23:53:07 CET 2026
#@# thickness rh Wed Mar 11 23:53:07 CET 2026
#@# area and vertex vol rh Wed Mar 11 23:53:07 CET 2026
#@# Curvature Stats lh Wed Mar 11 23:53:07 CET 2026
#@# Curvature Stats rh Wed Mar 11 23:53:10 CET 2026
#@# Relabel Hypointensities Wed Mar 11 23:53:13 CET 2026
#@# APas-to-ASeg Wed Mar 11 23:53:29 CET 2026
#@# AParc-to-ASeg aparc Wed Mar 11 23:53:37 CET 2026
#@# AParc-to-ASeg aparc.a2009s Wed Mar 11 23:54:25 CET 2026
#@# AParc-to-ASeg aparc.DKTatlas Wed Mar 11 23:55:10 CET 2026
#@# WMParc Wed Mar 11 23:56:01 CET 2026
#@# ASeg Stats Thu Mar 12 00:00:23 CET 2026
recon-all -s sub-v1s0x0050654_ses-1 finished without error at Thu Mar 12 00:01:01 CET 2026
