status file for recon-all
Wed Mar 11 20:46:27 CET 2026
#@# MotionCor Wed Mar 11 20:46:28 CET 2026
#@# Talairach Wed Mar 11 20:46:33 CET 2026
#@# Talairach Failure Detection Wed Mar 11 20:49:26 CET 2026
#@# Nu Intensity Correction Wed Mar 11 20:49:26 CET 2026
#@# Intensity Normalization Wed Mar 11 20:52:13 CET 2026
recon-all -s sub-v1s0x0050647_ses-1 finished without error at Wed Mar 11 20:53:24 CET 2026



#New# invocation of recon-all 



status file for recon-all
Wed Mar 11 20:58:58 CET 2026
#@# EM Registration Wed Mar 11 20:58:58 CET 2026
recon-all -s sub-v1s0x0050647_ses-1 finished without error at Wed Mar 11 21:01:16 CET 2026



#New# invocation of recon-all 



status file for recon-all
Wed Mar 11 21:01:17 CET 2026
#@# CA Normalize Wed Mar 11 21:01:17 CET 2026
#@# CA Reg Wed Mar 11 21:02:13 CET 2026
#@# SubCort Seg Wed Mar 11 21:38:58 CET 2026
#@# CC Seg Wed Mar 11 22:05:42 CET 2026
#@# Merge ASeg Wed Mar 11 22:06:06 CET 2026
#@# Intensity Normalization2 Wed Mar 11 22:06:06 CET 2026
#@# Mask BFS Wed Mar 11 22:07:34 CET 2026
#@# WM Segmentation Wed Mar 11 22:07:35 CET 2026
#@# Fill Wed Mar 11 22:09:18 CET 2026
recon-all -s sub-v1s0x0050647_ses-1 finished without error at Wed Mar 11 22:09:55 CET 2026



#New# invocation of recon-all 



status file for recon-all
Wed Mar 11 22:48:37 CET 2026
#@# white curv lh Wed Mar 11 22:48:37 CET 2026
#@# white area lh Wed Mar 11 22:48:37 CET 2026
#@# pial curv lh Wed Mar 11 22:48:37 CET 2026
#@# pial area lh Wed Mar 11 22:48:37 CET 2026
#@# thickness lh Wed Mar 11 22:48:37 CET 2026
#@# area and vertex vol lh Wed Mar 11 22:48:37 CET 2026
#@# white curv rh Wed Mar 11 22:48:37 CET 2026
#@# white area rh Wed Mar 11 22:48:37 CET 2026
#@# pial curv rh Wed Mar 11 22:48:37 CET 2026
#@# pial area rh Wed Mar 11 22:48:37 CET 2026
#@# thickness rh Wed Mar 11 22:48:37 CET 2026
#@# area and vertex vol rh Wed Mar 11 22:48:38 CET 2026
#@# Cortical ribbon mask Wed Mar 11 22:48:38 CET 2026
recon-all -s sub-v1s0x0050647_ses-1 finished without error at Wed Mar 11 22:51:46 CET 2026



#New# invocation of recon-all 



status file for recon-all
Wed Mar 11 22:56:45 CET 2026
#@# white curv lh Wed Mar 11 22:56:46 CET 2026
#@# white area lh Wed Mar 11 22:56:46 CET 2026
#@# pial curv lh Wed Mar 11 22:56:46 CET 2026
#@# pial area lh Wed Mar 11 22:56:46 CET 2026
#@# thickness lh Wed Mar 11 22:56:46 CET 2026
#@# area and vertex vol lh Wed Mar 11 22:56:46 CET 2026
#@# white curv rh Wed Mar 11 22:56:46 CET 2026
#@# white area rh Wed Mar 11 22:56:46 CET 2026
#@# pial curv rh Wed Mar 11 22:56:46 CET 2026
#@# pial area rh Wed Mar 11 22:56:46 CET 2026
#@# thickness rh Wed Mar 11 22:56:46 CET 2026
#@# area and vertex vol rh Wed Mar 11 22:56:46 CET 2026
#@# Curvature Stats lh Wed Mar 11 22:56:46 CET 2026
#@# Curvature Stats rh Wed Mar 11 22:56:48 CET 2026
#@# Relabel Hypointensities Wed Mar 11 22:56:49 CET 2026
#@# APas-to-ASeg Wed Mar 11 22:56:59 CET 2026
#@# AParc-to-ASeg aparc Wed Mar 11 22:57:05 CET 2026
#@# AParc-to-ASeg aparc.a2009s Wed Mar 11 22:57:21 CET 2026
#@# AParc-to-ASeg aparc.DKTatlas Wed Mar 11 22:57:35 CET 2026
#@# WMParc Wed Mar 11 22:57:49 CET 2026
#@# ASeg Stats Wed Mar 11 22:59:43 CET 2026
recon-all -s sub-v1s0x0050647_ses-1 finished without error at Wed Mar 11 23:00:04 CET 2026
