status file for recon-all
Wed Mar 11 22:53:33 CET 2026
#@# Tessellate rh Wed Mar 11 22:53:33 CET 2026
#@# Smooth1 rh Wed Mar 11 22:53:37 CET 2026
#@# Inflation1 rh Wed Mar 11 22:53:39 CET 2026
#@# QSphere rh Wed Mar 11 22:53:50 CET 2026
#@# Fix Topology rh Wed Mar 11 22:54:50 CET 2026
#@# Smooth2 rh Wed Mar 11 22:59:01 CET 2026
#@# Inflation2 rh Wed Mar 11 22:59:03 CET 2026
#@# Curv .H and .K rh Wed Mar 11 22:59:16 CET 2026
#@# Sphere rh Wed Mar 11 22:59:57 CET 2026
#@# Surf Reg rh Wed Mar 11 23:01:07 CET 2026
#@# Jacobian white rh Wed Mar 11 23:04:52 CET 2026
#@# AvgCurv rh Wed Mar 11 23:04:52 CET 2026
#@# Cortical Parc rh Wed Mar 11 23:04:53 CET 2026
#@# white curv rh Wed Mar 11 23:10:07 CET 2026
#@# white area rh Wed Mar 11 23:10:08 CET 2026
#@# pial curv rh Wed Mar 11 23:10:09 CET 2026
#@# pial area rh Wed Mar 11 23:10:10 CET 2026
#@# thickness rh Wed Mar 11 23:10:11 CET 2026
#@# area and vertex vol rh Wed Mar 11 23:10:36 CET 2026
#@# Curvature Stats rh Wed Mar 11 23:10:38 CET 2026
#@# Cortical Parc 2 rh Wed Mar 11 23:10:40 CET 2026
#@# Cortical Parc 3 rh Wed Mar 11 23:10:51 CET 2026
#@# WM/GM Contrast rh Wed Mar 11 23:11:00 CET 2026
recon-all -s sub-v1s0x0050656_ses-1 finished without error at Wed Mar 11 23:11:02 CET 2026



#New# invocation of recon-all 



status file for recon-all
Wed Mar 11 23:16:49 CET 2026
#@# white curv rh Wed Mar 11 23:16:49 CET 2026
#@# white area rh Wed Mar 11 23:16:49 CET 2026
#@# pial curv rh Wed Mar 11 23:16:49 CET 2026
#@# pial area rh Wed Mar 11 23:16:49 CET 2026
#@# thickness rh Wed Mar 11 23:16:49 CET 2026
#@# area and vertex vol rh Wed Mar 11 23:16:49 CET 2026
#@# Parcellation Stats rh Wed Mar 11 23:16:49 CET 2026
#@# Parcellation Stats 2 rh Wed Mar 11 23:17:04 CET 2026
#@# Parcellation Stats 3 rh Wed Mar 11 23:17:12 CET 2026
#@# BA_exvivo Labels rh Wed Mar 11 23:17:19 CET 2026
recon-all -s sub-v1s0x0050656_ses-1 finished without error at Wed Mar 11 23:19:33 CET 2026
