status file for recon-all
Wed Mar 11 22:35:57 CET 2026
#@# Tessellate lh Wed Mar 11 22:35:57 CET 2026
#@# Smooth1 lh Wed Mar 11 22:36:00 CET 2026
#@# Inflation1 lh Wed Mar 11 22:36:02 CET 2026
#@# QSphere lh Wed Mar 11 22:36:13 CET 2026
#@# Fix Topology lh Wed Mar 11 22:37:19 CET 2026
#@# Smooth2 lh Wed Mar 11 22:41:30 CET 2026
#@# Inflation2 lh Wed Mar 11 22:41:32 CET 2026
#@# Curv .H and .K lh Wed Mar 11 22:41:45 CET 2026
#@# Sphere lh Wed Mar 11 22:42:26 CET 2026
#@# Surf Reg lh Wed Mar 11 22:44:30 CET 2026
#@# Jacobian white lh Wed Mar 11 22:47:30 CET 2026
#@# AvgCurv lh Wed Mar 11 22:47:31 CET 2026
#@# Cortical Parc lh Wed Mar 11 22:47:32 CET 2026
#@# white curv lh Wed Mar 11 22:52:36 CET 2026
#@# white area lh Wed Mar 11 22:52:38 CET 2026
#@# pial curv lh Wed Mar 11 22:52:38 CET 2026
#@# pial area lh Wed Mar 11 22:52:40 CET 2026
#@# thickness lh Wed Mar 11 22:52:40 CET 2026
#@# area and vertex vol lh Wed Mar 11 22:53:06 CET 2026
#@# Curvature Stats lh Wed Mar 11 22:53:07 CET 2026
#@# Cortical Parc 2 lh Wed Mar 11 22:53:09 CET 2026
#@# Cortical Parc 3 lh Wed Mar 11 22:53:21 CET 2026
#@# WM/GM Contrast lh Wed Mar 11 22:53:29 CET 2026
recon-all -s sub-v1s0x0050656_ses-1 finished without error at Wed Mar 11 22:53:32 CET 2026



#New# invocation of recon-all 



status file for recon-all
Wed Mar 11 23:14:01 CET 2026
#@# white curv lh Wed Mar 11 23:14:01 CET 2026
#@# white area lh Wed Mar 11 23:14:01 CET 2026
#@# pial curv lh Wed Mar 11 23:14:01 CET 2026
#@# pial area lh Wed Mar 11 23:14:01 CET 2026
#@# thickness lh Wed Mar 11 23:14:02 CET 2026
#@# area and vertex vol lh Wed Mar 11 23:14:02 CET 2026
#@# Parcellation Stats lh Wed Mar 11 23:14:02 CET 2026
#@# Parcellation Stats 2 lh Wed Mar 11 23:14:17 CET 2026
#@# Parcellation Stats 3 lh Wed Mar 11 23:14:25 CET 2026
#@# BA_exvivo Labels lh Wed Mar 11 23:14:32 CET 2026
recon-all -s sub-v1s0x0050656_ses-1 finished without error at Wed Mar 11 23:16:46 CET 2026
