status file for recon-all
Wed Mar 11 20:52:59 CET 2026
#@# MotionCor Wed Mar 11 20:53:01 CET 2026
#@# Talairach Wed Mar 11 20:53:09 CET 2026
#@# Talairach Failure Detection Wed Mar 11 20:57:31 CET 2026
#@# Nu Intensity Correction Wed Mar 11 20:57:31 CET 2026
#@# Intensity Normalization Wed Mar 11 21:00:46 CET 2026
recon-all -s sub-v1s0x0050656_ses-1 finished without error at Wed Mar 11 21:02:23 CET 2026



#New# invocation of recon-all 



status file for recon-all
Wed Mar 11 21:09:30 CET 2026
#@# EM Registration Wed Mar 11 21:09:30 CET 2026
recon-all -s sub-v1s0x0050656_ses-1 finished without error at Wed Mar 11 21:11:22 CET 2026



#New# invocation of recon-all 



status file for recon-all
Wed Mar 11 21:11:25 CET 2026
#@# CA Normalize Wed Mar 11 21:11:25 CET 2026
#@# CA Reg Wed Mar 11 21:12:48 CET 2026
#@# SubCort Seg Wed Mar 11 21:56:02 CET 2026
#@# CC Seg Wed Mar 11 22:29:46 CET 2026
#@# Merge ASeg Wed Mar 11 22:30:27 CET 2026
#@# Intensity Normalization2 Wed Mar 11 22:30:27 CET 2026
#@# Mask BFS Wed Mar 11 22:32:47 CET 2026
#@# WM Segmentation Wed Mar 11 22:32:48 CET 2026
#@# Fill Wed Mar 11 22:34:54 CET 2026
recon-all -s sub-v1s0x0050656_ses-1 finished without error at Wed Mar 11 22:35:53 CET 2026



#New# invocation of recon-all 



status file for recon-all
Wed Mar 11 23:11:05 CET 2026
#@# white curv lh Wed Mar 11 23:11:05 CET 2026
#@# white area lh Wed Mar 11 23:11:05 CET 2026
#@# pial curv lh Wed Mar 11 23:11:05 CET 2026
#@# pial area lh Wed Mar 11 23:11:05 CET 2026
#@# thickness lh Wed Mar 11 23:11:05 CET 2026
#@# area and vertex vol lh Wed Mar 11 23:11:05 CET 2026
#@# white curv rh Wed Mar 11 23:11:05 CET 2026
#@# white area rh Wed Mar 11 23:11:05 CET 2026
#@# pial curv rh Wed Mar 11 23:11:05 CET 2026
#@# pial area rh Wed Mar 11 23:11:05 CET 2026
#@# thickness rh Wed Mar 11 23:11:05 CET 2026
#@# area and vertex vol rh Wed Mar 11 23:11:05 CET 2026
#@# Cortical ribbon mask Wed Mar 11 23:11:05 CET 2026
recon-all -s sub-v1s0x0050656_ses-1 finished without error at Wed Mar 11 23:13:58 CET 2026



#New# invocation of recon-all 



status file for recon-all
Wed Mar 11 23:19:37 CET 2026
#@# white curv lh Wed Mar 11 23:19:37 CET 2026
#@# white area lh Wed Mar 11 23:19:37 CET 2026
#@# pial curv lh Wed Mar 11 23:19:37 CET 2026
#@# pial area lh Wed Mar 11 23:19:37 CET 2026
#@# thickness lh Wed Mar 11 23:19:37 CET 2026
#@# area and vertex vol lh Wed Mar 11 23:19:37 CET 2026
#@# white curv rh Wed Mar 11 23:19:37 CET 2026
#@# white area rh Wed Mar 11 23:19:37 CET 2026
#@# pial curv rh Wed Mar 11 23:19:37 CET 2026
#@# pial area rh Wed Mar 11 23:19:37 CET 2026
#@# thickness rh Wed Mar 11 23:19:37 CET 2026
#@# area and vertex vol rh Wed Mar 11 23:19:37 CET 2026
#@# Curvature Stats lh Wed Mar 11 23:19:37 CET 2026
#@# Curvature Stats rh Wed Mar 11 23:19:40 CET 2026
#@# Relabel Hypointensities Wed Mar 11 23:19:42 CET 2026
#@# APas-to-ASeg Wed Mar 11 23:19:55 CET 2026
#@# AParc-to-ASeg aparc Wed Mar 11 23:20:02 CET 2026
#@# AParc-to-ASeg aparc.a2009s Wed Mar 11 23:20:35 CET 2026
#@# AParc-to-ASeg aparc.DKTatlas Wed Mar 11 23:21:07 CET 2026
#@# WMParc Wed Mar 11 23:21:39 CET 2026
#@# ASeg Stats Wed Mar 11 23:25:06 CET 2026
recon-all -s sub-v1s0x0050656_ses-1 finished without error at Wed Mar 11 23:25:46 CET 2026
