/out/sourcedata/freesurfer/sub-v1s0x0050647_ses-1/mri
/opt/freesurfer/bin/talairach_avi
--i orig_nu.mgz --xfm transforms/talairach.auto.xfm
talairach_avi 7.3.2
Linux dna069 5.14.0-427.37.1.el9_4.x86_64 #1 SMP PREEMPT_DYNAMIC Fri Sep 13 12:41:50 EDT 2024 x86_64 x86_64 x86_64 GNU/Linux
Wed Mar 11 20:49:08 CET 2026
mri_convert orig_nu.mgz talsrcimg.img 
reading from orig_nu.mgz...
TR=0.00, TE=0.00, TI=0.00, flip angle=0.00
i_ras = (-1, 0, 0)
j_ras = (0, 0, -1)
k_ras = (0, 1, 0)
writing to talsrcimg.img...
Analyze Output Matrix
-1.00000   0.00000   0.00000   134.42131;
 0.00000   0.00000   1.00000  -141.50000;
 0.00000  -1.00000   0.00000   146.39468;
 0.00000   0.00000   0.00000   1.00000;
--------------------
INFO: set hdr.hist.orient to -1
mpr2mni305 talsrcimg
Wed Mar 11 20:49:09 CET 2026
/opt/freesurfer/bin/mpr2mni305 talsrcimg
mpr2mni305 7.3.2
target=711-2C_as_mni_average_305

---------------------------------------------------------------------
analyzeto4dfp talsrcimg -O0 -y
---------------------------------------------------------------------

freesurfer ifh2hdr.c
Wed Mar 11 20:49:09 2026
Writing: talsrcimg.4dfp.hdr
freesurfer analyzeto4dfp.c
Reading: talsrcimg.hdr
header size 348 bytes
hdr.dime.datatype	offset=70	value=2
hdr.dime.bitpix		offset=72	value=8
hdr.hist.orient		offset=252	value=-1
dimensionality     4
dimensions       256       256       256         1
Reading: talsrcimg.img
Writing: talsrcimg.4dfp.img
Writing: talsrcimg.4dfp.ifh
ifh2hdr talsrcimg -r0to238
ori=2

---------------------------------------------------------------------
gauss_4dfp talsrcimg 1.1
---------------------------------------------------------------------

freesurfer gauss_4dfp.c
Reading: talsrcimg.4dfp.img
Writing: talsrcimg_g11.4dfp.img
image dimensions 256 256 256 padded to 288 288 288
processing volume 1freesurfer ifh2hdr.c
Wed Mar 11 20:49:11 2026
Writing: talsrcimg_g11.4dfp.hdr

Writing: talsrcimg_g11.4dfp.ifh
including: talsrcimg.4dfp.img.rec in talsrcimg_g11.4dfp.img.rec

---------------------------------------------------------------------
imgreg_4dfp /opt/freesurfer/average/711-2C_as_mni_average_305 none talsrcimg_g11 none talsrcimg_to_711-2C_as_mni_average_305_t4 4355
---------------------------------------------------------------------

freesurfer imgreg_4dfp.c
/opt/freesurfer/average/711-2C_as_mni_average_305.4dfp.img
       256       256       256         1
  1.000000  1.000000  1.000000
orientation T byte_order littleendian
Reading image: /opt/freesurfer/average/711-2C_as_mni_average_305.4dfp.img
dimensions:      256       256       256
mmppix:       1.0000   -1.0000   -1.0000
center:     128.0000 -129.0000 -129.0000
talsrcimg_g11.4dfp.img
       256       256       256         1
  1.000000  1.000000  1.000000
orientation T byte_order littleendian
Reading image: talsrcimg_g11.4dfp.img
dimensions:      256       256       256
mmppix:       1.0000   -1.0000   -1.0000
center:     128.0000 -129.0000 -129.0000
t4_read: open error in t4_sub.f l:  41 t4_file(1:l)talsrcimg_to_711-2C_as_mni_average_305_t4 
t4_read: transform initialized to I4
rotation matrix determinant  1.000000
image alignment mode   4355 decimal     1103 hex
   -7.5000  -45.0000  -45.0000 6819.7456   16.6626
    0.0000  -45.0000  -45.0000 7070.8931   16.6445
    7.5000  -45.0000  -45.0000 6788.8872   16.6555
   -7.5000  -37.5000  -45.0000 7411.7651   16.4322
    0.0000  -37.5000  -45.0000 7698.0645   16.4089
    7.5000  -37.5000  -45.0000 7370.5205   16.4147
   -7.5000  -30.0000  -45.0000 8293.0889   16.3224
    0.0000  -30.0000  -45.0000 8625.2217   16.2987
    7.5000  -30.0000  -45.0000 8236.3291   16.3000
   -7.5000  -22.5000  -45.0000 9219.8320   16.2977
    0.0000  -22.5000  -45.0000 9584.6504   16.2782
    7.5000  -22.5000  -45.0000 9141.2402   16.2796
   -7.5000  -15.0000  -45.000010083.2783   16.2781
    0.0000  -15.0000  -45.000010481.0391   16.2629
    7.5000  -15.0000  -45.0000 9990.5967   16.2690
   -7.5000   -7.5000  -45.000011004.5234   16.2847
    0.0000   -7.5000  -45.000011457.8105   16.2699
    7.5000   -7.5000  -45.000010914.4199   16.2807
   -7.5000    0.0000  -45.000011829.4355   16.3082
    0.0000    0.0000  -45.000012341.4131   16.2898
    7.5000    0.0000  -45.000011728.3877   16.3002
   -7.5000    7.5000  -45.000011702.3838   16.3262
    0.0000    7.5000  -45.000012210.2529   16.3033
    7.5000    7.5000  -45.000011591.2793   16.3088
   -7.5000   15.0000  -45.000011460.0117   16.3224
    0.0000   15.0000  -45.000011940.8818   16.2987
    7.5000   15.0000  -45.000011350.2207   16.2999
   -7.5000   22.5000  -45.000011090.3750   16.2954
    0.0000   22.5000  -45.000011544.9990   16.2759
    7.5000   22.5000  -45.000010975.4893   16.2774
   -7.5000   30.0000  -45.000010551.9619   16.0612
    0.0000   30.0000  -45.000010989.4805   16.0462
    7.5000   30.0000  -45.000010396.5723   16.0522
   -7.5000   37.5000  -45.000010336.2695   16.0677
    0.0000   37.5000  -45.000010758.5098   16.0530
    7.5000   37.5000  -45.000010164.0820   16.0638
   -7.5000   45.0000  -45.0000 9778.1426   15.6823
    0.0000   45.0000  -45.000010204.3828   15.6646
    7.5000   45.0000  -45.0000 9640.4102   15.6746
   -7.5000  -45.0000  -37.5000 7177.4307   16.6312
    0.0000  -45.0000  -37.5000 7459.4600   16.6162
    7.5000  -45.0000  -37.5000 7155.3281   16.6344
   -7.5000  -37.5000  -37.5000 7793.5869   16.4018
    0.0000  -37.5000  -37.5000 8109.6968   16.3805
    7.5000  -37.5000  -37.5000 7748.2769   16.3903
   -7.5000  -30.0000  -37.5000 8745.9404   16.3031
    0.0000  -30.0000  -37.5000 9125.4062   16.2804
    7.5000  -30.0000  -37.5000 8690.2949   16.2831
   -7.5000  -22.5000  -37.5000 9725.5742   16.2922
    0.0000  -22.5000  -37.500010135.5830   16.2732
    7.5000  -22.5000  -37.5000 9644.2646   16.2763
   -7.5000  -15.0000  -37.500010634.4873   16.2761
    0.0000  -15.0000  -37.500011081.6367   16.2619
    7.5000  -15.0000  -37.500010538.5889   16.2715
   -7.5000   -7.5000  -37.500011552.2773   16.2697
    0.0000   -7.5000  -37.500012023.8203   16.2573
    7.5000   -7.5000  -37.500011447.2686   16.2743
   -7.5000    0.0000  -37.500012412.6113   16.2788
    0.0000    0.0000  -37.500012927.3203   16.2633
    7.5000    0.0000  -37.500012292.7812   16.2805
   -7.5000    7.5000  -37.500012326.1992   16.2962
    0.0000    7.5000  -37.500012848.6748   16.2751
    7.5000    7.5000  -37.500012181.6523   16.2845
   -7.5000   15.0000  -37.500012129.3486   16.3031
    0.0000   15.0000  -37.500012621.6660   16.2803
    7.5000   15.0000  -37.500011977.7324   16.2831
   -7.5000   22.5000  -37.500011718.8418   16.2899
    0.0000   22.5000  -37.500012191.1826   16.2710
    7.5000   22.5000  -37.500011558.4346   16.2740
   -7.5000   30.0000  -37.500011101.9492   16.0592
    0.0000   30.0000  -37.500011573.2129   16.0451
    7.5000   30.0000  -37.500010936.9199   16.0547
   -7.5000   37.5000  -37.500010861.7568   16.0529
    0.0000   37.5000  -37.500011322.9541   16.0406
    7.5000   37.5000  -37.500010682.2607   16.0574
   -7.5000   45.0000  -37.500010245.5664   15.6540
    0.0000   45.0000  -37.500010717.4307   15.6391
    7.5000   45.0000  -37.500010108.8076   15.6556
   -7.5000  -45.0000  -30.0000 7592.2988   17.3167
    0.0000  -45.0000  -30.0000 7914.6890   17.3039
    7.5000  -45.0000  -30.0000 7571.4766   17.3320
   -7.5000  -37.5000  -30.0000 8280.6064   17.0747
    0.0000  -37.5000  -30.0000 8661.2373   17.0527
    7.5000  -37.5000  -30.0000 8231.5225   17.0677
   -7.5000  -30.0000  -30.0000 9331.8076   16.9764
    0.0000  -30.0000  -30.0000 9766.4551   16.9505
    7.5000  -30.0000  -30.0000 9270.0820   16.9550
   -7.5000  -22.5000  -30.000010389.3311   16.9740
    0.0000  -22.5000  -30.000010860.3691   16.9521
    7.5000  -22.5000  -30.000010295.2119   16.9576
   -7.5000  -15.0000  -30.000011382.6924   16.9629
    0.0000  -15.0000  -30.000011880.0703   16.9480
    7.5000  -15.0000  -30.000011269.8213   16.9637
   -7.5000   -7.5000  -30.000012301.2148   16.9507
    0.0000   -7.5000  -30.000012827.6807   16.9402
    7.5000   -7.5000  -30.000012166.6367   16.9667
   -7.5000    0.0000  -30.000013193.6152   16.9502
    0.0000    0.0000  -30.000013743.3760   16.9368
    7.5000    0.0000  -30.000013027.7686   16.9634
   -7.5000    7.5000  -30.000013118.9336   16.9648
    0.0000    7.5000  -30.000013673.3604   16.9429
    7.5000    7.5000  -30.000012928.7197   16.9577
   -7.5000   15.0000  -30.000012917.3818   16.9764
    0.0000   15.0000  -30.000013436.3486   16.9505
    7.5000   15.0000  -30.000012697.5596   16.9550
   -7.5000   22.5000  -30.000012489.3799   16.9699
    0.0000   22.5000  -30.000012998.4062   16.9480
    7.5000   22.5000  -30.000012262.9434   16.9536
   -7.5000   30.0000  -30.000011841.8535   16.7384
    0.0000   30.0000  -30.000012343.4590   16.7237
    7.5000   30.0000  -30.000011623.6924   16.7392
   -7.5000   37.5000  -30.000011572.5400   16.7265
    0.0000   37.5000  -30.000012074.0215   16.7160
    7.5000   37.5000  -30.000011341.8848   16.7422
   -7.5000   45.0000  -30.000010884.5488   16.3116
    0.0000   45.0000  -30.000011384.5674   16.2987
    7.5000   45.0000  -30.000010702.0732   16.3243
   -7.5000  -45.0000  -22.5000 8017.9233   17.9350
    0.0000  -45.0000  -22.5000 8395.7354   17.9205
    7.5000  -45.0000  -22.5000 7998.3188   17.9512
   -7.5000  -37.5000  -22.5000 8791.2705   17.6804
    0.0000  -37.5000  -22.5000 9214.9443   17.6550
    7.5000  -37.5000  -22.5000 8734.9150   17.6713
   -7.5000  -30.0000  -22.5000 9944.9941   17.5708
    0.0000  -30.0000  -22.500010384.6445   17.5409
    7.5000  -30.0000  -22.5000 9849.7803   17.5454
   -7.5000  -22.5000  -22.500011082.0322   17.5622
    0.0000  -22.5000  -22.500011576.3154   17.5373
    7.5000  -22.5000  -22.500010968.6738   17.5435
   -7.5000  -15.0000  -22.500012140.7148   17.5527
    0.0000  -15.0000  -22.500012671.9326   17.5365
    7.5000  -15.0000  -22.500012005.1182   17.5543
   -7.5000   -7.5000  -22.500013100.8857   17.5494
    0.0000   -7.5000  -22.500013665.9062   17.5380
    7.5000   -7.5000  -22.500012945.9336   17.5672
   -7.5000    0.0000  -22.500013994.8018   17.5546
    0.0000    0.0000  -22.500014573.7637   17.5393
    7.5000    0.0000  -22.500013800.2549   17.5683
   -7.5000    7.5000  -22.500013876.2725   17.5665
    0.0000    7.5000  -22.500014427.8271   17.5414
    7.5000    7.5000  -22.500013620.2148   17.5573
   -7.5000   15.0000  -22.500013614.9697   17.5707
    0.0000   15.0000  -22.500014142.3252   17.5408
    7.5000   15.0000  -22.500013323.1406   17.5454
   -7.5000   22.5000  -22.500013202.6113   17.5568
    0.0000   22.5000  -22.500013734.1582   17.5319
    7.5000   22.5000  -22.500012906.8389   17.5381
   -7.5000   30.0000  -22.500012577.7617   17.3231
    0.0000   30.0000  -22.500013112.7051   17.3071
    7.5000   30.0000  -22.500012303.6250   17.3247
   -7.5000   37.5000  -22.500012267.2090   17.3199
    0.0000   37.5000  -22.500012812.0518   17.3086
    7.5000   37.5000  -22.500011993.0020   17.3375
   -7.5000   45.0000  -22.500011459.1885   16.9060
    0.0000   45.0000  -22.500011996.2129   16.8912
    7.5000   45.0000  -22.500011247.1475   16.9191
   -7.5000  -45.0000  -15.0000 8472.6201   18.3990
    0.0000  -45.0000  -15.0000 8869.8438   18.3803
    7.5000  -45.0000  -15.0000 8436.7305   18.4047
   -7.5000  -37.5000  -15.0000 9301.3662   18.1366
    0.0000  -37.5000  -15.0000 9726.0127   18.1085
    7.5000  -37.5000  -15.0000 9216.3564   18.1212
   -7.5000  -30.0000  -15.000010491.0078   18.0118
    0.0000  -30.0000  -15.000010949.4678   17.9806
    7.5000  -30.0000  -15.000010383.4678   17.9837
   -7.5000  -22.5000  -15.000011715.3252   17.9882
    0.0000  -22.5000  -15.000012232.5000   17.9625
    7.5000  -22.5000  -15.000011580.6816   17.9673
   -7.5000  -15.0000  -15.000012873.6953   17.9753
    0.0000  -15.0000  -15.000013431.1680   17.9581
    7.5000  -15.0000  -15.000012712.2764   17.9729
   -7.5000   -7.5000  -15.000013916.2646   17.9865
    0.0000   -7.5000  -15.000014481.7549   17.9722
    7.5000   -7.5000  -15.000013719.9424   17.9960
   -7.5000    0.0000  -15.000014765.5322   18.0074
    0.0000    0.0000  -15.000015330.6602   17.9881
    7.5000    0.0000  -15.000014533.2842   18.0110
   -7.5000    7.5000  -15.000014547.1201   18.0198
    0.0000    7.5000  -15.000015110.4619   17.9920
    7.5000    7.5000  -15.000014277.7744   18.0044
   -7.5000   15.0000  -15.000014270.2031   18.0117
    0.0000   15.0000  -15.000014809.0146   17.9805
    7.5000   15.0000  -15.000013955.2334   17.9837
   -7.5000   22.5000  -15.000013894.1221   17.9818
    0.0000   22.5000  -15.000014445.9014   17.9562
    7.5000   22.5000  -15.000013570.6611   17.9610
   -7.5000   30.0000  -15.000013263.6826   17.7427
    0.0000   30.0000  -15.000013833.6846   17.7257
    7.5000   30.0000  -15.000012965.0762   17.7403
   -7.5000   37.5000  -15.000012941.0264   17.7538
    0.0000   37.5000  -15.000013514.1611   17.7396
    7.5000   37.5000  -15.000012657.7451   17.7631
   -7.5000   45.0000  -15.000012055.6689   17.3525
    0.0000   45.0000  -15.000012617.6738   17.3339
    7.5000   45.0000  -15.000011789.0498   17.3560
   -7.5000  -45.0000   -7.5000 8913.7939   18.6256
    0.0000  -45.0000   -7.5000 9322.6377   18.6048
    7.5000  -45.0000   -7.5000 8860.6289   18.6199
   -7.5000  -37.5000   -7.5000 9781.2520   18.3636
    0.0000  -37.5000   -7.500010211.6318   18.3357
    7.5000  -37.5000   -7.5000 9686.5869   18.3432
   -7.5000  -30.0000   -7.500011025.4727   18.2331
    0.0000  -30.0000   -7.500011512.8281   18.2038
    7.5000  -30.0000   -7.500010929.6934   18.2053
   -7.5000  -22.5000   -7.500012351.1406   18.2003
    0.0000  -22.5000   -7.500012876.3145   18.1761
    7.5000  -22.5000   -7.500012213.1816   18.1788
   -7.5000  -15.0000   -7.500013625.6377   18.1813
    0.0000  -15.0000   -7.500014193.0703   18.1636
    7.5000  -15.0000   -7.500013405.3652   18.1731
   -7.5000   -7.5000   -7.500014765.2773   18.1976
    0.0000   -7.5000   -7.500015350.5596   18.1811
    7.5000   -7.5000   -7.500014485.2793   18.1964
   -7.5000    0.0000   -7.500015620.8701   18.2287
    0.0000    0.0000   -7.500016194.7588   18.2074
    7.5000    0.0000   -7.500015321.6211   18.2217
   -7.5000    7.5000   -7.500015289.6641   18.2452
    0.0000    7.5000   -7.500015870.3330   18.2177
    7.5000    7.5000   -7.500015009.7676   18.2250
   -7.5000   15.0000   -7.500014974.5059   18.2331
    0.0000   15.0000   -7.500015534.1611   18.2038
    7.5000   15.0000   -7.500014680.8857   18.2053
   -7.5000   22.5000   -7.500014602.6143   18.1919
    0.0000   22.5000   -7.500015171.2295   18.1677
    7.5000   22.5000   -7.500014294.9648   18.1704
   -7.5000   30.0000   -7.500014023.7529   17.9455
    0.0000   30.0000   -7.500014588.5850   17.9281
    7.5000   30.0000   -7.500013712.3291   17.9374
   -7.5000   37.5000   -7.500013702.8203   17.9616
    0.0000   37.5000   -7.500014287.8516   17.9453
    7.5000   37.5000   -7.500013394.5625   17.9604
   -7.5000   45.0000   -7.500012789.0557   17.5691
    0.0000   45.0000   -7.500013378.7490   17.5485
    7.5000   45.0000   -7.500012445.6475   17.5622
   -7.5000  -45.0000    0.0000 9287.4561   18.6453
    0.0000  -45.0000    0.0000 9690.7393   18.6251
    7.5000  -45.0000    0.0000 9220.0967   18.6375
   -7.5000  -37.5000    0.000010187.1318   18.3875
    0.0000  -37.5000    0.000010617.7939   18.3615
    7.5000  -37.5000    0.000010074.1260   18.3679
   -7.5000  -30.0000    0.000011466.3730   18.2647
    0.0000  -30.0000    0.000011982.2461   18.2382
    7.5000  -30.0000    0.000011360.2295   18.2396
   -7.5000  -22.5000    0.000012847.1084   18.2372
    0.0000  -22.5000    0.000013408.1621   18.2154
    7.5000  -22.5000    0.000012683.0996   18.2170
   -7.5000  -15.0000    0.000014126.7734   18.2154
    0.0000  -15.0000    0.000014750.5156   18.1984
    7.5000  -15.0000    0.000013922.8096   18.2052
   -7.5000   -7.5000    0.000015355.5967   18.2227
    0.0000   -7.5000    0.000016010.6807   18.2061
    7.5000   -7.5000    0.000015072.0527   18.2182
   -7.5000    0.0000    0.000016410.5293   18.2488
    0.0000    0.0000    0.000017093.8574   18.2282
    7.5000    0.0000    0.000016086.4033   18.2399
   -7.5000    7.5000    0.000016097.8467   18.2689
    0.0000    7.5000    0.000016703.6074   18.2433
    7.5000    7.5000    0.000015828.1113   18.2495
   -7.5000   15.0000    0.000015642.5664   18.2647
    0.0000   15.0000    0.000016188.6025   18.2382
    7.5000   15.0000    0.000015466.5410   18.2396
   -7.5000   22.5000    0.000015250.4541   18.2288
    0.0000   22.5000    0.000015807.7119   18.2070
    7.5000   22.5000    0.000015012.4463   18.2086
   -7.5000   30.0000    0.000014703.3604   17.9796
    0.0000   30.0000    0.000015246.9355   17.9629
    7.5000   30.0000    0.000014351.9180   17.9696
   -7.5000   37.5000    0.000014399.0488   17.9868
    0.0000   37.5000    0.000014971.4229   17.9705
    7.5000   37.5000    0.000013970.1348   17.9825
   -7.5000   45.0000    0.000013403.9600   17.5898
    0.0000   45.0000    0.000013985.2783   17.5699
    7.5000   45.0000    0.000012946.9258   17.5812
   -7.5000  -45.0000    7.5000 8885.5039   18.6108
    0.0000  -45.0000    7.5000 9272.4990   18.5940
    7.5000  -45.0000    7.5000 8829.1816   18.6143
   -7.5000  -37.5000    7.5000 9780.3105   18.3541
    0.0000  -37.5000    7.500010225.2012   18.3302
    7.5000  -37.5000    7.5000 9704.3184   18.3411
   -7.5000  -30.0000    7.500011055.9629   18.2436
    0.0000  -30.0000    7.500011555.7627   18.2182
    7.5000  -30.0000    7.500010970.0322   18.2212
   -7.5000  -22.5000    7.500012365.3877   18.2314
    0.0000  -22.5000    7.500012905.9219   18.2102
    7.5000  -22.5000    7.500012240.9248   18.2136
   -7.5000  -15.0000    7.500013555.5254   18.2134
    0.0000  -15.0000    7.500014127.4053   18.1975
    7.5000  -15.0000    7.500013418.8428   18.2083
   -7.5000   -7.5000    7.500014733.1787   18.2063
    0.0000   -7.5000    7.500015314.1045   18.1924
    7.5000   -7.5000    7.500014513.6836   18.2114
   -7.5000    0.0000    7.500015870.5654   18.2164
    0.0000    0.0000    7.500016516.4863   18.1991
    7.5000    0.0000    7.500015480.7695   18.2183
   -7.5000    7.5000    7.500015709.2881   18.2358
    0.0000    7.5000    7.500016359.4707   18.2122
    7.5000    7.5000    7.500015340.5068   18.2228
   -7.5000   15.0000    7.500015304.9912   18.2436
    0.0000   15.0000    7.500015933.4229   18.2181
    7.5000   15.0000    7.500015007.2334   18.2212
   -7.5000   22.5000    7.500014918.6943   18.2230
    0.0000   22.5000    7.500015515.8555   18.2018
    7.5000   22.5000    7.500014516.4492   18.2052
   -7.5000   30.0000    7.500014298.2617   17.9777
    0.0000   30.0000    7.500014871.4590   17.9619
    7.5000   30.0000    7.500013840.6699   17.9726
   -7.5000   37.5000    7.500013902.8564   17.9706
    0.0000   37.5000    7.500014480.3828   17.9569
    7.5000   37.5000    7.500013454.9854   17.9757
   -7.5000   45.0000    7.500012874.4346   17.5585
    0.0000   45.0000    7.500013421.3906   17.5418
    7.5000   45.0000    7.500012472.4482   17.5603
   -7.5000  -45.0000   15.0000 8381.1484   18.5953
    0.0000  -45.0000   15.0000 8733.8457   18.5816
    7.5000  -45.0000   15.0000 8339.4648   18.6118
   -7.5000  -37.5000   15.0000 9249.1377   18.3354
    0.0000  -37.5000   15.0000 9657.7100   18.3117
    7.5000  -37.5000   15.0000 9189.1748   18.3279
   -7.5000  -30.0000   15.000010461.3721   18.2299
    0.0000  -30.0000   15.000010927.5596   18.2021
    7.5000  -30.0000   15.000010376.8184   18.2069
   -7.5000  -22.5000   15.000011722.3701   18.2272
    0.0000  -22.5000   15.000012214.3398   18.2038
    7.5000  -22.5000   15.000011591.6357   18.2097
   -7.5000  -15.0000   15.000012859.1816   18.2153
    0.0000  -15.0000   15.000013433.5469   18.1993
    7.5000  -15.0000   15.000012714.9961   18.2162
   -7.5000   -7.5000   15.000014036.5371   18.2023
    0.0000   -7.5000   15.000014647.9512   18.1910
    7.5000   -7.5000   15.000013788.2920   18.2194
   -7.5000    0.0000   15.000015081.2529   18.2018
    0.0000    0.0000   15.000015756.0254   18.1874
    7.5000    0.0000   15.000014713.2217   18.2159
   -7.5000    7.5000   15.000014875.9424   18.2174
    0.0000    7.5000   15.000015499.8320   18.1939
    7.5000    7.5000   15.000014576.8945   18.2098
   -7.5000   15.0000   15.000014525.0020   18.2298
    0.0000   15.0000   15.000015121.0752   18.2020
    7.5000   15.0000   15.000014282.3516   18.2068
   -7.5000   22.5000   15.000014154.3408   18.2188
    0.0000   22.5000   15.000014767.8750   18.1954
    7.5000   22.5000   15.000013866.9609   18.2013
   -7.5000   30.0000   15.000013513.0479   17.9796
    0.0000   30.0000   15.000014112.0068   17.9638
    7.5000   30.0000   15.000013219.3252   17.9805
   -7.5000   37.5000   15.000013144.5488   17.9667
    0.0000   37.5000   15.000013733.3701   17.9555
    7.5000   37.5000   15.000012860.4297   17.9836
   -7.5000   45.0000   15.000012169.4648   17.5444
    0.0000   45.0000   15.000012711.2891   17.5305
    7.5000   45.0000   15.000011905.6201   17.5580
   -7.5000  -45.0000   22.5000 7790.4067   18.6181
    0.0000  -45.0000   22.5000 8133.2603   18.6030
    7.5000  -45.0000   22.5000 7750.7896   18.6349
   -7.5000  -37.5000   22.5000 8630.0312   18.3538
    0.0000  -37.5000   22.5000 9033.1260   18.3274
    7.5000  -37.5000   22.5000 8555.4688   18.3443
   -7.5000  -30.0000   22.5000 9801.4473   18.2400
    0.0000  -30.0000   22.500010243.5908   18.2090
    7.5000  -30.0000   22.5000 9672.0068   18.2137
   -7.5000  -22.5000   22.500010990.7207   18.2312
    0.0000  -22.5000   22.500011484.7314   18.2052
    7.5000  -22.5000   22.500010841.1240   18.2117
   -7.5000  -15.0000   22.500012108.5420   18.2213
    0.0000  -15.0000   22.500012661.9531   18.2045
    7.5000  -15.0000   22.500011958.1758   18.2230
   -7.5000   -7.5000   22.500013187.9883   18.2179
    0.0000   -7.5000   22.500013785.1719   18.2060
    7.5000   -7.5000   22.500012992.5938   18.2363
   -7.5000    0.0000   22.500014074.8008   18.2233
    0.0000    0.0000   22.500014667.0176   18.2073
    7.5000    0.0000   22.500013856.8340   18.2374
   -7.5000    7.5000   22.500013832.3115   18.2356
    0.0000    7.5000   22.500014357.9639   18.2096
    7.5000    7.5000   22.500013686.0928   18.2261
   -7.5000   15.0000   22.500013502.7168   18.2400
    0.0000   15.0000   22.500014023.3682   18.2089
    7.5000   15.0000   22.500013381.6455   18.2137
   -7.5000   22.5000   22.500013115.3154   18.2228
    0.0000   22.5000   22.500013645.8057   18.1968
    7.5000   22.5000   22.500012972.8711   18.2033
   -7.5000   30.0000   22.500012511.4619   17.9855
    0.0000   30.0000   22.500013014.9004   17.9689
    7.5000   30.0000   22.500012338.2998   17.9871
   -7.5000   37.5000   22.500012229.5117   17.9821
    0.0000   37.5000   22.500012722.3252   17.9704
    7.5000   37.5000   22.500012034.9141   18.0003
   -7.5000   45.0000   22.500011388.1973   17.5651
    0.0000   45.0000   22.500011857.0186   17.5498
    7.5000   45.0000   22.500011175.0107   17.5788
   -7.5000  -45.0000   30.0000 7201.0225   18.8458
    0.0000  -45.0000   30.0000 7523.8574   18.8265
    7.5000  -45.0000   30.0000 7127.1040   18.8517
   -7.5000  -37.5000   30.0000 7997.2505   18.5742
    0.0000  -37.5000   30.0000 8364.9023   18.5450
    7.5000  -37.5000   30.0000 7903.5498   18.5581
   -7.5000  -30.0000   30.0000 9110.1689   18.4452
    0.0000  -30.0000   30.0000 9514.0850   18.4129
    7.5000  -30.0000   30.0000 8979.1045   18.4161
   -7.5000  -22.5000   30.000010227.5195   18.4210
    0.0000  -22.5000   30.000010675.0840   18.3947
    7.5000  -22.5000   30.000010095.1641   18.3997
   -7.5000  -15.0000   30.000011249.2881   18.4079
    0.0000  -15.0000   30.000011723.5342   18.3904
    7.5000  -15.0000   30.000011122.9971   18.4058
   -7.5000   -7.5000   30.000012211.0518   18.4193
    0.0000   -7.5000   30.000012729.6729   18.4048
    7.5000   -7.5000   30.000012093.0723   18.4294
   -7.5000    0.0000   30.000013006.5283   18.4406
    0.0000    0.0000   30.000013523.8223   18.4207
    7.5000    0.0000   30.000012872.7881   18.4444
   -7.5000    7.5000   30.000012783.5732   18.4533
    0.0000    7.5000   30.000013279.9287   18.4245
    7.5000    7.5000   30.000012692.1455   18.4372
   -7.5000   15.0000   30.000012490.6104   18.4451
    0.0000   15.0000   30.000012959.9385   18.4129
    7.5000   15.0000   30.000012388.7734   18.4161
   -7.5000   22.5000   30.000012109.7109   18.4126
    0.0000   22.5000   30.000012564.4434   18.3863
    7.5000   22.5000   30.000011980.4268   18.3912
   -7.5000   30.0000   30.000011520.3633   18.1696
    0.0000   30.0000   30.000011955.0479   18.1524
    7.5000   30.0000   30.000011388.9990   18.1676
   -7.5000   37.5000   30.000011288.2217   18.1810
    0.0000   37.5000   30.000011714.3193   18.1666
    7.5000   37.5000   30.000011146.9229   18.1909
   -7.5000   45.0000   30.000010558.8066   17.7747
    0.0000   45.0000   30.000010973.3242   17.7554
    7.5000   45.0000   30.000010387.2695   17.7782
   -7.5000  -45.0000   37.5000 6840.6260   19.1260
    0.0000  -45.0000   37.5000 7125.7637   19.1042
    7.5000  -45.0000   37.5000 6765.1460   19.1208
   -7.5000  -37.5000   37.5000 7610.3687   18.8500
    0.0000  -37.5000   37.5000 7950.5356   18.8207
    7.5000  -37.5000   37.5000 7520.3110   18.8294
   -7.5000  -30.0000   37.5000 8662.3633   18.7135
    0.0000  -30.0000   37.5000 9045.2451   18.6828
    7.5000  -30.0000   37.5000 8556.9424   18.6852
   -7.5000  -22.5000   37.5000 9702.8486   18.6805
    0.0000  -22.5000   37.500010103.3535   18.6550
    7.5000  -22.5000   37.5000 9584.6299   18.6587
   -7.5000  -15.0000   37.500010656.1602   18.6611
    0.0000  -15.0000   37.500011095.8809   18.6426
    7.5000  -15.0000   37.500010548.6113   18.6533
   -7.5000   -7.5000   37.500011590.9658   18.6774
    0.0000   -7.5000   37.500012070.5137   18.6601
    7.5000   -7.5000   37.500011485.4941   18.6769
   -7.5000    0.0000   37.500012385.1621   18.7088
    0.0000    0.0000   37.500012882.6826   18.6864
    7.5000    0.0000   37.500012257.1875   18.7021
   -7.5000    7.5000   37.500012193.5771   18.7255
    0.0000    7.5000   37.500012665.2744   18.6967
    7.5000    7.5000   37.500012093.1377   18.7051
   -7.5000   15.0000   37.500011890.7598   18.7135
    0.0000   15.0000   37.500012331.9307   18.6828
    7.5000   15.0000   37.500011795.4092   18.6851
   -7.5000   22.5000   37.500011490.8193   18.6719
    0.0000   22.5000   37.500011923.1797   18.6464
    7.5000   22.5000   37.500011379.1494   18.6501
   -7.5000   30.0000   37.500010923.9131   18.4196
    0.0000   30.0000   37.500011332.3418   18.4013
    7.5000   30.0000   37.500010808.9922   18.4119
   -7.5000   37.5000   37.500010740.9229   18.4357
    0.0000   37.5000   37.500011147.0879   18.4186
    7.5000   37.5000   37.500010612.4141   18.4352
   -7.5000   45.0000   37.500010084.3047   18.0331
    0.0000   45.0000   37.500010480.2568   18.0116
    7.5000   45.0000   37.5000 9936.5547   18.0267
   -7.5000  -45.0000   45.0000 6160.0298   19.4851
    0.0000  -45.0000   45.0000 6419.2544   19.4660
    7.5000  -45.0000   45.0000 6109.8828   19.4808
   -7.5000  -37.5000   45.0000 6855.5122   19.2005
    0.0000  -37.5000   45.0000 7155.6733   19.1753
    7.5000  -37.5000   45.0000 6782.7339   19.1835
   -7.5000  -30.0000   45.0000 7804.8379   19.0682
    0.0000  -30.0000   45.0000 8138.8667   19.0422
    7.5000  -30.0000   45.0000 7719.2617   19.0446
   -7.5000  -22.5000   45.0000 8737.7119   19.0429
    0.0000  -22.5000   45.0000 9099.1680   19.0215
    7.5000  -22.5000   45.0000 8646.9521   19.0240
   -7.5000  -15.0000   45.0000 9621.7764   19.0213
    0.0000  -15.0000   45.000010026.2793   19.0051
    7.5000  -15.0000   45.0000 9534.1104   19.0132
   -7.5000   -7.5000   45.000010518.8594   19.0265
    0.0000   -7.5000   45.000010951.4893   19.0110
    7.5000   -7.5000   45.000010400.3545   19.0251
   -7.5000    0.0000   45.000011255.7051   19.0504
    0.0000    0.0000   45.000011700.6104   19.0308
    7.5000    0.0000   45.000011133.6748   19.0447
   -7.5000    7.5000   45.000011085.4570   19.0705
    0.0000    7.5000   45.000011520.1738   19.0455
    7.5000    7.5000   45.000010988.9736   19.0535
   -7.5000   15.0000   45.000010811.5605   19.0681
    0.0000   15.0000   45.000011226.4355   19.0421
    7.5000   15.0000   45.000010722.4219   19.0446
   -7.5000   22.5000   45.000010416.8066   19.0340
    0.0000   22.5000   45.000010823.3867   19.0127
    7.5000   22.5000   45.000010332.4229   19.0152
   -7.5000   30.0000   45.0000 9925.7754   18.7735
    0.0000   30.0000   45.000010309.6748   18.7575
    7.5000   30.0000   45.0000 9844.1973   18.7655
   -7.5000   37.5000   45.0000 9777.9561   18.7786
    0.0000   37.5000   45.000010174.7568   18.7633
    7.5000   37.5000   45.0000 9684.7822   18.7772
   -7.5000   45.0000   45.0000 9204.0352   18.3707
    0.0000   45.0000   45.0000 9580.7354   18.3519
    7.5000   45.0000   45.0000 9093.2471   18.3653

---------------------------------------------------------------------
imgreg_4dfp /opt/freesurfer/average/711-2C_as_mni_average_305 /opt/freesurfer/average/711-2B_as_mni_average_305_mask talsrcimg_g11 none talsrcimg_to_711-2C_as_mni_average_305_t4 4355
---------------------------------------------------------------------

freesurfer imgreg_4dfp.c
/opt/freesurfer/average/711-2C_as_mni_average_305.4dfp.img
       256       256       256         1
  1.000000  1.000000  1.000000
orientation T byte_order littleendian
Reading image: /opt/freesurfer/average/711-2C_as_mni_average_305.4dfp.img
dimensions:      256       256       256
mmppix:       1.0000   -1.0000   -1.0000
center:     128.0000 -129.0000 -129.0000
/opt/freesurfer/average/711-2B_as_mni_average_305_mask.4dfp.img
       256       256       256         1
  1.000000  1.000000  1.000000
orientation T byte_order littleendian
Reading mask: /opt/freesurfer/average/711-2B_as_mni_average_305_mask.4dfp.img (2306576 pixels)
talsrcimg_g11.4dfp.img
       256       256       256         1
  1.000000  1.000000  1.000000
orientation T byte_order littleendian
Reading image: talsrcimg_g11.4dfp.img
dimensions:      256       256       256
mmppix:       1.0000   -1.0000   -1.0000
center:     128.0000 -129.0000 -129.0000
rotation matrix determinant  1.000000
image alignment mode   4355 decimal     1103 hex
   -7.5000  -45.0000  -45.0000 1868.7086   22.7061
    0.0000  -45.0000  -45.0000 1876.9741   22.7291
    7.5000  -45.0000  -45.0000 1860.8418   23.0003
   -7.5000  -37.5000  -45.0000 1985.6199   20.1631
    0.0000  -37.5000  -45.0000 1994.6155   20.1963
    7.5000  -37.5000  -45.0000 1975.8031   20.4276
   -7.5000  -30.0000  -45.0000 2087.4216   18.0805
    0.0000  -30.0000  -45.0000 2095.3726   18.1562
    7.5000  -30.0000  -45.0000 2077.9246   18.2793
   -7.5000  -22.5000  -45.0000 2193.8335   16.4591
    0.0000  -22.5000  -45.0000 2197.3315   16.5650
    7.5000  -22.5000  -45.0000 2180.2949   16.6521
   -7.5000  -15.0000  -45.0000 2269.4297   15.2300
    0.0000  -15.0000  -45.0000 2270.7288   15.2850
    7.5000  -15.0000  -45.0000 2253.9177   15.3893
   -7.5000   -7.5000  -45.0000 2340.8147   14.3550
    0.0000   -7.5000  -45.0000 2344.2058   14.4163
    7.5000   -7.5000  -45.0000 2322.6233   14.5467
   -7.5000    0.0000  -45.0000 2370.9734   13.9820
    0.0000    0.0000  -45.0000 2379.0178   13.9992
    7.5000    0.0000  -45.0000 2352.7334   14.1398
   -7.5000    7.5000  -45.0000 2382.9839   13.8668
    0.0000    7.5000  -45.0000 2389.9917   13.8698
    7.5000    7.5000  -45.0000 2361.8311   14.0757
   -7.5000   15.0000  -45.0000 2373.1013   14.0229
    0.0000   15.0000  -45.0000 2379.1768   14.0208
    7.5000   15.0000  -45.0000 2347.9526   14.2184
   -7.5000   22.5000  -45.0000 2352.9854   14.2771
    0.0000   22.5000  -45.0000 2356.3215   14.2768
    7.5000   22.5000  -45.0000 2327.7646   14.4983
   -7.5000   30.0000  -45.0000 2321.0962   14.8239
    0.0000   30.0000  -45.0000 2323.7156   14.7963
    7.5000   30.0000  -45.0000 2293.4697   15.0284
   -7.5000   37.5000  -45.0000 2269.0186   15.7075
    0.0000   37.5000  -45.0000 2268.2332   15.6862
    7.5000   37.5000  -45.0000 2239.7747   15.9345
   -7.5000   45.0000  -45.0000 2191.4663   16.9110
    0.0000   45.0000  -45.0000 2190.8152   16.8734
    7.5000   45.0000  -45.0000 2160.0134   17.1726
   -7.5000  -45.0000  -37.5000 1914.5551   21.4331
    0.0000  -45.0000  -37.5000 1923.4888   21.5127
    7.5000  -45.0000  -37.5000 1909.6256   21.7492
   -7.5000  -37.5000  -37.5000 2034.6542   18.9649
    0.0000  -37.5000  -37.5000 2043.3785   19.0286
    7.5000  -37.5000  -37.5000 2030.4746   19.1703
   -7.5000  -30.0000  -37.5000 2156.7764   17.0014
    0.0000  -30.0000  -37.5000 2168.6370   17.0818
    7.5000  -30.0000  -37.5000 2150.1570   17.1821
   -7.5000  -22.5000  -37.5000 2266.2759   15.4837
    0.0000  -22.5000  -37.5000 2274.6304   15.5447
    7.5000  -22.5000  -37.5000 2254.6499   15.6345
   -7.5000  -15.0000  -37.5000 2350.0105   14.2588
    0.0000  -15.0000  -37.5000 2356.7566   14.3053
    7.5000  -15.0000  -37.5000 2332.7410   14.3948
   -7.5000   -7.5000  -37.5000 2423.4780   13.3388
    0.0000   -7.5000  -37.5000 2427.1719   13.3723
    7.5000   -7.5000  -37.5000 2400.2971   13.5084
   -7.5000    0.0000  -37.5000 2465.2747   12.9028
    0.0000    0.0000  -37.5000 2470.6492   12.8859
    7.5000    0.0000  -37.5000 2441.6765   13.0280
   -7.5000    7.5000  -37.5000 2484.1316   12.7801
    0.0000    7.5000  -37.5000 2490.3420   12.7560
    7.5000    7.5000  -37.5000 2465.0037   12.9039
   -7.5000   15.0000  -37.5000 2479.5876   12.9551
    0.0000   15.0000  -37.5000 2484.2173   12.9388
    7.5000   15.0000  -37.5000 2459.0498   13.0890
   -7.5000   22.5000  -37.5000 2456.5432   13.2364
    0.0000   22.5000  -37.5000 2457.7590   13.2393
    7.5000   22.5000  -37.5000 2432.3281   13.4205
   -7.5000   30.0000  -37.5000 2416.6624   13.7426
    0.0000   30.0000  -37.5000 2422.2441   13.7484
    7.5000   30.0000  -37.5000 2389.2466   13.9547
   -7.5000   37.5000  -37.5000 2364.9773   14.5042
    0.0000   37.5000  -37.5000 2370.3879   14.5173
    7.5000   37.5000  -37.5000 2335.0374   14.7239
   -7.5000   45.0000  -37.5000 2287.3113   15.5244
    0.0000   45.0000  -37.5000 2292.3008   15.5394
    7.5000   45.0000  -37.5000 2256.5427   15.8044
   -7.5000  -45.0000  -30.0000 1983.0771   21.0661
    0.0000  -45.0000  -30.0000 1991.5024   21.1208
    7.5000  -45.0000  -30.0000 1976.1270   21.2748
   -7.5000  -37.5000  -30.0000 2121.1128   18.5590
    0.0000  -37.5000  -30.0000 2132.9736   18.6207
    7.5000  -37.5000  -30.0000 2116.4094   18.7585
   -7.5000  -30.0000  -30.0000 2250.8191   16.6622
    0.0000  -30.0000  -30.0000 2263.0371   16.7173
    7.5000  -30.0000  -30.0000 2243.1094   16.8007
   -7.5000  -22.5000  -30.0000 2369.7854   15.1305
    0.0000  -22.5000  -30.0000 2379.3354   15.1691
    7.5000  -22.5000  -30.0000 2355.1509   15.2543
   -7.5000  -15.0000  -30.0000 2462.1365   13.8993
    0.0000  -15.0000  -30.0000 2473.6995   13.9321
    7.5000  -15.0000  -30.0000 2447.4243   14.0174
   -7.5000   -7.5000  -30.0000 2536.5579   12.9472
    0.0000   -7.5000  -30.0000 2544.6445   12.9438
    7.5000   -7.5000  -30.0000 2515.2878   13.0802
   -7.5000    0.0000  -30.0000 2598.5205   12.3611
    0.0000    0.0000  -30.0000 2602.0891   12.3360
    7.5000    0.0000  -30.0000 2574.0681   12.4878
   -7.5000    7.5000  -30.0000 2630.3137   12.2005
    0.0000    7.5000  -30.0000 2633.6694   12.1680
    7.5000    7.5000  -30.0000 2608.9309   12.2715
   -7.5000   15.0000  -30.0000 2633.1860   12.3563
    0.0000   15.0000  -30.0000 2637.0085   12.2988
    7.5000   15.0000  -30.0000 2608.6174   12.3896
   -7.5000   22.5000  -30.0000 2604.7100   12.6598
    0.0000   22.5000  -30.0000 2609.1755   12.6579
    7.5000   22.5000  -30.0000 2579.0842   12.7985
   -7.5000   30.0000  -30.0000 2563.0327   13.2245
    0.0000   30.0000  -30.0000 2572.1768   13.2169
    7.5000   30.0000  -30.0000 2536.4124   13.3929
   -7.5000   37.5000  -30.0000 2506.1697   13.9314
    0.0000   37.5000  -30.0000 2513.8682   13.9608
    7.5000   37.5000  -30.0000 2477.6816   14.1485
   -7.5000   45.0000  -30.0000 2424.9834   14.8811
    0.0000   45.0000  -30.0000 2429.3853   14.9048
    7.5000   45.0000  -30.0000 2396.3987   15.1577
   -7.5000  -45.0000  -22.5000 2034.1952   20.6949
    0.0000  -45.0000  -22.5000 2040.8567   20.7799
    7.5000  -45.0000  -22.5000 2026.5134   20.8774
   -7.5000  -37.5000  -22.5000 2181.2783   18.2111
    0.0000  -37.5000  -22.5000 2194.8450   18.2763
    7.5000  -37.5000  -22.5000 2171.4724   18.3358
   -7.5000  -30.0000  -22.5000 2315.1221   16.3166
    0.0000  -30.0000  -22.5000 2325.1794   16.3292
    7.5000  -30.0000  -22.5000 2303.0874   16.4046
   -7.5000  -22.5000  -22.5000 2440.7014   14.7666
    0.0000  -22.5000  -22.5000 2449.8677   14.7506
    7.5000  -22.5000  -22.5000 2423.3823   14.8738
   -7.5000  -15.0000  -22.5000 2540.8735   13.5109
    0.0000  -15.0000  -22.5000 2550.8474   13.4888
    7.5000  -15.0000  -22.5000 2525.4412   13.6252
   -7.5000   -7.5000  -22.5000 2624.4685   12.5562
    0.0000   -7.5000  -22.5000 2634.5566   12.4988
    7.5000   -7.5000  -22.5000 2607.0249   12.6413
   -7.5000    0.0000  -22.5000 2699.5505   11.8567
    0.0000    0.0000  -22.5000 2707.6729   11.8191
    7.5000    0.0000  -22.5000 2677.4119   11.9566
   -7.5000    7.5000  -22.5000 2745.6606   11.5996
    0.0000    7.5000  -22.5000 2744.2234   11.5825
    7.5000    7.5000  -22.5000 2716.5437   11.6741
   -7.5000   15.0000  -22.5000 2749.4404   11.6910
    0.0000   15.0000  -22.5000 2749.3523   11.6593
    7.5000   15.0000  -22.5000 2723.5129   11.7450
   -7.5000   22.5000  -22.5000 2727.9248   12.0216
    0.0000   22.5000  -22.5000 2734.0083   12.0013
    7.5000   22.5000  -22.5000 2701.3335   12.0936
   -7.5000   30.0000  -22.5000 2687.5859   12.6042
    0.0000   30.0000  -22.5000 2696.4624   12.5775
    7.5000   30.0000  -22.5000 2659.0364   12.7374
   -7.5000   37.5000  -22.5000 2627.2063   13.3390
    0.0000   37.5000  -22.5000 2635.5588   13.3153
    7.5000   37.5000  -22.5000 2596.4961   13.5049
   -7.5000   45.0000  -22.5000 2533.4961   14.2713
    0.0000   45.0000  -22.5000 2537.1353   14.2670
    7.5000   45.0000  -22.5000 2502.0747   14.5074
   -7.5000  -45.0000  -15.0000 2061.2417   20.4382
    0.0000  -45.0000  -15.0000 2071.6421   20.5372
    7.5000  -45.0000  -15.0000 2054.9595   20.6623
   -7.5000  -37.5000  -15.0000 2207.8967   17.9875
    0.0000  -37.5000  -15.0000 2216.1599   17.9996
    7.5000  -37.5000  -15.0000 2194.1074   18.0902
   -7.5000  -30.0000  -15.0000 2337.4099   16.0268
    0.0000  -30.0000  -15.0000 2345.7209   16.0176
    7.5000  -30.0000  -15.0000 2322.3521   16.1243
   -7.5000  -22.5000  -15.0000 2467.0347   14.4302
    0.0000  -22.5000  -15.0000 2475.4485   14.3924
    7.5000  -22.5000  -15.0000 2448.9885   14.5286
   -7.5000  -15.0000  -15.0000 2578.2749   13.1555
    0.0000  -15.0000  -15.0000 2589.6768   13.1195
    7.5000  -15.0000  -15.0000 2562.2234   13.2648
   -7.5000   -7.5000  -15.0000 2668.8403   12.1682
    0.0000   -7.5000  -15.0000 2681.7324   12.1058
    7.5000   -7.5000  -15.0000 2654.6721   12.2634
   -7.5000    0.0000  -15.0000 2752.4751   11.4607
    0.0000    0.0000  -15.0000 2761.4185   11.3954
    7.5000    0.0000  -15.0000 2729.5869   11.5828
   -7.5000    7.5000  -15.0000 2811.2058   11.0770
    0.0000    7.5000  -15.0000 2814.9587   11.0296
    7.5000    7.5000  -15.0000 2779.7671   11.2069
   -7.5000   15.0000  -15.0000 2830.3833   11.0994
    0.0000   15.0000  -15.0000 2831.7429   11.0560
    7.5000   15.0000  -15.0000 2802.2417   11.1974
   -7.5000   22.5000  -15.0000 2824.7207   11.4312
    0.0000   22.5000  -15.0000 2826.7788   11.3855
    7.5000   22.5000  -15.0000 2793.9285   11.5322
   -7.5000   30.0000  -15.0000 2784.8528   12.0415
    0.0000   30.0000  -15.0000 2792.4517   11.9877
    7.5000   30.0000  -15.0000 2754.1736   12.1631
   -7.5000   37.5000  -15.0000 2714.7048   12.7985
    0.0000   37.5000  -15.0000 2721.2708   12.7706
    7.5000   37.5000  -15.0000 2678.7471   12.9753
   -7.5000   45.0000  -15.0000 2611.1157   13.7292
    0.0000   45.0000  -15.0000 2615.3027   13.6956
    7.5000   45.0000  -15.0000 2571.3394   13.9528
   -7.5000  -45.0000   -7.5000 2064.9187   20.2556
    0.0000  -45.0000   -7.5000 2074.5034   20.3430
    7.5000  -45.0000   -7.5000 2060.2471   20.4484
   -7.5000  -37.5000   -7.5000 2208.0908   17.8143
    0.0000  -37.5000   -7.5000 2216.6062   17.7848
    7.5000  -37.5000   -7.5000 2194.9626   17.9225
   -7.5000  -30.0000   -7.5000 2336.9307   15.7879
    0.0000  -30.0000   -7.5000 2347.6226   15.7434
    7.5000  -30.0000   -7.5000 2328.6902   15.9412
   -7.5000  -22.5000   -7.5000 2471.1558   14.1798
    0.0000  -22.5000   -7.5000 2479.7041   14.1104
    7.5000  -22.5000   -7.5000 2459.9131   14.3038
   -7.5000  -15.0000   -7.5000 2588.7554   12.8982
    0.0000  -15.0000   -7.5000 2597.7222   12.8147
    7.5000  -15.0000   -7.5000 2575.1116   13.0137
   -7.5000   -7.5000   -7.5000 2685.3567   11.9013
    0.0000   -7.5000   -7.5000 2694.3220   11.8195
    7.5000   -7.5000   -7.5000 2673.0271   12.0002
   -7.5000    0.0000   -7.5000 2772.7705   11.1871
    0.0000    0.0000   -7.5000 2784.1143   11.0917
    7.5000    0.0000   -7.5000 2754.0759   11.2998
   -7.5000    7.5000   -7.5000 2853.4893   10.6829
    0.0000    7.5000   -7.5000 2863.2305   10.5946
    7.5000    7.5000   -7.5000 2819.3594   10.8486
   -7.5000   15.0000   -7.5000 2889.0908   10.6339
    0.0000   15.0000   -7.5000 2895.4993   10.5517
    7.5000   15.0000   -7.5000 2852.1392   10.8020
   -7.5000   22.5000   -7.5000 2893.8506   10.9712
    0.0000   22.5000   -7.5000 2899.1340   10.8586
    7.5000   22.5000   -7.5000 2857.5732   11.0992
   -7.5000   30.0000   -7.5000 2861.4109   11.5918
    0.0000   30.0000   -7.5000 2866.0889   11.5254
    7.5000   30.0000   -7.5000 2819.8198   11.7771
   -7.5000   37.5000   -7.5000 2779.6716   12.3428
    0.0000   37.5000   -7.5000 2786.7437   12.3047
    7.5000   37.5000   -7.5000 2737.5249   12.5599
   -7.5000   45.0000   -7.5000 2668.0095   13.3134
    0.0000   45.0000   -7.5000 2675.8713   13.2662
    7.5000   45.0000   -7.5000 2624.2078   13.5456
   -7.5000  -45.0000    0.0000 2053.9448   20.3983
    0.0000  -45.0000    0.0000 2060.7522   20.2597
    7.5000  -45.0000    0.0000 2050.9536   20.5424
   -7.5000  -37.5000    0.0000 2192.8872   17.8241
    0.0000  -37.5000    0.0000 2196.8301   17.6879
    7.5000  -37.5000    0.0000 2186.4126   17.9104
   -7.5000  -30.0000    0.0000 2314.0476   15.7423
    0.0000  -30.0000    0.0000 2327.8315   15.6534
    7.5000  -30.0000    0.0000 2314.8225   15.8359
   -7.5000  -22.5000    0.0000 2451.9746   14.0792
    0.0000  -22.5000    0.0000 2460.4768   13.9839
    7.5000  -22.5000    0.0000 2445.2566   14.1811
   -7.5000  -15.0000    0.0000 2568.5776   12.7962
    0.0000  -15.0000    0.0000 2579.2739   12.6910
    7.5000  -15.0000    0.0000 2562.5828   12.9071
   -7.5000   -7.5000    0.0000 2671.0535   11.7768
    0.0000   -7.5000    0.0000 2682.8589   11.6630
    7.5000   -7.5000    0.0000 2664.9722   11.9171
   -7.5000    0.0000    0.0000 2766.6091   11.0814
    0.0000    0.0000    0.0000 2779.1943   10.9420
    7.5000    0.0000    0.0000 2759.7761   11.1965
   -7.5000    7.5000    0.0000 2861.1226   10.5839
    0.0000    7.5000    0.0000 2875.4666   10.4498
    7.5000    7.5000    0.0000 2838.7224   10.7383
   -7.5000   15.0000    0.0000 2920.3975   10.4622
    0.0000   15.0000    0.0000 2927.8386   10.3219
    7.5000   15.0000    0.0000 2883.7222   10.6948
   -7.5000   22.5000    0.0000 2937.2295   10.7679
    0.0000   22.5000    0.0000 2944.0281   10.6572
    7.5000   22.5000    0.0000 2891.4170   10.9583
   -7.5000   30.0000    0.0000 2898.5115   11.3476
    0.0000   30.0000    0.0000 2903.4390   11.2507
    7.5000   30.0000    0.0000 2847.5649   11.5105
   -7.5000   37.5000    0.0000 2810.4958   12.0897
    0.0000   37.5000    0.0000 2815.9966   12.0011
    7.5000   37.5000    0.0000 2765.5837   12.2199
   -7.5000   45.0000    0.0000 2688.8203   13.0437
    0.0000   45.0000    0.0000 2698.3108   12.9852
    7.5000   45.0000    0.0000 2648.9861   13.2038
   -7.5000  -45.0000    7.5000 2028.7053   20.6993
    0.0000  -45.0000    7.5000 2032.2727   20.5673
    7.5000  -45.0000    7.5000 2022.4014   20.8420
   -7.5000  -37.5000    7.5000 2164.5544   18.0778
    0.0000  -37.5000    7.5000 2174.5132   17.9536
    7.5000  -37.5000    7.5000 2161.7139   18.2121
   -7.5000  -30.0000    7.5000 2287.3130   15.9287
    0.0000  -30.0000    7.5000 2297.8052   15.8170
    7.5000  -30.0000    7.5000 2288.0266   16.0884
   -7.5000  -22.5000    7.5000 2418.7219   14.2219
    0.0000  -22.5000    7.5000 2425.5159   14.0828
    7.5000  -22.5000    7.5000 2416.7241   14.3692
   -7.5000  -15.0000    7.5000 2532.3047   12.8696
    0.0000  -15.0000    7.5000 2538.4890   12.7213
    7.5000  -15.0000    7.5000 2532.1367   13.0315
   -7.5000   -7.5000    7.5000 2642.2883   11.8543
    0.0000   -7.5000    7.5000 2644.0574   11.6830
    7.5000   -7.5000    7.5000 2642.4246   12.0117
   -7.5000    0.0000    7.5000 2745.8013   11.1386
    0.0000    0.0000    7.5000 2752.7061   10.9756
    7.5000    0.0000    7.5000 2739.9419   11.2954
   -7.5000    7.5000    7.5000 2850.0747   10.7936
    0.0000    7.5000    7.5000 2861.3469   10.6944
    7.5000    7.5000    7.5000 2823.1575   10.9167
   -7.5000   15.0000    7.5000 2921.3955   10.6406
    0.0000   15.0000    7.5000 2934.3647   10.5502
    7.5000   15.0000    7.5000 2881.3464   10.7983
   -7.5000   22.5000    7.5000 2944.8096   10.8306
    0.0000   22.5000    7.5000 2955.8286   10.7493
    7.5000   22.5000    7.5000 2894.6682   10.9925
   -7.5000   30.0000    7.5000 2907.1855   11.2668
    0.0000   30.0000    7.5000 2915.2544   11.1963
    7.5000   30.0000    7.5000 2859.8557   11.3894
   -7.5000   37.5000    7.5000 2814.8052   11.9812
    0.0000   37.5000    7.5000 2820.0444   11.9113
    7.5000   37.5000    7.5000 2773.5190   12.1119
   -7.5000   45.0000    7.5000 2689.9229   12.9335
    0.0000   45.0000    7.5000 2697.1428   12.8648
    7.5000   45.0000    7.5000 2653.9202   13.0853
   -7.5000  -45.0000   15.0000 1985.6293   21.3508
    0.0000  -45.0000   15.0000 1987.4434   21.1844
    7.5000  -45.0000   15.0000 1979.4814   21.5816
   -7.5000  -37.5000   15.0000 2128.8738   18.5992
    0.0000  -37.5000   15.0000 2133.3027   18.4388
    7.5000  -37.5000   15.0000 2123.7603   18.8135
   -7.5000  -30.0000   15.0000 2246.9180   16.3917
    0.0000  -30.0000   15.0000 2254.4563   16.2297
    7.5000  -30.0000   15.0000 2245.5513   16.5818
   -7.5000  -22.5000   15.0000 2376.0361   14.6528
    0.0000  -22.5000   15.0000 2378.2864   14.4898
    7.5000  -22.5000   15.0000 2370.1448   14.8305
   -7.5000  -15.0000   15.0000 2486.9761   13.2723
    0.0000  -15.0000   15.0000 2490.6023   13.1347
    7.5000  -15.0000   15.0000 2481.6458   13.4564
   -7.5000   -7.5000   15.0000 2602.3918   12.2722
    0.0000   -7.5000   15.0000 2603.6301   12.1561
    7.5000   -7.5000   15.0000 2590.0867   12.4555
   -7.5000    0.0000   15.0000 2709.5205   11.5870
    0.0000    0.0000   15.0000 2716.3000   11.4775
    7.5000    0.0000   15.0000 2690.1711   11.7534
   -7.5000    7.5000   15.0000 2802.1123   11.1860
    0.0000    7.5000   15.0000 2813.4346   11.0996
    7.5000    7.5000   15.0000 2770.9595   11.3636
   -7.5000   15.0000   15.0000 2872.4856   10.9713
    0.0000   15.0000   15.0000 2882.4370   10.8746
    7.5000   15.0000   15.0000 2834.8135   11.1778
   -7.5000   22.5000   15.0000 2899.5322   11.1876
    0.0000   22.5000   15.0000 2910.5044   11.1055
    7.5000   22.5000   15.0000 2856.3992   11.3255
   -7.5000   30.0000   15.0000 2871.7905   11.5707
    0.0000   30.0000   15.0000 2887.1294   11.5147
    7.5000   30.0000   15.0000 2830.2781   11.7150
   -7.5000   37.5000   15.0000 2776.2769   12.2463
    0.0000   37.5000   15.0000 2787.3064   12.1869
    7.5000   37.5000   15.0000 2740.2815   12.4124
   -7.5000   45.0000   15.0000 2656.5088   13.1572
    0.0000   45.0000   15.0000 2661.8105   13.0835
    7.5000   45.0000   15.0000 2622.4434   13.3316
   -7.5000  -45.0000   22.5000 1928.4308   22.3807
    0.0000  -45.0000   22.5000 1925.3724   22.2563
    7.5000  -45.0000   22.5000 1924.1818   22.6553
   -7.5000  -37.5000   22.5000 2078.6697   19.4653
    0.0000  -37.5000   22.5000 2081.7930   19.3885
    7.5000  -37.5000   22.5000 2067.7683   19.7216
   -7.5000  -30.0000   22.5000 2202.3020   17.1779
    0.0000  -30.0000   22.5000 2205.2317   17.0818
    7.5000  -30.0000   22.5000 2187.7319   17.3997
   -7.5000  -22.5000   22.5000 2327.5784   15.3756
    0.0000  -22.5000   22.5000 2334.3748   15.2810
    7.5000  -22.5000   22.5000 2315.4600   15.5898
   -7.5000  -15.0000   22.5000 2439.3235   13.9913
    0.0000  -15.0000   22.5000 2447.7148   13.9151
    7.5000  -15.0000   22.5000 2428.6111   14.2315
   -7.5000   -7.5000   22.5000 2552.6855   12.9454
    0.0000   -7.5000   22.5000 2562.8191   12.8283
    7.5000   -7.5000   22.5000 2541.3845   13.1606
   -7.5000    0.0000   22.5000 2653.9277   12.1732
    0.0000    0.0000   22.5000 2660.3931   12.0540
    7.5000    0.0000   22.5000 2633.5627   12.3931
   -7.5000    7.5000   22.5000 2743.5449   11.6993
    0.0000    7.5000   22.5000 2746.1406   11.5877
    7.5000    7.5000   22.5000 2712.5605   11.9602
   -7.5000   15.0000   22.5000 2809.3008   11.4696
    0.0000   15.0000   22.5000 2808.3584   11.3977
    7.5000   15.0000   22.5000 2777.4661   11.7245
   -7.5000   22.5000   22.5000 2828.0791   11.6765
    0.0000   22.5000   22.5000 2829.4604   11.5892
    7.5000   22.5000   22.5000 2795.0244   11.8405
   -7.5000   30.0000   22.5000 2796.0012   12.0748
    0.0000   30.0000   22.5000 2799.8713   11.9790
    7.5000   30.0000   22.5000 2762.7622   12.2270
   -7.5000   37.5000   22.5000 2713.4504   12.7425
    0.0000   37.5000   22.5000 2720.6360   12.6689
    7.5000   37.5000   22.5000 2684.2859   12.9124
   -7.5000   45.0000   22.5000 2600.9102   13.6451
    0.0000   45.0000   22.5000 2607.5334   13.5735
    7.5000   45.0000   22.5000 2569.7820   13.8292
   -7.5000  -45.0000   30.0000 1862.7126   23.8762
    0.0000  -45.0000   30.0000 1863.2188   23.8167
    7.5000  -45.0000   30.0000 1858.9718   24.1215
   -7.5000  -37.5000   30.0000 2017.5098   20.7827
    0.0000  -37.5000   30.0000 2018.5490   20.7664
    7.5000  -37.5000   30.0000 2002.8400   21.0222
   -7.5000  -30.0000   30.0000 2147.2322   18.3493
    0.0000  -30.0000   30.0000 2148.4890   18.3122
    7.5000  -30.0000   30.0000 2127.8472   18.6072
   -7.5000  -22.5000   30.0000 2268.6394   16.4113
    0.0000  -22.5000   30.0000 2274.4209   16.3423
    7.5000  -22.5000   30.0000 2255.5400   16.7051
   -7.5000  -15.0000   30.0000 2382.1033   14.8934
    0.0000  -15.0000   30.0000 2390.5715   14.8067
    7.5000  -15.0000   30.0000 2367.5962   15.1742
   -7.5000   -7.5000   30.0000 2496.0486   13.7191
    0.0000   -7.5000   30.0000 2506.6047   13.6129
    7.5000   -7.5000   30.0000 2482.6609   14.0014
   -7.5000    0.0000   30.0000 2593.6367   12.9278
    0.0000    0.0000   30.0000 2595.3003   12.7941
    7.5000    0.0000   30.0000 2569.3635   13.2085
   -7.5000    7.5000   30.0000 2673.2168   12.3960
    0.0000    7.5000   30.0000 2671.0930   12.2898
    7.5000    7.5000   30.0000 2643.9487   12.6831
   -7.5000   15.0000   30.0000 2726.8735   12.2135
    0.0000   15.0000   30.0000 2719.9741   12.1168
    7.5000   15.0000   30.0000 2697.5593   12.4648
   -7.5000   22.5000   30.0000 2737.6152   12.3351
    0.0000   22.5000   30.0000 2736.4062   12.2391
    7.5000   22.5000   30.0000 2708.1758   12.5040
   -7.5000   30.0000   30.0000 2695.8765   12.7411
    0.0000   30.0000   30.0000 2696.0520   12.6550
    7.5000   30.0000   30.0000 2671.1824   12.9196
   -7.5000   37.5000   30.0000 2626.8020   13.3738
    0.0000   37.5000   30.0000 2628.8335   13.3087
    7.5000   37.5000   30.0000 2603.4727   13.5594
   -7.5000   45.0000   30.0000 2527.6594   14.3359
    0.0000   45.0000   30.0000 2532.3445   14.2611
    7.5000   45.0000   30.0000 2498.7012   14.4958
   -7.5000  -45.0000   37.5000 1789.3484   25.8832
    0.0000  -45.0000   37.5000 1790.3256   25.8866
    7.5000  -45.0000   37.5000 1786.8705   26.2212
   -7.5000  -37.5000   37.5000 1948.4020   22.4168
    0.0000  -37.5000   37.5000 1953.5723   22.3933
    7.5000  -37.5000   37.5000 1937.7185   22.6851
   -7.5000  -30.0000   37.5000 2074.1824   19.7761
    0.0000  -30.0000   37.5000 2083.9900   19.6674
    7.5000  -30.0000   37.5000 2064.0798   20.0132
   -7.5000  -22.5000   37.5000 2198.1436   17.6286
    0.0000  -22.5000   37.5000 2207.2583   17.5042
    7.5000  -22.5000   37.5000 2186.7278   17.9065
   -7.5000  -15.0000   37.5000 2314.9121   15.9644
    0.0000  -15.0000   37.5000 2324.0725   15.8337
    7.5000  -15.0000   37.5000 2299.0317   16.2636
   -7.5000   -7.5000   37.5000 2427.9749   14.7024
    0.0000   -7.5000   37.5000 2435.3770   14.5644
    7.5000   -7.5000   37.5000 2409.9451   15.0151
   -7.5000    0.0000   37.5000 2516.4172   13.8687
    0.0000    0.0000   37.5000 2523.1836   13.7379
    7.5000    0.0000   37.5000 2491.0574   14.1650
   -7.5000    7.5000   37.5000 2591.0247   13.3182
    0.0000    7.5000   37.5000 2590.7190   13.2048
    7.5000    7.5000   37.5000 2562.6965   13.6214
   -7.5000   15.0000   37.5000 2627.6465   13.1421
    0.0000   15.0000   37.5000 2625.6646   13.0092
    7.5000   15.0000   37.5000 2604.5178   13.3979
   -7.5000   22.5000   37.5000 2632.6809   13.1490
    0.0000   22.5000   37.5000 2635.1731   13.0442
    7.5000   22.5000   37.5000 2607.6941   13.3352
   -7.5000   30.0000   37.5000 2588.6013   13.5300
    0.0000   30.0000   37.5000 2590.3979   13.4499
    7.5000   30.0000   37.5000 2568.8914   13.7175
   -7.5000   37.5000   37.5000 2526.2795   14.2150
    0.0000   37.5000   37.5000 2530.5068   14.1294
    7.5000   37.5000   37.5000 2506.3611   14.3744
   -7.5000   45.0000   37.5000 2440.5161   15.1720
    0.0000   45.0000   37.5000 2445.6555   15.0744
    7.5000   45.0000   37.5000 2416.7617   15.3304
   -7.5000  -45.0000   45.0000 1699.8083   28.3283
    0.0000  -45.0000   45.0000 1709.6819   28.3022
    7.5000  -45.0000   45.0000 1705.1425   28.7886
   -7.5000  -37.5000   45.0000 1862.5327   24.4033
    0.0000  -37.5000   45.0000 1872.5417   24.3566
    7.5000  -37.5000   45.0000 1858.4109   24.7345
   -7.5000  -30.0000   45.0000 1996.3822   21.3723
    0.0000  -30.0000   45.0000 2007.5966   21.2516
    7.5000  -30.0000   45.0000 1987.2448   21.7035
   -7.5000  -22.5000   45.0000 2121.9126   19.0248
    0.0000  -22.5000   45.0000 2132.6792   18.9100
    7.5000  -22.5000   45.0000 2108.9106   19.3891
   -7.5000  -15.0000   45.0000 2236.2668   17.2349
    0.0000  -15.0000   45.0000 2251.2578   17.1147
    7.5000  -15.0000   45.0000 2220.1604   17.6061
   -7.5000   -7.5000   45.0000 2348.4749   15.9290
    0.0000   -7.5000   45.0000 2358.2739   15.8119
    7.5000   -7.5000   45.0000 2321.8301   16.2723
   -7.5000    0.0000   45.0000 2433.4290   15.0382
    0.0000    0.0000   45.0000 2444.3660   14.9005
    7.5000    0.0000   45.0000 2406.2383   15.3505
   -7.5000    7.5000   45.0000 2497.7773   14.4776
    0.0000    7.5000   45.0000 2500.9592   14.3839
    7.5000    7.5000   45.0000 2469.7793   14.7746
   -7.5000   15.0000   45.0000 2521.6121   14.2296
    0.0000   15.0000   45.0000 2526.3354   14.1224
    7.5000   15.0000   45.0000 2498.6968   14.4763
   -7.5000   22.5000   45.0000 2517.8259   14.1556
    0.0000   22.5000   45.0000 2523.2207   14.0807
    7.5000   22.5000   45.0000 2498.9856   14.3616
   -7.5000   30.0000   45.0000 2479.9419   14.5375
    0.0000   30.0000   45.0000 2482.3401   14.4513
    7.5000   30.0000   45.0000 2460.9634   14.7019
   -7.5000   37.5000   45.0000 2426.3889   15.2477
    0.0000   37.5000   45.0000 2431.8469   15.1904
    7.5000   37.5000   45.0000 2407.8105   15.4202
   -7.5000   45.0000   45.0000 2350.1277   16.2293
    0.0000   45.0000   45.0000 2354.2812   16.1507
    7.5000   45.0000   45.0000 2329.5066   16.3972

---------------------------------------------------------------------
imgreg_4dfp /opt/freesurfer/average/711-2C_as_mni_average_305 /opt/freesurfer/average/711-2B_as_mni_average_305_mask talsrcimg_g11 none talsrcimg_to_711-2C_as_mni_average_305_t4 1283
---------------------------------------------------------------------

freesurfer imgreg_4dfp.c
/opt/freesurfer/average/711-2C_as_mni_average_305.4dfp.img
       256       256       256         1
  1.000000  1.000000  1.000000
orientation T byte_order littleendian
Reading image: /opt/freesurfer/average/711-2C_as_mni_average_305.4dfp.img
dimensions:      256       256       256
mmppix:       1.0000   -1.0000   -1.0000
center:     128.0000 -129.0000 -129.0000
/opt/freesurfer/average/711-2B_as_mni_average_305_mask.4dfp.img
       256       256       256         1
  1.000000  1.000000  1.000000
orientation T byte_order littleendian
Reading mask: /opt/freesurfer/average/711-2B_as_mni_average_305_mask.4dfp.img (2306576 pixels)
talsrcimg_g11.4dfp.img
       256       256       256         1
  1.000000  1.000000  1.000000
orientation T byte_order littleendian
Reading image: talsrcimg_g11.4dfp.img
dimensions:      256       256       256
mmppix:       1.0000   -1.0000   -1.0000
center:     128.0000 -129.0000 -129.0000
rotation matrix determinant  1.000000
fimgreg.f
image alignment mode   1283 decimal      503 hex
parameters
    0.0000   22.5000    7.5000    0.0000    0.0000    0.0000
eta,q 0.92907 10.80865
niter,ni,del,rscale     5    3   12.0000    1.2000
parameter  4  4.779370 ->  0.500000 qaram    1.1500
parameters
   -1.9296   22.1469    5.3324   -3.4500   -0.0837    1.3517
eta,q 0.93858 10.54534
  0.0744  0.0761  0.0710  0.0596  0.0666  0.0681
  0.0703  0.0732  0.0692  0.0610  0.0640  0.0653
  0.0692  0.0697  0.0689  0.0642  0.0622  0.0628
  0.0703  0.0691  0.0693  0.0689  0.0616  0.0617
  0.0734  0.0697  0.0713  0.0732  0.0620  0.0616
  0.0810  0.0730  0.0752  0.0766  0.0638  0.0627
  0.0905  0.0795  0.0799  0.0802  0.0673  0.0641
niter,ni,del,rscale     5    3   12.0000    1.2000
parameter  4  0.888458 ->  0.500000 qaram    1.3225
parameters
   -2.3563   23.1232    4.7184   -7.4175    0.0750    1.9081
eta,q 0.94264 10.39914
  0.0718  0.0730  0.0677  0.0574  0.0613  0.0606
  0.0658  0.0699  0.0627  0.0574  0.0594  0.0583
  0.0622  0.0655  0.0610  0.0582  0.0580  0.0578
  0.0614  0.0614  0.0608  0.0606  0.0575  0.0575
  0.0633  0.0611  0.0631  0.0653  0.0572  0.0574
  0.0682  0.0638  0.0662  0.0705  0.0582  0.0580
  0.0753  0.0692  0.0695  0.0747  0.0616  0.0594
niter,ni,del,rscale     5    3   12.0000    1.2000
parameters
   -2.7622   23.7603    4.4538  -10.0208    0.0320    1.5758
eta,q 0.94353 10.34649
  0.0666  0.0675  0.0660  0.0590  0.0608  0.0577
  0.0608  0.0636  0.0609  0.0572  0.0583  0.0565
  0.0579  0.0604  0.0577  0.0565  0.0570  0.0565
  0.0574  0.0573  0.0567  0.0567  0.0565  0.0565
  0.0591  0.0569  0.0585  0.0588  0.0567  0.0565
  0.0631  0.0603  0.0627  0.0632  0.0580  0.0566
  0.0692  0.0650  0.0672  0.0693  0.0612  0.0581
niter,ni,del,rscale     4    3   12.0000    1.2000
parameters
   -2.6901   24.6155    3.9555  -10.7277   -0.1722    1.3865
eta,q 0.94435 10.37548
  0.0670  0.0650  0.0649  0.0618  0.0604  0.0568
  0.0611  0.0616  0.0596  0.0565  0.0576  0.0553
  0.0577  0.0591  0.0567  0.0557  0.0560  0.0553
  0.0565  0.0565  0.0558  0.0558  0.0557  0.0557
  0.0572  0.0558  0.0580  0.0568  0.0563  0.0559
  0.0606  0.0580  0.0624  0.0592  0.0580  0.0557
  0.0667  0.0622  0.0678  0.0636  0.0611  0.0566
niter,ni,del,rscale     3    3   12.0000    1.2000
parameters
   -2.6331   24.9126    3.7534  -11.1119   -0.2053    1.3991
eta,q 0.94473 10.37449
  0.0670  0.0638  0.0659  0.0621  0.0606  0.0567
  0.0612  0.0603  0.0600  0.0566  0.0576  0.0550
  0.0573  0.0579  0.0565  0.0553  0.0557  0.0549
  0.0557  0.0557  0.0554  0.0554  0.0553  0.0553
  0.0568  0.0555  0.0575  0.0566  0.0560  0.0556
  0.0607  0.0585  0.0616  0.0587  0.0577  0.0554
  0.0669  0.0633  0.0668  0.0624  0.0606  0.0562
niter,ni,del,rscale     2    3   12.0000    1.2000
parameters
   -2.6393   25.0665    3.6427  -11.3164   -0.2181    1.4263
eta,q 0.94494 10.37301
  0.0668  0.0634  0.0664  0.0623  0.0606  0.0567
  0.0610  0.0597  0.0602  0.0569  0.0575  0.0549
  0.0569  0.0576  0.0564  0.0551  0.0555  0.0547
  0.0553  0.0553  0.0551  0.0551  0.0551  0.0551
  0.0567  0.0553  0.0573  0.0565  0.0558  0.0554
  0.0608  0.0587  0.0615  0.0585  0.0576  0.0553
  0.0670  0.0635  0.0665  0.0619  0.0605  0.0561
niter,ni,del,rscale     1    3   12.0000    1.2000
parameters
   -2.6509   25.1516    3.5769  -11.4401   -0.2226    1.4510
eta,q 0.94506 10.37107
  0.0667  0.0631  0.0666  0.0623  0.0606  0.0567
  0.0609  0.0594  0.0604  0.0570  0.0574  0.0548
  0.0567  0.0574  0.0563  0.0550  0.0554  0.0545
  0.0551  0.0551  0.0550  0.0550  0.0549  0.0549
  0.0566  0.0552  0.0572  0.0564  0.0557  0.0554
  0.0608  0.0587  0.0614  0.0584  0.0575  0.0552
  0.0670  0.0635  0.0664  0.0616  0.0604  0.0561
registration optimization eta report
parameter search radius
    6.0000    6.0000    6.0000    7.9350    6.0000    6.0000
100000*second partial in parameter space
       32.       22.       31.       11.       15.        4.
  0.0667  0.0631  0.0666  0.0623  0.0606  0.0567
  0.0609  0.0594  0.0604  0.0570  0.0574  0.0548
  0.0567  0.0574  0.0563  0.0550  0.0554  0.0545
  0.0551  0.0551  0.0550  0.0550  0.0549  0.0549
  0.0566  0.0552  0.0572  0.0564  0.0557  0.0554
  0.0608  0.0587  0.0614  0.0584  0.0575  0.0552
  0.0670  0.0635  0.0664  0.0616  0.0604  0.0561
   -2.6509   25.1516    3.5769  -11.4401   -0.2226    1.4510
eta,q 0.94506 10.37107

---------------------------------------------------------------------
imgreg_4dfp /opt/freesurfer/average/711-2C_as_mni_average_305 /opt/freesurfer/average/711-2B_as_mni_average_305_mask talsrcimg_g11 none talsrcimg_to_711-2C_as_mni_average_305_t4 3335
---------------------------------------------------------------------

freesurfer imgreg_4dfp.c
/opt/freesurfer/average/711-2C_as_mni_average_305.4dfp.img
       256       256       256         1
  1.000000  1.000000  1.000000
orientation T byte_order littleendian
Reading image: /opt/freesurfer/average/711-2C_as_mni_average_305.4dfp.img
dimensions:      256       256       256
mmppix:       1.0000   -1.0000   -1.0000
center:     128.0000 -129.0000 -129.0000
/opt/freesurfer/average/711-2B_as_mni_average_305_mask.4dfp.img
       256       256       256         1
  1.000000  1.000000  1.000000
orientation T byte_order littleendian
Reading mask: /opt/freesurfer/average/711-2B_as_mni_average_305_mask.4dfp.img (2306576 pixels)
talsrcimg_g11.4dfp.img
       256       256       256         1
  1.000000  1.000000  1.000000
orientation T byte_order littleendian
Reading image: talsrcimg_g11.4dfp.img
dimensions:      256       256       256
mmppix:       1.0000   -1.0000   -1.0000
center:     128.0000 -129.0000 -129.0000
fimgreg.f
image alignment mode   3335 decimal      D07 hex
parameters
   -2.6509   25.1516    3.5769   -0.0328   -2.0201   -1.9875
   -2.5589   -0.1216    2.5322   19.8377   -0.3885  -19.8342
eta,q 0.94636 10.50904
niter,ni,del,rscale     5    3    5.0000    1.2000
parameter  2 -0.616653 -> -0.500000 qaram    1.1500
parameter  4  2.120716 ->  0.500000 qaram    1.1500
parameter  5  2.342937 ->  0.500000 qaram    1.1500
parameter  6  0.820110 ->  0.500000 qaram    1.1500
parameter 12 -0.548878 -> -0.500000 qaram    1.1500
parameters
   -2.9011   26.5316    3.7278   -4.1728   -6.1601   -6.1275
   -3.1398   -0.1861    1.3153   20.6912   -0.5077  -15.6942
eta,q 0.96171 10.23695
  0.0555  0.0571  0.0551  0.0450  0.0376  0.0379  0.0406  0.0431  0.0398  0.0420  0.0398  0.0414
  0.0545  0.0558  0.0540  0.0464  0.0404  0.0387  0.0396  0.0407  0.0391  0.0406  0.0391  0.0403
  0.0538  0.0546  0.0533  0.0491  0.0435  0.0395  0.0390  0.0393  0.0388  0.0394  0.0388  0.0394
  0.0536  0.0536  0.0530  0.0529  0.0470  0.0412  0.0389  0.0388  0.0388  0.0388  0.0387  0.0387
  0.0541  0.0531  0.0531  0.0574  0.0511  0.0449  0.0392  0.0393  0.0392  0.0388  0.0388  0.0383
  0.0550  0.0530  0.0537  0.0619  0.0561  0.0504  0.0400  0.0408  0.0398  0.0394  0.0392  0.0383
  0.0566  0.0534  0.0547  0.0661  0.0614  0.0558  0.0413  0.0432  0.0406  0.0410  0.0398  0.0386
niter,ni,del,rscale     7    3    5.0000    1.2000
parameter  3  0.630122 ->  0.500000 qaram    1.1500
parameter  4  0.530601 ->  0.500000 qaram    1.3225
parameter  5  1.710129 ->  0.500000 qaram    1.3225
parameter  6  0.573036 ->  0.500000 qaram    1.3225
parameters
   -3.0025   26.2678    2.3478   -8.9338  -10.9211  -10.8885
   -3.0439   -0.8134    2.0962   22.4826   -1.5685  -17.7040
eta,q 0.96931  9.82920
  0.0413  0.0400  0.0379  0.0375  0.0299  0.0308  0.0336  0.0334  0.0330  0.0344  0.0312  0.0316
  0.0395  0.0389  0.0377  0.0367  0.0316  0.0310  0.0323  0.0320  0.0320  0.0330  0.0309  0.0310
  0.0385  0.0383  0.0378  0.0365  0.0337  0.0316  0.0314  0.0312  0.0314  0.0319  0.0308  0.0307
  0.0383  0.0383  0.0382  0.0377  0.0365  0.0321  0.0311  0.0311  0.0311  0.0310  0.0308  0.0308
  0.0388  0.0387  0.0390  0.0407  0.0400  0.0336  0.0314  0.0317  0.0311  0.0308  0.0309  0.0312
  0.0400  0.0395  0.0400  0.0450  0.0440  0.0372  0.0322  0.0327  0.0316  0.0313  0.0311  0.0320
  0.0417  0.0407  0.0413  0.0497  0.0487  0.0427  0.0335  0.0342  0.0323  0.0323  0.0315  0.0330
niter,ni,del,rscale     7    3    5.0000    1.2000
parameter  2 -0.692627 -> -0.500000 qaram    1.3225
parameter  5  1.090987 ->  0.500000 qaram    1.5209
parameter 12  0.617187 ->  0.500000 qaram    1.3225
parameters
   -2.8325   27.8548    1.5912   -9.6401  -16.3963  -14.0960
   -3.3472   -0.6952    2.3203   25.9434   -0.6036  -22.4650
eta,q 0.97544  9.63229
  0.0337  0.0358  0.0303  0.0329  0.0256  0.0269  0.0282  0.0289  0.0280  0.0299  0.0259  0.0249
  0.0322  0.0337  0.0297  0.0315  0.0259  0.0261  0.0269  0.0273  0.0268  0.0281  0.0256  0.0246
  0.0312  0.0319  0.0295  0.0303  0.0275  0.0258  0.0260  0.0262  0.0260  0.0267  0.0254  0.0247
  0.0307  0.0307  0.0296  0.0295  0.0296  0.0262  0.0258  0.0258  0.0258  0.0258  0.0252  0.0252
  0.0308  0.0298  0.0300  0.0296  0.0324  0.0271  0.0262  0.0261  0.0260  0.0253  0.0252  0.0260
  0.0316  0.0295  0.0309  0.0315  0.0361  0.0282  0.0271  0.0271  0.0266  0.0252  0.0254  0.0271
  0.0330  0.0299  0.0322  0.0353  0.0404  0.0316  0.0286  0.0287  0.0277  0.0259  0.0257  0.0283
niter,ni,del,rscale     7    3    5.0000    1.2000
parameters
   -2.7681   28.9670    0.9190   -8.8802  -21.0905  -11.9984
   -3.1652   -0.7446    2.3180   27.9421   -0.8344  -26.4244
eta,q 0.97852  9.66227
  0.0276  0.0319  0.0250  0.0283  0.0246  0.0266  0.0253  0.0259  0.0249  0.0266  0.0228  0.0225
  0.0260  0.0288  0.0242  0.0265  0.0229  0.0247  0.0237  0.0239  0.0235  0.0247  0.0224  0.0216
  0.0250  0.0262  0.0238  0.0250  0.0223  0.0232  0.0226  0.0226  0.0225  0.0231  0.0221  0.0215
  0.0246  0.0246  0.0239  0.0238  0.0236  0.0223  0.0222  0.0222  0.0222  0.0222  0.0220  0.0220
  0.0248  0.0239  0.0245  0.0233  0.0262  0.0223  0.0225  0.0227  0.0225  0.0220  0.0221  0.0230
  0.0257  0.0245  0.0256  0.0247  0.0297  0.0228  0.0235  0.0240  0.0235  0.0225  0.0224  0.0243
  0.0274  0.0260  0.0271  0.0278  0.0341  0.0241  0.0250  0.0259  0.0249  0.0235  0.0229  0.0258
niter,ni,del,rscale     6    3    5.0000    1.2000
parameters
   -2.7873   29.2812    0.5820   -7.9653  -22.4531  -12.0791
   -3.0980   -0.7595    2.2679   28.9911   -1.1486  -27.2037
eta,q 0.97906  9.67607
  0.0248  0.0278  0.0231  0.0267  0.0260  0.0248  0.0243  0.0251  0.0239  0.0251  0.0219  0.0233
  0.0230  0.0248  0.0221  0.0247  0.0236  0.0230  0.0226  0.0229  0.0224  0.0231  0.0215  0.0218
  0.0219  0.0226  0.0215  0.0229  0.0217  0.0216  0.0214  0.0215  0.0214  0.0217  0.0211  0.0210
  0.0215  0.0215  0.0214  0.0214  0.0210  0.0210  0.0210  0.0210  0.0210  0.0210  0.0210  0.0210
  0.0219  0.0217  0.0218  0.0208  0.0227  0.0211  0.0214  0.0216  0.0214  0.0211  0.0211  0.0215
  0.0230  0.0232  0.0228  0.0224  0.0256  0.0220  0.0225  0.0229  0.0224  0.0218  0.0215  0.0225
  0.0250  0.0259  0.0243  0.0260  0.0292  0.0259  0.0242  0.0251  0.0240  0.0233  0.0222  0.0239
niter,ni,del,rscale     5    3    5.0000    1.2000
parameters
   -2.8278   29.4001    0.3675   -7.6747  -22.7603  -12.1129
   -3.0462   -0.7552    2.2497   29.2929   -1.2497  -27.4963
eta,q 0.97916  9.68442
  0.0244  0.0267  0.0227  0.0262  0.0268  0.0248  0.0241  0.0251  0.0237  0.0243  0.0219  0.0235
  0.0225  0.0239  0.0218  0.0242  0.0242  0.0229  0.0224  0.0227  0.0222  0.0224  0.0213  0.0218
  0.0213  0.0219  0.0211  0.0225  0.0221  0.0215  0.0213  0.0213  0.0212  0.0213  0.0210  0.0210
  0.0209  0.0209  0.0209  0.0209  0.0208  0.0209  0.0209  0.0209  0.0209  0.0209  0.0209  0.0209
  0.0214  0.0214  0.0212  0.0207  0.0218  0.0207  0.0212  0.0214  0.0212  0.0211  0.0210  0.0213
  0.0226  0.0231  0.0221  0.0227  0.0245  0.0217  0.0223  0.0228  0.0222  0.0221  0.0214  0.0223
  0.0247  0.0261  0.0235  0.0267  0.0278  0.0260  0.0240  0.0250  0.0238  0.0237  0.0220  0.0236
niter,ni,del,rscale     4    3    5.0000    1.2000
parameters
   -2.8437   29.4111    0.2933   -7.5939  -22.8337  -12.1325
   -3.0201   -0.7568    2.2461   29.4076   -1.2830  -27.5911
eta,q 0.97917  9.68797
  0.0244  0.0262  0.0228  0.0260  0.0270  0.0248  0.0241  0.0251  0.0237  0.0241  0.0219  0.0236
  0.0225  0.0235  0.0218  0.0241  0.0243  0.0229  0.0224  0.0227  0.0222  0.0223  0.0213  0.0219
  0.0213  0.0216  0.0211  0.0224  0.0222  0.0215  0.0212  0.0213  0.0212  0.0212  0.0210  0.0210
  0.0208  0.0208  0.0208  0.0208  0.0208  0.0208  0.0208  0.0208  0.0208  0.0208  0.0208  0.0208
  0.0213  0.0214  0.0211  0.0208  0.0216  0.0207  0.0212  0.0214  0.0212  0.0212  0.0210  0.0213
  0.0225  0.0233  0.0219  0.0229  0.0243  0.0217  0.0223  0.0228  0.0222  0.0222  0.0213  0.0222
  0.0246  0.0263  0.0232  0.0271  0.0275  0.0260  0.0241  0.0250  0.0237  0.0238  0.0219  0.0235
niter,ni,del,rscale     3    3    5.0000    1.2000
parameters
   -2.8482   29.4097    0.2662   -7.5712  -22.8512  -12.1374
   -3.0117   -0.7581    2.2452   29.4456   -1.2952  -27.6185
eta,q 0.97918  9.68927
  0.0245  0.0261  0.0229  0.0260  0.0271  0.0249  0.0241  0.0251  0.0237  0.0240  0.0219  0.0236
  0.0225  0.0235  0.0219  0.0241  0.0244  0.0229  0.0224  0.0227  0.0222  0.0222  0.0213  0.0219
  0.0213  0.0216  0.0211  0.0223  0.0222  0.0215  0.0212  0.0213  0.0212  0.0211  0.0210  0.0210
  0.0208  0.0208  0.0208  0.0208  0.0208  0.0208  0.0208  0.0208  0.0208  0.0208  0.0208  0.0208
  0.0212  0.0214  0.0210  0.0208  0.0216  0.0206  0.0212  0.0213  0.0212  0.0212  0.0209  0.0212
  0.0225  0.0233  0.0218  0.0230  0.0242  0.0216  0.0224  0.0228  0.0222  0.0222  0.0213  0.0222
  0.0245  0.0263  0.0231  0.0271  0.0275  0.0260  0.0241  0.0250  0.0237  0.0239  0.0219  0.0234
registration optimization eta report
parameter search radius
    2.4000    3.1740    2.7600    9.5220   10.9503    9.5220
    7.2000    7.2000    7.2000    7.2000    7.2000    9.5220
100000*second partial in parameter space
       63.       53.       28.        6.        5.        5.
        6.        8.        6.        6.        2.        3.
  0.0245  0.0261  0.0229  0.0260  0.0271  0.0249  0.0241  0.0251  0.0237  0.0240  0.0219  0.0236
  0.0225  0.0235  0.0219  0.0241  0.0244  0.0229  0.0224  0.0227  0.0222  0.0222  0.0213  0.0219
  0.0213  0.0216  0.0211  0.0223  0.0222  0.0215  0.0212  0.0213  0.0212  0.0211  0.0210  0.0210
  0.0208  0.0208  0.0208  0.0208  0.0208  0.0208  0.0208  0.0208  0.0208  0.0208  0.0208  0.0208
  0.0212  0.0214  0.0210  0.0208  0.0216  0.0206  0.0212  0.0213  0.0212  0.0212  0.0209  0.0212
  0.0225  0.0233  0.0218  0.0230  0.0242  0.0216  0.0224  0.0228  0.0222  0.0222  0.0213  0.0222
  0.0245  0.0263  0.0231  0.0271  0.0275  0.0260  0.0241  0.0250  0.0237  0.0239  0.0219  0.0234
   -2.8482   29.4097    0.2662   -7.5712  -22.8512  -12.1374
   -3.0117   -0.7581    2.2452   29.4456   -1.2952  -27.6185
eta,q 0.97918  9.68927

---------------------------------------------------------------------
imgreg_4dfp /opt/freesurfer/average/711-2C_as_mni_average_305 /opt/freesurfer/average/711-2B_as_mni_average_305_mask talsrcimg_g11 none talsrcimg_to_711-2C_as_mni_average_305_t4 2311
---------------------------------------------------------------------

freesurfer imgreg_4dfp.c
/opt/freesurfer/average/711-2C_as_mni_average_305.4dfp.img
       256       256       256         1
  1.000000  1.000000  1.000000
orientation T byte_order littleendian
Reading image: /opt/freesurfer/average/711-2C_as_mni_average_305.4dfp.img
dimensions:      256       256       256
mmppix:       1.0000   -1.0000   -1.0000
center:     128.0000 -129.0000 -129.0000
/opt/freesurfer/average/711-2B_as_mni_average_305_mask.4dfp.img
       256       256       256         1
  1.000000  1.000000  1.000000
orientation T byte_order littleendian
Reading mask: /opt/freesurfer/average/711-2B_as_mni_average_305_mask.4dfp.img (2306576 pixels)
talsrcimg_g11.4dfp.img
       256       256       256         1
  1.000000  1.000000  1.000000
orientation T byte_order littleendian
Reading image: talsrcimg_g11.4dfp.img
dimensions:      256       256       256
mmppix:       1.0000   -1.0000   -1.0000
center:     128.0000 -129.0000 -129.0000
fimgreg.f
image alignment mode   2311 decimal      907 hex
parameters
   -2.8482   29.4097    0.2662   -7.5712  -22.8512  -12.1374
   -3.0117   -0.7581    2.2452   29.4456   -1.2952  -27.6185
eta,q 0.97917  9.68927
niter,ni,del,rscale     5    3    5.0000    0.8000
parameters
   -2.8412   29.4879    0.3600   -6.2510  -22.7244  -10.5135
   -2.9645   -0.6636    2.1088   29.8039   -1.4482  -28.0150
eta,q 0.97956  9.79847
  0.0225  0.0224  0.0216  0.0232  0.0224  0.0218  0.0222  0.0228  0.0218  0.0223  0.0210  0.0211
  0.0216  0.0216  0.0212  0.0223  0.0215  0.0212  0.0213  0.0215  0.0211  0.0213  0.0207  0.0207
  0.0210  0.0211  0.0209  0.0215  0.0209  0.0207  0.0207  0.0207  0.0206  0.0207  0.0205  0.0205
  0.0208  0.0208  0.0208  0.0208  0.0205  0.0205  0.0205  0.0205  0.0205  0.0205  0.0205  0.0205
  0.0210  0.0209  0.0209  0.0205  0.0207  0.0205  0.0207  0.0207  0.0207  0.0206  0.0205  0.0206
  0.0216  0.0214  0.0211  0.0208  0.0213  0.0205  0.0212  0.0214  0.0212  0.0210  0.0208  0.0209
  0.0225  0.0222  0.0215  0.0217  0.0223  0.0208  0.0221  0.0226  0.0220  0.0217  0.0211  0.0213
niter,ni,del,rscale     4    3    5.0000    0.7000
parameters
   -2.9087   29.2113   -0.0521   -6.1183  -22.6178  -10.4274
   -2.8256   -0.6255    2.1200   30.2860   -1.4784  -28.4303
eta,q 0.97971  9.83047
  0.0218  0.0212  0.0207  0.0221  0.0219  0.0211  0.0217  0.0222  0.0214  0.0218  0.0208  0.0208
  0.0210  0.0207  0.0204  0.0214  0.0212  0.0207  0.0210  0.0211  0.0208  0.0210  0.0205  0.0204
  0.0206  0.0204  0.0204  0.0207  0.0206  0.0205  0.0205  0.0205  0.0205  0.0205  0.0203  0.0203
  0.0204  0.0204  0.0204  0.0204  0.0203  0.0203  0.0203  0.0203  0.0203  0.0203  0.0203  0.0203
  0.0207  0.0207  0.0206  0.0204  0.0205  0.0202  0.0204  0.0205  0.0204  0.0204  0.0204  0.0204
  0.0212  0.0213  0.0209  0.0210  0.0210  0.0205  0.0209  0.0211  0.0208  0.0207  0.0205  0.0207
  0.0220  0.0222  0.0214  0.0221  0.0218  0.0212  0.0216  0.0221  0.0214  0.0212  0.0208  0.0210
niter,ni,del,rscale     3    3    5.0000    0.6000
parameters
   -2.9166   29.1274   -0.1811   -6.0060  -22.5205  -10.0817
   -2.7688   -0.5910    2.0777   30.5349   -1.5676  -28.6300
eta,q 0.97979  9.85553
  0.0214  0.0211  0.0207  0.0217  0.0215  0.0210  0.0213  0.0217  0.0210  0.0213  0.0206  0.0207
  0.0208  0.0206  0.0204  0.0210  0.0209  0.0207  0.0207  0.0208  0.0206  0.0207  0.0204  0.0204
  0.0204  0.0204  0.0203  0.0205  0.0205  0.0205  0.0203  0.0204  0.0203  0.0204  0.0202  0.0202
  0.0203  0.0203  0.0203  0.0203  0.0203  0.0203  0.0202  0.0202  0.0202  0.0202  0.0202  0.0202
  0.0204  0.0204  0.0204  0.0204  0.0204  0.0202  0.0203  0.0204  0.0203  0.0203  0.0203  0.0203
  0.0208  0.0208  0.0206  0.0208  0.0208  0.0203  0.0206  0.0208  0.0206  0.0205  0.0204  0.0205
  0.0214  0.0213  0.0208  0.0216  0.0215  0.0209  0.0212  0.0216  0.0210  0.0210  0.0206  0.0207
niter,ni,del,rscale     2    3    5.0000    0.5000
parameters
   -2.9281   29.0548   -0.2622   -5.9434  -22.4728   -9.8459
   -2.7283   -0.5557    2.0633   30.6569   -1.5850  -28.7850
eta,q 0.97984  9.87027
  0.0210  0.0208  0.0205  0.0212  0.0211  0.0208  0.0209  0.0212  0.0207  0.0209  0.0205  0.0205
  0.0205  0.0204  0.0203  0.0207  0.0207  0.0206  0.0205  0.0206  0.0204  0.0205  0.0203  0.0203
  0.0203  0.0202  0.0202  0.0204  0.0203  0.0204  0.0203  0.0203  0.0202  0.0203  0.0202  0.0202
  0.0202  0.0202  0.0202  0.0202  0.0202  0.0202  0.0202  0.0202  0.0202  0.0202  0.0202  0.0202
  0.0203  0.0203  0.0203  0.0203  0.0203  0.0201  0.0202  0.0203  0.0202  0.0202  0.0202  0.0202
  0.0206  0.0206  0.0204  0.0206  0.0206  0.0203  0.0205  0.0206  0.0204  0.0204  0.0203  0.0204
  0.0210  0.0209  0.0206  0.0212  0.0211  0.0208  0.0209  0.0212  0.0207  0.0208  0.0204  0.0205
niter,ni,del,rscale     1    3    5.0000    0.4000
parameters
   -2.9376   29.0157   -0.2888   -5.9050  -22.4533   -9.6399
   -2.7008   -0.5413    2.0533   30.7243   -1.5827  -28.9009
eta,q 0.97986  9.87996
  0.0207  0.0205  0.0204  0.0209  0.0208  0.0206  0.0206  0.0209  0.0205  0.0206  0.0203  0.0204
  0.0204  0.0203  0.0203  0.0205  0.0205  0.0204  0.0203  0.0205  0.0203  0.0204  0.0202  0.0202
  0.0202  0.0202  0.0202  0.0203  0.0202  0.0203  0.0202  0.0202  0.0202  0.0202  0.0202  0.0201
  0.0202  0.0202  0.0202  0.0202  0.0202  0.0202  0.0201  0.0201  0.0201  0.0201  0.0201  0.0201
  0.0202  0.0202  0.0202  0.0202  0.0202  0.0201  0.0202  0.0202  0.0202  0.0202  0.0202  0.0202
  0.0204  0.0204  0.0203  0.0204  0.0204  0.0203  0.0203  0.0205  0.0203  0.0203  0.0202  0.0203
  0.0207  0.0206  0.0204  0.0209  0.0208  0.0206  0.0206  0.0208  0.0205  0.0206  0.0203  0.0204
registration optimization eta report
parameter search radius
    0.8000    0.8000    0.8000    2.4000    2.4000    2.4000
    2.4000    2.4000    2.4000    2.4000    2.4000    2.4000
100000*second partial in parameter space
       79.       65.       37.       12.       11.        7.
        8.       12.        6.        8.        3.        4.
  0.0207  0.0205  0.0204  0.0209  0.0208  0.0206  0.0206  0.0209  0.0205  0.0206  0.0203  0.0204
  0.0204  0.0203  0.0203  0.0205  0.0205  0.0204  0.0203  0.0205  0.0203  0.0204  0.0202  0.0202
  0.0202  0.0202  0.0202  0.0203  0.0202  0.0203  0.0202  0.0202  0.0202  0.0202  0.0202  0.0201
  0.0202  0.0202  0.0202  0.0202  0.0202  0.0202  0.0201  0.0201  0.0201  0.0201  0.0201  0.0201
  0.0202  0.0202  0.0202  0.0202  0.0202  0.0201  0.0202  0.0202  0.0202  0.0202  0.0202  0.0202
  0.0204  0.0204  0.0203  0.0204  0.0204  0.0203  0.0203  0.0205  0.0203  0.0203  0.0202  0.0203
  0.0207  0.0206  0.0204  0.0209  0.0208  0.0206  0.0206  0.0208  0.0205  0.0206  0.0203  0.0204
   -2.9376   29.0157   -0.2888   -5.9050  -22.4533   -9.6399
   -2.7008   -0.5413    2.0533   30.7243   -1.5827  -28.9009
eta,q 0.97986  9.87996

---------------------------------------------------------------------
imgreg_4dfp /opt/freesurfer/average/711-2C_as_mni_average_305 /opt/freesurfer/average/711-2B_as_mni_average_305_mask talsrcimg_g11 none talsrcimg_to_711-2C_as_mni_average_305_t4 2311
---------------------------------------------------------------------

freesurfer imgreg_4dfp.c
/opt/freesurfer/average/711-2C_as_mni_average_305.4dfp.img
       256       256       256         1
  1.000000  1.000000  1.000000
orientation T byte_order littleendian
Reading image: /opt/freesurfer/average/711-2C_as_mni_average_305.4dfp.img
dimensions:      256       256       256
mmppix:       1.0000   -1.0000   -1.0000
center:     128.0000 -129.0000 -129.0000
/opt/freesurfer/average/711-2B_as_mni_average_305_mask.4dfp.img
       256       256       256         1
  1.000000  1.000000  1.000000
orientation T byte_order littleendian
Reading mask: /opt/freesurfer/average/711-2B_as_mni_average_305_mask.4dfp.img (2306576 pixels)
talsrcimg_g11.4dfp.img
       256       256       256         1
  1.000000  1.000000  1.000000
orientation T byte_order littleendian
Reading image: talsrcimg_g11.4dfp.img
dimensions:      256       256       256
mmppix:       1.0000   -1.0000   -1.0000
center:     128.0000 -129.0000 -129.0000
fimgreg.f
image alignment mode   2311 decimal      907 hex
parameters
   -2.9376   29.0157   -0.2888   -5.9050  -22.4533   -9.6399
   -2.7008   -0.5413    2.0534   30.7243   -1.5827  -28.9009
eta,q 0.97986  9.87996
niter,ni,del,rscale     5    3    5.0000    0.8000
parameters
   -2.9408   28.9618   -0.2686   -6.2428  -22.5635  -10.3978
   -2.7013   -0.5780    2.1215   30.6455   -1.5063  -28.5706
eta,q 0.97971  9.84507
  0.0221  0.0216  0.0212  0.0222  0.0221  0.0212  0.0220  0.0227  0.0217  0.0219  0.0210  0.0213
  0.0210  0.0208  0.0206  0.0212  0.0212  0.0208  0.0211  0.0213  0.0209  0.0210  0.0206  0.0207
  0.0204  0.0203  0.0202  0.0205  0.0205  0.0204  0.0205  0.0205  0.0205  0.0205  0.0203  0.0203
  0.0201  0.0201  0.0201  0.0201  0.0202  0.0202  0.0203  0.0203  0.0203  0.0203  0.0203  0.0203
  0.0204  0.0204  0.0203  0.0205  0.0204  0.0203  0.0205  0.0206  0.0204  0.0204  0.0204  0.0204
  0.0210  0.0209  0.0206  0.0215  0.0212  0.0211  0.0211  0.0214  0.0209  0.0210  0.0206  0.0206
  0.0222  0.0219  0.0211  0.0231  0.0224  0.0230  0.0220  0.0227  0.0216  0.0221  0.0209  0.0209
niter,ni,del,rscale     4    3    5.0000    0.7000
parameters
   -2.9133   29.0887   -0.2452   -6.0868  -22.5054  -10.3109
   -2.7519   -0.5809    2.0833   30.5813   -1.5327  -28.5546
eta,q 0.97976  9.84853
  0.0218  0.0217  0.0209  0.0221  0.0218  0.0212  0.0215  0.0221  0.0213  0.0215  0.0207  0.0209
  0.0210  0.0210  0.0206  0.0213  0.0211  0.0208  0.0208  0.0210  0.0207  0.0208  0.0204  0.0205
  0.0205  0.0205  0.0203  0.0206  0.0205  0.0205  0.0204  0.0204  0.0204  0.0204  0.0203  0.0203
  0.0203  0.0203  0.0203  0.0203  0.0203  0.0203  0.0202  0.0202  0.0202  0.0202  0.0202  0.0202
  0.0204  0.0203  0.0203  0.0204  0.0204  0.0202  0.0204  0.0205  0.0204  0.0204  0.0203  0.0203
  0.0209  0.0207  0.0205  0.0209  0.0210  0.0205  0.0209  0.0211  0.0207  0.0208  0.0205  0.0206
  0.0217  0.0213  0.0209  0.0220  0.0219  0.0214  0.0216  0.0221  0.0213  0.0216  0.0207  0.0208
niter,ni,del,rscale     3    3    5.0000    0.6000
parameters
   -2.9189   29.0675   -0.2490   -5.9977  -22.4601  -10.0691
   -2.7285   -0.5632    2.0714   30.6199   -1.5628  -28.6651
eta,q 0.97981  9.86102
  0.0213  0.0211  0.0207  0.0217  0.0215  0.0210  0.0212  0.0217  0.0210  0.0212  0.0206  0.0207
  0.0207  0.0206  0.0205  0.0210  0.0209  0.0207  0.0207  0.0208  0.0206  0.0206  0.0204  0.0204
  0.0204  0.0203  0.0203  0.0205  0.0204  0.0205  0.0203  0.0203  0.0203  0.0203  0.0202  0.0202
  0.0202  0.0202  0.0202  0.0202  0.0202  0.0202  0.0202  0.0202  0.0202  0.0202  0.0202  0.0202
  0.0204  0.0204  0.0203  0.0203  0.0203  0.0202  0.0203  0.0204  0.0203  0.0203  0.0203  0.0203
  0.0207  0.0207  0.0205  0.0208  0.0208  0.0204  0.0206  0.0208  0.0206  0.0206  0.0204  0.0205
  0.0214  0.0212  0.0207  0.0216  0.0215  0.0210  0.0212  0.0216  0.0210  0.0212  0.0206  0.0207
niter,ni,del,rscale     2    3    5.0000    0.5000
parameters
   -2.9305   29.0334   -0.2738   -5.9405  -22.4392   -9.8410
   -2.7128   -0.5498    2.0588   30.6785   -1.5709  -28.7835
eta,q 0.97984  9.87210
  0.0210  0.0208  0.0205  0.0212  0.0211  0.0208  0.0209  0.0212  0.0207  0.0209  0.0205  0.0205
  0.0205  0.0205  0.0203  0.0207  0.0206  0.0206  0.0205  0.0206  0.0204  0.0205  0.0203  0.0203
  0.0203  0.0203  0.0202  0.0204  0.0203  0.0204  0.0202  0.0203  0.0202  0.0203  0.0202  0.0202
  0.0202  0.0202  0.0202  0.0202  0.0202  0.0202  0.0202  0.0202  0.0202  0.0202  0.0202  0.0202
  0.0203  0.0203  0.0202  0.0203  0.0203  0.0201  0.0202  0.0203  0.0202  0.0202  0.0202  0.0202
  0.0206  0.0205  0.0204  0.0206  0.0206  0.0203  0.0205  0.0206  0.0204  0.0204  0.0203  0.0204
  0.0210  0.0209  0.0206  0.0212  0.0211  0.0208  0.0209  0.0212  0.0207  0.0208  0.0204  0.0205
niter,ni,del,rscale     1    3    5.0000    0.4000
parameters
   -2.9358   29.0050   -0.2913   -5.9104  -22.4346   -9.6318
   -2.6900   -0.5336    2.0474   30.7275   -1.5797  -28.8870
eta,q 0.97986  9.88068
  0.0207  0.0205  0.0204  0.0209  0.0208  0.0206  0.0206  0.0209  0.0205  0.0206  0.0203  0.0204
  0.0204  0.0203  0.0203  0.0205  0.0205  0.0204  0.0204  0.0205  0.0203  0.0204  0.0202  0.0202
  0.0202  0.0202  0.0202  0.0203  0.0202  0.0203  0.0202  0.0202  0.0202  0.0202  0.0202  0.0202
  0.0202  0.0202  0.0202  0.0202  0.0202  0.0202  0.0201  0.0201  0.0201  0.0201  0.0201  0.0201
  0.0202  0.0202  0.0202  0.0202  0.0202  0.0201  0.0202  0.0202  0.0202  0.0202  0.0202  0.0202
  0.0204  0.0204  0.0203  0.0204  0.0204  0.0203  0.0203  0.0205  0.0203  0.0203  0.0202  0.0203
  0.0207  0.0206  0.0204  0.0209  0.0208  0.0206  0.0206  0.0208  0.0205  0.0206  0.0203  0.0204
registration optimization eta report
parameter search radius
    0.8000    0.8000    0.8000    2.4000    2.4000    2.4000
    2.4000    2.4000    2.4000    2.4000    2.4000    2.4000
100000*second partial in parameter space
       79.       65.       36.       12.       11.        7.
        8.       12.        6.        8.        3.        4.
  0.0207  0.0205  0.0204  0.0209  0.0208  0.0206  0.0206  0.0209  0.0205  0.0206  0.0203  0.0204
  0.0204  0.0203  0.0203  0.0205  0.0205  0.0204  0.0204  0.0205  0.0203  0.0204  0.0202  0.0202
  0.0202  0.0202  0.0202  0.0203  0.0202  0.0203  0.0202  0.0202  0.0202  0.0202  0.0202  0.0202
  0.0202  0.0202  0.0202  0.0202  0.0202  0.0202  0.0201  0.0201  0.0201  0.0201  0.0201  0.0201
  0.0202  0.0202  0.0202  0.0202  0.0202  0.0201  0.0202  0.0202  0.0202  0.0202  0.0202  0.0202
  0.0204  0.0204  0.0203  0.0204  0.0204  0.0203  0.0203  0.0205  0.0203  0.0203  0.0202  0.0203
  0.0207  0.0206  0.0204  0.0209  0.0208  0.0206  0.0206  0.0208  0.0205  0.0206  0.0203  0.0204
   -2.9358   29.0050   -0.2913   -5.9104  -22.4346   -9.6318
   -2.6900   -0.5336    2.0474   30.7275   -1.5797  -28.8870
eta,q 0.97986  9.88068

---------------------------------------------------------------------
compute_vox2vox talsrcimg talsrcimg_to_711-2C_as_mni_average_305_t4 /opt/freesurfer/average/711-2C_as_mni_average_305
---------------------------------------------------------------------

freesurfer compute_vox2vox.c
Reading: talsrcimg.4dfp.ifh
Reading: talsrcimg_to_711-2C_as_mni_average_305_t4
Reading: /opt/freesurfer/average/711-2C_as_mni_average_305.4dfp.ifh
Writing: talsrcimg_to_711-2C_as_mni_average_305_t4_vox2vox.txt

start time Wed Mar 11 20:49:09 CET 2026
end		time Wed Mar 11 20:49:23 CET 2026

mpr2mni305 success

avi2talxfm orig_nu.mgz /opt/freesurfer/average/mni305.cor.mgz talsrcimg_to_711-2C_as_mni_average_305_t4_vox2vox.txt transforms/talairach.auto.xfm
avi2talxfm done
mv -f /out/sourcedata/freesurfer/sub-v1s0x0050647_ses-1/mri/talsrcimg_to_711-2C_as_mni_average_305_t4_vox2vox.txt /out/sourcedata/freesurfer/sub-v1s0x0050647_ses-1/mri/transforms/talsrcimg_to_711-2C_as_mni_average_305_t4_vox2vox.txt
lta_convert --src orig_nu.mgz --trg /opt/freesurfer/average/mni305.cor.mgz --inxfm transforms/talairach.auto.xfm --outlta transforms/talairach.auto.xfm.lta --subject fsaverage
7.3.2

--src: orig_nu.mgz src image (geometry).
--trg: /opt/freesurfer/average/mni305.cor.mgz trg image (geometry).
--inmni: transforms/talairach.auto.xfm input MNI/XFM transform.
--outlta: transforms/talairach.auto.xfm.lta output LTA.
--s: fsaverage subject name
 LTA read, type : 1
 1.06197  -0.00555   0.03476  -4.32909;
 0.00852   0.98216   0.36607  -4.46159;
-0.03141  -0.38894   1.14330  -58.33456;
 0.00000   0.00000   0.00000   1.00000;
setting subject to fsaverage
Writing  LTA to file transforms/talairach.auto.xfm.lta...
lta_convert successful.
 
 
Started at Wed Mar 11 20:49:08 CET 2026
Ended   at Wed Mar 11 20:49:24 CET 2026
talairach_avi done
