status file for recon-all
Wed Mar 11 22:28:20 CET 2026
#@# Tessellate rh Wed Mar 11 22:28:20 CET 2026
#@# Smooth1 rh Wed Mar 11 22:28:23 CET 2026
#@# Inflation1 rh Wed Mar 11 22:28:25 CET 2026
#@# QSphere rh Wed Mar 11 22:28:39 CET 2026
#@# Fix Topology rh Wed Mar 11 22:30:14 CET 2026
#@# Smooth2 rh Wed Mar 11 22:36:34 CET 2026
#@# Inflation2 rh Wed Mar 11 22:36:37 CET 2026
#@# Curv .H and .K rh Wed Mar 11 22:36:48 CET 2026
#@# Sphere rh Wed Mar 11 22:37:25 CET 2026
#@# Surf Reg rh Wed Mar 11 22:43:26 CET 2026
#@# Jacobian white rh Wed Mar 11 22:46:45 CET 2026
#@# AvgCurv rh Wed Mar 11 22:46:46 CET 2026
#@# Cortical Parc rh Wed Mar 11 22:46:47 CET 2026
#@# white curv rh Wed Mar 11 22:51:27 CET 2026
#@# white area rh Wed Mar 11 22:51:28 CET 2026
#@# pial curv rh Wed Mar 11 22:51:29 CET 2026
#@# pial area rh Wed Mar 11 22:51:30 CET 2026
#@# thickness rh Wed Mar 11 22:51:31 CET 2026
#@# area and vertex vol rh Wed Mar 11 22:51:50 CET 2026
#@# Curvature Stats rh Wed Mar 11 22:51:52 CET 2026
#@# Cortical Parc 2 rh Wed Mar 11 22:51:54 CET 2026
#@# Cortical Parc 3 rh Wed Mar 11 22:52:04 CET 2026
#@# WM/GM Contrast rh Wed Mar 11 22:52:12 CET 2026
recon-all -s sub-v1s0x0050649_ses-1 finished without error at Wed Mar 11 22:52:15 CET 2026



#New# invocation of recon-all 



status file for recon-all
Wed Mar 11 22:59:48 CET 2026
#@# white curv rh Wed Mar 11 22:59:49 CET 2026
#@# white area rh Wed Mar 11 22:59:49 CET 2026
#@# pial curv rh Wed Mar 11 22:59:49 CET 2026
#@# pial area rh Wed Mar 11 22:59:49 CET 2026
#@# thickness rh Wed Mar 11 22:59:49 CET 2026
#@# area and vertex vol rh Wed Mar 11 22:59:49 CET 2026
#@# Parcellation Stats rh Wed Mar 11 22:59:49 CET 2026
#@# Parcellation Stats 2 rh Wed Mar 11 23:00:04 CET 2026
#@# Parcellation Stats 3 rh Wed Mar 11 23:00:12 CET 2026
#@# BA_exvivo Labels rh Wed Mar 11 23:00:20 CET 2026
recon-all -s sub-v1s0x0050649_ses-1 finished without error at Wed Mar 11 23:02:21 CET 2026
