status file for recon-all
Wed Mar 11 22:09:26 CET 2026
#@# Tessellate lh Wed Mar 11 22:09:26 CET 2026
#@# Smooth1 lh Wed Mar 11 22:09:29 CET 2026
#@# Inflation1 lh Wed Mar 11 22:09:31 CET 2026
#@# QSphere lh Wed Mar 11 22:09:45 CET 2026
#@# Fix Topology lh Wed Mar 11 22:11:43 CET 2026
#@# Smooth2 lh Wed Mar 11 22:16:49 CET 2026
#@# Inflation2 lh Wed Mar 11 22:16:51 CET 2026
#@# Curv .H and .K lh Wed Mar 11 22:17:03 CET 2026
#@# Sphere lh Wed Mar 11 22:17:40 CET 2026
#@# Surf Reg lh Wed Mar 11 22:19:32 CET 2026
#@# Jacobian white lh Wed Mar 11 22:22:18 CET 2026
#@# AvgCurv lh Wed Mar 11 22:22:18 CET 2026
#@# Cortical Parc lh Wed Mar 11 22:22:19 CET 2026
#@# white curv lh Wed Mar 11 22:27:27 CET 2026
#@# white area lh Wed Mar 11 22:27:28 CET 2026
#@# pial curv lh Wed Mar 11 22:27:29 CET 2026
#@# pial area lh Wed Mar 11 22:27:30 CET 2026
#@# thickness lh Wed Mar 11 22:27:31 CET 2026
#@# area and vertex vol lh Wed Mar 11 22:27:51 CET 2026
#@# Curvature Stats lh Wed Mar 11 22:27:52 CET 2026
#@# Cortical Parc 2 lh Wed Mar 11 22:27:54 CET 2026
#@# Cortical Parc 3 lh Wed Mar 11 22:28:05 CET 2026
#@# WM/GM Contrast lh Wed Mar 11 22:28:13 CET 2026
recon-all -s sub-v1s0x0050649_ses-1 finished without error at Wed Mar 11 22:28:15 CET 2026



#New# invocation of recon-all 



status file for recon-all
Wed Mar 11 22:57:08 CET 2026
#@# white curv lh Wed Mar 11 22:57:08 CET 2026
#@# white area lh Wed Mar 11 22:57:08 CET 2026
#@# pial curv lh Wed Mar 11 22:57:08 CET 2026
#@# pial area lh Wed Mar 11 22:57:08 CET 2026
#@# thickness lh Wed Mar 11 22:57:08 CET 2026
#@# area and vertex vol lh Wed Mar 11 22:57:08 CET 2026
#@# Parcellation Stats lh Wed Mar 11 22:57:08 CET 2026
#@# Parcellation Stats 2 lh Wed Mar 11 22:57:24 CET 2026
#@# Parcellation Stats 3 lh Wed Mar 11 22:57:32 CET 2026
#@# BA_exvivo Labels lh Wed Mar 11 22:57:40 CET 2026
recon-all -s sub-v1s0x0050649_ses-1 finished without error at Wed Mar 11 22:59:46 CET 2026
