status file for recon-all
Wed Mar 11 22:46:19 CET 2026
#@# Tessellate lh Wed Mar 11 22:46:19 CET 2026
#@# Smooth1 lh Wed Mar 11 22:46:22 CET 2026
#@# Inflation1 lh Wed Mar 11 22:46:24 CET 2026
#@# QSphere lh Wed Mar 11 22:46:39 CET 2026
#@# Fix Topology lh Wed Mar 11 22:47:47 CET 2026
#@# Smooth2 lh Wed Mar 11 22:56:15 CET 2026
#@# Inflation2 lh Wed Mar 11 22:56:18 CET 2026
#@# Curv .H and .K lh Wed Mar 11 22:56:32 CET 2026
#@# Sphere lh Wed Mar 11 22:57:12 CET 2026
#@# Surf Reg lh Wed Mar 11 23:00:21 CET 2026
#@# Jacobian white lh Wed Mar 11 23:04:30 CET 2026
#@# AvgCurv lh Wed Mar 11 23:04:30 CET 2026
#@# Cortical Parc lh Wed Mar 11 23:04:31 CET 2026
#@# white curv lh Wed Mar 11 23:09:31 CET 2026
#@# white area lh Wed Mar 11 23:09:32 CET 2026
#@# pial curv lh Wed Mar 11 23:09:33 CET 2026
#@# pial area lh Wed Mar 11 23:09:35 CET 2026
#@# thickness lh Wed Mar 11 23:09:35 CET 2026
#@# area and vertex vol lh Wed Mar 11 23:09:58 CET 2026
#@# Curvature Stats lh Wed Mar 11 23:10:00 CET 2026
#@# Cortical Parc 2 lh Wed Mar 11 23:10:02 CET 2026
#@# Cortical Parc 3 lh Wed Mar 11 23:10:12 CET 2026
#@# WM/GM Contrast lh Wed Mar 11 23:10:20 CET 2026
recon-all -s sub-v1s0x0050664_ses-1 finished without error at Wed Mar 11 23:10:22 CET 2026



#New# invocation of recon-all 



status file for recon-all
Wed Mar 11 23:33:57 CET 2026
#@# white curv lh Wed Mar 11 23:33:57 CET 2026
#@# white area lh Wed Mar 11 23:33:57 CET 2026
#@# pial curv lh Wed Mar 11 23:33:57 CET 2026
#@# pial area lh Wed Mar 11 23:33:57 CET 2026
#@# thickness lh Wed Mar 11 23:33:57 CET 2026
#@# area and vertex vol lh Wed Mar 11 23:33:57 CET 2026
#@# Parcellation Stats lh Wed Mar 11 23:33:57 CET 2026
#@# Parcellation Stats 2 lh Wed Mar 11 23:34:13 CET 2026
#@# Parcellation Stats 3 lh Wed Mar 11 23:34:22 CET 2026
#@# BA_exvivo Labels lh Wed Mar 11 23:34:31 CET 2026
recon-all -s sub-v1s0x0050664_ses-1 finished without error at Wed Mar 11 23:36:53 CET 2026
