status file for recon-all
Wed Mar 11 21:14:11 CET 2026
#@# MotionCor Wed Mar 11 21:14:12 CET 2026
#@# Talairach Wed Mar 11 21:14:17 CET 2026
#@# Talairach Failure Detection Wed Mar 11 21:17:08 CET 2026
#@# Nu Intensity Correction Wed Mar 11 21:17:08 CET 2026
#@# Intensity Normalization Wed Mar 11 21:19:54 CET 2026
recon-all -s sub-v1s0x0050664_ses-1 finished without error at Wed Mar 11 21:20:59 CET 2026



#New# invocation of recon-all 



status file for recon-all
Wed Mar 11 21:26:34 CET 2026
#@# EM Registration Wed Mar 11 21:26:34 CET 2026
recon-all -s sub-v1s0x0050664_ses-1 finished without error at Wed Mar 11 21:28:19 CET 2026



#New# invocation of recon-all 



status file for recon-all
Wed Mar 11 21:28:20 CET 2026
#@# CA Normalize Wed Mar 11 21:28:20 CET 2026
#@# CA Reg Wed Mar 11 21:29:15 CET 2026
#@# SubCort Seg Wed Mar 11 22:12:10 CET 2026
#@# CC Seg Wed Mar 11 22:41:45 CET 2026
#@# Merge ASeg Wed Mar 11 22:42:10 CET 2026
#@# Intensity Normalization2 Wed Mar 11 22:42:10 CET 2026
#@# Mask BFS Wed Mar 11 22:43:45 CET 2026
#@# WM Segmentation Wed Mar 11 22:43:46 CET 2026
#@# Fill Wed Mar 11 22:45:35 CET 2026
recon-all -s sub-v1s0x0050664_ses-1 finished without error at Wed Mar 11 22:46:14 CET 2026



#New# invocation of recon-all 



status file for recon-all
Wed Mar 11 23:30:49 CET 2026
#@# white curv lh Wed Mar 11 23:30:49 CET 2026
#@# white area lh Wed Mar 11 23:30:49 CET 2026
#@# pial curv lh Wed Mar 11 23:30:49 CET 2026
#@# pial area lh Wed Mar 11 23:30:49 CET 2026
#@# thickness lh Wed Mar 11 23:30:49 CET 2026
#@# area and vertex vol lh Wed Mar 11 23:30:49 CET 2026
#@# white curv rh Wed Mar 11 23:30:49 CET 2026
#@# white area rh Wed Mar 11 23:30:49 CET 2026
#@# pial curv rh Wed Mar 11 23:30:49 CET 2026
#@# pial area rh Wed Mar 11 23:30:49 CET 2026
#@# thickness rh Wed Mar 11 23:30:49 CET 2026
#@# area and vertex vol rh Wed Mar 11 23:30:49 CET 2026
#@# Cortical ribbon mask Wed Mar 11 23:30:49 CET 2026
recon-all -s sub-v1s0x0050664_ses-1 finished without error at Wed Mar 11 23:33:52 CET 2026



#New# invocation of recon-all 



status file for recon-all
Wed Mar 11 23:39:59 CET 2026
#@# white curv lh Wed Mar 11 23:39:59 CET 2026
#@# white area lh Wed Mar 11 23:39:59 CET 2026
#@# pial curv lh Wed Mar 11 23:39:59 CET 2026
#@# pial area lh Wed Mar 11 23:39:59 CET 2026
#@# thickness lh Wed Mar 11 23:39:59 CET 2026
#@# area and vertex vol lh Wed Mar 11 23:39:59 CET 2026
#@# white curv rh Wed Mar 11 23:39:59 CET 2026
#@# white area rh Wed Mar 11 23:39:59 CET 2026
#@# pial curv rh Wed Mar 11 23:39:59 CET 2026
#@# pial area rh Wed Mar 11 23:39:59 CET 2026
#@# thickness rh Wed Mar 11 23:39:59 CET 2026
#@# area and vertex vol rh Wed Mar 11 23:39:59 CET 2026
#@# Curvature Stats lh Wed Mar 11 23:39:59 CET 2026
#@# Curvature Stats rh Wed Mar 11 23:40:01 CET 2026
#@# Relabel Hypointensities Wed Mar 11 23:40:03 CET 2026
#@# APas-to-ASeg Wed Mar 11 23:40:14 CET 2026
#@# AParc-to-ASeg aparc Wed Mar 11 23:40:21 CET 2026
#@# AParc-to-ASeg aparc.a2009s Wed Mar 11 23:40:44 CET 2026
#@# AParc-to-ASeg aparc.DKTatlas Wed Mar 11 23:41:02 CET 2026
#@# WMParc Wed Mar 11 23:41:24 CET 2026
#@# ASeg Stats Wed Mar 11 23:43:28 CET 2026
recon-all -s sub-v1s0x0050664_ses-1 finished without error at Wed Mar 11 23:43:48 CET 2026
