status file for recon-all
Wed Mar 11 23:10:26 CET 2026
#@# Tessellate rh Wed Mar 11 23:10:26 CET 2026
#@# Smooth1 rh Wed Mar 11 23:10:29 CET 2026
#@# Inflation1 rh Wed Mar 11 23:10:31 CET 2026
#@# QSphere rh Wed Mar 11 23:10:45 CET 2026
#@# Fix Topology rh Wed Mar 11 23:11:47 CET 2026
#@# Smooth2 rh Wed Mar 11 23:16:58 CET 2026
#@# Inflation2 rh Wed Mar 11 23:17:00 CET 2026
#@# Curv .H and .K rh Wed Mar 11 23:17:14 CET 2026
#@# Sphere rh Wed Mar 11 23:17:53 CET 2026
#@# Surf Reg rh Wed Mar 11 23:19:54 CET 2026
#@# Jacobian white rh Wed Mar 11 23:24:36 CET 2026
#@# AvgCurv rh Wed Mar 11 23:24:37 CET 2026
#@# Cortical Parc rh Wed Mar 11 23:24:38 CET 2026
#@# white curv rh Wed Mar 11 23:29:55 CET 2026
#@# white area rh Wed Mar 11 23:29:56 CET 2026
#@# pial curv rh Wed Mar 11 23:29:57 CET 2026
#@# pial area rh Wed Mar 11 23:29:59 CET 2026
#@# thickness rh Wed Mar 11 23:29:59 CET 2026
#@# area and vertex vol rh Wed Mar 11 23:30:20 CET 2026
#@# Curvature Stats rh Wed Mar 11 23:30:21 CET 2026
#@# Cortical Parc 2 rh Wed Mar 11 23:30:23 CET 2026
#@# Cortical Parc 3 rh Wed Mar 11 23:30:34 CET 2026
#@# WM/GM Contrast rh Wed Mar 11 23:30:42 CET 2026
recon-all -s sub-v1s0x0050664_ses-1 finished without error at Wed Mar 11 23:30:45 CET 2026



#New# invocation of recon-all 



status file for recon-all
Wed Mar 11 23:36:57 CET 2026
#@# white curv rh Wed Mar 11 23:36:57 CET 2026
#@# white area rh Wed Mar 11 23:36:57 CET 2026
#@# pial curv rh Wed Mar 11 23:36:57 CET 2026
#@# pial area rh Wed Mar 11 23:36:57 CET 2026
#@# thickness rh Wed Mar 11 23:36:57 CET 2026
#@# area and vertex vol rh Wed Mar 11 23:36:57 CET 2026
#@# Parcellation Stats rh Wed Mar 11 23:36:57 CET 2026
#@# Parcellation Stats 2 rh Wed Mar 11 23:37:13 CET 2026
#@# Parcellation Stats 3 rh Wed Mar 11 23:37:22 CET 2026
#@# BA_exvivo Labels rh Wed Mar 11 23:37:30 CET 2026
recon-all -s sub-v1s0x0050664_ses-1 finished without error at Wed Mar 11 23:39:54 CET 2026
