status file for recon-all
Sun Mar  8 14:42:04 CET 2026
#@# Tessellate lh Sun Mar  8 14:42:04 CET 2026
#@# Smooth1 lh Sun Mar  8 14:42:08 CET 2026
#@# Inflation1 lh Sun Mar  8 14:42:11 CET 2026
#@# QSphere lh Sun Mar  8 14:42:25 CET 2026
#@# Fix Topology lh Sun Mar  8 14:43:41 CET 2026
#@# Smooth2 lh Sun Mar  8 14:50:37 CET 2026
#@# Inflation2 lh Sun Mar  8 14:50:40 CET 2026
#@# Curv .H and .K lh Sun Mar  8 14:50:57 CET 2026
#@# Sphere lh Sun Mar  8 14:51:49 CET 2026
#@# Surf Reg lh Sun Mar  8 14:57:06 CET 2026
#@# Jacobian white lh Sun Mar  8 15:02:58 CET 2026
#@# AvgCurv lh Sun Mar  8 15:02:59 CET 2026
#@# Cortical Parc lh Sun Mar  8 15:03:00 CET 2026
#@# white curv lh Sun Mar  8 15:09:37 CET 2026
#@# white area lh Sun Mar  8 15:09:39 CET 2026
#@# pial curv lh Sun Mar  8 15:09:40 CET 2026
#@# pial area lh Sun Mar  8 15:09:42 CET 2026
#@# thickness lh Sun Mar  8 15:09:43 CET 2026
#@# area and vertex vol lh Sun Mar  8 15:10:15 CET 2026
#@# Curvature Stats lh Sun Mar  8 15:10:17 CET 2026
#@# Cortical Parc 2 lh Sun Mar  8 15:10:21 CET 2026
#@# Cortical Parc 3 lh Sun Mar  8 15:10:35 CET 2026
#@# WM/GM Contrast lh Sun Mar  8 15:10:46 CET 2026
recon-all -s sub-v1s0x0050646_ses-1 finished without error at Sun Mar  8 15:10:49 CET 2026



#New# invocation of recon-all 



status file for recon-all
Sun Mar  8 15:49:53 CET 2026
#@# white curv lh Sun Mar  8 15:49:53 CET 2026
#@# white area lh Sun Mar  8 15:49:53 CET 2026
#@# pial curv lh Sun Mar  8 15:49:53 CET 2026
#@# pial area lh Sun Mar  8 15:49:53 CET 2026
#@# thickness lh Sun Mar  8 15:49:53 CET 2026
#@# area and vertex vol lh Sun Mar  8 15:49:53 CET 2026
#@# Parcellation Stats lh Sun Mar  8 15:49:53 CET 2026
#@# Parcellation Stats 2 lh Sun Mar  8 15:50:14 CET 2026
#@# Parcellation Stats 3 lh Sun Mar  8 15:50:25 CET 2026
#@# BA_exvivo Labels lh Sun Mar  8 15:50:36 CET 2026
recon-all -s sub-v1s0x0050646_ses-1 finished without error at Sun Mar  8 15:53:36 CET 2026
