status file for recon-all
Sun Mar  8 12:37:39 CET 2026
#@# MotionCor Sun Mar  8 12:37:41 CET 2026
#@# Talairach Sun Mar  8 12:37:48 CET 2026
#@# Talairach Failure Detection Sun Mar  8 12:42:14 CET 2026
#@# Nu Intensity Correction Sun Mar  8 12:42:14 CET 2026
#@# Intensity Normalization Sun Mar  8 12:45:29 CET 2026
recon-all -s sub-v1s0x0050646_ses-1 finished without error at Sun Mar  8 12:47:01 CET 2026



#New# invocation of recon-all 



status file for recon-all
Sun Mar  8 12:53:59 CET 2026
#@# EM Registration Sun Mar  8 12:53:59 CET 2026
recon-all -s sub-v1s0x0050646_ses-1 finished without error at Sun Mar  8 12:57:06 CET 2026



#New# invocation of recon-all 



status file for recon-all
Sun Mar  8 12:57:09 CET 2026
#@# CA Normalize Sun Mar  8 12:57:09 CET 2026
#@# CA Reg Sun Mar  8 12:58:30 CET 2026
#@# SubCort Seg Sun Mar  8 13:54:08 CET 2026
#@# CC Seg Sun Mar  8 14:35:18 CET 2026
#@# Merge ASeg Sun Mar  8 14:36:07 CET 2026
#@# Intensity Normalization2 Sun Mar  8 14:36:07 CET 2026
#@# Mask BFS Sun Mar  8 14:38:29 CET 2026
#@# WM Segmentation Sun Mar  8 14:38:30 CET 2026
#@# Fill Sun Mar  8 14:40:53 CET 2026
recon-all -s sub-v1s0x0050646_ses-1 finished without error at Sun Mar  8 14:41:59 CET 2026



#New# invocation of recon-all 



status file for recon-all
Sun Mar  8 15:41:16 CET 2026
#@# white curv lh Sun Mar  8 15:41:16 CET 2026
#@# white area lh Sun Mar  8 15:41:16 CET 2026
#@# pial curv lh Sun Mar  8 15:41:16 CET 2026
#@# pial area lh Sun Mar  8 15:41:16 CET 2026
#@# thickness lh Sun Mar  8 15:41:16 CET 2026
#@# area and vertex vol lh Sun Mar  8 15:41:16 CET 2026
#@# white curv rh Sun Mar  8 15:41:16 CET 2026
#@# white area rh Sun Mar  8 15:41:16 CET 2026
#@# pial curv rh Sun Mar  8 15:41:16 CET 2026
#@# pial area rh Sun Mar  8 15:41:16 CET 2026
#@# thickness rh Sun Mar  8 15:41:16 CET 2026
#@# area and vertex vol rh Sun Mar  8 15:41:16 CET 2026
#@# Cortical ribbon mask Sun Mar  8 15:41:16 CET 2026
recon-all -s sub-v1s0x0050646_ses-1 finished without error at Sun Mar  8 15:49:49 CET 2026



#New# invocation of recon-all 



status file for recon-all
Sun Mar  8 15:57:38 CET 2026
#@# white curv lh Sun Mar  8 15:57:38 CET 2026
#@# white area lh Sun Mar  8 15:57:38 CET 2026
#@# pial curv lh Sun Mar  8 15:57:39 CET 2026
#@# pial area lh Sun Mar  8 15:57:39 CET 2026
#@# thickness lh Sun Mar  8 15:57:39 CET 2026
#@# area and vertex vol lh Sun Mar  8 15:57:39 CET 2026
#@# white curv rh Sun Mar  8 15:57:39 CET 2026
#@# white area rh Sun Mar  8 15:57:39 CET 2026
#@# pial curv rh Sun Mar  8 15:57:39 CET 2026
#@# pial area rh Sun Mar  8 15:57:39 CET 2026
#@# thickness rh Sun Mar  8 15:57:39 CET 2026
#@# area and vertex vol rh Sun Mar  8 15:57:39 CET 2026
#@# Curvature Stats lh Sun Mar  8 15:57:39 CET 2026
#@# Curvature Stats rh Sun Mar  8 15:57:42 CET 2026
#@# Relabel Hypointensities Sun Mar  8 15:57:45 CET 2026
#@# APas-to-ASeg Sun Mar  8 15:58:02 CET 2026
#@# AParc-to-ASeg aparc Sun Mar  8 15:58:11 CET 2026
#@# AParc-to-ASeg aparc.a2009s Sun Mar  8 15:58:47 CET 2026
#@# AParc-to-ASeg aparc.DKTatlas Sun Mar  8 15:59:27 CET 2026
#@# WMParc Sun Mar  8 16:00:07 CET 2026
#@# ASeg Stats Sun Mar  8 16:04:17 CET 2026
recon-all -s sub-v1s0x0050646_ses-1 finished without error at Sun Mar  8 16:04:58 CET 2026
