status file for recon-all
Sun Mar  8 15:10:54 CET 2026
#@# Tessellate rh Sun Mar  8 15:10:54 CET 2026
#@# Smooth1 rh Sun Mar  8 15:10:59 CET 2026
#@# Inflation1 rh Sun Mar  8 15:11:02 CET 2026
#@# QSphere rh Sun Mar  8 15:11:17 CET 2026
#@# Fix Topology rh Sun Mar  8 15:12:41 CET 2026
#@# Smooth2 rh Sun Mar  8 15:19:08 CET 2026
#@# Inflation2 rh Sun Mar  8 15:19:11 CET 2026
#@# Curv .H and .K rh Sun Mar  8 15:19:27 CET 2026
#@# Sphere rh Sun Mar  8 15:20:21 CET 2026
#@# Surf Reg rh Sun Mar  8 15:26:39 CET 2026
#@# Jacobian white rh Sun Mar  8 15:32:48 CET 2026
#@# AvgCurv rh Sun Mar  8 15:32:49 CET 2026
#@# Cortical Parc rh Sun Mar  8 15:32:50 CET 2026
#@# white curv rh Sun Mar  8 15:39:53 CET 2026
#@# white area rh Sun Mar  8 15:39:56 CET 2026
#@# pial curv rh Sun Mar  8 15:39:57 CET 2026
#@# pial area rh Sun Mar  8 15:39:59 CET 2026
#@# thickness rh Sun Mar  8 15:40:00 CET 2026
#@# area and vertex vol rh Sun Mar  8 15:40:35 CET 2026
#@# Curvature Stats rh Sun Mar  8 15:40:37 CET 2026
#@# Cortical Parc 2 rh Sun Mar  8 15:40:40 CET 2026
#@# Cortical Parc 3 rh Sun Mar  8 15:40:55 CET 2026
#@# WM/GM Contrast rh Sun Mar  8 15:41:07 CET 2026
recon-all -s sub-v1s0x0050646_ses-1 finished without error at Sun Mar  8 15:41:11 CET 2026



#New# invocation of recon-all 



status file for recon-all
Sun Mar  8 15:53:40 CET 2026
#@# white curv rh Sun Mar  8 15:53:40 CET 2026
#@# white area rh Sun Mar  8 15:53:40 CET 2026
#@# pial curv rh Sun Mar  8 15:53:40 CET 2026
#@# pial area rh Sun Mar  8 15:53:40 CET 2026
#@# thickness rh Sun Mar  8 15:53:40 CET 2026
#@# area and vertex vol rh Sun Mar  8 15:53:40 CET 2026
#@# Parcellation Stats rh Sun Mar  8 15:53:40 CET 2026
#@# Parcellation Stats 2 rh Sun Mar  8 15:54:04 CET 2026
#@# Parcellation Stats 3 rh Sun Mar  8 15:54:16 CET 2026
#@# BA_exvivo Labels rh Sun Mar  8 15:54:27 CET 2026
recon-all -s sub-v1s0x0050646_ses-1 finished without error at Sun Mar  8 15:57:34 CET 2026
