/out/sourcedata/freesurfer/sub-v1s0x0050649_ses-1/mri
/opt/freesurfer/bin/talairach_avi
--i orig_nu.mgz --xfm transforms/talairach.auto.xfm
talairach_avi 7.3.2
Linux dna065 5.14.0-427.37.1.el9_4.x86_64 #1 SMP PREEMPT_DYNAMIC Fri Sep 13 12:41:50 EDT 2024 x86_64 x86_64 x86_64 GNU/Linux
Wed Mar 11 20:49:32 CET 2026
mri_convert orig_nu.mgz talsrcimg.img 
reading from orig_nu.mgz...
TR=0.00, TE=0.00, TI=0.00, flip angle=0.00
i_ras = (-1, 0, 0)
j_ras = (0, 0, -1)
k_ras = (0, 1, 0)
writing to talsrcimg.img...
Analyze Output Matrix
-1.00000   0.00000   0.00000   133.44794;
 0.00000   0.00000   1.00000  -139.81598;
 0.00000  -1.00000   0.00000   123.00000;
 0.00000   0.00000   0.00000   1.00000;
--------------------
INFO: set hdr.hist.orient to -1
mpr2mni305 talsrcimg
Wed Mar 11 20:49:33 CET 2026
/opt/freesurfer/bin/mpr2mni305 talsrcimg
mpr2mni305 7.3.2
target=711-2C_as_mni_average_305

---------------------------------------------------------------------
analyzeto4dfp talsrcimg -O0 -y
---------------------------------------------------------------------

freesurfer ifh2hdr.c
Wed Mar 11 20:49:33 2026
Writing: talsrcimg.4dfp.hdr
freesurfer analyzeto4dfp.c
Reading: talsrcimg.hdr
header size 348 bytes
hdr.dime.datatype	offset=70	value=2
hdr.dime.bitpix		offset=72	value=8
hdr.hist.orient		offset=252	value=-1
dimensionality     4
dimensions       256       256       256         1
Reading: talsrcimg.img
Writing: talsrcimg.4dfp.img
Writing: talsrcimg.4dfp.ifh
ifh2hdr talsrcimg -r0to251
ori=2

---------------------------------------------------------------------
gauss_4dfp talsrcimg 1.1
---------------------------------------------------------------------

freesurfer gauss_4dfp.c
Reading: talsrcimg.4dfp.img
Writing: talsrcimg_g11.4dfp.img
image dimensions 256 256 256 padded to 288 288 288
processing volume 1freesurfer ifh2hdr.c
Wed Mar 11 20:49:34 2026
Writing: talsrcimg_g11.4dfp.hdr

Writing: talsrcimg_g11.4dfp.ifh
including: talsrcimg.4dfp.img.rec in talsrcimg_g11.4dfp.img.rec

---------------------------------------------------------------------
imgreg_4dfp /opt/freesurfer/average/711-2C_as_mni_average_305 none talsrcimg_g11 none talsrcimg_to_711-2C_as_mni_average_305_t4 4355
---------------------------------------------------------------------

freesurfer imgreg_4dfp.c
/opt/freesurfer/average/711-2C_as_mni_average_305.4dfp.img
       256       256       256         1
  1.000000  1.000000  1.000000
orientation T byte_order littleendian
Reading image: /opt/freesurfer/average/711-2C_as_mni_average_305.4dfp.img
dimensions:      256       256       256
mmppix:       1.0000   -1.0000   -1.0000
center:     128.0000 -129.0000 -129.0000
talsrcimg_g11.4dfp.img
       256       256       256         1
  1.000000  1.000000  1.000000
orientation T byte_order littleendian
Reading image: talsrcimg_g11.4dfp.img
dimensions:      256       256       256
mmppix:       1.0000   -1.0000   -1.0000
center:     128.0000 -129.0000 -129.0000
t4_read: open error in t4_sub.f l:  41 t4_file(1:l)talsrcimg_to_711-2C_as_mni_average_305_t4 
t4_read: transform initialized to I4
rotation matrix determinant  1.000000
image alignment mode   4355 decimal     1103 hex
   -7.5000  -45.0000  -45.0000 7228.3901   12.3182
    0.0000  -45.0000  -45.0000 7582.4126   12.3051
    7.5000  -45.0000  -45.0000 7234.1655   12.3184
   -7.5000  -37.5000  -45.0000 7714.8496   12.1079
    0.0000  -37.5000  -45.0000 8100.7515   12.0998
    7.5000  -37.5000  -45.0000 7708.7036   12.0997
   -7.5000  -30.0000  -45.0000 8559.4727   12.0278
    0.0000  -30.0000  -45.0000 8979.3584   12.0239
    7.5000  -30.0000  -45.0000 8538.4180   12.0211
   -7.5000  -22.5000  -45.0000 9418.0654   12.0072
    0.0000  -22.5000  -45.0000 9897.2168   12.0017
    7.5000  -22.5000  -45.0000 9389.5566   12.0118
   -7.5000  -15.0000  -45.000010251.8867   11.9937
    0.0000  -15.0000  -45.000010778.7285   11.9842
    7.5000  -15.0000  -45.000010200.3760   12.0085
   -7.5000   -7.5000  -45.000011072.7744   12.0039
    0.0000   -7.5000  -45.000011638.6201   11.9912
    7.5000   -7.5000  -45.000011000.5791   12.0160
   -7.5000    0.0000  -45.000011827.6445   12.0240
    0.0000    0.0000  -45.000012436.1328   12.0113
    7.5000    0.0000  -45.000011732.3975   12.0245
   -7.5000    7.5000  -45.000011724.7139   12.0344
    0.0000    7.5000  -45.000012332.3721   12.0265
    7.5000    7.5000  -45.000011628.3926   12.0263
   -7.5000   15.0000  -45.000011354.6797   12.0278
    0.0000   15.0000  -45.000011957.5654   12.0238
    7.5000   15.0000  -45.000011258.4561   12.0211
   -7.5000   22.5000  -45.000010814.3193   12.0055
    0.0000   22.5000  -45.000011403.5859   12.0001
    7.5000   22.5000  -45.000010721.3545   12.0102
   -7.5000   30.0000  -45.000010210.4141   11.8339
    0.0000   30.0000  -45.000010793.7842   11.8245
    7.5000   30.0000  -45.000010137.5850   11.8485
   -7.5000   37.5000  -45.0000 9920.4307   11.8439
    0.0000   37.5000  -45.000010492.1035   11.8314
    7.5000   37.5000  -45.0000 9850.3203   11.8559
   -7.5000   45.0000  -45.0000 9153.6484   11.5625
    0.0000   45.0000  -45.0000 9674.1191   11.5503
    7.5000   45.0000  -45.0000 9084.7012   11.5630
   -7.5000  -45.0000  -37.5000 7599.6021   12.2318
    0.0000  -45.0000  -37.5000 7966.7354   12.2240
    7.5000  -45.0000  -37.5000 7604.5679   12.2426
   -7.5000  -37.5000  -37.5000 8144.3853   12.0271
    0.0000  -37.5000  -37.5000 8534.1914   12.0260
    7.5000  -37.5000  -37.5000 8130.5762   12.0309
   -7.5000  -30.0000  -37.5000 9037.7139   11.9503
    0.0000  -30.0000  -37.5000 9472.2646   11.9533
    7.5000  -30.0000  -37.5000 9012.5088   11.9538
   -7.5000  -22.5000  -37.5000 9941.4023   11.9302
    0.0000  -22.5000  -37.500010435.9102   11.9300
    7.5000  -22.5000  -37.5000 9910.2207   11.9411
   -7.5000  -15.0000  -37.500010825.6611   11.9152
    0.0000  -15.0000  -37.500011360.1719   11.9089
    7.5000  -15.0000  -37.500010786.0498   11.9336
   -7.5000   -7.5000  -37.500011693.7002   11.9224
    0.0000   -7.5000  -37.500012256.7686   11.9130
    7.5000   -7.5000  -37.500011623.7354   11.9404
   -7.5000    0.0000  -37.500012482.3672   11.9417
    0.0000    0.0000  -37.500013094.5107   11.9342
    7.5000    0.0000  -37.500012383.4033   11.9522
   -7.5000    7.5000  -37.500012341.2900   11.9545
    0.0000    7.5000  -37.500012964.6523   11.9534
    7.5000    7.5000  -37.500012245.2363   11.9582
   -7.5000   15.0000  -37.500011938.1143   11.9503
    0.0000   15.0000  -37.500012554.5234   11.9533
    7.5000   15.0000  -37.500011831.1855   11.9538
   -7.5000   22.5000  -37.500011358.1318   11.9286
    0.0000   22.5000  -37.500011944.2705   11.9284
    7.5000   22.5000  -37.500011251.4531   11.9394
   -7.5000   30.0000  -37.500010735.5576   11.7564
    0.0000   30.0000  -37.500011323.1670   11.7502
    7.5000   30.0000  -37.500010656.4551   11.7746
   -7.5000   37.5000  -37.500010438.0527   11.7635
    0.0000   37.5000  -37.500011005.7832   11.7542
    7.5000   37.5000  -37.500010373.1631   11.7813
   -7.5000   45.0000  -37.5000 9636.9951   11.4834
    0.0000   45.0000  -37.500010157.2852   11.4761
    7.5000   45.0000  -37.5000 9567.3281   11.4935
   -7.5000  -45.0000  -30.0000 8108.8726   12.7011
    0.0000  -45.0000  -30.0000 8498.9316   12.6949
    7.5000  -45.0000  -30.0000 8106.7612   12.7132
   -7.5000  -37.5000  -30.0000 8716.0674   12.4917
    0.0000  -37.5000  -30.0000 9128.2822   12.4932
    7.5000  -37.5000  -30.0000 8690.1367   12.4986
   -7.5000  -30.0000  -30.0000 9690.1777   12.4111
    0.0000  -30.0000  -30.000010134.8789   12.4161
    7.5000  -30.0000  -30.0000 9652.9707   12.4189
   -7.5000  -22.5000  -30.000010642.9502   12.3874
    0.0000  -22.5000  -30.000011130.4004   12.3871
    7.5000  -22.5000  -30.000010602.3359   12.4011
   -7.5000  -15.0000  -30.000011595.9805   12.3696
    0.0000  -15.0000  -30.000012123.3877   12.3622
    7.5000  -15.0000  -30.000011561.9531   12.3892
   -7.5000   -7.5000  -30.000012528.9834   12.3781
    0.0000   -7.5000  -30.000013091.8164   12.3685
    7.5000   -7.5000  -30.000012464.1289   12.3968
   -7.5000    0.0000  -30.000013365.6729   12.4013
    0.0000    0.0000  -30.000013976.2715   12.3953
    7.5000    0.0000  -30.000013258.9746   12.4131
   -7.5000    7.5000  -30.000013209.4062   12.4164
    0.0000    7.5000  -30.000013805.1094   12.4179
    7.5000    7.5000  -30.000013084.2432   12.4233
   -7.5000   15.0000  -30.000012781.4854   12.4111
    0.0000   15.0000  -30.000013376.0693   12.4161
    7.5000   15.0000  -30.000012660.6514   12.4189
   -7.5000   22.5000  -30.000012153.7021   12.3844
    0.0000   22.5000  -30.000012726.2402   12.3841
    7.5000   22.5000  -30.000012055.0605   12.3982
   -7.5000   30.0000  -30.000011463.1836   12.2059
    0.0000   30.0000  -30.000012032.4404   12.1986
    7.5000   30.0000  -30.000011390.1094   12.2252
   -7.5000   37.5000  -30.000011173.2812   12.2143
    0.0000   37.5000  -30.000011721.1084   12.2049
    7.5000   37.5000  -30.000011092.1621   12.2328
   -7.5000   45.0000  -30.000010336.3359   11.9341
    0.0000   45.0000  -30.000010841.6621   11.9283
    7.5000   45.0000  -30.000010257.6436   11.9454
   -7.5000  -45.0000  -22.5000 8629.0645   13.1363
    0.0000  -45.0000  -22.5000 9045.9883   13.1256
    7.5000  -45.0000  -22.5000 8617.1924   13.1375
   -7.5000  -37.5000  -22.5000 9293.5586   12.9168
    0.0000  -37.5000  -22.5000 9732.2754   12.9128
    7.5000  -37.5000  -22.5000 9266.8535   12.9131
   -7.5000  -30.0000  -22.500010351.1895   12.8283
    0.0000  -30.0000  -22.500010814.6836   12.8271
    7.5000  -30.0000  -22.500010318.9844   12.8291
   -7.5000  -22.5000  -22.500011383.3164   12.8011
    0.0000  -22.5000  -22.500011881.8516   12.7950
    7.5000  -22.5000  -22.500011350.4180   12.8113
   -7.5000  -15.0000  -22.500012394.4160   12.7847
    0.0000  -15.0000  -22.500012935.6299   12.7730
    7.5000  -15.0000  -22.500012374.4492   12.8019
   -7.5000   -7.5000  -22.500013370.1064   12.7993
    0.0000   -7.5000  -22.500013971.0410   12.7862
    7.5000   -7.5000  -22.500013324.3984   12.8124
   -7.5000    0.0000  -22.500014239.9102   12.8265
    0.0000    0.0000  -22.500014876.0850   12.8162
    7.5000    0.0000  -22.500014153.8916   12.8282
   -7.5000    7.5000  -22.500014084.6221   12.8390
    0.0000    7.5000  -22.500014686.6777   12.8351
    7.5000    7.5000  -22.500013975.6387   12.8355
   -7.5000   15.0000  -22.500013652.4375   12.8282
    0.0000   15.0000  -22.500014261.1895   12.8271
    7.5000   15.0000  -22.500013550.9297   12.8291
   -7.5000   22.5000  -22.500013004.3389   12.7971
    0.0000   22.5000  -22.500013575.5879   12.7911
    7.5000   22.5000  -22.500012902.2871   12.8074
   -7.5000   30.0000  -22.500012240.5469   12.6174
    0.0000   30.0000  -22.500012803.9941   12.6059
    7.5000   30.0000  -22.500012172.7393   12.6344
   -7.5000   37.5000  -22.500011909.8281   12.6319
    0.0000   37.5000  -22.500012465.5488   12.6189
    7.5000   37.5000  -22.500011835.1680   12.6448
   -7.5000   45.0000  -22.500011045.7314   12.3526
    0.0000   45.0000  -22.500011552.3408   12.3426
    7.5000   45.0000  -22.500010968.7324   12.3541
   -7.5000  -45.0000  -15.0000 9108.4336   13.4615
    0.0000  -45.0000  -15.0000 9563.8154   13.4450
    7.5000  -45.0000  -15.0000 9107.7070   13.4512
   -7.5000  -37.5000  -15.0000 9833.3623   13.2321
    0.0000  -37.5000  -15.000010317.0361   13.2203
    7.5000  -37.5000  -15.0000 9827.9004   13.2152
   -7.5000  -30.0000  -15.000010989.3779   13.1376
    0.0000  -30.0000  -15.000011503.3857   13.1287
    7.5000  -30.0000  -15.000010970.3203   13.1275
   -7.5000  -22.5000  -15.000012113.2744   13.1096
    0.0000  -22.5000  -15.000012651.3203   13.0981
    7.5000  -22.5000  -15.000012084.8291   13.1136
   -7.5000  -15.0000  -15.000013196.5059   13.0961
    0.0000  -15.0000  -15.000013772.9922   13.0815
    7.5000  -15.0000  -15.000013189.1855   13.1101
   -7.5000   -7.5000  -15.000014257.6357   13.1153
    0.0000   -7.5000  -15.000014904.6270   13.0991
    7.5000   -7.5000  -15.000014212.8145   13.1226
   -7.5000    0.0000  -15.000015151.3232   13.1437
    0.0000    0.0000  -15.000015829.7002   13.1279
    7.5000    0.0000  -15.000015074.9453   13.1345
   -7.5000    7.5000  -15.000015016.4697   13.1525
    0.0000    7.5000  -15.000015642.9355   13.1409
    7.5000    7.5000  -15.000014888.1865   13.1359
   -7.5000   15.0000  -15.000014572.5195   13.1376
    0.0000   15.0000  -15.000015203.3477   13.1287
    7.5000   15.0000  -15.000014451.5234   13.1274
   -7.5000   22.5000  -15.000013887.7812   13.1050
    0.0000   22.5000  -15.000014496.0645   13.0935
    7.5000   22.5000  -15.000013771.6465   13.1090
   -7.5000   30.0000  -15.000013057.3428   12.9266
    0.0000   30.0000  -15.000013644.1865   12.9122
    7.5000   30.0000  -15.000012950.3301   12.9405
   -7.5000   37.5000  -15.000012661.3750   12.9455
    0.0000   37.5000  -15.000013224.1445   12.9295
    7.5000   37.5000  -15.000012558.6455   12.9528
   -7.5000   45.0000  -15.000011759.2314   12.6657
    0.0000   45.0000  -15.000012288.5273   12.6504
    7.5000   45.0000  -15.000011673.6982   12.6568
   -7.5000  -45.0000   -7.5000 9605.6670   13.6296
    0.0000  -45.0000   -7.500010106.9834   13.6121
    7.5000  -45.0000   -7.5000 9611.4561   13.6200
   -7.5000  -37.5000   -7.500010377.8662   13.3960
    0.0000  -37.5000   -7.500010902.5693   13.3825
    7.5000  -37.5000   -7.500010377.4004   13.3776
   -7.5000  -30.0000   -7.500011628.6006   13.3025
    0.0000  -30.0000   -7.500012187.4922   13.2926
    7.5000  -30.0000   -7.500011604.9580   13.2890
   -7.5000  -22.5000   -7.500012850.6230   13.2771
    0.0000  -22.5000   -7.500013456.0508   13.2661
    7.5000  -22.5000   -7.500012832.0273   13.2787
   -7.5000  -15.0000   -7.500014026.4150   13.2645
    0.0000  -15.0000   -7.500014669.4463   13.2511
    7.5000  -15.0000   -7.500014000.1436   13.2782
   -7.5000   -7.5000   -7.500015217.4258   13.2817
    0.0000   -7.5000   -7.500015953.9229   13.2659
    7.5000   -7.5000   -7.500015169.4795   13.2898
   -7.5000    0.0000   -7.500016177.5381   13.3073
    0.0000    0.0000   -7.500016921.1582   13.2904
    7.5000    0.0000   -7.500016105.4316   13.2987
   -7.5000    7.5000   -7.500016004.2178   13.3154
    0.0000    7.5000   -7.500016685.5879   13.3022
    7.5000    7.5000   -7.500015837.8857   13.2973
   -7.5000   15.0000   -7.500015560.0195   13.3025
    0.0000   15.0000   -7.500016237.4189   13.2926
    7.5000   15.0000   -7.500015379.1133   13.2890
   -7.5000   22.5000   -7.500014860.1455   13.2710
    0.0000   22.5000   -7.500015535.5146   13.2599
    7.5000   22.5000   -7.500014691.5605   13.2726
   -7.5000   30.0000   -7.500013993.9834   13.0925
    0.0000   30.0000   -7.500014641.5312   13.0792
    7.5000   30.0000   -7.500013825.8711   13.1060
   -7.5000   37.5000   -7.500013580.6416   13.1095
    0.0000   37.5000   -7.500014207.5186   13.0938
    7.5000   37.5000   -7.500013400.8008   13.1175
   -7.5000   45.0000   -7.500012610.3926   12.8257
    0.0000   45.0000   -7.500013210.5869   12.8095
    7.5000   45.0000   -7.500012455.8125   12.8174
   -7.5000  -45.0000    0.0000 9983.7783   13.6592
    0.0000  -45.0000    0.000010558.8486   13.6453
    7.5000  -45.0000    0.000010025.1719   13.6604
   -7.5000  -37.5000    0.000010791.8369   13.4280
    0.0000  -37.5000    0.000011387.7139   13.4193
    7.5000  -37.5000    0.000010797.4443   13.4196
   -7.5000  -30.0000    0.000012096.0557   13.3403
    0.0000  -30.0000    0.000012725.5869   13.3362
    7.5000  -30.0000    0.000012064.6982   13.3333
   -7.5000  -22.5000    0.000013406.9229   13.3181
    0.0000  -22.5000    0.000014086.0742   13.3125
    7.5000  -22.5000    0.000013368.7949   13.3236
   -7.5000  -15.0000    0.000014726.4473   13.3035
    0.0000  -15.0000    0.000015451.4766   13.2937
    7.5000  -15.0000    0.000014682.1963   13.3204
   -7.5000   -7.5000    0.000016100.3379   13.3143
    0.0000   -7.5000    0.000016988.4688   13.3010
    7.5000   -7.5000    0.000016033.8838   13.3285
   -7.5000    0.0000    0.000017346.1465   13.3359
    0.0000    0.0000    0.000018246.6543   13.3223
    7.5000    0.0000    0.000017170.6367   13.3373
   -7.5000    7.5000    0.000017150.7324   13.3472
    0.0000    7.5000    0.000017969.0000   13.3387
    7.5000    7.5000    0.000016849.4492   13.3389
   -7.5000   15.0000    0.000016632.5918   13.3403
    0.0000   15.0000    0.000017377.3477   13.3362
    7.5000   15.0000    0.000016289.2559   13.3333
   -7.5000   22.5000    0.000015862.2871   13.3120
    0.0000   22.5000    0.000016633.6230   13.3064
    7.5000   22.5000    0.000015552.8672   13.3175
   -7.5000   30.0000    0.000014901.5742   13.1313
    0.0000   30.0000    0.000015647.8223   13.1217
    7.5000   30.0000    0.000014611.1543   13.1480
   -7.5000   37.5000    0.000014427.5098   13.1419
    0.0000   37.5000    0.000015160.4102   13.1288
    7.5000   37.5000    0.000014117.5283   13.1560
   -7.5000   45.0000    0.000013365.2705   12.8542
    0.0000   45.0000    0.000014044.6045   12.8412
    7.5000   45.0000    0.000013094.8330   12.8556
   -7.5000  -45.0000    7.5000 9621.3389   13.6504
    0.0000  -45.0000    7.500010187.2930   13.6416
    7.5000  -45.0000    7.5000 9660.5938   13.6623
   -7.5000  -37.5000    7.500010392.4404   13.4237
    0.0000  -37.5000    7.500010993.0918   13.4223
    7.5000  -37.5000    7.500010403.0166   13.4278
   -7.5000  -30.0000    7.500011635.0117   13.3393
    0.0000  -30.0000    7.500012273.3643   13.3426
    7.5000  -30.0000    7.500011614.8730   13.3431
   -7.5000  -22.5000    7.500012936.1553   13.3168
    0.0000  -22.5000    7.500013592.2119   13.3165
    7.5000  -22.5000    7.500012860.3867   13.3289
   -7.5000  -15.0000    7.500014201.4326   13.2989
    0.0000  -15.0000    7.500014970.4307   13.2919
    7.5000  -15.0000    7.500014126.7510   13.3195
   -7.5000   -7.5000    7.500015629.9932   13.3059
    0.0000   -7.5000    7.500016760.7988   13.2955
    7.5000   -7.5000    7.500015540.7197   13.3260
   -7.5000    0.0000    7.500017124.3926   13.3275
    0.0000    0.0000    7.500018566.3809   13.3190
    7.5000    0.0000    7.500016895.2168   13.3392
   -7.5000    7.5000    7.500017129.6113   13.3429
    0.0000    7.5000    7.500018436.5371   13.3415
    7.5000    7.5000    7.500016732.9922   13.3469
   -7.5000   15.0000    7.500016497.2031   13.3393
    0.0000   15.0000    7.500017523.6113   13.3425
    7.5000   15.0000    7.500016037.2998   13.3431
   -7.5000   22.5000    7.500015593.5264   13.3107
    0.0000   22.5000    7.500016460.7148   13.3104
    7.5000   22.5000    7.500015159.0957   13.3227
   -7.5000   30.0000    7.500014584.6436   13.1268
    0.0000   30.0000    7.500015328.9160   13.1199
    7.5000   30.0000    7.500014177.3682   13.1471
   -7.5000   37.5000    7.500014082.0889   13.1337
    0.0000   37.5000    7.500014779.7588   13.1234
    7.5000   37.5000    7.500013685.5654   13.1536
   -7.5000   45.0000    7.500013039.6309   12.8462
    0.0000   45.0000    7.500013678.2793   12.8380
    7.5000   45.0000    7.500012691.1084   12.8574
   -7.5000  -45.0000   15.0000 9140.5713   13.6385
    0.0000  -45.0000   15.0000 9691.2705   13.6318
    7.5000  -45.0000   15.0000 9147.6533   13.6514
   -7.5000  -37.5000   15.0000 9878.6934   13.4136
    0.0000  -37.5000   15.000010469.4873   13.4153
    7.5000  -37.5000   15.0000 9850.5186   13.4210
   -7.5000  -30.0000   15.000011088.6221   13.3271
    0.0000  -30.0000   15.000011710.8945   13.3325
    7.5000  -30.0000   15.000010999.4004   13.3355
   -7.5000  -22.5000   15.000012354.1641   13.3015
    0.0000  -22.5000   15.000013017.8604   13.3012
    7.5000  -22.5000   15.000012211.3232   13.3163
   -7.5000  -15.0000   15.000013648.0254   13.2824
    0.0000  -15.0000   15.000014406.8467   13.2744
    7.5000  -15.0000   15.000013440.2832   13.3034
   -7.5000   -7.5000   15.000015048.5645   13.2916
    0.0000   -7.5000   15.000016117.6816   13.2813
    7.5000   -7.5000   15.000014747.7588   13.3116
   -7.5000    0.0000   15.000016462.6914   13.3165
    0.0000    0.0000   15.000017852.8125   13.3101
    7.5000    0.0000   15.000016012.1523   13.3292
   -7.5000    7.5000   15.000016372.4268   13.3328
    0.0000    7.5000   15.000017640.4492   13.3345
    7.5000    7.5000   15.000015942.8711   13.3402
   -7.5000   15.0000   15.000015698.4463   13.3271
    0.0000   15.0000   15.000016733.7617   13.3325
    7.5000   15.0000   15.000015328.3828   13.3355
   -7.5000   22.5000   15.000014847.4355   13.2954
    0.0000   22.5000   15.000015715.7656   13.2951
    7.5000   22.5000   15.000014457.8496   13.3102
   -7.5000   30.0000   15.000013950.1221   13.1105
    0.0000   30.0000   15.000014659.6709   13.1026
    7.5000   30.0000   15.000013537.0459   13.1313
   -7.5000   37.5000   15.000013477.4678   13.1196
    0.0000   37.5000   15.000014118.2998   13.1094
    7.5000   37.5000   15.000013041.9932   13.1394
   -7.5000   45.0000   15.000012461.5254   12.8356
    0.0000   45.0000   15.000013034.8135   12.8294
    7.5000   45.0000   15.000012090.4316   12.8478
   -7.5000  -45.0000   22.5000 8632.5088   13.6373
    0.0000  -45.0000   22.5000 9140.7793   13.6262
    7.5000  -45.0000   22.5000 8583.1299   13.6386
   -7.5000  -37.5000   22.5000 9361.2021   13.4094
    0.0000  -37.5000   22.5000 9886.5127   13.4052
    7.5000  -37.5000   22.5000 9264.7979   13.4056
   -7.5000  -30.0000   22.500010525.0674   13.3175
    0.0000  -30.0000   22.500011072.2852   13.3163
    7.5000  -30.0000   22.500010370.1689   13.3183
   -7.5000  -22.5000   22.500011745.3301   13.2893
    0.0000  -22.5000   22.500012306.2520   13.2830
    7.5000  -22.5000   22.500011523.2363   13.2999
   -7.5000  -15.0000   22.500012966.2119   13.2722
    0.0000  -15.0000   22.500013552.9795   13.2601
    7.5000  -15.0000   22.500012660.7598   13.2901
   -7.5000   -7.5000   22.500014230.0889   13.2874
    0.0000   -7.5000   22.500015016.9473   13.2738
    7.5000   -7.5000   22.500013826.5225   13.3010
   -7.5000    0.0000   22.500015350.2734   13.3157
    0.0000    0.0000   22.500016303.7842   13.3050
    7.5000    0.0000   22.500014961.0107   13.3174
   -7.5000    7.5000   22.500015015.0840   13.3287
    0.0000    7.5000   22.500015870.0674   13.3246
    7.5000    7.5000   22.500014800.0615   13.3250
   -7.5000   15.0000   22.500014425.7686   13.3174
    0.0000   15.0000   22.500015156.0352   13.3162
    7.5000   15.0000   22.500014229.6914   13.3183
   -7.5000   22.5000   22.500013811.5762   13.2831
    0.0000   22.5000   22.500014488.5674   13.2769
    7.5000   22.5000   22.500013516.7715   13.2937
   -7.5000   30.0000   22.500013099.9473   13.1004
    0.0000   30.0000   22.500013682.1826   13.0885
    7.5000   30.0000   22.500012713.5332   13.1181
   -7.5000   37.5000   22.500012696.9561   13.1154
    0.0000   37.5000   22.500013227.9824   13.1020
    7.5000   37.5000   22.500012276.9658   13.1288
   -7.5000   45.0000   22.500011737.8018   12.8348
    0.0000   45.0000   22.500012251.2617   12.8245
    7.5000   45.0000   22.500011370.9707   12.8364
   -7.5000  -45.0000   30.0000 8107.7363   13.8070
    0.0000  -45.0000   30.0000 8533.4531   13.7895
    7.5000  -45.0000   30.0000 8025.9946   13.7959
   -7.5000  -37.5000   30.0000 8804.4209   13.5687
    0.0000  -37.5000   30.0000 9234.0605   13.5562
    7.5000  -37.5000   30.0000 8684.9961   13.5510
   -7.5000  -30.0000   30.0000 9879.4141   13.4705
    0.0000  -30.0000   30.000010321.0557   13.4610
    7.5000  -30.0000   30.0000 9721.2891   13.4599
   -7.5000  -22.5000   30.000010988.8359   13.4415
    0.0000  -22.5000   30.000011429.8613   13.4293
    7.5000  -22.5000   30.000010765.5684   13.4455
   -7.5000  -15.0000   30.000012059.9268   13.4278
    0.0000  -15.0000   30.000012550.2607   13.4123
    7.5000  -15.0000   30.000011798.0264   13.4420
   -7.5000   -7.5000   30.000013134.8662   13.4479
    0.0000   -7.5000   30.000013804.5293   13.4307
    7.5000   -7.5000   30.000012868.2373   13.4551
   -7.5000    0.0000   30.000014040.8301   13.4774
    0.0000    0.0000   30.000014774.2129   13.4606
    7.5000    0.0000   30.000013867.2891   13.4674
   -7.5000    7.5000   30.000013722.6992   13.4861
    0.0000    7.5000   30.000014356.8789   13.4739
    7.5000    7.5000   30.000013640.4707   13.4687
   -7.5000   15.0000   30.000013310.0820   13.4704
    0.0000   15.0000   30.000013856.1143   13.4610
    7.5000   15.0000   30.000013165.8262   13.4598
   -7.5000   22.5000   30.000012797.4268   13.4353
    0.0000   22.5000   30.000013349.8672   13.4231
    7.5000   22.5000   30.000012568.9775   13.4393
   -7.5000   30.0000   30.000012198.8291   13.2540
    0.0000   30.0000   30.000012687.8994   13.2387
    7.5000   30.0000   30.000011902.8760   13.2680
   -7.5000   37.5000   30.000011855.0078   13.2739
    0.0000   37.5000   30.000012302.7178   13.2569
    7.5000   37.5000   30.000011499.4854   13.2809
   -7.5000   45.0000   30.000010954.3916   12.9906
    0.0000   45.0000   30.000011394.6475   12.9744
    7.5000   45.0000   30.000010625.5146   12.9810
   -7.5000  -45.0000   37.5000 7750.6953   14.0688
    0.0000  -45.0000   37.5000 8137.0273   14.0498
    7.5000  -45.0000   37.5000 7697.5347   14.0585
   -7.5000  -37.5000   37.5000 8453.1543   13.8198
    0.0000  -37.5000   37.5000 8829.4385   13.8051
    7.5000  -37.5000   37.5000 8344.6074   13.8006
   -7.5000  -30.0000   37.5000 9492.4854   13.7203
    0.0000  -30.0000   37.5000 9861.1172   13.7093
    7.5000  -30.0000   37.5000 9344.7012   13.7065
   -7.5000  -22.5000   37.500010512.5381   13.6938
    0.0000  -22.5000   37.500010911.7197   13.6817
    7.5000  -22.5000   37.500010356.7324   13.6959
   -7.5000  -15.0000   37.500011512.4619   13.6811
    0.0000  -15.0000   37.500011968.5117   13.6665
    7.5000  -15.0000   37.500011367.3447   13.6956
   -7.5000   -7.5000   37.500012515.5811   13.6997
    0.0000   -7.5000   37.500013109.9023   13.6825
    7.5000   -7.5000   37.500012394.4902   13.7079
   -7.5000    0.0000   37.500013357.3535   13.7263
    0.0000    0.0000   37.500013965.9082   13.7080
    7.5000    0.0000   37.500013308.5752   13.7170
   -7.5000    7.5000   37.500013114.9326   13.7343
    0.0000    7.5000   37.500013639.9023   13.7198
    7.5000    7.5000   37.500013047.3916   13.7153
   -7.5000   15.0000   37.500012751.4150   13.7203
    0.0000   15.0000   37.500013243.0342   13.7093
    7.5000   15.0000   37.500012601.4072   13.7065
   -7.5000   22.5000   37.500012287.6777   13.6875
    0.0000   22.5000   37.500012775.6221   13.6754
    7.5000   22.5000   37.500012107.3721   13.6896
   -7.5000   30.0000   37.500011714.0469   13.5041
    0.0000   30.0000   37.500012176.1318   13.4897
    7.5000   30.0000   37.500011507.2842   13.5183
   -7.5000   37.5000   37.500011406.7930   13.5224
    0.0000   37.5000   37.500011834.0576   13.5054
    7.5000   37.5000   37.500011139.4688   13.5305
   -7.5000   45.0000   37.500010543.2773   13.2306
    0.0000   45.0000   37.500010958.6543   13.2130
    7.5000   45.0000   37.500010288.1914   13.2216
   -7.5000  -45.0000   45.0000 7069.9058   14.3482
    0.0000  -45.0000   45.0000 7380.0562   14.3325
    7.5000  -45.0000   45.0000 7019.5547   14.3494
   -7.5000  -37.5000   45.0000 7726.2881   14.0908
    0.0000  -37.5000   45.0000 8047.0312   14.0808
    7.5000  -37.5000   45.0000 7639.5723   14.0819
   -7.5000  -30.0000   45.0000 8673.7002   13.9936
    0.0000  -30.0000   45.0000 9019.9912   13.9884
    7.5000  -30.0000   45.0000 8570.8232   13.9866
   -7.5000  -22.5000   45.0000 9595.9307   13.9696
    0.0000  -22.5000   45.0000 9968.8467   13.9630
    7.5000  -22.5000   45.0000 9527.2275   13.9765
   -7.5000  -15.0000   45.000010522.2422   13.9541
    0.0000  -15.0000   45.000010944.2754   13.9431
    7.5000  -15.0000   45.000010466.4141   13.9733
   -7.5000   -7.5000   45.000011456.3887   13.9662
    0.0000   -7.5000   45.000011964.1748   13.9514
    7.5000   -7.5000   45.000011429.8760   13.9820
   -7.5000    0.0000   45.000012216.1250   13.9895
    0.0000    0.0000   45.000012720.5430   13.9743
    7.5000    0.0000   45.000012202.9863   13.9910
   -7.5000    7.5000   45.000012018.9121   14.0013
    0.0000    7.5000   45.000012476.5273   13.9915
    7.5000    7.5000   45.000011938.3701   13.9925
   -7.5000   15.0000   45.000011694.2871   13.9936
    0.0000   15.0000   45.000012134.2764   13.9884
    7.5000   15.0000   45.000011564.2969   13.9866
   -7.5000   22.5000   45.000011284.4072   13.9631
    0.0000   22.5000   45.000011718.1240   13.9565
    7.5000   22.5000   45.000011147.2217   13.9701
   -7.5000   30.0000   45.000010758.2256   13.7724
    0.0000   30.0000   45.000011163.4971   13.7615
    7.5000   30.0000   45.000010603.1611   13.7913
   -7.5000   37.5000   45.000010489.6924   13.7842
    0.0000   37.5000   45.000010882.8574   13.7697
    7.5000   37.5000   45.000010282.5830   13.7998
   -7.5000   45.0000   45.0000 9683.8203   13.4903
    0.0000   45.0000   45.000010076.4062   13.4758
    7.5000   45.0000   45.0000 9486.3994   13.4918

---------------------------------------------------------------------
imgreg_4dfp /opt/freesurfer/average/711-2C_as_mni_average_305 /opt/freesurfer/average/711-2B_as_mni_average_305_mask talsrcimg_g11 none talsrcimg_to_711-2C_as_mni_average_305_t4 4355
---------------------------------------------------------------------

freesurfer imgreg_4dfp.c
/opt/freesurfer/average/711-2C_as_mni_average_305.4dfp.img
       256       256       256         1
  1.000000  1.000000  1.000000
orientation T byte_order littleendian
Reading image: /opt/freesurfer/average/711-2C_as_mni_average_305.4dfp.img
dimensions:      256       256       256
mmppix:       1.0000   -1.0000   -1.0000
center:     128.0000 -129.0000 -129.0000
/opt/freesurfer/average/711-2B_as_mni_average_305_mask.4dfp.img
       256       256       256         1
  1.000000  1.000000  1.000000
orientation T byte_order littleendian
Reading mask: /opt/freesurfer/average/711-2B_as_mni_average_305_mask.4dfp.img (2306576 pixels)
talsrcimg_g11.4dfp.img
       256       256       256         1
  1.000000  1.000000  1.000000
orientation T byte_order littleendian
Reading image: talsrcimg_g11.4dfp.img
dimensions:      256       256       256
mmppix:       1.0000   -1.0000   -1.0000
center:     128.0000 -129.0000 -129.0000
rotation matrix determinant  1.000000
image alignment mode   4355 decimal     1103 hex
   -7.5000  -45.0000  -37.5000 2110.2397   15.9487
    0.0000  -45.0000  -37.5000 2130.4453   15.9844
    7.5000  -45.0000  -37.5000 2116.4167   15.9789
   -7.5000  -37.5000  -37.5000 2226.2134   14.4740
    0.0000  -37.5000  -37.5000 2239.7175   14.4838
    7.5000  -37.5000  -37.5000 2226.8347   14.5019
   -7.5000  -30.0000  -37.5000 2317.5354   13.2484
    0.0000  -30.0000  -37.5000 2330.2600   13.2653
    7.5000  -30.0000  -37.5000 2314.2429   13.2732
   -7.5000  -22.5000  -37.5000 2395.7771   12.3156
    0.0000  -22.5000  -37.5000 2409.6357   12.3053
    7.5000  -22.5000  -37.5000 2390.8743   12.3492
   -7.5000  -15.0000  -37.5000 2454.5784   11.7075
    0.0000  -15.0000  -37.5000 2464.1279   11.6966
    7.5000  -15.0000  -37.5000 2445.2231   11.7358
   -7.5000   -7.5000  -37.5000 2482.9207   11.4232
    0.0000   -7.5000  -37.5000 2497.3989   11.3790
    7.5000   -7.5000  -37.5000 2475.7773   11.4520
   -7.5000    0.0000  -37.5000 2496.2830   11.2890
    0.0000    0.0000  -37.5000 2510.8623   11.2563
    7.5000    0.0000  -37.5000 2492.1421   11.3454
   -7.5000    7.5000  -37.5000 2499.5249   11.3366
    0.0000    7.5000  -37.5000 2514.8521   11.2823
    7.5000    7.5000  -37.5000 2498.4966   11.3457
   -7.5000   15.0000  -37.5000 2488.5525   11.5524
    0.0000   15.0000  -37.5000 2509.3259   11.5002
    7.5000   15.0000  -37.5000 2488.1074   11.5490
   -7.5000   22.5000  -37.5000 2459.6912   11.9461
    0.0000   22.5000  -37.5000 2481.4287   11.9246
    7.5000   22.5000  -37.5000 2462.3694   11.9672
   -7.5000   30.0000  -37.5000 2407.2439   12.5130
    0.0000   30.0000  -37.5000 2435.3704   12.4996
    7.5000   30.0000  -37.5000 2414.6138   12.5681
   -7.5000   37.5000  -37.5000 2339.2090   13.2808
    0.0000   37.5000  -37.5000 2365.0625   13.2645
    7.5000   37.5000  -37.5000 2348.5500   13.3536
   -7.5000   45.0000  -37.5000 2256.1484   14.3340
    0.0000   45.0000  -37.5000 2278.6611   14.3231
    7.5000   45.0000  -37.5000 2261.9382   14.4281
   -7.5000  -45.0000  -30.0000 2203.7937   15.7061
    0.0000  -45.0000  -30.0000 2223.9058   15.6362
    7.5000  -45.0000  -30.0000 2206.9111   15.7246
   -7.5000  -37.5000  -30.0000 2328.4021   14.2224
    0.0000  -37.5000  -30.0000 2343.7783   14.1465
    7.5000  -37.5000  -30.0000 2326.0498   14.2315
   -7.5000  -30.0000  -30.0000 2428.4978   12.9762
    0.0000  -30.0000  -30.0000 2440.7815   12.9277
    7.5000  -30.0000  -30.0000 2426.5120   12.9824
   -7.5000  -22.5000  -30.0000 2506.9077   12.0145
    0.0000  -22.5000  -30.0000 2517.5088   11.9518
    7.5000  -22.5000  -30.0000 2505.9492   12.0210
   -7.5000  -15.0000  -30.0000 2580.6323   11.3337
    0.0000  -15.0000  -30.0000 2588.4246   11.2728
    7.5000  -15.0000  -30.0000 2580.5540   11.3406
   -7.5000   -7.5000  -30.0000 2618.5989   10.9924
    0.0000   -7.5000  -30.0000 2628.5437   10.9300
    7.5000   -7.5000  -30.0000 2617.6765   11.0286
   -7.5000    0.0000  -30.0000 2635.8701   10.8262
    0.0000    0.0000  -30.0000 2647.9827   10.7673
    7.5000    0.0000  -30.0000 2634.7947   10.8846
   -7.5000    7.5000  -30.0000 2640.0898   10.8506
    0.0000    7.5000  -30.0000 2650.2581   10.7726
    7.5000    7.5000  -30.0000 2637.3604   10.8978
   -7.5000   15.0000  -30.0000 2628.9736   11.0597
    0.0000   15.0000  -30.0000 2646.7688   10.9934
    7.5000   15.0000  -30.0000 2629.9294   11.0860
   -7.5000   22.5000  -30.0000 2599.8318   11.4119
    0.0000   22.5000  -30.0000 2618.8994   11.3494
    7.5000   22.5000  -30.0000 2606.5134   11.4453
   -7.5000   30.0000  -30.0000 2547.7375   11.9270
    0.0000   30.0000  -30.0000 2571.4307   11.8750
    7.5000   30.0000  -30.0000 2559.1211   11.9951
   -7.5000   37.5000  -30.0000 2481.1411   12.6459
    0.0000   37.5000  -30.0000 2505.6873   12.6022
    7.5000   37.5000  -30.0000 2489.6953   12.7117
   -7.5000   45.0000  -30.0000 2390.7024   13.6373
    0.0000   45.0000  -30.0000 2417.5620   13.6080
    7.5000   45.0000  -30.0000 2397.3223   13.7312
   -7.5000  -45.0000  -22.5000 2272.0461   15.3775
    0.0000  -45.0000  -22.5000 2288.4780   15.2790
    7.5000  -45.0000  -22.5000 2277.3706   15.4016
   -7.5000  -37.5000  -22.5000 2401.6194   13.9158
    0.0000  -37.5000  -22.5000 2412.9968   13.7757
    7.5000  -37.5000  -22.5000 2402.9971   13.8967
   -7.5000  -30.0000  -22.5000 2509.8606   12.6906
    0.0000  -30.0000  -22.5000 2517.2480   12.5538
    7.5000  -30.0000  -22.5000 2512.5183   12.6747
   -7.5000  -22.5000  -22.5000 2597.3313   11.6807
    0.0000  -22.5000  -22.5000 2605.5366   11.5539
    7.5000  -22.5000  -22.5000 2599.2229   11.6522
   -7.5000  -15.0000  -22.5000 2672.3589   10.9538
    0.0000  -15.0000  -22.5000 2683.6843   10.8527
    7.5000  -15.0000  -22.5000 2679.2920   10.9316
   -7.5000   -7.5000  -22.5000 2717.1001   10.5113
    0.0000   -7.5000  -22.5000 2729.3455   10.4060
    7.5000   -7.5000  -22.5000 2725.0417   10.5186
   -7.5000    0.0000  -22.5000 2746.3943   10.2689
    0.0000    0.0000  -22.5000 2754.7170   10.1810
    7.5000    0.0000  -22.5000 2750.6250   10.3208
   -7.5000    7.5000  -22.5000 2753.2039   10.2779
    0.0000    7.5000  -22.5000 2761.3926   10.1843
    7.5000    7.5000  -22.5000 2756.0872   10.3441
   -7.5000   15.0000  -22.5000 2740.6616   10.5152
    0.0000   15.0000  -22.5000 2756.4116   10.4068
    7.5000   15.0000  -22.5000 2746.4009   10.5420
   -7.5000   22.5000  -22.5000 2718.3232   10.8582
    0.0000   22.5000  -22.5000 2729.1846   10.7428
    7.5000   22.5000  -22.5000 2725.0596   10.8800
   -7.5000   30.0000  -22.5000 2667.6028   11.3350
    0.0000   30.0000  -22.5000 2682.9553   11.2194
    7.5000   30.0000  -22.5000 2676.0955   11.3771
   -7.5000   37.5000  -22.5000 2597.1350   11.9975
    0.0000   37.5000  -22.5000 2615.1924   11.9124
    7.5000   37.5000  -22.5000 2602.7825   12.0433
   -7.5000   45.0000  -22.5000 2501.8162   12.9544
    0.0000   45.0000  -22.5000 2523.0513   12.9047
    7.5000   45.0000  -22.5000 2509.0166   13.0184
   -7.5000  -45.0000  -15.0000 2300.8013   15.1578
    0.0000  -45.0000  -15.0000 2313.3010   15.0119
    7.5000  -45.0000  -15.0000 2309.0208   15.1492
   -7.5000  -37.5000  -15.0000 2431.8792   13.6534
    0.0000  -37.5000  -15.0000 2442.0745   13.4951
    7.5000  -37.5000  -15.0000 2442.0146   13.6291
   -7.5000  -30.0000  -15.0000 2543.7756   12.4375
    0.0000  -30.0000  -15.0000 2558.2419   12.2576
    7.5000  -30.0000  -15.0000 2557.1191   12.3903
   -7.5000  -22.5000  -15.0000 2640.9644   11.4285
    0.0000  -22.5000  -15.0000 2651.6433   11.2348
    7.5000  -22.5000  -15.0000 2653.7581   11.3699
   -7.5000  -15.0000  -15.0000 2716.8572   10.6474
    0.0000  -15.0000  -15.0000 2729.9258   10.4823
    7.5000  -15.0000  -15.0000 2731.4897   10.6026
   -7.5000   -7.5000  -15.0000 2778.4126   10.0917
    0.0000   -7.5000  -15.0000 2791.3440    9.9537
    7.5000   -7.5000  -15.0000 2789.8267   10.0882
   -7.5000    0.0000  -15.0000 2809.9758    9.8013
    0.0000    0.0000  -15.0000 2819.8245    9.6507
    7.5000    0.0000  -15.0000 2818.8164    9.8224
   -7.5000    7.5000  -15.0000 2836.4099    9.7704
    0.0000    7.5000  -15.0000 2841.5718    9.6165
    7.5000    7.5000  -15.0000 2839.1902    9.7815
   -7.5000   15.0000  -15.0000 2828.0376   10.0117
    0.0000   15.0000  -15.0000 2835.8838    9.8547
    7.5000   15.0000  -15.0000 2834.5647   10.0116
   -7.5000   22.5000  -15.0000 2803.2258   10.3697
    0.0000   22.5000  -15.0000 2812.9226   10.2104
    7.5000   22.5000  -15.0000 2814.5623   10.3697
   -7.5000   30.0000  -15.0000 2752.3281   10.8111
    0.0000   30.0000  -15.0000 2762.3777   10.6695
    7.5000   30.0000  -15.0000 2760.4087   10.8407
   -7.5000   37.5000  -15.0000 2682.8152   11.4364
    0.0000   37.5000  -15.0000 2697.0574   11.3282
    7.5000   37.5000  -15.0000 2690.8298   11.4992
   -7.5000   45.0000  -15.0000 2584.1140   12.3590
    0.0000   45.0000  -15.0000 2602.3928   12.2707
    7.5000   45.0000  -15.0000 2594.7390   12.4314
   -7.5000  -45.0000   -7.5000 2306.5840   15.1122
    0.0000  -45.0000   -7.5000 2324.9172   14.8756
    7.5000  -45.0000   -7.5000 2317.5996   15.0122
   -7.5000  -37.5000   -7.5000 2438.5857   13.5472
    0.0000  -37.5000   -7.5000 2453.5771   13.3203
    7.5000  -37.5000   -7.5000 2451.1675   13.4744
   -7.5000  -30.0000   -7.5000 2559.6260   12.2989
    0.0000  -30.0000   -7.5000 2570.2993   12.0628
    7.5000  -30.0000   -7.5000 2572.3499   12.2158
   -7.5000  -22.5000   -7.5000 2656.2527   11.2646
    0.0000  -22.5000   -7.5000 2665.8198   11.0533
    7.5000  -22.5000   -7.5000 2673.8750   11.1870
   -7.5000  -15.0000   -7.5000 2731.7593   10.4254
    0.0000  -15.0000   -7.5000 2742.7542   10.2566
    7.5000  -15.0000   -7.5000 2750.2029   10.3723
   -7.5000   -7.5000   -7.5000 2809.3843    9.8353
    0.0000   -7.5000   -7.5000 2817.6697    9.6692
    7.5000   -7.5000   -7.5000 2823.3206    9.8122
   -7.5000    0.0000   -7.5000 2846.2478    9.4834
    0.0000    0.0000   -7.5000 2857.6992    9.3043
    7.5000    0.0000   -7.5000 2864.4905    9.4710
   -7.5000    7.5000   -7.5000 2881.1609    9.3904
    0.0000    7.5000   -7.5000 2885.8918    9.1928
    7.5000    7.5000   -7.5000 2882.0083    9.3779
   -7.5000   15.0000   -7.5000 2895.1807    9.6025
    0.0000   15.0000   -7.5000 2892.4570    9.4138
    7.5000   15.0000   -7.5000 2894.6211    9.5951
   -7.5000   22.5000   -7.5000 2872.2275    9.9547
    0.0000   22.5000   -7.5000 2873.4233    9.7915
    7.5000   22.5000   -7.5000 2876.9614    9.9524
   -7.5000   30.0000   -7.5000 2821.1853   10.3801
    0.0000   30.0000   -7.5000 2829.3931   10.2349
    7.5000   30.0000   -7.5000 2828.8999   10.4220
   -7.5000   37.5000   -7.5000 2752.7114   11.0036
    0.0000   37.5000   -7.5000 2762.3496   10.8735
    7.5000   37.5000   -7.5000 2758.0859   11.0806
   -7.5000   45.0000   -7.5000 2651.8118   11.9212
    0.0000   45.0000   -7.5000 2665.6794   11.7771
    7.5000   45.0000   -7.5000 2655.3306   11.9770
   -7.5000  -45.0000    0.0000 2289.6799   15.1179
    0.0000  -45.0000    0.0000 2305.8345   14.9648
    7.5000  -45.0000    0.0000 2304.4636   15.0190
   -7.5000  -37.5000    0.0000 2420.8516   13.5174
    0.0000  -37.5000    0.0000 2436.9644   13.3490
    7.5000  -37.5000    0.0000 2435.5598   13.4407
   -7.5000  -30.0000    0.0000 2542.2332   12.2269
    0.0000  -30.0000    0.0000 2556.0728   12.0549
    7.5000  -30.0000    0.0000 2555.6355   12.1413
   -7.5000  -22.5000    0.0000 2644.1060   11.1919
    0.0000  -22.5000    0.0000 2655.4861   11.0233
    7.5000  -22.5000    0.0000 2658.1479   11.1060
   -7.5000  -15.0000    0.0000 2730.6575   10.3636
    0.0000  -15.0000    0.0000 2738.3540   10.2237
    7.5000  -15.0000    0.0000 2748.1003   10.2858
   -7.5000   -7.5000    0.0000 2814.2542    9.7727
    0.0000   -7.5000    0.0000 2826.0249    9.6598
    7.5000   -7.5000    0.0000 2830.9849    9.7214
   -7.5000    0.0000    0.0000 2871.0522    9.4558
    0.0000    0.0000    0.0000 2881.1670    9.3486
    7.5000    0.0000    0.0000 2879.2593    9.4376
   -7.5000    7.5000    0.0000 2914.3032    9.2911
    0.0000    7.5000    0.0000 2915.2346    9.1666
    7.5000    7.5000    0.0000 2911.4316    9.3056
   -7.5000   15.0000    0.0000 2931.1277    9.3787
    0.0000   15.0000    0.0000 2934.6423    9.2429
    7.5000   15.0000    0.0000 2922.1602    9.3862
   -7.5000   22.5000    0.0000 2912.9807    9.6513
    0.0000   22.5000    0.0000 2921.7827    9.5469
    7.5000   22.5000    0.0000 2909.9297    9.6566
   -7.5000   30.0000    0.0000 2863.6287   10.0696
    0.0000   30.0000    0.0000 2878.4768    9.9711
    7.5000   30.0000    0.0000 2868.6248   10.1180
   -7.5000   37.5000    0.0000 2792.3130   10.7034
    0.0000   37.5000    0.0000 2809.6208   10.6038
    7.5000   37.5000    0.0000 2795.3879   10.7626
   -7.5000   45.0000    0.0000 2693.6753   11.6132
    0.0000   45.0000    0.0000 2711.0237   11.5086
    7.5000   45.0000    0.0000 2692.6282   11.6595
   -7.5000  -45.0000    7.5000 2262.2017   15.3066
    0.0000  -45.0000    7.5000 2278.3875   15.2250
    7.5000  -45.0000    7.5000 2281.4365   15.2770
   -7.5000  -37.5000    7.5000 2393.3032   13.6236
    0.0000  -37.5000    7.5000 2410.7603   13.5195
    7.5000  -37.5000    7.5000 2411.2065   13.5759
   -7.5000  -30.0000    7.5000 2508.4746   12.2921
    0.0000  -30.0000    7.5000 2521.1404   12.1666
    7.5000  -30.0000    7.5000 2529.0791   12.2314
   -7.5000  -22.5000    7.5000 2620.1973   11.2644
    0.0000  -22.5000    7.5000 2627.1311   11.1343
    7.5000  -22.5000    7.5000 2635.6755   11.1750
   -7.5000  -15.0000    7.5000 2714.3438   10.4576
    0.0000  -15.0000    7.5000 2723.7095   10.3791
    7.5000  -15.0000    7.5000 2729.5403   10.3846
   -7.5000   -7.5000    7.5000 2805.3848    9.9321
    0.0000   -7.5000    7.5000 2827.8843    9.9515
    7.5000   -7.5000    7.5000 2820.1011    9.8969
   -7.5000    0.0000    7.5000 2881.9143    9.6101
    0.0000    0.0000    7.5000 2923.7024    9.7315
    7.5000    0.0000    7.5000 2890.8826    9.6012
   -7.5000    7.5000    7.5000 2935.9319    9.4630
    0.0000    7.5000    7.5000 2981.2800    9.5437
    7.5000    7.5000    7.5000 2938.6768    9.4662
   -7.5000   15.0000    7.5000 2950.3025    9.3669
    0.0000   15.0000    7.5000 2972.8337    9.3469
    7.5000   15.0000    7.5000 2941.5742    9.3749
   -7.5000   22.5000    7.5000 2934.9402    9.4947
    0.0000   22.5000    7.5000 2943.9805    9.4199
    7.5000   22.5000    7.5000 2925.8718    9.5200
   -7.5000   30.0000    7.5000 2893.8752    9.8812
    0.0000   30.0000    7.5000 2898.8511    9.7936
    7.5000   30.0000    7.5000 2885.1721    9.9329
   -7.5000   37.5000    7.5000 2820.0459   10.5523
    0.0000   37.5000    7.5000 2832.2507   10.4473
    7.5000   37.5000    7.5000 2819.3169   10.5911
   -7.5000   45.0000    7.5000 2717.2051   11.4848
    0.0000   45.0000    7.5000 2732.0798   11.3830
    7.5000   45.0000    7.5000 2713.4536   11.5072
   -7.5000  -45.0000   15.0000 2231.8494   15.7322
    0.0000  -45.0000   15.0000 2247.8757   15.6350
    7.5000  -45.0000   15.0000 2246.3665   15.6590
   -7.5000  -37.5000   15.0000 2352.2087   14.0073
    0.0000  -37.5000   15.0000 2369.7092   13.9014
    7.5000  -37.5000   15.0000 2368.5325   13.9435
   -7.5000  -30.0000   15.0000 2466.6875   12.6507
    0.0000  -30.0000   15.0000 2477.9268   12.5665
    7.5000  -30.0000   15.0000 2484.1265   12.5861
   -7.5000  -22.5000   15.0000 2581.4998   11.6126
    0.0000  -22.5000   15.0000 2593.7212   11.5671
    7.5000  -22.5000   15.0000 2597.7178   11.5575
   -7.5000  -15.0000   15.0000 2686.5078   10.8354
    0.0000  -15.0000   15.0000 2709.0857   10.8401
    7.5000  -15.0000   15.0000 2701.1719   10.8036
   -7.5000   -7.5000   15.0000 2789.1775   10.2578
    0.0000   -7.5000   15.0000 2817.4150   10.3185
    7.5000   -7.5000   15.0000 2798.8083   10.2374
   -7.5000    0.0000   15.0000 2880.3188    9.8579
    0.0000    0.0000   15.0000 2920.8892    9.9859
    7.5000    0.0000   15.0000 2886.9434    9.8463
   -7.5000    7.5000   15.0000 2939.7380    9.6143
    0.0000    7.5000   15.0000 2989.1431    9.7574
    7.5000    7.5000   15.0000 2941.5103    9.6318
   -7.5000   15.0000   15.0000 2957.1768    9.4663
    0.0000   15.0000   15.0000 2988.4700    9.4766
    7.5000   15.0000   15.0000 2950.8481    9.4910
   -7.5000   22.5000   15.0000 2936.7375    9.5433
    0.0000   22.5000   15.0000 2956.1868    9.5348
    7.5000   22.5000   15.0000 2923.6382    9.6364
   -7.5000   30.0000   15.0000 2895.9231    9.9398
    0.0000   30.0000   15.0000 2903.6699    9.9011
    7.5000   30.0000   15.0000 2879.4783   10.0407
   -7.5000   37.5000   15.0000 2816.5286   10.6359
    0.0000   37.5000   15.0000 2825.5254   10.5532
    7.5000   37.5000   15.0000 2807.3665   10.6672
   -7.5000   45.0000   15.0000 2715.7690   11.5428
    0.0000   45.0000   15.0000 2725.4700   11.4281
    7.5000   45.0000   15.0000 2709.3550   11.5308
   -7.5000  -45.0000   22.5000 2194.0566   16.4798
    0.0000  -45.0000   22.5000 2214.1885   16.3922
    7.5000  -45.0000   22.5000 2208.9778   16.3573
   -7.5000  -37.5000   22.5000 2316.4087   14.6944
    0.0000  -37.5000   22.5000 2334.1472   14.6271
    7.5000  -37.5000   22.5000 2327.5552   14.6241
   -7.5000  -30.0000   22.5000 2434.6365   13.3016
    0.0000  -30.0000   22.5000 2448.2502   13.2407
    7.5000  -30.0000   22.5000 2444.9382   13.2190
   -7.5000  -22.5000   22.5000 2548.8708   12.1942
    0.0000  -22.5000   22.5000 2565.2651   12.1380
    7.5000  -22.5000   22.5000 2564.6865   12.1182
   -7.5000  -15.0000   22.5000 2655.2751   11.3239
    0.0000  -15.0000   22.5000 2674.0076   11.2741
    7.5000  -15.0000   22.5000 2670.7068   11.2652
   -7.5000   -7.5000   22.5000 2760.3889   10.6220
    0.0000   -7.5000   22.5000 2783.3445   10.5995
    7.5000   -7.5000   22.5000 2770.6841   10.5886
   -7.5000    0.0000   22.5000 2853.2271   10.1332
    0.0000    0.0000   22.5000 2883.7034   10.1707
    7.5000    0.0000   22.5000 2862.4038   10.1298
   -7.5000    7.5000   22.5000 2910.8313    9.7391
    0.0000    7.5000   22.5000 2947.4417    9.7516
    7.5000    7.5000   22.5000 2916.8745    9.8274
   -7.5000   15.0000   22.5000 2938.3853    9.5405
    0.0000   15.0000   22.5000 2961.2454    9.4770
    7.5000   15.0000   22.5000 2936.6643    9.6779
   -7.5000   22.5000   22.5000 2929.0403    9.7219
    0.0000   22.5000   22.5000 2945.6509    9.6705
    7.5000   22.5000   22.5000 2919.0037    9.8353
   -7.5000   30.0000   22.5000 2887.1611   10.1831
    0.0000   30.0000   22.5000 2895.0415   10.1347
    7.5000   30.0000   22.5000 2869.2964   10.2711
   -7.5000   37.5000   22.5000 2801.2019   10.9294
    0.0000   37.5000   22.5000 2808.1875   10.8487
    7.5000   37.5000   22.5000 2789.9778   10.9441
   -7.5000   45.0000   22.5000 2691.0322   11.8440
    0.0000   45.0000   22.5000 2700.0330   11.7322
    7.5000   45.0000   22.5000 2686.5117   11.8023
   -7.5000  -45.0000   30.0000 2150.6958   17.5294
    0.0000  -45.0000   30.0000 2173.0798   17.3944
    7.5000  -45.0000   30.0000 2162.8391   17.3696
   -7.5000  -37.5000   30.0000 2276.2000   15.5983
    0.0000  -37.5000   30.0000 2296.3193   15.4865
    7.5000  -37.5000   30.0000 2289.4429   15.5018
   -7.5000  -30.0000   30.0000 2388.1746   14.0270
    0.0000  -30.0000   30.0000 2405.6140   13.9011
    7.5000  -30.0000   30.0000 2407.0503   13.9551
   -7.5000  -22.5000   30.0000 2502.3887   12.7996
    0.0000  -22.5000   30.0000 2517.0146   12.6584
    7.5000  -22.5000   30.0000 2520.2327   12.7400
   -7.5000  -15.0000   30.0000 2612.9619   11.7939
    0.0000  -15.0000   30.0000 2628.6584   11.6765
    7.5000  -15.0000   30.0000 2628.4543   11.7657
   -7.5000   -7.5000   30.0000 2715.2761   11.0059
    0.0000   -7.5000   30.0000 2732.8457   10.9369
    7.5000   -7.5000   30.0000 2729.4041   11.0273
   -7.5000    0.0000   30.0000 2799.9128   10.4355
    0.0000    0.0000   30.0000 2822.6409   10.4343
    7.5000    0.0000   30.0000 2812.5271   10.5279
   -7.5000    7.5000   30.0000 2855.0220    9.9899
    0.0000    7.5000   30.0000 2877.0620    9.9198
    7.5000    7.5000   30.0000 2863.5210   10.1834
   -7.5000   15.0000   30.0000 2892.0530    9.8786
    0.0000   15.0000   30.0000 2903.2324    9.7667
    7.5000   15.0000   30.0000 2888.9470   10.0354
   -7.5000   22.5000   30.0000 2884.5457   10.1099
    0.0000   22.5000   30.0000 2904.4634   10.0143
    7.5000   22.5000   30.0000 2881.3411   10.1982
   -7.5000   30.0000   30.0000 2845.4258   10.5950
    0.0000   30.0000   30.0000 2854.7656   10.4937
    7.5000   30.0000   30.0000 2832.6179   10.6573
   -7.5000   37.5000   30.0000 2771.0378   11.2986
    0.0000   37.5000   30.0000 2772.8328   11.1913
    7.5000   37.5000   30.0000 2754.9917   11.3343
   -7.5000   45.0000   30.0000 2652.4766   12.2499
    0.0000   45.0000   30.0000 2662.3682   12.1340
    7.5000   45.0000   30.0000 2645.5977   12.2145
   -7.5000  -45.0000   37.5000 2089.6458   18.6423
    0.0000  -45.0000   37.5000 2110.2588   18.4747
    7.5000  -45.0000   37.5000 2104.0103   18.5022
   -7.5000  -37.5000   37.5000 2221.5911   16.5164
    0.0000  -37.5000   37.5000 2241.7908   16.3222
    7.5000  -37.5000   37.5000 2234.7053   16.4367
   -7.5000  -30.0000   37.5000 2338.3945   14.7861
    0.0000  -30.0000   37.5000 2352.1685   14.5681
    7.5000  -30.0000   37.5000 2351.4160   14.7597
   -7.5000  -22.5000   37.5000 2455.7683   13.4075
    0.0000  -22.5000   37.5000 2466.9243   13.2114
    7.5000  -22.5000   37.5000 2464.6492   13.4134
   -7.5000  -15.0000   37.5000 2562.9407   12.3148
    0.0000  -15.0000   37.5000 2573.3447   12.1476
    7.5000  -15.0000   37.5000 2572.5198   12.3472
   -7.5000   -7.5000   37.5000 2659.8374   11.4958
    0.0000   -7.5000   37.5000 2672.4739   11.3869
    7.5000   -7.5000   37.5000 2670.4111   11.5934
   -7.5000    0.0000   37.5000 2738.1865   10.8878
    0.0000    0.0000   37.5000 2753.5476   10.7920
    7.5000    0.0000   37.5000 2747.4385   11.0390
   -7.5000    7.5000   37.5000 2796.5493   10.4422
    0.0000    7.5000   37.5000 2807.3494   10.3310
    7.5000    7.5000   37.5000 2797.6418   10.6480
   -7.5000   15.0000   37.5000 2825.2351   10.4116
    0.0000   15.0000   37.5000 2832.0811   10.2859
    7.5000   15.0000   37.5000 2819.3999   10.5341
   -7.5000   22.5000   37.5000 2816.1819   10.6488
    0.0000   22.5000   37.5000 2830.2854   10.5333
    7.5000   22.5000   37.5000 2818.5457   10.7119
   -7.5000   30.0000   37.5000 2777.4866   11.1247
    0.0000   30.0000   37.5000 2784.5635   11.0136
    7.5000   30.0000   37.5000 2771.7239   11.1738
   -7.5000   37.5000   37.5000 2715.4507   11.7829
    0.0000   37.5000   37.5000 2714.2129   11.6663
    7.5000   37.5000   37.5000 2698.3606   11.8186
   -7.5000   45.0000   37.5000 2605.1309   12.7202
    0.0000   45.0000   37.5000 2614.1836   12.6139
    7.5000   45.0000   37.5000 2595.3877   12.7278
   -7.5000  -45.0000   45.0000 2021.6198   19.7873
    0.0000  -45.0000   45.0000 2032.9379   19.5268
    7.5000  -45.0000   45.0000 2031.7551   19.6685
   -7.5000  -37.5000   45.0000 2157.2166   17.4849
    0.0000  -37.5000   45.0000 2171.6094   17.1828
    7.5000  -37.5000   45.0000 2168.8994   17.4339
   -7.5000  -30.0000   45.0000 2277.3843   15.6399
    0.0000  -30.0000   45.0000 2289.0022   15.3711
    7.5000  -30.0000   45.0000 2283.4978   15.6537
   -7.5000  -22.5000   45.0000 2396.5239   14.1253
    0.0000  -22.5000   45.0000 2402.6904   13.8916
    7.5000  -22.5000   45.0000 2399.9873   14.2143
   -7.5000  -15.0000   45.0000 2498.0881   12.9533
    0.0000  -15.0000   45.0000 2507.8679   12.7829
    7.5000  -15.0000   45.0000 2502.9924   13.1032
   -7.5000   -7.5000   45.0000 2595.2019   12.1349
    0.0000   -7.5000   45.0000 2606.2217   11.9855
    7.5000   -7.5000   45.0000 2600.4065   12.2966
   -7.5000    0.0000   45.0000 2665.3525   11.4644
    0.0000    0.0000   45.0000 2676.9766   11.3073
    7.5000    0.0000   45.0000 2672.1221   11.6811
   -7.5000    7.5000   45.0000 2723.9546   11.0796
    0.0000    7.5000   45.0000 2730.3066   10.9567
    7.5000    7.5000   45.0000 2716.0559   11.2585
   -7.5000   15.0000   45.0000 2742.1885   11.0725
    0.0000   15.0000   45.0000 2749.5850   10.9381
    7.5000   15.0000   45.0000 2736.8418   11.1868
   -7.5000   22.5000   45.0000 2730.8716   11.3074
    0.0000   22.5000   45.0000 2741.1665   11.1867
    7.5000   22.5000   45.0000 2730.7007   11.3689
   -7.5000   30.0000   45.0000 2693.9199   11.7696
    0.0000   30.0000   45.0000 2695.9590   11.6290
    7.5000   30.0000   45.0000 2687.2280   11.8180
   -7.5000   37.5000   45.0000 2635.7034   12.4126
    0.0000   37.5000   45.0000 2636.5227   12.2740
    7.5000   37.5000   45.0000 2618.0386   12.4435
   -7.5000   45.0000   45.0000 2534.8838   13.3020
    0.0000   45.0000   45.0000 2546.3279   13.2169
    7.5000   45.0000   45.0000 2527.9197   13.3332
   -7.5000  -45.0000   52.5000 1951.9907   21.1324
    0.0000  -45.0000   52.5000 1966.4282   20.8120
    7.5000  -45.0000   52.5000 1962.9452   21.1483
   -7.5000  -37.5000   52.5000 2089.2361   18.5649
    0.0000  -37.5000   52.5000 2103.7261   18.3082
    7.5000  -37.5000   52.5000 2101.6062   18.6439
   -7.5000  -30.0000   52.5000 2209.8723   16.5576
    0.0000  -30.0000   52.5000 2222.3076   16.3144
    7.5000  -30.0000   52.5000 2218.3164   16.6935
   -7.5000  -22.5000   52.5000 2328.5215   14.9621
    0.0000  -22.5000   52.5000 2336.5464   14.7339
    7.5000  -22.5000   52.5000 2333.7244   15.1936
   -7.5000  -15.0000   52.5000 2433.6948   13.7794
    0.0000  -15.0000   52.5000 2435.9348   13.5897
    7.5000  -15.0000   52.5000 2433.8254   14.0277
   -7.5000   -7.5000   52.5000 2523.2285   12.9130
    0.0000   -7.5000   52.5000 2529.9565   12.7429
    7.5000   -7.5000   52.5000 2524.3020   13.1353
   -7.5000    0.0000   52.5000 2586.6411   12.2305
    0.0000    0.0000   52.5000 2596.6396   12.0874
    7.5000    0.0000   52.5000 2586.9753   12.4743
   -7.5000    7.5000   52.5000 2637.1721   11.8793
    0.0000    7.5000   52.5000 2642.1902   11.7753
    7.5000    7.5000   52.5000 2628.2390   12.0704
   -7.5000   15.0000   52.5000 2653.5320   11.8447
    0.0000   15.0000   52.5000 2662.4033   11.7313
    7.5000   15.0000   52.5000 2647.0312   11.9793
   -7.5000   22.5000   52.5000 2643.3164   12.1093
    0.0000   22.5000   52.5000 2648.9309   11.9945
    7.5000   22.5000   52.5000 2637.6318   12.1876
   -7.5000   30.0000   52.5000 2604.6431   12.5541
    0.0000   30.0000   52.5000 2607.9521   12.4297
    7.5000   30.0000   52.5000 2596.6440   12.6166
   -7.5000   37.5000   52.5000 2552.0315   13.1634
    0.0000   37.5000   52.5000 2554.1931   13.0301
    7.5000   37.5000   52.5000 2535.5835   13.2046
   -7.5000   45.0000   52.5000 2465.7039   14.0428
    0.0000   45.0000   52.5000 2471.2241   13.9521
    7.5000   45.0000   52.5000 2445.5613   14.0839

---------------------------------------------------------------------
imgreg_4dfp /opt/freesurfer/average/711-2C_as_mni_average_305 /opt/freesurfer/average/711-2B_as_mni_average_305_mask talsrcimg_g11 none talsrcimg_to_711-2C_as_mni_average_305_t4 1283
---------------------------------------------------------------------

freesurfer imgreg_4dfp.c
/opt/freesurfer/average/711-2C_as_mni_average_305.4dfp.img
       256       256       256         1
  1.000000  1.000000  1.000000
orientation T byte_order littleendian
Reading image: /opt/freesurfer/average/711-2C_as_mni_average_305.4dfp.img
dimensions:      256       256       256
mmppix:       1.0000   -1.0000   -1.0000
center:     128.0000 -129.0000 -129.0000
/opt/freesurfer/average/711-2B_as_mni_average_305_mask.4dfp.img
       256       256       256         1
  1.000000  1.000000  1.000000
orientation T byte_order littleendian
Reading mask: /opt/freesurfer/average/711-2B_as_mni_average_305_mask.4dfp.img (2306576 pixels)
talsrcimg_g11.4dfp.img
       256       256       256         1
  1.000000  1.000000  1.000000
orientation T byte_order littleendian
Reading image: talsrcimg_g11.4dfp.img
dimensions:      256       256       256
mmppix:       1.0000   -1.0000   -1.0000
center:     128.0000 -129.0000 -129.0000
rotation matrix determinant  1.000000
fimgreg.f
image alignment mode   1283 decimal      503 hex
parameters
    0.0000    7.5000   15.0000    0.0000    0.0000    0.0000
eta,q 0.93938  9.80734
niter,ni,del,rscale     5    3   12.0000    1.2000
parameter  2 -0.793314 -> -0.500000 qaram    1.1500
parameter  4  3.257750 ->  0.500000 qaram    1.1500
parameters
    0.1029   10.9500   12.1093   -3.4500    2.5965   -0.7549
eta,q 0.94645  9.50829
  0.0758  0.0802  0.0625  0.0505  0.0617  0.0581
  0.0716  0.0734  0.0599  0.0540  0.0580  0.0553
  0.0661  0.0677  0.0594  0.0565  0.0561  0.0538
  0.0641  0.0640  0.0616  0.0592  0.0548  0.0537
  0.0661  0.0627  0.0648  0.0630  0.0537  0.0549
  0.0705  0.0608  0.0679  0.0677  0.0539  0.0574
  0.0754  0.0605  0.0712  0.0716  0.0551  0.0609
niter,ni,del,rscale     6    3   12.0000    1.2000
parameter  4  5.107876 ->  0.500000 qaram    1.3225
parameters
   -0.8899   11.9958   12.1913   -7.4175    3.7293   -0.1580
eta,q 0.95307  9.50195
  0.0611  0.0712  0.0617  0.0447  0.0543  0.0528
  0.0577  0.0608  0.0570  0.0464  0.0513  0.0502
  0.0541  0.0535  0.0551  0.0504  0.0489  0.0481
  0.0535  0.0532  0.0546  0.0546  0.0474  0.0470
  0.0573  0.0559  0.0550  0.0574  0.0472  0.0472
  0.0618  0.0571  0.0570  0.0606  0.0486  0.0486
  0.0682  0.0608  0.0611  0.0656  0.0507  0.0511
niter,ni,del,rscale     6    3   12.0000    1.2000
parameter  4  0.650120 ->  0.500000 qaram    1.5209
parameters
   -1.4366   12.6114   11.7191  -11.9801    4.8637   -0.4451
eta,q 0.95760  9.57493
  0.0567  0.0658  0.0553  0.0478  0.0525  0.0476
  0.0538  0.0551  0.0507  0.0431  0.0488  0.0455
  0.0495  0.0478  0.0486  0.0445  0.0457  0.0434
  0.0469  0.0471  0.0483  0.0483  0.0430  0.0424
  0.0499  0.0510  0.0489  0.0528  0.0422  0.0433
  0.0554  0.0529  0.0524  0.0568  0.0439  0.0460
  0.0621  0.0582  0.0584  0.0605  0.0483  0.0490
niter,ni,del,rscale     6    3   12.0000    1.2000
parameters
   -1.7389   14.2144   10.5905  -14.9624    5.3993   -0.5708
eta,q 0.95984  9.60967
  0.0573  0.0658  0.0493  0.0472  0.0512  0.0462
  0.0504  0.0572  0.0454  0.0451  0.0470  0.0437
  0.0441  0.0482  0.0437  0.0405  0.0430  0.0414
  0.0424  0.0422  0.0429  0.0431  0.0405  0.0402
  0.0464  0.0440  0.0453  0.0485  0.0405  0.0412
  0.0528  0.0475  0.0505  0.0531  0.0437  0.0439
  0.0598  0.0517  0.0567  0.0581  0.0490  0.0469
niter,ni,del,rscale     5    3   12.0000    1.2000
parameters
   -1.8381   15.1922    9.8107  -16.2117    5.4233   -0.2339
eta,q 0.95981  9.60268
  0.0569  0.0593  0.0503  0.0493  0.0491  0.0472
  0.0503  0.0530  0.0439  0.0461  0.0454  0.0447
  0.0433  0.0461  0.0405  0.0432  0.0423  0.0420
  0.0402  0.0402  0.0405  0.0401  0.0403  0.0403
  0.0432  0.0428  0.0437  0.0445  0.0408  0.0409
  0.0505  0.0478  0.0490  0.0499  0.0445  0.0432
  0.0585  0.0518  0.0558  0.0555  0.0499  0.0464
niter,ni,del,rscale     4    3   12.0000    1.2000
parameters
   -1.9624   15.4342    9.3917  -16.6653    5.5029   -0.0962
eta,q 0.95951  9.60168
  0.0556  0.0558  0.0523  0.0510  0.0488  0.0471
  0.0495  0.0503  0.0450  0.0473  0.0455  0.0446
  0.0436  0.0444  0.0410  0.0446  0.0428  0.0420
  0.0402  0.0403  0.0403  0.0402  0.0406  0.0405
  0.0424  0.0435  0.0431  0.0433  0.0407  0.0414
  0.0496  0.0486  0.0485  0.0482  0.0442  0.0437
  0.0580  0.0543  0.0550  0.0543  0.0497  0.0470
niter,ni,del,rscale     3    3   12.0000    1.2000
parameters
   -2.0254   15.4571    9.2156  -16.7979    5.5478   -0.0564
eta,q 0.95938  9.60253
  0.0558  0.0549  0.0537  0.0518  0.0487  0.0469
  0.0497  0.0496  0.0459  0.0478  0.0455  0.0445
  0.0441  0.0442  0.0416  0.0450  0.0430  0.0419
  0.0405  0.0405  0.0405  0.0405  0.0407  0.0406
  0.0423  0.0435  0.0429  0.0427  0.0407  0.0416
  0.0493  0.0490  0.0481  0.0475  0.0443  0.0439
  0.0577  0.0553  0.0543  0.0536  0.0498  0.0472
niter,ni,del,rscale     2    3   12.0000    1.2000
parameters
   -2.0379   15.4430    9.1617  -16.8288    5.5576   -0.0473
eta,q 0.95935  9.60392
  0.0561  0.0548  0.0544  0.0520  0.0486  0.0469
  0.0499  0.0496  0.0463  0.0479  0.0455  0.0445
  0.0443  0.0443  0.0419  0.0451  0.0430  0.0419
  0.0406  0.0406  0.0406  0.0406  0.0407  0.0407
  0.0423  0.0434  0.0428  0.0425  0.0408  0.0416
  0.0491  0.0490  0.0478  0.0473  0.0444  0.0440
  0.0576  0.0556  0.0539  0.0534  0.0499  0.0473
registration optimization eta report
parameter search radius
    6.0000    6.9000    6.0000    9.1253    6.0000    6.0000
100000*second partial in parameter space
       44.       28.       37.       13.       23.       17.
  0.0561  0.0548  0.0544  0.0520  0.0486  0.0469
  0.0499  0.0496  0.0463  0.0479  0.0455  0.0445
  0.0443  0.0443  0.0419  0.0451  0.0430  0.0419
  0.0406  0.0406  0.0406  0.0406  0.0407  0.0407
  0.0423  0.0434  0.0428  0.0425  0.0408  0.0416
  0.0491  0.0490  0.0478  0.0473  0.0444  0.0440
  0.0576  0.0556  0.0539  0.0534  0.0499  0.0473
   -2.0379   15.4430    9.1617  -16.8288    5.5576   -0.0473
eta,q 0.95935  9.60392

---------------------------------------------------------------------
imgreg_4dfp /opt/freesurfer/average/711-2C_as_mni_average_305 /opt/freesurfer/average/711-2B_as_mni_average_305_mask talsrcimg_g11 none talsrcimg_to_711-2C_as_mni_average_305_t4 3335
---------------------------------------------------------------------

freesurfer imgreg_4dfp.c
/opt/freesurfer/average/711-2C_as_mni_average_305.4dfp.img
       256       256       256         1
  1.000000  1.000000  1.000000
orientation T byte_order littleendian
Reading image: /opt/freesurfer/average/711-2C_as_mni_average_305.4dfp.img
dimensions:      256       256       256
mmppix:       1.0000   -1.0000   -1.0000
center:     128.0000 -129.0000 -129.0000
/opt/freesurfer/average/711-2B_as_mni_average_305_mask.4dfp.img
       256       256       256         1
  1.000000  1.000000  1.000000
orientation T byte_order littleendian
Reading mask: /opt/freesurfer/average/711-2B_as_mni_average_305_mask.4dfp.img (2306576 pixels)
talsrcimg_g11.4dfp.img
       256       256       256         1
  1.000000  1.000000  1.000000
orientation T byte_order littleendian
Reading image: talsrcimg_g11.4dfp.img
dimensions:      256       256       256
mmppix:       1.0000   -1.0000   -1.0000
center:     128.0000 -129.0000 -129.0000
fimgreg.f
image alignment mode   3335 decimal      D07 hex
parameters
   -2.0379   15.4430    9.1617   -0.4701   -4.2849   -4.7325
    2.8829   -9.2459   -0.0822   28.9590    9.6846  -28.8152
eta,q 0.96183  9.65907
niter,ni,del,rscale     5    3    5.0000    1.2000
parameter  4  1.171534 ->  0.500000 qaram    1.1500
parameter  5  1.912005 ->  0.500000 qaram    1.1500
parameters
   -2.0169   15.2589    9.2248   -4.6101   -8.4249   -5.9990
    2.4774   -8.0693    1.1107   25.5054    8.1180  -25.8234
eta,q 0.97598  9.61026
  0.0428  0.0403  0.0404  0.0311  0.0239  0.0277  0.0295  0.0331  0.0296  0.0255  0.0254  0.0291
  0.0402  0.0392  0.0392  0.0318  0.0249  0.0264  0.0273  0.0293  0.0276  0.0245  0.0247  0.0268
  0.0387  0.0385  0.0384  0.0341  0.0275  0.0256  0.0258  0.0266  0.0262  0.0245  0.0244  0.0252
  0.0382  0.0382  0.0382  0.0382  0.0322  0.0254  0.0255  0.0254  0.0253  0.0252  0.0244  0.0243
  0.0387  0.0385  0.0384  0.0441  0.0379  0.0256  0.0263  0.0255  0.0253  0.0271  0.0249  0.0240
  0.0403  0.0396  0.0391  0.0508  0.0429  0.0275  0.0280  0.0268  0.0261  0.0301  0.0258  0.0242
  0.0425  0.0412  0.0402  0.0571  0.0472  0.0321  0.0304  0.0293  0.0276  0.0335  0.0270  0.0247
niter,ni,del,rscale     6    3    5.0000    1.2000
parameters
   -2.1758   16.1650    9.6441   -7.7679  -12.2625   -3.0975
    2.2228   -8.2811    1.2604   25.4003    8.1722  -28.6140
eta,q 0.97823  9.55260
  0.0277  0.0299  0.0258  0.0248  0.0239  0.0257  0.0251  0.0265  0.0247  0.0255  0.0230  0.0227
  0.0255  0.0274  0.0246  0.0238  0.0229  0.0243  0.0234  0.0237  0.0233  0.0237  0.0226  0.0219
  0.0243  0.0254  0.0238  0.0231  0.0223  0.0232  0.0225  0.0223  0.0225  0.0227  0.0223  0.0218
  0.0240  0.0240  0.0234  0.0234  0.0232  0.0224  0.0222  0.0222  0.0222  0.0222  0.0222  0.0222
  0.0247  0.0234  0.0234  0.0257  0.0265  0.0222  0.0226  0.0229  0.0224  0.0224  0.0223  0.0229
  0.0263  0.0237  0.0238  0.0309  0.0313  0.0221  0.0237  0.0243  0.0232  0.0236  0.0225  0.0237
  0.0287  0.0250  0.0246  0.0382  0.0367  0.0229  0.0255  0.0267  0.0245  0.0260  0.0230  0.0247
niter,ni,del,rscale     5    3    5.0000    1.2000
parameters
   -2.0083   16.7070    9.9370   -8.1634  -13.8568   -4.1233
    2.3616   -8.2177    1.2873   25.9222    8.0843  -29.4534
eta,q 0.97814  9.46319
  0.0256  0.0261  0.0237  0.0257  0.0253  0.0239  0.0250  0.0264  0.0242  0.0254  0.0228  0.0233
  0.0237  0.0240  0.0226  0.0241  0.0235  0.0228  0.0234  0.0237  0.0230  0.0234  0.0223  0.0223
  0.0224  0.0225  0.0219  0.0227  0.0223  0.0221  0.0224  0.0222  0.0222  0.0223  0.0220  0.0218
  0.0218  0.0217  0.0216  0.0215  0.0217  0.0220  0.0220  0.0219  0.0220  0.0220  0.0219  0.0219
  0.0219  0.0216  0.0216  0.0214  0.0225  0.0220  0.0222  0.0225  0.0222  0.0221  0.0221  0.0224
  0.0229  0.0221  0.0220  0.0234  0.0260  0.0232  0.0232  0.0239  0.0229  0.0228  0.0223  0.0230
  0.0248  0.0234  0.0228  0.0283  0.0316  0.0269  0.0249  0.0259  0.0242  0.0245  0.0228  0.0238
niter,ni,del,rscale     4    3    5.0000    1.2000
parameters
   -1.9398   17.0501    9.7555   -7.8452  -14.3144   -4.3685
    2.3279   -8.1008    1.1481   26.3335    8.2042  -29.8975
eta,q 0.97822  9.46181
  0.0251  0.0251  0.0232  0.0260  0.0262  0.0243  0.0249  0.0265  0.0239  0.0251  0.0228  0.0235
  0.0234  0.0234  0.0224  0.0244  0.0241  0.0231  0.0232  0.0237  0.0227  0.0232  0.0222  0.0223
  0.0223  0.0224  0.0219  0.0230  0.0226  0.0222  0.0222  0.0221  0.0220  0.0221  0.0219  0.0218
  0.0219  0.0218  0.0218  0.0218  0.0217  0.0218  0.0218  0.0218  0.0218  0.0218  0.0218  0.0218
  0.0221  0.0219  0.0221  0.0212  0.0216  0.0218  0.0221  0.0224  0.0221  0.0220  0.0219  0.0222
  0.0231  0.0224  0.0227  0.0226  0.0239  0.0225  0.0232  0.0238  0.0228  0.0227  0.0222  0.0228
  0.0249  0.0236  0.0236  0.0267  0.0287  0.0255  0.0250  0.0259  0.0241  0.0244  0.0227  0.0236
niter,ni,del,rscale     3    3    5.0000    1.2000
parameters
   -1.9372   17.0968    9.6660   -7.7789  -14.4088   -4.3993
    2.4214   -8.0685    1.0855   26.4691    8.2670  -30.0090
eta,q 0.97823  9.46409
  0.0249  0.0243  0.0232  0.0259  0.0265  0.0245  0.0250  0.0264  0.0239  0.0249  0.0228  0.0237
  0.0233  0.0229  0.0224  0.0243  0.0244  0.0232  0.0233  0.0236  0.0227  0.0230  0.0222  0.0224
  0.0222  0.0221  0.0219  0.0230  0.0228  0.0222  0.0222  0.0221  0.0220  0.0220  0.0219  0.0218
  0.0218  0.0218  0.0218  0.0218  0.0217  0.0218  0.0218  0.0218  0.0218  0.0218  0.0218  0.0218
  0.0221  0.0220  0.0220  0.0213  0.0215  0.0218  0.0220  0.0224  0.0220  0.0220  0.0219  0.0221
  0.0231  0.0227  0.0226  0.0228  0.0234  0.0223  0.0231  0.0238  0.0228  0.0228  0.0222  0.0228
  0.0250  0.0241  0.0235  0.0271  0.0280  0.0253  0.0249  0.0260  0.0241  0.0246  0.0228  0.0235
niter,ni,del,rscale     2    3    5.0000    1.2000
parameters
   -1.9350   17.1019    9.6448   -7.7654  -14.4341   -4.4029
    2.4615   -8.0631    1.0630   26.4995    8.2803  -30.0386
eta,q 0.97823  9.46454
  0.0249  0.0242  0.0233  0.0258  0.0266  0.0245  0.0250  0.0263  0.0240  0.0248  0.0228  0.0238
  0.0233  0.0228  0.0225  0.0243  0.0245  0.0232  0.0232  0.0236  0.0228  0.0229  0.0222  0.0224
  0.0222  0.0220  0.0219  0.0230  0.0228  0.0222  0.0222  0.0221  0.0220  0.0220  0.0219  0.0218
  0.0218  0.0218  0.0218  0.0218  0.0218  0.0218  0.0218  0.0218  0.0218  0.0218  0.0218  0.0218
  0.0221  0.0220  0.0220  0.0213  0.0215  0.0217  0.0221  0.0224  0.0220  0.0220  0.0219  0.0221
  0.0231  0.0228  0.0225  0.0229  0.0233  0.0223  0.0232  0.0238  0.0228  0.0229  0.0222  0.0227
  0.0250  0.0242  0.0234  0.0273  0.0279  0.0252  0.0250  0.0260  0.0240  0.0247  0.0228  0.0235
registration optimization eta report
parameter search radius
    2.4000    2.4000    2.4000    8.2800    8.2800    7.2000
    7.2000    7.2000    7.2000    7.2000    7.2000    7.2000
100000*second partial in parameter space
       56.       42.       27.        7.        8.        6.
        6.        9.        4.        6.        2.        4.
  0.0249  0.0242  0.0233  0.0258  0.0266  0.0245  0.0250  0.0263  0.0240  0.0248  0.0228  0.0238
  0.0233  0.0228  0.0225  0.0243  0.0245  0.0232  0.0232  0.0236  0.0228  0.0229  0.0222  0.0224
  0.0222  0.0220  0.0219  0.0230  0.0228  0.0222  0.0222  0.0221  0.0220  0.0220  0.0219  0.0218
  0.0218  0.0218  0.0218  0.0218  0.0218  0.0218  0.0218  0.0218  0.0218  0.0218  0.0218  0.0218
  0.0221  0.0220  0.0220  0.0213  0.0215  0.0217  0.0221  0.0224  0.0220  0.0220  0.0219  0.0221
  0.0231  0.0228  0.0225  0.0229  0.0233  0.0223  0.0232  0.0238  0.0228  0.0229  0.0222  0.0227
  0.0250  0.0242  0.0234  0.0273  0.0279  0.0252  0.0250  0.0260  0.0240  0.0247  0.0228  0.0235
   -1.9350   17.1019    9.6448   -7.7654  -14.4341   -4.4029
    2.4615   -8.0631    1.0630   26.4995    8.2803  -30.0386
eta,q 0.97823  9.46454

---------------------------------------------------------------------
imgreg_4dfp /opt/freesurfer/average/711-2C_as_mni_average_305 /opt/freesurfer/average/711-2B_as_mni_average_305_mask talsrcimg_g11 none talsrcimg_to_711-2C_as_mni_average_305_t4 2311
---------------------------------------------------------------------

freesurfer imgreg_4dfp.c
/opt/freesurfer/average/711-2C_as_mni_average_305.4dfp.img
       256       256       256         1
  1.000000  1.000000  1.000000
orientation T byte_order littleendian
Reading image: /opt/freesurfer/average/711-2C_as_mni_average_305.4dfp.img
dimensions:      256       256       256
mmppix:       1.0000   -1.0000   -1.0000
center:     128.0000 -129.0000 -129.0000
/opt/freesurfer/average/711-2B_as_mni_average_305_mask.4dfp.img
       256       256       256         1
  1.000000  1.000000  1.000000
orientation T byte_order littleendian
Reading mask: /opt/freesurfer/average/711-2B_as_mni_average_305_mask.4dfp.img (2306576 pixels)
talsrcimg_g11.4dfp.img
       256       256       256         1
  1.000000  1.000000  1.000000
orientation T byte_order littleendian
Reading image: talsrcimg_g11.4dfp.img
dimensions:      256       256       256
mmppix:       1.0000   -1.0000   -1.0000
center:     128.0000 -129.0000 -129.0000
fimgreg.f
image alignment mode   2311 decimal      907 hex
parameters
   -1.9350   17.1019    9.6448   -7.7654  -14.4341   -4.4029
    2.4615   -8.0631    1.0630   26.4995    8.2803  -30.0386
eta,q 0.97823  9.46454
niter,ni,del,rscale     5    3    5.0000    0.8000
parameters
   -1.8902   17.1091    9.6512   -5.9941  -13.6970   -4.0909
    2.2025   -7.8825    0.9828   27.0923    8.3290  -29.7084
eta,q 0.97885  9.55695
  0.0233  0.0228  0.0225  0.0239  0.0234  0.0225  0.0229  0.0239  0.0224  0.0229  0.0218  0.0224
  0.0225  0.0222  0.0221  0.0232  0.0225  0.0219  0.0219  0.0224  0.0217  0.0220  0.0214  0.0216
  0.0220  0.0219  0.0219  0.0224  0.0218  0.0214  0.0213  0.0215  0.0213  0.0214  0.0212  0.0213
  0.0218  0.0218  0.0218  0.0218  0.0213  0.0212  0.0212  0.0212  0.0212  0.0212  0.0211  0.0211
  0.0219  0.0219  0.0218  0.0213  0.0211  0.0212  0.0215  0.0214  0.0213  0.0212  0.0212  0.0213
  0.0223  0.0222  0.0221  0.0214  0.0215  0.0215  0.0222  0.0222  0.0218  0.0215  0.0214  0.0216
  0.0231  0.0228  0.0225  0.0223  0.0227  0.0223  0.0233  0.0235  0.0225  0.0222  0.0218  0.0220
niter,ni,del,rscale     4    3    5.0000    0.7000
parameters
   -2.0575   17.0034    9.7325   -6.0578  -13.3737   -3.2697
    2.3420   -8.0612    0.8773   27.3256    8.3100  -29.4159
eta,q 0.97898  9.59590
  0.0222  0.0219  0.0218  0.0227  0.0227  0.0222  0.0226  0.0229  0.0220  0.0223  0.0215  0.0220
  0.0216  0.0215  0.0214  0.0221  0.0221  0.0216  0.0218  0.0218  0.0214  0.0216  0.0213  0.0214
  0.0212  0.0212  0.0212  0.0215  0.0215  0.0213  0.0213  0.0212  0.0211  0.0212  0.0211  0.0211
  0.0212  0.0211  0.0211  0.0211  0.0211  0.0211  0.0210  0.0210  0.0210  0.0210  0.0210  0.0210
  0.0214  0.0213  0.0212  0.0212  0.0210  0.0210  0.0212  0.0214  0.0212  0.0210  0.0211  0.0211
  0.0220  0.0216  0.0213  0.0218  0.0214  0.0211  0.0216  0.0221  0.0215  0.0214  0.0213  0.0213
  0.0229  0.0222  0.0217  0.0232  0.0226  0.0216  0.0224  0.0231  0.0221  0.0221  0.0216  0.0217
niter,ni,del,rscale     3    3    5.0000    0.6000
parameters
   -2.0968   16.9549    9.8152   -5.9523  -13.2257   -3.0304
    2.2961   -8.1657    0.8320   27.3985    8.2607  -29.2771
eta,q 0.97904  9.61011
  0.0220  0.0217  0.0215  0.0224  0.0222  0.0217  0.0221  0.0224  0.0217  0.0219  0.0214  0.0216
  0.0214  0.0213  0.0212  0.0218  0.0217  0.0213  0.0215  0.0215  0.0213  0.0214  0.0211  0.0212
  0.0211  0.0211  0.0211  0.0213  0.0213  0.0211  0.0211  0.0211  0.0210  0.0211  0.0210  0.0210
  0.0210  0.0210  0.0210  0.0210  0.0210  0.0210  0.0210  0.0210  0.0210  0.0210  0.0210  0.0210
  0.0212  0.0211  0.0210  0.0210  0.0210  0.0210  0.0211  0.0212  0.0211  0.0210  0.0210  0.0210
  0.0215  0.0214  0.0212  0.0215  0.0213  0.0211  0.0215  0.0217  0.0213  0.0213  0.0211  0.0212
  0.0221  0.0218  0.0214  0.0225  0.0223  0.0216  0.0221  0.0225  0.0217  0.0219  0.0214  0.0215
niter,ni,del,rscale     2    3    5.0000    0.5000
parameters
   -2.1216   16.9423    9.8476   -5.8357  -13.0600   -2.8215
    2.2365   -8.2172    0.8050   27.5671    8.2515  -29.1913
eta,q 0.97908  9.62515
  0.0217  0.0215  0.0213  0.0220  0.0219  0.0214  0.0217  0.0220  0.0215  0.0216  0.0212  0.0214
  0.0213  0.0212  0.0211  0.0216  0.0215  0.0211  0.0213  0.0214  0.0212  0.0213  0.0210  0.0211
  0.0210  0.0210  0.0210  0.0212  0.0212  0.0210  0.0210  0.0210  0.0210  0.0210  0.0209  0.0210
  0.0210  0.0210  0.0210  0.0210  0.0209  0.0209  0.0209  0.0209  0.0209  0.0209  0.0209  0.0209
  0.0211  0.0210  0.0210  0.0210  0.0209  0.0209  0.0210  0.0211  0.0210  0.0209  0.0209  0.0210
  0.0213  0.0212  0.0211  0.0213  0.0212  0.0210  0.0213  0.0215  0.0212  0.0211  0.0210  0.0211
  0.0218  0.0215  0.0213  0.0220  0.0218  0.0213  0.0218  0.0220  0.0215  0.0215  0.0212  0.0213
niter,ni,del,rscale     1    3    5.0000    0.4000
parameters
   -2.1390   16.9217    9.8431   -5.7467  -12.9223   -2.5754
    2.1964   -8.2567    0.7798   27.7365    8.2517  -29.1120
eta,q 0.97912  9.63909
  0.0214  0.0213  0.0211  0.0217  0.0216  0.0212  0.0214  0.0216  0.0212  0.0214  0.0211  0.0212
  0.0211  0.0211  0.0210  0.0213  0.0213  0.0210  0.0211  0.0212  0.0210  0.0211  0.0210  0.0210
  0.0210  0.0209  0.0209  0.0211  0.0211  0.0209  0.0209  0.0210  0.0209  0.0210  0.0209  0.0209
  0.0209  0.0209  0.0209  0.0209  0.0209  0.0209  0.0209  0.0209  0.0209  0.0209  0.0209  0.0209
  0.0210  0.0210  0.0209  0.0209  0.0209  0.0209  0.0210  0.0210  0.0209  0.0209  0.0209  0.0209
  0.0211  0.0211  0.0210  0.0212  0.0211  0.0209  0.0211  0.0212  0.0211  0.0210  0.0210  0.0210
  0.0214  0.0213  0.0211  0.0216  0.0215  0.0211  0.0214  0.0216  0.0213  0.0213  0.0211  0.0211
registration optimization eta report
parameter search radius
    0.8000    0.8000    0.8000    2.4000    2.4000    2.4000
    2.4000    2.4000    2.4000    2.4000    2.4000    2.4000
100000*second partial in parameter space
       78.       56.       32.       13.       11.        4.
        9.       13.        6.        8.        4.        5.
  0.0214  0.0213  0.0211  0.0217  0.0216  0.0212  0.0214  0.0216  0.0212  0.0214  0.0211  0.0212
  0.0211  0.0211  0.0210  0.0213  0.0213  0.0210  0.0211  0.0212  0.0210  0.0211  0.0210  0.0210
  0.0210  0.0209  0.0209  0.0211  0.0211  0.0209  0.0209  0.0210  0.0209  0.0210  0.0209  0.0209
  0.0209  0.0209  0.0209  0.0209  0.0209  0.0209  0.0209  0.0209  0.0209  0.0209  0.0209  0.0209
  0.0210  0.0210  0.0209  0.0209  0.0209  0.0209  0.0210  0.0210  0.0209  0.0209  0.0209  0.0209
  0.0211  0.0211  0.0210  0.0212  0.0211  0.0209  0.0211  0.0212  0.0211  0.0210  0.0210  0.0210
  0.0214  0.0213  0.0211  0.0216  0.0215  0.0211  0.0214  0.0216  0.0213  0.0213  0.0211  0.0211
   -2.1390   16.9217    9.8431   -5.7467  -12.9223   -2.5754
    2.1964   -8.2567    0.7798   27.7365    8.2517  -29.1120
eta,q 0.97912  9.63909

---------------------------------------------------------------------
imgreg_4dfp /opt/freesurfer/average/711-2C_as_mni_average_305 /opt/freesurfer/average/711-2B_as_mni_average_305_mask talsrcimg_g11 none talsrcimg_to_711-2C_as_mni_average_305_t4 2311
---------------------------------------------------------------------

freesurfer imgreg_4dfp.c
/opt/freesurfer/average/711-2C_as_mni_average_305.4dfp.img
       256       256       256         1
  1.000000  1.000000  1.000000
orientation T byte_order littleendian
Reading image: /opt/freesurfer/average/711-2C_as_mni_average_305.4dfp.img
dimensions:      256       256       256
mmppix:       1.0000   -1.0000   -1.0000
center:     128.0000 -129.0000 -129.0000
/opt/freesurfer/average/711-2B_as_mni_average_305_mask.4dfp.img
       256       256       256         1
  1.000000  1.000000  1.000000
orientation T byte_order littleendian
Reading mask: /opt/freesurfer/average/711-2B_as_mni_average_305_mask.4dfp.img (2306576 pixels)
talsrcimg_g11.4dfp.img
       256       256       256         1
  1.000000  1.000000  1.000000
orientation T byte_order littleendian
Reading image: talsrcimg_g11.4dfp.img
dimensions:      256       256       256
mmppix:       1.0000   -1.0000   -1.0000
center:     128.0000 -129.0000 -129.0000
fimgreg.f
image alignment mode   2311 decimal      907 hex
parameters
   -2.1390   16.9217    9.8431   -5.7467  -12.9223   -2.5754
    2.1964   -8.2567    0.7798   27.7365    8.2517  -29.1120
eta,q 0.97912  9.63909
niter,ni,del,rscale     5    3    5.0000    0.8000
parameters
   -2.1552   16.8788    9.8268   -6.3651  -13.4734   -3.1749
    2.3529   -8.2458    0.8711   26.9209    8.2833  -29.2727
eta,q 0.97890  9.58306
  0.0228  0.0223  0.0217  0.0228  0.0227  0.0221  0.0229  0.0236  0.0224  0.0221  0.0217  0.0221
  0.0218  0.0215  0.0212  0.0220  0.0220  0.0215  0.0220  0.0221  0.0217  0.0215  0.0214  0.0214
  0.0211  0.0210  0.0210  0.0213  0.0213  0.0212  0.0213  0.0213  0.0213  0.0212  0.0212  0.0211
  0.0209  0.0209  0.0209  0.0209  0.0210  0.0210  0.0211  0.0211  0.0211  0.0211  0.0211  0.0211
  0.0211  0.0211  0.0210  0.0212  0.0211  0.0210  0.0213  0.0214  0.0212  0.0214  0.0212  0.0213
  0.0218  0.0216  0.0213  0.0225  0.0223  0.0216  0.0218  0.0222  0.0216  0.0221  0.0214  0.0216
  0.0229  0.0225  0.0217  0.0248  0.0245  0.0235  0.0227  0.0234  0.0223  0.0234  0.0217  0.0221
niter,ni,del,rscale     4    3    5.0000    0.7000
parameters
   -2.0905   16.9545    9.8640   -6.1857  -13.3593   -3.2936
    2.2650   -8.1791    0.9197   27.0618    8.2514  -29.3269
eta,q 0.97896  9.58722
  0.0226  0.0222  0.0217  0.0228  0.0226  0.0219  0.0224  0.0231  0.0220  0.0222  0.0215  0.0218
  0.0218  0.0216  0.0214  0.0222  0.0219  0.0214  0.0217  0.0219  0.0215  0.0216  0.0213  0.0213
  0.0213  0.0213  0.0212  0.0215  0.0214  0.0211  0.0212  0.0212  0.0212  0.0212  0.0211  0.0211
  0.0211  0.0211  0.0211  0.0211  0.0211  0.0210  0.0210  0.0210  0.0210  0.0210  0.0210  0.0210
  0.0212  0.0212  0.0211  0.0211  0.0210  0.0210  0.0212  0.0213  0.0212  0.0211  0.0211  0.0212
  0.0216  0.0214  0.0213  0.0216  0.0215  0.0212  0.0217  0.0219  0.0215  0.0214  0.0213  0.0214
  0.0223  0.0220  0.0216  0.0229  0.0228  0.0222  0.0225  0.0228  0.0220  0.0221  0.0216  0.0218
niter,ni,del,rscale     3    3    5.0000    0.6000
parameters
   -2.1002   16.9632    9.8564   -5.9838  -13.2074   -3.0912
    2.2276   -8.1723    0.8766   27.3286    8.2250  -29.2724
eta,q 0.97903  9.60644
  0.0220  0.0218  0.0215  0.0224  0.0222  0.0216  0.0221  0.0225  0.0217  0.0219  0.0214  0.0216
  0.0215  0.0214  0.0212  0.0219  0.0217  0.0213  0.0215  0.0216  0.0213  0.0215  0.0211  0.0212
  0.0212  0.0211  0.0211  0.0214  0.0213  0.0211  0.0211  0.0211  0.0211  0.0211  0.0210  0.0210
  0.0210  0.0210  0.0210  0.0210  0.0210  0.0210  0.0210  0.0210  0.0210  0.0210  0.0210  0.0210
  0.0212  0.0211  0.0211  0.0210  0.0210  0.0210  0.0211  0.0212  0.0211  0.0210  0.0210  0.0211
  0.0215  0.0213  0.0212  0.0214  0.0213  0.0211  0.0215  0.0217  0.0213  0.0212  0.0211  0.0212
  0.0221  0.0218  0.0215  0.0224  0.0223  0.0216  0.0221  0.0224  0.0218  0.0217  0.0214  0.0215
niter,ni,del,rscale     2    3    5.0000    0.5000
parameters
   -2.1179   16.9434    9.8501   -5.8361  -13.0482   -2.8384
    2.2049   -8.2074    0.8142   27.5533    8.2232  -29.1900
eta,q 0.97909  9.62460
  0.0217  0.0215  0.0213  0.0220  0.0219  0.0214  0.0217  0.0220  0.0214  0.0216  0.0212  0.0214
  0.0213  0.0212  0.0211  0.0216  0.0215  0.0211  0.0213  0.0214  0.0211  0.0213  0.0211  0.0211
  0.0210  0.0210  0.0210  0.0212  0.0212  0.0210  0.0210  0.0210  0.0210  0.0211  0.0209  0.0210
  0.0210  0.0210  0.0210  0.0210  0.0210  0.0209  0.0209  0.0209  0.0209  0.0209  0.0209  0.0209
  0.0211  0.0210  0.0210  0.0210  0.0209  0.0209  0.0210  0.0211  0.0210  0.0209  0.0209  0.0210
  0.0213  0.0212  0.0211  0.0213  0.0212  0.0210  0.0213  0.0214  0.0212  0.0211  0.0210  0.0211
  0.0217  0.0215  0.0213  0.0220  0.0219  0.0213  0.0217  0.0220  0.0215  0.0215  0.0212  0.0213
niter,ni,del,rscale     1    3    5.0000    0.4000
parameters
   -2.1370   16.9252    9.8414   -5.7419  -12.9260   -2.5860
    2.1894   -8.2492    0.7783   27.7397    8.2575  -29.1108
eta,q 0.97912  9.63888
  0.0214  0.0213  0.0211  0.0217  0.0216  0.0212  0.0214  0.0216  0.0212  0.0214  0.0211  0.0212
  0.0211  0.0211  0.0210  0.0213  0.0213  0.0210  0.0211  0.0212  0.0210  0.0211  0.0210  0.0210
  0.0210  0.0209  0.0209  0.0211  0.0210  0.0210  0.0209  0.0209  0.0209  0.0210  0.0209  0.0209
  0.0209  0.0209  0.0209  0.0209  0.0209  0.0209  0.0209  0.0209  0.0209  0.0209  0.0209  0.0209
  0.0210  0.0210  0.0209  0.0209  0.0209  0.0209  0.0210  0.0210  0.0209  0.0209  0.0209  0.0209
  0.0211  0.0211  0.0210  0.0212  0.0211  0.0209  0.0211  0.0212  0.0211  0.0210  0.0210  0.0210
  0.0214  0.0213  0.0211  0.0216  0.0215  0.0211  0.0214  0.0216  0.0213  0.0213  0.0211  0.0211
registration optimization eta report
parameter search radius
    0.8000    0.8000    0.8000    2.4000    2.4000    2.4000
    2.4000    2.4000    2.4000    2.4000    2.4000    2.4000
100000*second partial in parameter space
       78.       57.       32.       13.       11.        4.
        9.       13.        6.        8.        4.        5.
  0.0214  0.0213  0.0211  0.0217  0.0216  0.0212  0.0214  0.0216  0.0212  0.0214  0.0211  0.0212
  0.0211  0.0211  0.0210  0.0213  0.0213  0.0210  0.0211  0.0212  0.0210  0.0211  0.0210  0.0210
  0.0210  0.0209  0.0209  0.0211  0.0210  0.0210  0.0209  0.0209  0.0209  0.0210  0.0209  0.0209
  0.0209  0.0209  0.0209  0.0209  0.0209  0.0209  0.0209  0.0209  0.0209  0.0209  0.0209  0.0209
  0.0210  0.0210  0.0209  0.0209  0.0209  0.0209  0.0210  0.0210  0.0209  0.0209  0.0209  0.0209
  0.0211  0.0211  0.0210  0.0212  0.0211  0.0209  0.0211  0.0212  0.0211  0.0210  0.0210  0.0210
  0.0214  0.0213  0.0211  0.0216  0.0215  0.0211  0.0214  0.0216  0.0213  0.0213  0.0211  0.0211
   -2.1370   16.9252    9.8414   -5.7419  -12.9260   -2.5860
    2.1894   -8.2492    0.7783   27.7397    8.2575  -29.1108
eta,q 0.97912  9.63888

---------------------------------------------------------------------
compute_vox2vox talsrcimg talsrcimg_to_711-2C_as_mni_average_305_t4 /opt/freesurfer/average/711-2C_as_mni_average_305
---------------------------------------------------------------------

freesurfer compute_vox2vox.c
Reading: talsrcimg.4dfp.ifh
Reading: talsrcimg_to_711-2C_as_mni_average_305_t4
Reading: /opt/freesurfer/average/711-2C_as_mni_average_305.4dfp.ifh
Writing: talsrcimg_to_711-2C_as_mni_average_305_t4_vox2vox.txt

start time Wed Mar 11 20:49:33 CET 2026
end		time Wed Mar 11 20:49:46 CET 2026

mpr2mni305 success

avi2talxfm orig_nu.mgz /opt/freesurfer/average/mni305.cor.mgz talsrcimg_to_711-2C_as_mni_average_305_t4_vox2vox.txt transforms/talairach.auto.xfm
avi2talxfm done
mv -f /out/sourcedata/freesurfer/sub-v1s0x0050649_ses-1/mri/talsrcimg_to_711-2C_as_mni_average_305_t4_vox2vox.txt /out/sourcedata/freesurfer/sub-v1s0x0050649_ses-1/mri/transforms/talsrcimg_to_711-2C_as_mni_average_305_t4_vox2vox.txt
lta_convert --src orig_nu.mgz --trg /opt/freesurfer/average/mni305.cor.mgz --inxfm transforms/talairach.auto.xfm --outlta transforms/talairach.auto.xfm.lta --subject fsaverage
7.3.2

--src: orig_nu.mgz src image (geometry).
--trg: /opt/freesurfer/average/mni305.cor.mgz trg image (geometry).
--inmni: transforms/talairach.auto.xfm input MNI/XFM transform.
--outlta: transforms/talairach.auto.xfm.lta output LTA.
--s: fsaverage subject name
 LTA read, type : 1
 1.05315   0.08832   0.00304  -2.29270;
-0.08408   0.93026   0.31312  -2.38972;
 0.01737  -0.29715   1.04867  -12.08379;
 0.00000   0.00000   0.00000   1.00000;
setting subject to fsaverage
Writing  LTA to file transforms/talairach.auto.xfm.lta...
lta_convert successful.
 
 
Started at Wed Mar 11 20:49:32 CET 2026
Ended   at Wed Mar 11 20:49:46 CET 2026
talairach_avi done
