status file for recon-all
Sun Mar  8 14:22:45 CET 2026
#@# Tessellate rh Sun Mar  8 14:22:45 CET 2026
#@# Smooth1 rh Sun Mar  8 14:22:47 CET 2026
#@# Inflation1 rh Sun Mar  8 14:22:50 CET 2026
#@# QSphere rh Sun Mar  8 14:23:03 CET 2026
#@# Fix Topology rh Sun Mar  8 14:24:20 CET 2026
#@# Smooth2 rh Sun Mar  8 14:28:50 CET 2026
#@# Inflation2 rh Sun Mar  8 14:28:53 CET 2026
#@# Curv .H and .K rh Sun Mar  8 14:29:06 CET 2026
#@# Sphere rh Sun Mar  8 14:29:44 CET 2026
#@# Surf Reg rh Sun Mar  8 14:31:48 CET 2026
#@# Jacobian white rh Sun Mar  8 14:35:47 CET 2026
#@# AvgCurv rh Sun Mar  8 14:35:47 CET 2026
#@# Cortical Parc rh Sun Mar  8 14:35:48 CET 2026
#@# white curv rh Sun Mar  8 14:41:03 CET 2026
#@# white area rh Sun Mar  8 14:41:05 CET 2026
#@# pial curv rh Sun Mar  8 14:41:05 CET 2026
#@# pial area rh Sun Mar  8 14:41:07 CET 2026
#@# thickness rh Sun Mar  8 14:41:07 CET 2026
#@# area and vertex vol rh Sun Mar  8 14:41:27 CET 2026
#@# Curvature Stats rh Sun Mar  8 14:41:28 CET 2026
#@# Cortical Parc 2 rh Sun Mar  8 14:41:30 CET 2026
#@# Cortical Parc 3 rh Sun Mar  8 14:41:40 CET 2026
#@# WM/GM Contrast rh Sun Mar  8 14:41:48 CET 2026
recon-all -s sub-v1s0x0050642_ses-1 finished without error at Sun Mar  8 14:41:50 CET 2026



#New# invocation of recon-all 



status file for recon-all
Sun Mar  8 14:47:29 CET 2026
#@# white curv rh Sun Mar  8 14:47:29 CET 2026
#@# white area rh Sun Mar  8 14:47:29 CET 2026
#@# pial curv rh Sun Mar  8 14:47:29 CET 2026
#@# pial area rh Sun Mar  8 14:47:29 CET 2026
#@# thickness rh Sun Mar  8 14:47:29 CET 2026
#@# area and vertex vol rh Sun Mar  8 14:47:29 CET 2026
#@# Parcellation Stats rh Sun Mar  8 14:47:29 CET 2026
#@# Parcellation Stats 2 rh Sun Mar  8 14:47:45 CET 2026
#@# Parcellation Stats 3 rh Sun Mar  8 14:47:53 CET 2026
#@# BA_exvivo Labels rh Sun Mar  8 14:48:00 CET 2026
recon-all -s sub-v1s0x0050642_ses-1 finished without error at Sun Mar  8 14:50:06 CET 2026
