/out/sourcedata/freesurfer/sub-v1s0x0050646_ses-1/mri
/opt/freesurfer/bin/talairach_avi
--i orig_nu.mgz --xfm transforms/talairach.auto.xfm
talairach_avi 7.3.2
Linux dna050 5.14.0-427.37.1.el9_4.x86_64 #1 SMP PREEMPT_DYNAMIC Fri Sep 13 12:41:50 EDT 2024 x86_64 x86_64 x86_64 GNU/Linux
Sun Mar  8 12:40:43 CET 2026
mri_convert orig_nu.mgz talsrcimg.img 
reading from orig_nu.mgz...
TR=0.00, TE=0.00, TI=0.00, flip angle=0.00
i_ras = (-1, 0, 0)
j_ras = (0, 0, -1)
k_ras = (0, 1, 0)
writing to talsrcimg.img...
Analyze Output Matrix
-1.00000   0.00000   0.00000   130.42131;
 0.00000   0.00000   1.00000  -135.00000;
 0.00000  -1.00000   0.00000   155.60533;
 0.00000   0.00000   0.00000   1.00000;
--------------------
INFO: set hdr.hist.orient to -1
mpr2mni305 talsrcimg
Sun Mar  8 12:40:43 CET 2026
/opt/freesurfer/bin/mpr2mni305 talsrcimg
mpr2mni305 7.3.2
target=711-2C_as_mni_average_305

---------------------------------------------------------------------
analyzeto4dfp talsrcimg -O0 -y
---------------------------------------------------------------------

freesurfer ifh2hdr.c
Sun Mar  8 12:40:44 2026
Writing: talsrcimg.4dfp.hdr
freesurfer analyzeto4dfp.c
Reading: talsrcimg.hdr
header size 348 bytes
hdr.dime.datatype	offset=70	value=2
hdr.dime.bitpix		offset=72	value=8
hdr.hist.orient		offset=252	value=-1
dimensionality     4
dimensions       256       256       256         1
Reading: talsrcimg.img
Writing: talsrcimg.4dfp.img
Writing: talsrcimg.4dfp.ifh
ifh2hdr talsrcimg -r0to233
ori=2

---------------------------------------------------------------------
gauss_4dfp talsrcimg 1.1
---------------------------------------------------------------------

freesurfer gauss_4dfp.c
Reading: talsrcimg.4dfp.img
Writing: talsrcimg_g11.4dfp.img
image dimensions 256 256 256 padded to 288 288 288
processing volume 1freesurfer ifh2hdr.c
Sun Mar  8 12:40:45 2026
Writing: talsrcimg_g11.4dfp.hdr

Writing: talsrcimg_g11.4dfp.ifh
including: talsrcimg.4dfp.img.rec in talsrcimg_g11.4dfp.img.rec

---------------------------------------------------------------------
imgreg_4dfp /opt/freesurfer/average/711-2C_as_mni_average_305 none talsrcimg_g11 none talsrcimg_to_711-2C_as_mni_average_305_t4 4355
---------------------------------------------------------------------

freesurfer imgreg_4dfp.c
/opt/freesurfer/average/711-2C_as_mni_average_305.4dfp.img
       256       256       256         1
  1.000000  1.000000  1.000000
orientation T byte_order littleendian
Reading image: /opt/freesurfer/average/711-2C_as_mni_average_305.4dfp.img
dimensions:      256       256       256
mmppix:       1.0000   -1.0000   -1.0000
center:     128.0000 -129.0000 -129.0000
talsrcimg_g11.4dfp.img
       256       256       256         1
  1.000000  1.000000  1.000000
orientation T byte_order littleendian
Reading image: talsrcimg_g11.4dfp.img
dimensions:      256       256       256
mmppix:       1.0000   -1.0000   -1.0000
center:     128.0000 -129.0000 -129.0000
t4_read: open error in t4_sub.f l:  41 t4_file(1:l)talsrcimg_to_711-2C_as_mni_average_305_t4 
t4_read: transform initialized to I4
rotation matrix determinant  1.000000
image alignment mode   4355 decimal     1103 hex
   -7.5000  -45.0000  -45.0000 7746.8604   13.4358
    0.0000  -45.0000  -45.0000 8081.1860   13.4598
    7.5000  -45.0000  -45.0000 7705.2852   13.4765
   -7.5000  -37.5000  -45.0000 8233.6650   13.1884
    0.0000  -37.5000  -45.0000 8598.8350   13.2036
    7.5000  -37.5000  -45.0000 8211.7695   13.2192
   -7.5000  -30.0000  -45.0000 9097.0957   13.1257
    0.0000  -30.0000  -45.0000 9495.7373   13.1410
    7.5000  -30.0000  -45.0000 9078.5928   13.1537
   -7.5000  -22.5000  -45.0000 9990.3223   13.1135
    0.0000  -22.5000  -45.000010403.8330   13.1370
    7.5000  -22.5000  -45.0000 9955.9053   13.1474
   -7.5000  -15.0000  -45.000010870.6025   13.0862
    0.0000  -15.0000  -45.000011306.0732   13.1166
    7.5000  -15.0000  -45.000010806.8291   13.1274
   -7.5000   -7.5000  -45.000011724.6318   13.0730
    0.0000   -7.5000  -45.000012185.2861   13.1022
    7.5000   -7.5000  -45.000011657.5264   13.1158
   -7.5000    0.0000  -45.000012537.5215   13.0822
    0.0000    0.0000  -45.000012989.4912   13.1043
    7.5000    0.0000  -45.000012448.7168   13.1203
   -7.5000    7.5000  -45.000012360.5020   13.1077
    0.0000    7.5000  -45.000012819.9150   13.1227
    7.5000    7.5000  -45.000012277.8701   13.1383
   -7.5000   15.0000  -45.000011926.1016   13.1256
    0.0000   15.0000  -45.000012356.6924   13.1410
    7.5000   15.0000  -45.000011819.3018   13.1537
   -7.5000   22.5000  -45.000011305.9238   13.1117
    0.0000   22.5000  -45.000011717.0830   13.1352
    7.5000   22.5000  -45.000011209.4404   13.1456
   -7.5000   30.0000  -45.000010627.3359   12.9118
    0.0000   30.0000  -45.000011038.1494   12.9418
    7.5000   30.0000  -45.000010578.7910   12.9525
   -7.5000   37.5000  -45.000010316.2480   12.8988
    0.0000   37.5000  -45.000010730.5547   12.9276
    7.5000   37.5000  -45.000010309.9551   12.9411
   -7.5000   45.0000  -45.0000 9520.3779   12.5801
    0.0000   45.0000  -45.0000 9911.1016   12.6013
    7.5000   45.0000  -45.0000 9529.7637   12.6168
   -7.5000  -45.0000  -37.5000 8126.2119   13.4212
    0.0000  -45.0000  -37.5000 8480.8867   13.4449
    7.5000  -45.0000  -37.5000 8093.5054   13.4568
   -7.5000  -37.5000  -37.5000 8670.0391   13.1718
    0.0000  -37.5000  -37.5000 9051.0176   13.1882
    7.5000  -37.5000  -37.5000 8631.6973   13.2002
   -7.5000  -30.0000  -37.5000 9581.9639   13.1039
    0.0000  -30.0000  -37.5000 9997.0977   13.1229
    7.5000  -30.0000  -37.5000 9543.4395   13.1350
   -7.5000  -22.5000  -37.500010506.1357   13.0886
    0.0000  -22.5000  -37.500010949.2432   13.1165
    7.5000  -22.5000  -37.500010459.0488   13.1281
   -7.5000  -15.0000  -37.500011451.1543   13.0638
    0.0000  -15.0000  -37.500011916.6045   13.0972
    7.5000  -15.0000  -37.500011382.8740   13.1080
   -7.5000   -7.5000  -37.500012372.8242   13.0562
    0.0000   -7.5000  -37.500012878.5459   13.0860
    7.5000   -7.5000  -37.500012296.9678   13.0965
   -7.5000    0.0000  -37.500013206.0215   13.0684
    0.0000    0.0000  -37.500013703.2520   13.0900
    7.5000    0.0000  -37.500013131.2812   13.1012
   -7.5000    7.5000  -37.500012979.5352   13.0912
    0.0000    7.5000  -37.500013473.2158   13.1074
    7.5000    7.5000  -37.500012920.9189   13.1195
   -7.5000   15.0000  -37.500012506.5820   13.1039
    0.0000   15.0000  -37.500012950.4502   13.1229
    7.5000   15.0000  -37.500012411.5488   13.1350
   -7.5000   22.5000  -37.500011853.2803   13.0868
    0.0000   22.5000  -37.500012270.7979   13.1147
    7.5000   22.5000  -37.500011778.4268   13.1263
   -7.5000   30.0000  -37.500011163.6201   12.8897
    0.0000   30.0000  -37.500011572.2754   12.9227
    7.5000   30.0000  -37.500011135.5752   12.9334
   -7.5000   37.5000  -37.500010879.7734   12.8822
    0.0000   37.5000  -37.500011278.9766   12.9117
    7.5000   37.5000  -37.500010889.3955   12.9220
   -7.5000   45.0000  -37.500010052.6201   12.5668
    0.0000   45.0000  -37.500010416.4521   12.5876
    7.5000   45.0000  -37.500010075.2725   12.5983
   -7.5000  -45.0000  -30.0000 8637.0781   14.0116
    0.0000  -45.0000  -30.0000 9015.7012   14.0325
    7.5000  -45.0000  -30.0000 8607.0898   14.0406
   -7.5000  -37.5000  -30.0000 9233.2188   13.7461
    0.0000  -37.5000  -30.0000 9645.1416   13.7623
    7.5000  -37.5000  -30.0000 9194.6924   13.7719
   -7.5000  -30.0000  -30.000010219.1123   13.6692
    0.0000  -30.0000  -30.000010671.3574   13.6900
    7.5000  -30.0000  -30.000010177.6436   13.7016
   -7.5000  -22.5000  -30.000011204.1855   13.6517
    0.0000  -22.5000  -30.000011695.0742   13.6804
    7.5000  -22.5000  -30.000011152.6963   13.6919
   -7.5000  -15.0000  -30.000012226.1924   13.6308
    0.0000  -15.0000  -30.000012751.9844   13.6623
    7.5000  -15.0000  -30.000012156.1279   13.6715
   -7.5000   -7.5000  -30.000013237.8691   13.6291
    0.0000   -7.5000  -30.000013790.9932   13.6555
    7.5000   -7.5000  -30.000013146.8262   13.6625
   -7.5000    0.0000  -30.000014101.0801   13.6431
    0.0000    0.0000  -30.000014683.2305   13.6618
    7.5000    0.0000  -30.000014005.8926   13.6691
   -7.5000    7.5000  -30.000013848.3057   13.6621
    0.0000    7.5000  -30.000014387.4111   13.6781
    7.5000    7.5000  -30.000013752.5684   13.6878
   -7.5000   15.0000  -30.000013325.1934   13.6691
    0.0000   15.0000  -30.000013808.1934   13.6899
    7.5000   15.0000  -30.000013236.4199   13.7016
   -7.5000   22.5000  -30.000012663.9131   13.6484
    0.0000   22.5000  -30.000013125.3770   13.6771
    7.5000   22.5000  -30.000012581.7158   13.6886
   -7.5000   30.0000  -30.000011930.9375   13.4505
    0.0000   30.0000  -30.000012364.2324   13.4815
    7.5000   30.0000  -30.000011877.4297   13.4906
   -7.5000   37.5000  -30.000011627.7188   13.4488
    0.0000   37.5000  -30.000012025.2812   13.4748
    7.5000   37.5000  -30.000011623.0078   13.4817
   -7.5000   45.0000  -30.000010738.8584   13.1291
    0.0000   45.0000  -30.000011122.1221   13.1471
    7.5000   45.0000  -30.000010753.8223   13.1542
   -7.5000  -45.0000  -22.5000 9115.2910   14.5116
    0.0000  -45.0000  -22.5000 9520.8145   14.5291
    7.5000  -45.0000  -22.5000 9083.7998   14.5381
   -7.5000  -37.5000  -22.5000 9768.0264   14.2348
    0.0000  -37.5000  -22.500010208.9805   14.2489
    7.5000  -37.5000  -22.5000 9712.3037   14.2596
   -7.5000  -30.0000  -22.500010852.2021   14.1547
    0.0000  -30.0000  -22.500011333.2979   14.1726
    7.5000  -30.0000  -22.500010759.5547   14.1841
   -7.5000  -22.5000  -22.500011928.8906   14.1381
    0.0000  -22.5000  -22.500012439.5566   14.1616
    7.5000  -22.5000  -22.500011818.2119   14.1717
   -7.5000  -15.0000  -22.500013001.5088   14.1183
    0.0000  -15.0000  -22.500013576.6289   14.1433
    7.5000  -15.0000  -22.500012876.9648   14.1511
   -7.5000   -7.5000  -22.500014103.8477   14.1168
    0.0000   -7.5000  -22.500014712.5859   14.1379
    7.5000   -7.5000  -22.500013941.3613   14.1448
   -7.5000    0.0000  -22.500015002.8408   14.1298
    0.0000    0.0000  -22.500015657.1094   14.1455
    7.5000    0.0000  -22.500014820.2744   14.1539
   -7.5000    7.5000  -22.500014755.9014   14.1480
    0.0000    7.5000  -22.500015346.5654   14.1619
    7.5000    7.5000  -22.500014566.3574   14.1727
   -7.5000   15.0000  -22.500014230.9121   14.1547
    0.0000   15.0000  -22.500014764.2363   14.1726
    7.5000   15.0000  -22.500014068.4707   14.1841
   -7.5000   22.5000  -22.500013530.5625   14.1338
    0.0000   22.5000  -22.500014046.0703   14.1573
    7.5000   22.5000  -22.500013397.7432   14.1673
   -7.5000   30.0000  -22.500012729.5771   13.9337
    0.0000   30.0000  -22.500013200.5625   13.9583
    7.5000   30.0000  -22.500012627.6807   13.9660
   -7.5000   37.5000  -22.500012369.7070   13.9321
    0.0000   37.5000  -22.500012804.6816   13.9530
    7.5000   37.5000  -22.500012298.8936   13.9598
   -7.5000   45.0000  -22.500011442.2617   13.6077
    0.0000   45.0000  -22.500011824.6543   13.6228
    7.5000   45.0000  -22.500011378.7559   13.6309
   -7.5000  -45.0000  -15.0000 9574.1826   14.8481
    0.0000  -45.0000  -15.0000 9977.3184   14.8653
    7.5000  -45.0000  -15.0000 9502.9482   14.8794
   -7.5000  -37.5000  -15.000010278.2441   14.5683
    0.0000  -37.5000  -15.000010719.5586   14.5810
    7.5000  -37.5000  -15.000010178.0938   14.5958
   -7.5000  -30.0000  -15.000011463.3496   14.4920
    0.0000  -30.0000  -15.000011945.0996   14.5056
    7.5000  -30.0000  -15.000011307.8789   14.5182
   -7.5000  -22.5000  -15.000012625.6455   14.4776
    0.0000  -22.5000  -15.000013168.5225   14.4953
    7.5000  -22.5000  -15.000012423.7500   14.5042
   -7.5000  -15.0000  -15.000013743.3652   14.4540
    0.0000  -15.0000  -15.000014392.6572   14.4743
    7.5000  -15.0000  -15.000013520.5371   14.4821
   -7.5000   -7.5000  -15.000014964.7959   14.4467
    0.0000   -7.5000  -15.000015681.9023   14.4659
    7.5000   -7.5000  -15.000014674.9258   14.4761
   -7.5000    0.0000  -15.000015942.1133   14.4578
    0.0000    0.0000  -15.000016736.3613   14.4734
    7.5000    0.0000  -15.000015616.5449   14.4871
   -7.5000    7.5000  -15.000015657.1221   14.4795
    0.0000    7.5000  -15.000016374.4863   14.4921
    7.5000    7.5000  -15.000015353.1006   14.5069
   -7.5000   15.0000  -15.000015139.4229   14.4920
    0.0000   15.0000  -15.000015782.2041   14.5056
    7.5000   15.0000  -15.000014859.3057   14.5182
   -7.5000   22.5000  -15.000014402.0820   14.4724
    0.0000   22.5000  -15.000015014.2646   14.4902
    7.5000   22.5000  -15.000014146.6592   14.4991
   -7.5000   30.0000  -15.000013543.4756   14.2669
    0.0000   30.0000  -15.000014106.6338   14.2870
    7.5000   30.0000  -15.000013338.8057   14.2946
   -7.5000   37.5000  -15.000013080.1025   14.2597
    0.0000   37.5000  -15.000013603.9072   14.2787
    7.5000   37.5000  -15.000012927.8438   14.2888
   -7.5000   45.0000  -15.000012136.2979   13.9320
    0.0000   45.0000  -15.000012586.0898   13.9470
    7.5000   45.0000  -15.000011984.5488   13.9602
   -7.5000  -45.0000   -7.500010040.8545   14.9859
    0.0000  -45.0000   -7.500010502.2773   15.0073
    7.5000  -45.0000   -7.5000 9950.8496   15.0257
   -7.5000  -37.5000   -7.500010770.4199   14.7087
    0.0000  -37.5000   -7.500011262.5322   14.7224
    7.5000  -37.5000   -7.500010628.9805   14.7401
   -7.5000  -30.0000   -7.500011994.4150   14.6380
    0.0000  -30.0000   -7.500012523.5488   14.6512
    7.5000  -30.0000   -7.500011795.7568   14.6648
   -7.5000  -22.5000   -7.500013214.9072   14.6251
    0.0000  -22.5000   -7.500013804.4795   14.6444
    7.5000  -22.5000   -7.500012984.0850   14.6539
   -7.5000  -15.0000   -7.500014427.5918   14.5965
    0.0000  -15.0000   -7.500015113.8789   14.6213
    7.5000  -15.0000   -7.500014154.9668   14.6311
   -7.5000   -7.5000   -7.500015827.7236   14.5827
    0.0000   -7.5000   -7.500016623.1875   14.6075
    7.5000   -7.5000   -7.500015428.3740   14.6216
   -7.5000    0.0000   -7.500017029.4121   14.5924
    0.0000    0.0000   -7.500017972.3184   14.6121
    7.5000    0.0000   -7.500016533.7246   14.6300
   -7.5000    7.5000   -7.500016768.3301   14.6190
    0.0000    7.5000   -7.500017658.0723   14.6327
    7.5000    7.5000   -7.500016279.5977   14.6503
   -7.5000   15.0000   -7.500016192.6543   14.6379
    0.0000   15.0000   -7.500017012.6719   14.6512
    7.5000   15.0000   -7.500015712.7734   14.6648
   -7.5000   22.5000   -7.500015395.5732   14.6184
    0.0000   22.5000   -7.500016154.9541   14.6376
    7.5000   22.5000   -7.500014962.9160   14.6472
   -7.5000   30.0000   -7.500014438.0615   14.4072
    0.0000   30.0000   -7.500015153.6299   14.4317
    7.5000   30.0000   -7.500014078.1426   14.4414
   -7.5000   37.5000   -7.500013927.5703   14.3936
    0.0000   37.5000   -7.500014591.5762   14.4181
    7.5000   37.5000   -7.500013631.6523   14.4320
   -7.5000   45.0000   -7.500012895.4600   14.0643
    0.0000   45.0000   -7.500013475.8232   14.0833
    7.5000   45.0000   -7.500012650.6904   14.1005
   -7.5000  -45.0000    0.000010392.8135   14.9940
    0.0000  -45.0000    0.000010859.1504   15.0205
    7.5000  -45.0000    0.000010296.1768   15.0386
   -7.5000  -37.5000    0.000011171.4395   14.7191
    0.0000  -37.5000    0.000011657.4570   14.7358
    7.5000  -37.5000    0.000011007.5059   14.7528
   -7.5000  -30.0000    0.000012472.5576   14.6489
    0.0000  -30.0000    0.000012988.6436   14.6659
    7.5000  -30.0000    0.000012255.6211   14.6800
   -7.5000  -22.5000    0.000013773.7373   14.6346
    0.0000  -22.5000    0.000014356.5947   14.6608
    7.5000  -22.5000    0.000013492.4756   14.6724
   -7.5000  -15.0000    0.000015026.1953   14.6037
    0.0000  -15.0000    0.000015695.4932   14.6375
    7.5000  -15.0000    0.000014662.6152   14.6496
   -7.5000   -7.5000    0.000016536.8379   14.5894
    0.0000   -7.5000    0.000017359.9336   14.6217
    7.5000   -7.5000    0.000016043.7539   14.6367
   -7.5000    0.0000    0.000018030.7012   14.6005
    0.0000    0.0000    0.000019234.5625   14.6248
    7.5000    0.0000    0.000017375.1172   14.6422
   -7.5000    7.5000    0.000017951.1699   14.6292
    0.0000    7.5000    0.000019284.4668   14.6457
    7.5000    7.5000    0.000017311.5020   14.6628
   -7.5000   15.0000    0.000017268.8496   14.6489
    0.0000   15.0000    0.000018480.9961   14.6659
    7.5000   15.0000    0.000016667.8574   14.6800
   -7.5000   22.5000    0.000016254.6113   14.6279
    0.0000   22.5000    0.000017313.5332   14.6540
    7.5000   22.5000    0.000015739.6016   14.6656
   -7.5000   30.0000    0.000015122.9600   14.4147
    0.0000   30.0000    0.000016009.9922   14.4480
    7.5000   30.0000    0.000014692.4502   14.4600
   -7.5000   37.5000    0.000014530.1836   14.4006
    0.0000   37.5000    0.000015328.4160   14.4325
    7.5000   37.5000    0.000014197.7217   14.4473
   -7.5000   45.0000    0.000013393.9844   14.0732
    0.0000   45.0000    0.000014102.6924   14.0966
    7.5000   45.0000    0.000013181.7109   14.1134
   -7.5000  -45.0000    7.5000 9975.9629   15.0117
    0.0000  -45.0000    7.500010392.4590   15.0383
    7.5000  -45.0000    7.5000 9820.4805   15.0517
   -7.5000  -37.5000    7.500010714.5625   14.7331
    0.0000  -37.5000    7.500011138.0537   14.7515
    7.5000  -37.5000    7.500010499.1465   14.7651
   -7.5000  -30.0000    7.500011954.9502   14.6569
    0.0000  -30.0000    7.500012436.9111   14.6783
    7.5000  -30.0000    7.500011693.3936   14.6918
   -7.5000  -22.5000    7.500013240.2920   14.6394
    0.0000  -22.5000    7.500013782.5811   14.6706
    7.5000  -22.5000    7.500012894.3115   14.6835
   -7.5000  -15.0000    7.500014522.1953   14.6114
    0.0000  -15.0000    7.500015121.4727   14.6487
    7.5000  -15.0000    7.500014081.2705   14.6607
   -7.5000   -7.5000    7.500015975.7354   14.6031
    0.0000   -7.5000    7.500016705.1914   14.6365
    7.5000   -7.5000    7.500015489.2363   14.6482
   -7.5000    0.0000    7.500017429.6191   14.6172
    0.0000    0.0000    7.500018452.7598   14.6415
    7.5000    0.0000    7.500016853.5469   14.6541
   -7.5000    7.5000    7.500017355.8125   14.6430
    0.0000    7.5000    7.500018547.9238   14.6612
    7.5000    7.5000    7.500016812.2148   14.6749
   -7.5000   15.0000    7.500016636.8516   14.6569
    0.0000   15.0000    7.500017702.9355   14.6782
    7.5000   15.0000    7.500016170.7256   14.6918
   -7.5000   22.5000    7.500015594.2637   14.6326
    0.0000   22.5000    7.500016503.9004   14.6639
    7.5000   22.5000    7.500015201.1191   14.6767
   -7.5000   30.0000    7.500014470.4092   14.4223
    0.0000   30.0000    7.500015279.1152   14.4591
    7.5000   30.0000    7.500014140.0020   14.4710
   -7.5000   37.5000    7.500013881.6406   14.4141
    0.0000   37.5000    7.500014667.4473   14.4471
    7.5000   37.5000    7.500013648.7637   14.4587
   -7.5000   45.0000    7.500012792.6318   14.0893
    0.0000   45.0000    7.500013524.6523   14.1127
    7.5000   45.0000    7.500012645.6436   14.1248
   -7.5000  -45.0000   15.0000 9459.2246   15.0461
    0.0000  -45.0000   15.0000 9813.6836   15.0686
    7.5000  -45.0000   15.0000 9253.6631   15.0773
   -7.5000  -37.5000   15.000010168.3008   14.7611
    0.0000  -37.5000   15.000010537.9609   14.7785
    7.5000  -37.5000   15.0000 9912.9248   14.7888
   -7.5000  -30.0000   15.000011375.4639   14.6784
    0.0000  -30.0000   15.000011787.7051   14.7008
    7.5000  -30.0000   15.000011070.0225   14.7132
   -7.5000  -22.5000   15.000012616.8633   14.6597
    0.0000  -22.5000   15.000013096.2939   14.6905
    7.5000  -22.5000   15.000012280.5576   14.7029
   -7.5000  -15.0000   15.000013829.1348   14.6373
    0.0000  -15.0000   15.000014358.3887   14.6711
    7.5000  -15.0000   15.000013450.4590   14.6810
   -7.5000   -7.5000   15.000015100.3818   14.6355
    0.0000   -7.5000   15.000015780.5420   14.6637
    7.5000   -7.5000   15.000014734.0791   14.6713
   -7.5000    0.0000   15.000016315.0234   14.6504
    0.0000    0.0000   15.000017307.6934   14.6705
    7.5000    0.0000   15.000015934.0801   14.6784
   -7.5000    7.5000   15.000016106.0049   14.6708
    0.0000    7.5000   15.000017043.2363   14.6880
    7.5000    7.5000   15.000015747.1777   14.6984
   -7.5000   15.0000   15.000015379.7979   14.6784
    0.0000   15.0000   15.000016156.4961   14.7007
    7.5000   15.0000   15.000015075.0225   14.7132
   -7.5000   22.5000   15.000014554.4033   14.6529
    0.0000   22.5000   15.000015261.0049   14.6838
    7.5000   22.5000   15.000014263.7822   14.6961
   -7.5000   30.0000   15.000013658.8223   14.4479
    0.0000   30.0000   15.000014333.6934   14.4812
    7.5000   30.0000   15.000013387.9346   14.4910
   -7.5000   37.5000   15.000013171.2031   14.4460
    0.0000   37.5000   15.000013856.8076   14.4740
    7.5000   37.5000   15.000012968.2363   14.4814
   -7.5000   45.0000   15.000012122.0273   14.1213
    0.0000   45.0000   15.000012769.8779   14.1407
    7.5000   45.0000   15.000011978.5557   14.1483
   -7.5000  -45.0000   22.5000 8863.5029   15.1460
    0.0000  -45.0000   22.5000 9194.4199   15.1645
    7.5000  -45.0000   22.5000 8654.4775   15.1740
   -7.5000  -37.5000   22.5000 9550.3379   14.8554
    0.0000  -37.5000   22.5000 9904.7881   14.8704
    7.5000  -37.5000   22.5000 9325.0176   14.8818
   -7.5000  -30.0000   22.500010662.8857   14.7713
    0.0000  -30.0000   22.500011056.2832   14.7902
    7.5000  -30.0000   22.500010433.6514   14.8025
   -7.5000  -22.5000   22.500011780.2949   14.7539
    0.0000  -22.5000   22.500012240.2656   14.7786
    7.5000  -22.5000   22.500011563.3574   14.7893
   -7.5000  -15.0000   22.500012837.9131   14.7333
    0.0000  -15.0000   22.500013366.6094   14.7595
    7.5000  -15.0000   22.500012635.4551   14.7676
   -7.5000   -7.5000   22.500013961.6768   14.7318
    0.0000   -7.5000   22.500014603.4238   14.7539
    7.5000   -7.5000   22.500013805.0283   14.7612
   -7.5000    0.0000   22.500015001.8340   14.7455
    0.0000    0.0000   22.500015846.4209   14.7620
    7.5000    0.0000   22.500014843.7549   14.7709
   -7.5000    7.5000   22.500014750.1748   14.7643
    0.0000    7.5000   22.500015452.4551   14.7791
    7.5000    7.5000   22.500014551.0107   14.7905
   -7.5000   15.0000   22.500014176.3271   14.7712
    0.0000   15.0000   22.500014755.4209   14.7901
    7.5000   15.0000   22.500013938.2471   14.8024
   -7.5000   22.5000   22.500013532.8203   14.7471
    0.0000   22.5000   22.500014088.9707   14.7718
    7.5000   22.5000   22.500013272.5273   14.7825
   -7.5000   30.0000   22.500012772.3896   14.5426
    0.0000   30.0000   22.500013340.8652   14.5685
    7.5000   30.0000   22.500012533.5947   14.5765
   -7.5000   37.5000   22.500012330.7227   14.5412
    0.0000   37.5000   22.500012908.3809   14.5630
    7.5000   37.5000   22.500012138.6357   14.5702
   -7.5000   45.0000   22.500011352.3867   14.2130
    0.0000   45.0000   22.500011903.6670   14.2288
    7.5000   45.0000   22.500011211.3594   14.2374
   -7.5000  -45.0000   30.0000 8174.0591   15.3809
    0.0000  -45.0000   30.0000 8516.5078   15.3987
    7.5000  -45.0000   30.0000 8041.0298   15.4136
   -7.5000  -37.5000   30.0000 8800.4805   15.0844
    0.0000  -37.5000   30.0000 9157.5088   15.0976
    7.5000  -37.5000   30.0000 8676.2998   15.1135
   -7.5000  -30.0000   30.0000 9804.1738   15.0032
    0.0000  -30.0000   30.000010195.8584   15.0176
    7.5000  -30.0000   30.0000 9687.3584   15.0312
   -7.5000  -22.5000   30.000010798.6592   14.9878
    0.0000  -22.5000   30.000011264.3330   15.0066
    7.5000  -22.5000   30.000010720.0127   15.0164
   -7.5000  -15.0000   30.000011760.0850   14.9633
    0.0000  -15.0000   30.000012250.2344   14.9846
    7.5000  -15.0000   30.000011712.1016   14.9931
   -7.5000   -7.5000   30.000012772.8857   14.9561
    0.0000   -7.5000   30.000013333.5977   14.9761
    7.5000   -7.5000   30.000012779.4375   14.9870
   -7.5000    0.0000   30.000013712.8604   14.9680
    0.0000    0.0000   30.000014367.4453   14.9842
    7.5000    0.0000   30.000013695.1943   14.9986
   -7.5000    7.5000   30.000013492.1543   14.9905
    0.0000    7.5000   30.000014002.8291   15.0037
    7.5000    7.5000   30.000013380.6650   15.0194
   -7.5000   15.0000   30.000013014.4170   15.0032
    0.0000   15.0000   30.000013488.6826   15.0176
    7.5000   15.0000   30.000012862.0273   15.0312
   -7.5000   22.5000   30.000012463.0889   14.9809
    0.0000   22.5000   30.000012938.1943   14.9997
    7.5000   22.5000   30.000012285.7461   15.0095
   -7.5000   30.0000   30.000011802.8330   14.7696
    0.0000   30.0000   30.000012265.4805   14.7907
    7.5000   30.0000   30.000011625.7217   14.7990
   -7.5000   37.5000   30.000011434.6016   14.7625
    0.0000   37.5000   30.000011903.4756   14.7823
    7.5000   37.5000   30.000011254.8818   14.7930
   -7.5000   45.0000   30.000010540.6953   14.4275
    0.0000   45.0000   30.000011021.2490   14.4430
    7.5000   45.0000   30.000010412.0156   14.4569
   -7.5000  -45.0000   37.5000 7712.1792   15.7313
    0.0000  -45.0000   37.5000 8057.7812   15.7538
    7.5000  -45.0000   37.5000 7635.7476   15.7744
   -7.5000  -37.5000   37.5000 8330.6279   15.4270
    0.0000  -37.5000   37.5000 8687.6846   15.4413
    7.5000  -37.5000   37.5000 8256.3701   15.4611
   -7.5000  -30.0000   37.5000 9297.1904   15.3486
    0.0000  -30.0000   37.5000 9688.8184   15.3631
    7.5000  -30.0000   37.5000 9252.5996   15.3787
   -7.5000  -22.5000   37.500010269.6387   15.3335
    0.0000  -22.5000   37.500010695.1709   15.3551
    7.5000  -22.5000   37.500010267.3242   15.3664
   -7.5000  -15.0000   37.500011194.0215   15.3018
    0.0000  -15.0000   37.500011642.4629   15.3293
    7.5000  -15.0000   37.500011218.8848   15.3409
   -7.5000   -7.5000   37.500012182.2578   15.2875
    0.0000   -7.5000   37.500012674.7158   15.3143
    7.5000   -7.5000   37.500012230.2871   15.3303
   -7.5000    0.0000   37.500013057.3271   15.2991
    0.0000    0.0000   37.500013599.1309   15.3197
    7.5000    0.0000   37.500013064.2197   15.3397
   -7.5000    7.5000   37.500012837.7842   15.3285
    0.0000    7.5000   37.500013294.3447   15.3427
    7.5000    7.5000   37.500012763.5420   15.3625
   -7.5000   15.0000   37.500012400.3145   15.3486
    0.0000   15.0000   37.500012838.3369   15.3631
    7.5000   15.0000   37.500012290.1729   15.3787
   -7.5000   22.5000   37.500011894.8154   15.3265
    0.0000   22.5000   37.500012324.3223   15.3480
    7.5000   22.5000   37.500011755.7881   15.3593
   -7.5000   30.0000   37.500011287.4395   15.1038
    0.0000   30.0000   37.500011699.7031   15.1310
    7.5000   30.0000   37.500011146.7803   15.1424
   -7.5000   37.5000   37.500010966.8975   15.0897
    0.0000   37.5000   37.500011379.7188   15.1161
    7.5000   37.5000   37.500010805.4238   15.1319
   -7.5000   45.0000   37.500010132.0371   14.7466
    0.0000   45.0000   37.500010540.2920   14.7664
    7.5000   45.0000   37.500010011.7969   14.7857
   -7.5000  -45.0000   45.0000 7006.6650   16.2000
    0.0000  -45.0000   45.0000 7338.2642   16.2298
    7.5000  -45.0000   45.0000 6960.3491   16.2515
   -7.5000  -37.5000   45.0000 7594.6733   15.8781
    0.0000  -37.5000   45.0000 7944.5645   15.8964
    7.5000  -37.5000   45.0000 7562.4912   15.9164
   -7.5000  -30.0000   45.0000 8485.0215   15.7941
    0.0000  -30.0000   45.0000 8863.2871   15.8132
    7.5000  -30.0000   45.0000 8475.1729   15.8295
   -7.5000  -22.5000   45.0000 9370.8740   15.7743
    0.0000  -22.5000   45.0000 9763.6465   15.8048
    7.5000  -22.5000   45.0000 9389.3008   15.8187
   -7.5000  -15.0000   45.000010239.8330   15.7374
    0.0000  -15.0000   45.000010640.3174   15.7769
    7.5000  -15.0000   45.000010270.9912   15.7919
   -7.5000   -7.5000   45.000011162.5420   15.7229
    0.0000   -7.5000   45.000011597.4092   15.7601
    7.5000   -7.5000   45.000011191.7637   15.7785
   -7.5000    0.0000   45.000011937.1973   15.7386
    0.0000    0.0000   45.000012408.0137   15.7658
    7.5000    0.0000   45.000011914.1270   15.7866
   -7.5000    7.5000   45.000011735.8203   15.7729
    0.0000    7.5000   45.000012157.4580   15.7910
    7.5000    7.5000   45.000011664.5586   15.8109
   -7.5000   15.0000   45.000011343.6250   15.7940
    0.0000   15.0000   45.000011755.7510   15.8132
    7.5000   15.0000   45.000011258.3857   15.8295
   -7.5000   22.5000   45.000010904.9482   15.7670
    0.0000   22.5000   45.000011300.4199   15.7975
    7.5000   22.5000   45.000010788.3438   15.8113
   -7.5000   30.0000   45.000010369.9854   15.5324
    0.0000   30.0000   45.000010749.2949   15.5714
    7.5000   30.0000   45.000010244.0820   15.5862
   -7.5000   37.5000   45.000010085.1025   15.5180
    0.0000   37.5000   45.000010475.0986   15.5548
    7.5000   37.5000   45.0000 9949.3311   15.5729
   -7.5000   45.0000   45.0000 9318.6660   15.1771
    0.0000   45.0000   45.0000 9708.2715   15.2033
    7.5000   45.0000   45.0000 9214.9668   15.2234

---------------------------------------------------------------------
imgreg_4dfp /opt/freesurfer/average/711-2C_as_mni_average_305 /opt/freesurfer/average/711-2B_as_mni_average_305_mask talsrcimg_g11 none talsrcimg_to_711-2C_as_mni_average_305_t4 4355
---------------------------------------------------------------------

freesurfer imgreg_4dfp.c
/opt/freesurfer/average/711-2C_as_mni_average_305.4dfp.img
       256       256       256         1
  1.000000  1.000000  1.000000
orientation T byte_order littleendian
Reading image: /opt/freesurfer/average/711-2C_as_mni_average_305.4dfp.img
dimensions:      256       256       256
mmppix:       1.0000   -1.0000   -1.0000
center:     128.0000 -129.0000 -129.0000
/opt/freesurfer/average/711-2B_as_mni_average_305_mask.4dfp.img
       256       256       256         1
  1.000000  1.000000  1.000000
orientation T byte_order littleendian
Reading mask: /opt/freesurfer/average/711-2B_as_mni_average_305_mask.4dfp.img (2306576 pixels)
talsrcimg_g11.4dfp.img
       256       256       256         1
  1.000000  1.000000  1.000000
orientation T byte_order littleendian
Reading image: talsrcimg_g11.4dfp.img
dimensions:      256       256       256
mmppix:       1.0000   -1.0000   -1.0000
center:     128.0000 -129.0000 -129.0000
rotation matrix determinant  1.000000
image alignment mode   4355 decimal     1103 hex
   -7.5000  -37.5000  -45.0000 2225.7805   16.1442
    0.0000  -37.5000  -45.0000 2235.0684   16.0151
    7.5000  -37.5000  -45.0000 2219.7188   16.0940
   -7.5000  -30.0000  -45.0000 2306.7957   14.8283
    0.0000  -30.0000  -45.0000 2315.5093   14.7005
    7.5000  -30.0000  -45.0000 2305.7561   14.8321
   -7.5000  -22.5000  -45.0000 2380.7678   13.8959
    0.0000  -22.5000  -45.0000 2388.6831   13.7661
    7.5000  -22.5000  -45.0000 2377.9932   13.9175
   -7.5000  -15.0000  -45.0000 2433.8191   13.3395
    0.0000  -15.0000  -45.0000 2438.1816   13.2498
    7.5000  -15.0000  -45.0000 2423.8416   13.3939
   -7.5000   -7.5000  -45.0000 2468.9670   13.1095
    0.0000   -7.5000  -45.0000 2472.4592   12.9767
    7.5000   -7.5000  -45.0000 2454.7771   13.1404
   -7.5000    0.0000  -45.0000 2486.8337   13.0616
    0.0000    0.0000  -45.0000 2488.3899   12.9101
    7.5000    0.0000  -45.0000 2473.6421   13.0635
   -7.5000    7.5000  -45.0000 2488.4006   13.1173
    0.0000    7.5000  -45.0000 2496.3594   12.9852
    7.5000    7.5000  -45.0000 2484.4771   13.1038
   -7.5000   15.0000  -45.0000 2484.7107   13.3996
    0.0000   15.0000  -45.0000 2497.2559   13.2298
    7.5000   15.0000  -45.0000 2485.2334   13.3753
   -7.5000   22.5000  -45.0000 2460.5879   13.8963
    0.0000   22.5000  -45.0000 2474.0034   13.7330
    7.5000   22.5000  -45.0000 2461.6230   13.8660
   -7.5000   30.0000  -45.0000 2414.8191   14.6017
    0.0000   30.0000  -45.0000 2432.4463   14.4696
    7.5000   30.0000  -45.0000 2416.4790   14.5821
   -7.5000   37.5000  -45.0000 2354.4734   15.5164
    0.0000   37.5000  -45.0000 2368.0908   15.4002
    7.5000   37.5000  -45.0000 2351.7175   15.4794
   -7.5000   45.0000  -45.0000 2273.8545   16.7411
    0.0000   45.0000  -45.0000 2289.6794   16.6097
    7.5000   45.0000  -45.0000 2270.6562   16.6603
   -7.5000   52.5000  -45.0000 2157.1238   18.1901
    0.0000   52.5000  -45.0000 2173.4148   18.0680
    7.5000   52.5000  -45.0000 2156.9355   18.1460
   -7.5000  -37.5000  -37.5000 2294.3228   15.3433
    0.0000  -37.5000  -37.5000 2302.5632   15.2144
    7.5000  -37.5000  -37.5000 2284.2578   15.3335
   -7.5000  -30.0000  -37.5000 2378.5444   14.0842
    0.0000  -30.0000  -37.5000 2387.8538   13.9598
    7.5000  -30.0000  -37.5000 2374.4578   14.1117
   -7.5000  -22.5000  -37.5000 2454.7295   13.1583
    0.0000  -22.5000  -37.5000 2461.3967   13.0337
    7.5000  -22.5000  -37.5000 2452.8213   13.2002
   -7.5000  -15.0000  -37.5000 2521.7214   12.5427
    0.0000  -15.0000  -37.5000 2523.0549   12.4126
    7.5000  -15.0000  -37.5000 2513.4607   12.5498
   -7.5000   -7.5000  -37.5000 2564.5850   12.2457
    0.0000   -7.5000  -37.5000 2569.9338   12.1166
    7.5000   -7.5000  -37.5000 2556.1785   12.2481
   -7.5000    0.0000  -37.5000 2582.3237   12.1445
    0.0000    0.0000  -37.5000 2593.5793   12.0003
    7.5000    0.0000  -37.5000 2580.6931   12.1274
   -7.5000    7.5000  -37.5000 2580.6177   12.1547
    0.0000    7.5000  -37.5000 2593.7454   12.0306
    7.5000    7.5000  -37.5000 2584.6116   12.1660
   -7.5000   15.0000  -37.5000 2580.8022   12.4193
    0.0000   15.0000  -37.5000 2588.9392   12.2473
    7.5000   15.0000  -37.5000 2583.6204   12.4321
   -7.5000   22.5000  -37.5000 2556.6985   12.8620
    0.0000   22.5000  -37.5000 2565.8826   12.6878
    7.5000   22.5000  -37.5000 2561.3887   12.8667
   -7.5000   30.0000  -37.5000 2510.6340   13.5274
    0.0000   30.0000  -37.5000 2523.7476   13.3562
    7.5000   30.0000  -37.5000 2515.6367   13.5270
   -7.5000   37.5000  -37.5000 2451.9866   14.3767
    0.0000   37.5000  -37.5000 2464.5930   14.1986
    7.5000   37.5000  -37.5000 2454.1658   14.3535
   -7.5000   45.0000  -37.5000 2370.9390   15.4979
    0.0000   45.0000  -37.5000 2381.7776   15.3124
    7.5000   45.0000  -37.5000 2375.4619   15.4295
   -7.5000   52.5000  -37.5000 2247.8596   16.8546
    0.0000   52.5000  -37.5000 2263.3000   16.6768
    7.5000   52.5000  -37.5000 2247.7607   16.8053
   -7.5000  -37.5000  -30.0000 2392.8469   15.2280
    0.0000  -37.5000  -30.0000 2399.4341   15.1026
    7.5000  -37.5000  -30.0000 2385.2144   15.2022
   -7.5000  -30.0000  -30.0000 2485.5969   13.9600
    0.0000  -30.0000  -30.0000 2495.1685   13.8420
    7.5000  -30.0000  -30.0000 2483.3840   13.9701
   -7.5000  -22.5000  -30.0000 2569.9561   12.9472
    0.0000  -22.5000  -30.0000 2577.0854   12.8201
    7.5000  -22.5000  -30.0000 2565.5515   12.9588
   -7.5000  -15.0000  -30.0000 2647.3201   12.2687
    0.0000  -15.0000  -30.0000 2653.6926   12.1263
    7.5000  -15.0000  -30.0000 2642.0535   12.2301
   -7.5000   -7.5000  -30.0000 2695.5002   11.9310
    0.0000   -7.5000  -30.0000 2702.0200   11.7870
    7.5000   -7.5000  -30.0000 2688.7651   11.8797
   -7.5000    0.0000  -30.0000 2714.1907   11.7534
    0.0000    0.0000  -30.0000 2729.1475   11.5866
    7.5000    0.0000  -30.0000 2719.1401   11.6994
   -7.5000    7.5000  -30.0000 2714.5850   11.7523
    0.0000    7.5000  -30.0000 2731.2422   11.5763
    7.5000    7.5000  -30.0000 2723.9836   11.7511
   -7.5000   15.0000  -30.0000 2712.6787   12.0104
    0.0000   15.0000  -30.0000 2723.2058   11.8100
    7.5000   15.0000  -30.0000 2723.2986   12.0140
   -7.5000   22.5000  -30.0000 2696.4075   12.4365
    0.0000   22.5000  -30.0000 2709.3442   12.2271
    7.5000   22.5000  -30.0000 2710.0740   12.4253
   -7.5000   30.0000  -30.0000 2655.4797   13.0616
    0.0000   30.0000  -30.0000 2670.3137   12.8639
    7.5000   30.0000  -30.0000 2665.4595   13.0393
   -7.5000   37.5000  -30.0000 2589.5408   13.8883
    0.0000   37.5000  -30.0000 2604.0154   13.6777
    7.5000   37.5000  -30.0000 2601.6245   13.8230
   -7.5000   45.0000  -30.0000 2501.3757   14.9678
    0.0000   45.0000  -30.0000 2517.2031   14.7475
    7.5000   45.0000  -30.0000 2511.5466   14.8801
   -7.5000   52.5000  -30.0000 2372.9602   16.2889
    0.0000   52.5000  -30.0000 2390.0378   16.0675
    7.5000   52.5000  -30.0000 2381.0063   16.2302
   -7.5000  -37.5000  -22.5000 2445.4006   15.0506
    0.0000  -37.5000  -22.5000 2457.3748   14.9167
    7.5000  -37.5000  -22.5000 2447.2734   14.9816
   -7.5000  -30.0000  -22.5000 2551.0188   13.7728
    0.0000  -30.0000  -22.5000 2560.7847   13.6490
    7.5000  -30.0000  -22.5000 2547.8552   13.7258
   -7.5000  -22.5000  -22.5000 2644.8784   12.7160
    0.0000  -22.5000  -22.5000 2653.1050   12.5879
    7.5000  -22.5000  -22.5000 2640.7390   12.6630
   -7.5000  -15.0000  -22.5000 2723.1921   11.9535
    0.0000  -15.0000  -22.5000 2732.5376   11.8221
    7.5000  -15.0000  -22.5000 2722.9766   11.8921
   -7.5000   -7.5000  -22.5000 2777.3105   11.5037
    0.0000   -7.5000  -22.5000 2786.7183   11.3686
    7.5000   -7.5000  -22.5000 2772.3342   11.4363
   -7.5000    0.0000  -22.5000 2804.5601   11.2690
    0.0000    0.0000  -22.5000 2817.9709   11.1238
    7.5000    0.0000  -22.5000 2810.4424   11.2169
   -7.5000    7.5000  -22.5000 2816.8147   11.2511
    0.0000    7.5000  -22.5000 2830.5222   11.0649
    7.5000    7.5000  -22.5000 2825.8135   11.2373
   -7.5000   15.0000  -22.5000 2821.6372   11.5382
    0.0000   15.0000  -22.5000 2832.6792   11.3164
    7.5000   15.0000  -22.5000 2832.5164   11.5030
   -7.5000   22.5000  -22.5000 2807.2048   11.9652
    0.0000   22.5000  -22.5000 2825.9624   11.7693
    7.5000   22.5000  -22.5000 2821.7644   11.9388
   -7.5000   30.0000  -22.5000 2762.1567   12.5834
    0.0000   30.0000  -22.5000 2782.8293   12.3605
    7.5000   30.0000  -22.5000 2778.0886   12.5284
   -7.5000   37.5000  -22.5000 2698.9866   13.3748
    0.0000   37.5000  -22.5000 2715.6411   13.1554
    7.5000   37.5000  -22.5000 2712.4402   13.2951
   -7.5000   45.0000  -22.5000 2606.6230   14.4016
    0.0000   45.0000  -22.5000 2624.0591   14.1813
    7.5000   45.0000  -22.5000 2616.8918   14.3396
   -7.5000   52.5000  -22.5000 2468.6155   15.6891
    0.0000   52.5000  -22.5000 2489.4590   15.4589
    7.5000   52.5000  -22.5000 2478.1609   15.6445
   -7.5000  -37.5000  -15.0000 2458.8545   14.9068
    0.0000  -37.5000  -15.0000 2468.0381   14.7299
    7.5000  -37.5000  -15.0000 2462.1672   14.8061
   -7.5000  -30.0000  -15.0000 2578.2959   13.5993
    0.0000  -30.0000  -15.0000 2579.5217   13.4625
    7.5000  -30.0000  -15.0000 2572.1357   13.5026
   -7.5000  -22.5000  -15.0000 2677.6731   12.5147
    0.0000  -22.5000  -15.0000 2677.1184   12.4097
    7.5000  -22.5000  -15.0000 2669.2510   12.4107
   -7.5000  -15.0000  -15.0000 2753.1162   11.6936
    0.0000  -15.0000  -15.0000 2758.2480   11.6228
    7.5000  -15.0000  -15.0000 2752.1118   11.6059
   -7.5000   -7.5000  -15.0000 2819.9749   11.1261
    0.0000   -7.5000  -15.0000 2822.8071   11.0790
    7.5000   -7.5000  -15.0000 2814.0347   11.0362
   -7.5000    0.0000  -15.0000 2855.8364   10.8711
    0.0000    0.0000  -15.0000 2863.7363   10.8019
    7.5000    0.0000  -15.0000 2858.7622   10.7690
   -7.5000    7.5000  -15.0000 2880.3486   10.7955
    0.0000    7.5000  -15.0000 2891.2266   10.6720
    7.5000    7.5000  -15.0000 2882.2173   10.7453
   -7.5000   15.0000  -15.0000 2889.4155   11.0839
    0.0000   15.0000  -15.0000 2904.5015   10.9137
    7.5000   15.0000  -15.0000 2892.2976   11.0444
   -7.5000   22.5000  -15.0000 2880.7202   11.5493
    0.0000   22.5000  -15.0000 2899.2905   11.3918
    7.5000   22.5000  -15.0000 2883.7217   11.5087
   -7.5000   30.0000  -15.0000 2841.6147   12.1481
    0.0000   30.0000  -15.0000 2855.0002   11.9590
    7.5000   30.0000  -15.0000 2848.1809   12.0692
   -7.5000   37.5000  -15.0000 2773.7537   12.8969
    0.0000   37.5000  -15.0000 2786.9814   12.6957
    7.5000   37.5000  -15.0000 2780.7283   12.8115
   -7.5000   45.0000  -15.0000 2682.0652   13.9070
    0.0000   45.0000  -15.0000 2690.8865   13.6888
    7.5000   45.0000  -15.0000 2681.7712   13.8239
   -7.5000   52.5000  -15.0000 2538.4675   15.1593
    0.0000   52.5000  -15.0000 2555.3323   14.9305
    7.5000   52.5000  -15.0000 2543.0679   15.1003
   -7.5000  -37.5000   -7.5000 2449.0898   14.7564
    0.0000  -37.5000   -7.5000 2461.6323   14.6855
    7.5000  -37.5000   -7.5000 2449.6262   14.6511
   -7.5000  -30.0000   -7.5000 2568.7341   13.3796
    0.0000  -30.0000   -7.5000 2574.8411   13.3415
    7.5000  -30.0000   -7.5000 2561.2476   13.2983
   -7.5000  -22.5000   -7.5000 2667.2527   12.2875
    0.0000  -22.5000   -7.5000 2677.2451   12.2816
    7.5000  -22.5000   -7.5000 2665.5039   12.2021
   -7.5000  -15.0000   -7.5000 2749.6777   11.4662
    0.0000  -15.0000   -7.5000 2759.3330   11.4517
    7.5000  -15.0000   -7.5000 2754.2100   11.3573
   -7.5000   -7.5000   -7.5000 2837.7163   10.9024
    0.0000   -7.5000   -7.5000 2841.2947   10.9164
    7.5000   -7.5000   -7.5000 2830.4412   10.7618
   -7.5000    0.0000   -7.5000 2883.9187   10.6466
    0.0000    0.0000   -7.5000 2892.2410   10.6785
    7.5000    0.0000   -7.5000 2879.9351   10.5092
   -7.5000    7.5000   -7.5000 2923.3076   10.5789
    0.0000    7.5000   -7.5000 2937.6174   10.5757
    7.5000    7.5000   -7.5000 2918.3892   10.4892
   -7.5000   15.0000   -7.5000 2944.0979   10.7769
    0.0000   15.0000   -7.5000 2963.3330   10.7425
    7.5000   15.0000   -7.5000 2932.2263   10.7359
   -7.5000   22.5000   -7.5000 2934.0649   11.2116
    0.0000   22.5000   -7.5000 2958.7791   11.1530
    7.5000   22.5000   -7.5000 2928.5137   11.1617
   -7.5000   30.0000   -7.5000 2890.0513   11.7566
    0.0000   30.0000   -7.5000 2912.8518   11.6755
    7.5000   30.0000   -7.5000 2890.5933   11.6630
   -7.5000   37.5000   -7.5000 2820.4609   12.4768
    0.0000   37.5000   -7.5000 2844.0579   12.3604
    7.5000   37.5000   -7.5000 2822.1533   12.3644
   -7.5000   45.0000   -7.5000 2725.4509   13.4635
    0.0000   45.0000   -7.5000 2746.7402   13.3242
    7.5000   45.0000   -7.5000 2724.8872   13.3637
   -7.5000   52.5000   -7.5000 2582.1169   14.7276
    0.0000   52.5000   -7.5000 2607.2244   14.5606
    7.5000   52.5000   -7.5000 2585.8547   14.6388
   -7.5000  -37.5000    0.0000 2423.0344   14.8617
    0.0000  -37.5000    0.0000 2432.4360   14.8006
    7.5000  -37.5000    0.0000 2427.3660   14.7738
   -7.5000  -30.0000    0.0000 2542.6367   13.4395
    0.0000  -30.0000    0.0000 2546.4783   13.4026
    7.5000  -30.0000    0.0000 2544.4358   13.3722
   -7.5000  -22.5000    0.0000 2650.0742   12.3241
    0.0000  -22.5000    0.0000 2654.4402   12.3030
    7.5000  -22.5000    0.0000 2652.9756   12.2291
   -7.5000  -15.0000    0.0000 2736.6665   11.4639
    0.0000  -15.0000    0.0000 2746.3772   11.4705
    7.5000  -15.0000    0.0000 2742.1204   11.3373
   -7.5000   -7.5000    0.0000 2834.9868   10.9538
    0.0000   -7.5000    0.0000 2848.9084   11.0021
    7.5000   -7.5000    0.0000 2831.4905   10.7924
   -7.5000    0.0000    0.0000 2911.3850   10.7728
    0.0000    0.0000    0.0000 2939.0371   10.8923
    7.5000    0.0000    0.0000 2898.3237   10.5941
   -7.5000    7.5000    0.0000 2966.0054   10.7359
    0.0000    7.5000    0.0000 3007.7458   10.9017
    7.5000    7.5000    0.0000 2957.6121   10.5784
   -7.5000   15.0000    0.0000 2983.8850   10.7798
    0.0000   15.0000    0.0000 3023.4099   10.8868
    7.5000   15.0000    0.0000 2972.2957   10.7020
   -7.5000   22.5000    0.0000 2962.6821   11.0407
    0.0000   22.5000    0.0000 2999.8110   11.0531
    7.5000   22.5000    0.0000 2957.9316   10.9698
   -7.5000   30.0000    0.0000 2914.6611   11.4896
    0.0000   30.0000    0.0000 2943.4502   11.4255
    7.5000   30.0000    0.0000 2914.8789   11.4348
   -7.5000   37.5000    0.0000 2845.0300   12.2050
    0.0000   37.5000    0.0000 2869.8606   12.0968
    7.5000   37.5000    0.0000 2851.6306   12.1417
   -7.5000   45.0000    0.0000 2746.6663   13.2331
    0.0000   45.0000    0.0000 2771.5063   13.0947
    7.5000   45.0000    0.0000 2754.8328   13.1964
   -7.5000   52.5000    0.0000 2606.5186   14.5319
    0.0000   52.5000    0.0000 2628.9829   14.3544
    7.5000   52.5000    0.0000 2609.9727   14.4997
   -7.5000  -37.5000    7.5000 2391.2957   15.1836
    0.0000  -37.5000    7.5000 2393.3386   15.0881
    7.5000  -37.5000    7.5000 2394.5811   15.0256
   -7.5000  -30.0000    7.5000 2506.0020   13.7423
    0.0000  -30.0000    7.5000 2504.4712   13.6893
    7.5000  -30.0000    7.5000 2510.3569   13.6282
   -7.5000  -22.5000    7.5000 2621.3701   12.6218
    0.0000  -22.5000    7.5000 2625.1111   12.6372
    7.5000  -22.5000    7.5000 2622.1353   12.5116
   -7.5000  -15.0000    7.5000 2726.3208   11.8289
    0.0000  -15.0000    7.5000 2737.4382   11.8575
    7.5000  -15.0000    7.5000 2726.0833   11.7070
   -7.5000   -7.5000    7.5000 2834.7444   11.3365
    0.0000   -7.5000    7.5000 2856.4814   11.4118
    7.5000   -7.5000    7.5000 2831.3401   11.2125
   -7.5000    0.0000    7.5000 2933.6584   11.0345
    0.0000    0.0000    7.5000 2963.5566   11.1481
    7.5000    0.0000    7.5000 2919.9612   10.9055
   -7.5000    7.5000    7.5000 2987.0176   10.9134
    0.0000    7.5000    7.5000 3028.2446   11.0312
    7.5000    7.5000    7.5000 2978.4304   10.8047
   -7.5000   15.0000    7.5000 2999.7979   10.9260
    0.0000   15.0000    7.5000 3038.4902   10.9880
    7.5000   15.0000    7.5000 2993.4070   10.8741
   -7.5000   22.5000    7.5000 2972.4426   11.0991
    0.0000   22.5000    7.5000 3004.2234   11.0754
    7.5000   22.5000    7.5000 2969.1121   11.0960
   -7.5000   30.0000    7.5000 2918.6956   11.5164
    0.0000   30.0000    7.5000 2946.3079   11.4302
    7.5000   30.0000    7.5000 2917.6313   11.5252
   -7.5000   37.5000    7.5000 2842.3020   12.2312
    0.0000   37.5000    7.5000 2869.7751   12.1270
    7.5000   37.5000    7.5000 2849.2502   12.2303
   -7.5000   45.0000    7.5000 2746.1201   13.2594
    0.0000   45.0000    7.5000 2769.8081   13.1221
    7.5000   45.0000    7.5000 2755.4277   13.2366
   -7.5000   52.5000    7.5000 2611.0322   14.5184
    0.0000   52.5000    7.5000 2628.3923   14.3412
    7.5000   52.5000    7.5000 2614.4893   14.4747
   -7.5000  -37.5000   15.0000 2354.0588   15.8399
    0.0000  -37.5000   15.0000 2353.6138   15.7621
    7.5000  -37.5000   15.0000 2350.4736   15.6488
   -7.5000  -30.0000   15.0000 2476.1167   14.3939
    0.0000  -30.0000   15.0000 2472.7500   14.3552
    7.5000  -30.0000   15.0000 2467.7202   14.2611
   -7.5000  -22.5000   15.0000 2595.6211   13.2555
    0.0000  -22.5000   15.0000 2597.6892   13.2391
    7.5000  -22.5000   15.0000 2590.7742   13.1488
   -7.5000  -15.0000   15.0000 2708.8989   12.4063
    0.0000  -15.0000   15.0000 2715.9971   12.3962
    7.5000  -15.0000   15.0000 2704.4739   12.2866
   -7.5000   -7.5000   15.0000 2811.9209   11.7529
    0.0000   -7.5000   15.0000 2830.6921   11.7610
    7.5000   -7.5000   15.0000 2809.7209   11.6393
   -7.5000    0.0000   15.0000 2912.4475   11.2944
    0.0000    0.0000   15.0000 2940.0137   11.3562
    7.5000    0.0000   15.0000 2904.8606   11.2236
   -7.5000    7.5000   15.0000 2969.5234   11.0616
    0.0000    7.5000   15.0000 3008.3223   11.1408
    7.5000    7.5000   15.0000 2963.5588   11.0282
   -7.5000   15.0000   15.0000 2988.7876   10.9695
    0.0000   15.0000   15.0000 3020.8013   10.9314
    7.5000   15.0000   15.0000 2980.4585   10.9852
   -7.5000   22.5000   15.0000 2965.4170   11.1837
    0.0000   22.5000   15.0000 2994.0938   11.0660
    7.5000   22.5000   15.0000 2961.0728   11.2296
   -7.5000   30.0000   15.0000 2906.3950   11.7118
    0.0000   30.0000   15.0000 2936.1851   11.6067
    7.5000   30.0000   15.0000 2907.3645   11.7551
   -7.5000   37.5000   15.0000 2824.8774   12.5400
    0.0000   37.5000   15.0000 2847.3149   12.4318
    7.5000   37.5000   15.0000 2832.9727   12.5593
   -7.5000   45.0000   15.0000 2726.1519   13.5644
    0.0000   45.0000   15.0000 2742.9956   13.4262
    7.5000   45.0000   15.0000 2733.1182   13.5564
   -7.5000   52.5000   15.0000 2586.6172   14.7769
    0.0000   52.5000   15.0000 2602.7668   14.5977
    7.5000   52.5000   15.0000 2593.9082   14.7429
   -7.5000  -37.5000   22.5000 2323.8662   16.7607
    0.0000  -37.5000   22.5000 2325.0293   16.6957
    7.5000  -37.5000   22.5000 2316.2112   16.6510
   -7.5000  -30.0000   22.5000 2446.4312   15.2044
    0.0000  -30.0000   22.5000 2449.4668   15.1549
    7.5000  -30.0000   22.5000 2439.7744   15.1583
   -7.5000  -22.5000   22.5000 2564.5955   13.9249
    0.0000  -22.5000   22.5000 2572.3884   13.8725
    7.5000  -22.5000   22.5000 2563.8271   13.9023
   -7.5000  -15.0000   22.5000 2665.4905   12.9242
    0.0000  -15.0000   22.5000 2678.7996   12.8749
    7.5000  -15.0000   22.5000 2671.5574   12.8919
   -7.5000   -7.5000   22.5000 2768.1809   12.1799
    0.0000   -7.5000   22.5000 2782.2593   12.1487
    7.5000   -7.5000   22.5000 2774.0391   12.1397
   -7.5000    0.0000   22.5000 2864.0276   11.7021
    0.0000    0.0000   22.5000 2882.1313   11.7141
    7.5000    0.0000   22.5000 2864.9216   11.6953
   -7.5000    7.5000   22.5000 2919.9919   11.3608
    0.0000    7.5000   22.5000 2948.1108   11.3519
    7.5000    7.5000   22.5000 2917.7847   11.3989
   -7.5000   15.0000   22.5000 2948.1172   11.2473
    0.0000   15.0000   22.5000 2969.9941   11.0829
    7.5000   15.0000   22.5000 2939.9673   11.2992
   -7.5000   22.5000   22.5000 2935.2480   11.4817
    0.0000   22.5000   22.5000 2960.4785   11.3499
    7.5000   22.5000   22.5000 2929.9507   11.5345
   -7.5000   30.0000   22.5000 2879.0093   12.0442
    0.0000   30.0000   22.5000 2905.0864   11.9416
    7.5000   30.0000   22.5000 2881.1770   12.0898
   -7.5000   37.5000   22.5000 2794.2249   12.9082
    0.0000   37.5000   22.5000 2816.7629   12.7815
    7.5000   37.5000   22.5000 2802.4675   12.9275
   -7.5000   45.0000   22.5000 2687.9753   14.0027
    0.0000   45.0000   22.5000 2703.3735   13.8609
    7.5000   45.0000   22.5000 2694.3848   14.0112
   -7.5000   52.5000   22.5000 2549.6152   15.2249
    0.0000   52.5000   22.5000 2564.9495   15.0472
    7.5000   52.5000   22.5000 2555.2065   15.2070
   -7.5000  -37.5000   30.0000 2282.8809   17.7377
    0.0000  -37.5000   30.0000 2286.4187   17.6631
    7.5000  -37.5000   30.0000 2275.5530   17.7852
   -7.5000  -30.0000   30.0000 2401.9956   15.9948
    0.0000  -30.0000   30.0000 2404.5342   15.8948
    7.5000  -30.0000   30.0000 2400.8245   16.1014
   -7.5000  -22.5000   30.0000 2514.2974   14.5936
    0.0000  -22.5000   30.0000 2522.3210   14.4795
    7.5000  -22.5000   30.0000 2521.2104   14.6927
   -7.5000  -15.0000   30.0000 2614.8948   13.5118
    0.0000  -15.0000   30.0000 2623.5330   13.4187
    7.5000  -15.0000   30.0000 2623.0413   13.6018
   -7.5000   -7.5000   30.0000 2710.2249   12.7349
    0.0000   -7.5000   30.0000 2715.5466   12.6508
    7.5000   -7.5000   30.0000 2722.3672   12.7940
   -7.5000    0.0000   30.0000 2800.8450   12.2181
    0.0000    0.0000   30.0000 2806.6418   12.1734
    7.5000    0.0000   30.0000 2807.2581   12.2867
   -7.5000    7.5000   30.0000 2854.9917   11.8471
    0.0000    7.5000   30.0000 2866.5105   11.6894
    7.5000    7.5000   30.0000 2855.2720   11.8974
   -7.5000   15.0000   30.0000 2879.7454   11.7734
    0.0000   15.0000   30.0000 2891.7961   11.5589
    7.5000   15.0000   30.0000 2876.4844   11.8039
   -7.5000   22.5000   30.0000 2867.6328   12.0153
    0.0000   22.5000   30.0000 2886.4841   11.8844
    7.5000   22.5000   30.0000 2870.0430   12.0601
   -7.5000   30.0000   30.0000 2816.5547   12.5930
    0.0000   30.0000   30.0000 2835.3821   12.4638
    7.5000   30.0000   30.0000 2818.0759   12.6302
   -7.5000   37.5000   30.0000 2744.5425   13.4142
    0.0000   37.5000   30.0000 2764.7749   13.2471
    7.5000   37.5000   30.0000 2746.6519   13.4256
   -7.5000   45.0000   30.0000 2638.1055   14.4873
    0.0000   45.0000   30.0000 2657.5056   14.3494
    7.5000   45.0000   30.0000 2645.7637   14.5429
   -7.5000   52.5000   30.0000 2498.3621   15.7486
    0.0000   52.5000   30.0000 2516.2595   15.5990
    7.5000   52.5000   30.0000 2506.5203   15.7680
   -7.5000  -37.5000   37.5000 2228.5835   18.7283
    0.0000  -37.5000   37.5000 2231.8318   18.5891
    7.5000  -37.5000   37.5000 2226.4373   18.9327
   -7.5000  -30.0000   37.5000 2345.8103   16.9029
    0.0000  -30.0000   37.5000 2345.0349   16.7466
    7.5000  -30.0000   37.5000 2349.9631   17.1203
   -7.5000  -22.5000   37.5000 2459.9536   15.4176
    0.0000  -22.5000   37.5000 2463.0000   15.2560
    7.5000  -22.5000   37.5000 2470.5037   15.6248
   -7.5000  -15.0000   37.5000 2561.4614   14.2585
    0.0000  -15.0000   37.5000 2563.4470   14.1214
    7.5000  -15.0000   37.5000 2569.9558   14.4575
   -7.5000   -7.5000   37.5000 2653.1814   13.4385
    0.0000   -7.5000   37.5000 2655.1172   13.3043
    7.5000   -7.5000   37.5000 2661.8354   13.5921
   -7.5000    0.0000   37.5000 2730.7327   12.8529
    0.0000    0.0000   37.5000 2733.7170   12.7379
    7.5000    0.0000   37.5000 2736.8704   12.9680
   -7.5000    7.5000   37.5000 2781.9658   12.4519
    0.0000    7.5000   37.5000 2791.4902   12.2575
    7.5000    7.5000   37.5000 2783.8943   12.5310
   -7.5000   15.0000   37.5000 2800.7876   12.4379
    0.0000   15.0000   37.5000 2806.8501   12.2269
    7.5000   15.0000   37.5000 2800.8511   12.4832
   -7.5000   22.5000   37.5000 2786.4961   12.7343
    0.0000   22.5000   37.5000 2801.2812   12.5516
    7.5000   22.5000   37.5000 2789.7385   12.7560
   -7.5000   30.0000   37.5000 2738.0649   13.2968
    0.0000   30.0000   37.5000 2751.8018   13.1039
    7.5000   30.0000   37.5000 2742.7202   13.2986
   -7.5000   37.5000   37.5000 2672.6213   14.0836
    0.0000   37.5000   37.5000 2688.1797   13.8948
    7.5000   37.5000   37.5000 2673.1997   14.0916
   -7.5000   45.0000   37.5000 2572.6836   15.1272
    0.0000   45.0000   37.5000 2592.4573   14.9580
    7.5000   45.0000   37.5000 2580.7708   15.1739
   -7.5000   52.5000   37.5000 2440.6831   16.4330
    0.0000   52.5000   37.5000 2460.6108   16.2561
    7.5000   52.5000   37.5000 2449.5969   16.4484
   -7.5000  -37.5000   45.0000 2163.9053   19.8840
    0.0000  -37.5000   45.0000 2173.9868   19.7762
    7.5000  -37.5000   45.0000 2176.4861   20.2814
   -7.5000  -30.0000   45.0000 2280.6006   17.9703
    0.0000  -30.0000   45.0000 2286.8884   17.8150
    7.5000  -30.0000   45.0000 2290.6987   18.3170
   -7.5000  -22.5000   45.0000 2395.5764   16.3815
    0.0000  -22.5000   45.0000 2398.8943   16.2108
    7.5000  -22.5000   45.0000 2404.1296   16.7079
   -7.5000  -15.0000   45.0000 2493.8176   15.1826
    0.0000  -15.0000   45.0000 2495.8767   15.0192
    7.5000  -15.0000   45.0000 2504.7666   15.4640
   -7.5000   -7.5000   45.0000 2584.1643   14.3357
    0.0000   -7.5000   45.0000 2588.5559   14.1693
    7.5000   -7.5000   45.0000 2587.9800   14.5454
   -7.5000    0.0000   45.0000 2652.8030   13.6857
    0.0000    0.0000   45.0000 2657.6294   13.5045
    7.5000    0.0000   45.0000 2651.3081   13.8081
   -7.5000    7.5000   45.0000 2701.7241   13.3029
    0.0000    7.5000   45.0000 2708.9260   13.1033
    7.5000    7.5000   45.0000 2699.3174   13.3804
   -7.5000   15.0000   45.0000 2709.4590   13.2909
    0.0000   15.0000   45.0000 2718.1294   13.0916
    7.5000   15.0000   45.0000 2712.6631   13.3413
   -7.5000   22.5000   45.0000 2692.6479   13.5936
    0.0000   22.5000   45.0000 2707.7126   13.4199
    7.5000   22.5000   45.0000 2697.9790   13.6285
   -7.5000   30.0000   45.0000 2647.8708   14.1345
    0.0000   30.0000   45.0000 2664.3254   13.9375
    7.5000   30.0000   45.0000 2654.8247   14.1410
   -7.5000   37.5000   45.0000 2585.3975   14.8788
    0.0000   37.5000   45.0000 2605.9761   14.6621
    7.5000   37.5000   45.0000 2589.8682   14.8919
   -7.5000   45.0000   45.0000 2495.3997   15.9245
    0.0000   45.0000   45.0000 2517.5979   15.7204
    7.5000   45.0000   45.0000 2504.6538   15.9500
   -7.5000   52.5000   45.0000 2368.7607   17.2410
    0.0000   52.5000   45.0000 2382.6555   17.0589
    7.5000   52.5000   45.0000 2375.3845   17.2511

---------------------------------------------------------------------
imgreg_4dfp /opt/freesurfer/average/711-2C_as_mni_average_305 /opt/freesurfer/average/711-2B_as_mni_average_305_mask talsrcimg_g11 none talsrcimg_to_711-2C_as_mni_average_305_t4 1283
---------------------------------------------------------------------

freesurfer imgreg_4dfp.c
/opt/freesurfer/average/711-2C_as_mni_average_305.4dfp.img
       256       256       256         1
  1.000000  1.000000  1.000000
orientation T byte_order littleendian
Reading image: /opt/freesurfer/average/711-2C_as_mni_average_305.4dfp.img
dimensions:      256       256       256
mmppix:       1.0000   -1.0000   -1.0000
center:     128.0000 -129.0000 -129.0000
/opt/freesurfer/average/711-2B_as_mni_average_305_mask.4dfp.img
       256       256       256         1
  1.000000  1.000000  1.000000
orientation T byte_order littleendian
Reading mask: /opt/freesurfer/average/711-2B_as_mni_average_305_mask.4dfp.img (2306576 pixels)
talsrcimg_g11.4dfp.img
       256       256       256         1
  1.000000  1.000000  1.000000
orientation T byte_order littleendian
Reading image: talsrcimg_g11.4dfp.img
dimensions:      256       256       256
mmppix:       1.0000   -1.0000   -1.0000
center:     128.0000 -129.0000 -129.0000
rotation matrix determinant  1.000000
fimgreg.f
image alignment mode   1283 decimal      503 hex
parameters
    0.0000   15.0000    7.5000    0.0000    0.0000    0.0000
eta,q 0.95106 11.02581
niter,ni,del,rscale     5    3   12.0000    1.2000
parameter  2  0.973367 ->  0.500000 qaram    1.1500
parameter  4  0.917768 ->  0.500000 qaram    1.1500
parameter  6  0.614449 ->  0.500000 qaram    1.1500
parameters
    0.0488   11.5500    6.6599   -3.4500   -2.3981   -3.4500
eta,q 0.96063 11.00963
  0.0607  0.0474  0.0473  0.0407  0.0438  0.0406
  0.0550  0.0442  0.0450  0.0419  0.0418  0.0394
  0.0503  0.0440  0.0438  0.0427  0.0411  0.0398
  0.0481  0.0481  0.0437  0.0435  0.0422  0.0411
  0.0504  0.0543  0.0453  0.0459  0.0449  0.0431
  0.0555  0.0563  0.0473  0.0495  0.0484  0.0456
  0.0597  0.0565  0.0490  0.0535  0.0517  0.0483
niter,ni,del,rscale     7    3   12.0000    1.2000
parameter  4  0.918239 ->  0.500000 qaram    1.3225
parameters
    0.0231   12.4244    7.1128   -7.4175   -2.4689   -3.7688
eta,q 0.96277 11.06583
  0.0546  0.0573  0.0432  0.0360  0.0437  0.0424
  0.0483  0.0482  0.0403  0.0370  0.0403  0.0394
  0.0415  0.0422  0.0393  0.0378  0.0379  0.0377
  0.0394  0.0394  0.0389  0.0389  0.0372  0.0372
  0.0424  0.0390  0.0391  0.0407  0.0379  0.0381
  0.0488  0.0441  0.0399  0.0428  0.0405  0.0404
  0.0544  0.0498  0.0419  0.0475  0.0440  0.0431
niter,ni,del,rscale     7    3   12.0000    1.2000
parameter  4  1.957632 ->  0.500000 qaram    1.5209
parameters
    0.1914   13.6113    6.6059  -11.9801   -1.6261   -4.5340
eta,q 0.96708 10.97056
  0.0539  0.0503  0.0418  0.0332  0.0419  0.0376
  0.0473  0.0426  0.0386  0.0325  0.0382  0.0348
  0.0401  0.0377  0.0372  0.0356  0.0350  0.0334
  0.0372  0.0372  0.0373  0.0372  0.0332  0.0330
  0.0393  0.0376  0.0383  0.0383  0.0332  0.0346
  0.0459  0.0388  0.0401  0.0396  0.0350  0.0369
  0.0525  0.0426  0.0431  0.0433  0.0385  0.0393
niter,ni,del,rscale     7    3   12.0000    1.2000
parameters
    0.1198   16.1767    5.9857  -13.7534   -1.2975   -4.4851
eta,q 0.96911 10.93676
  0.0503  0.0496  0.0388  0.0396  0.0399  0.0379
  0.0428  0.0431  0.0347  0.0323  0.0357  0.0340
  0.0354  0.0374  0.0323  0.0304  0.0324  0.0314
  0.0329  0.0329  0.0322  0.0320  0.0309  0.0309
  0.0363  0.0321  0.0342  0.0356  0.0315  0.0323
  0.0437  0.0335  0.0373  0.0403  0.0344  0.0346
  0.0506  0.0360  0.0413  0.0456  0.0384  0.0369
niter,ni,del,rscale     6    3   12.0000    1.2000
parameters
   -0.1309   16.5480    6.0665  -14.0436   -1.0491   -4.4492
eta,q 0.96906 10.93187
  0.0484  0.0452  0.0402  0.0431  0.0401  0.0378
  0.0407  0.0372  0.0355  0.0361  0.0357  0.0339
  0.0331  0.0308  0.0324  0.0303  0.0324  0.0314
  0.0309  0.0308  0.0310  0.0310  0.0310  0.0309
  0.0351  0.0326  0.0322  0.0330  0.0318  0.0323
  0.0431  0.0347  0.0354  0.0378  0.0347  0.0345
  0.0508  0.0419  0.0396  0.0436  0.0388  0.0369
niter,ni,del,rscale     5    3   12.0000    1.2000
parameters
   -0.2360   16.6883    6.1032  -14.1467   -0.9263   -4.4236
eta,q 0.96904 10.92986
  0.0490  0.0447  0.0399  0.0437  0.0399  0.0378
  0.0416  0.0361  0.0354  0.0367  0.0355  0.0339
  0.0338  0.0303  0.0323  0.0304  0.0322  0.0314
  0.0309  0.0309  0.0310  0.0310  0.0310  0.0310
  0.0346  0.0326  0.0321  0.0328  0.0320  0.0323
  0.0423  0.0351  0.0352  0.0372  0.0350  0.0345
  0.0502  0.0428  0.0397  0.0434  0.0392  0.0370
niter,ni,del,rscale     4    3   12.0000    1.2000
parameters
   -0.2799   16.7447    6.1161  -14.1822   -0.8789   -4.4076
eta,q 0.96903 10.92888
  0.0493  0.0445  0.0398  0.0439  0.0398  0.0378
  0.0420  0.0357  0.0353  0.0369  0.0353  0.0339
  0.0341  0.0301  0.0323  0.0304  0.0322  0.0314
  0.0310  0.0310  0.0310  0.0310  0.0310  0.0310
  0.0344  0.0327  0.0321  0.0328  0.0321  0.0323
  0.0421  0.0353  0.0352  0.0370  0.0352  0.0345
  0.0500  0.0432  0.0398  0.0434  0.0395  0.0370
registration optimization eta report
parameter search radius
    6.0000    6.9000    6.0000    9.1253    6.0000    6.9000
100000*second partial in parameter space
       50.       28.       24.       16.       24.       13.
  0.0493  0.0445  0.0398  0.0439  0.0398  0.0378
  0.0420  0.0357  0.0353  0.0369  0.0353  0.0339
  0.0341  0.0301  0.0323  0.0304  0.0322  0.0314
  0.0310  0.0310  0.0310  0.0310  0.0310  0.0310
  0.0344  0.0327  0.0321  0.0328  0.0321  0.0323
  0.0421  0.0353  0.0352  0.0370  0.0352  0.0345
  0.0500  0.0432  0.0398  0.0434  0.0395  0.0370
   -0.2799   16.7447    6.1161  -14.1822   -0.8789   -4.4076
eta,q 0.96903 10.92888

---------------------------------------------------------------------
imgreg_4dfp /opt/freesurfer/average/711-2C_as_mni_average_305 /opt/freesurfer/average/711-2B_as_mni_average_305_mask talsrcimg_g11 none talsrcimg_to_711-2C_as_mni_average_305_t4 3335
---------------------------------------------------------------------

freesurfer imgreg_4dfp.c
/opt/freesurfer/average/711-2C_as_mni_average_305.4dfp.img
       256       256       256         1
  1.000000  1.000000  1.000000
orientation T byte_order littleendian
Reading image: /opt/freesurfer/average/711-2C_as_mni_average_305.4dfp.img
dimensions:      256       256       256
mmppix:       1.0000   -1.0000   -1.0000
center:     128.0000 -129.0000 -129.0000
/opt/freesurfer/average/711-2B_as_mni_average_305_mask.4dfp.img
       256       256       256         1
  1.000000  1.000000  1.000000
orientation T byte_order littleendian
Reading mask: /opt/freesurfer/average/711-2B_as_mni_average_305_mask.4dfp.img (2306576 pixels)
talsrcimg_g11.4dfp.img
       256       256       256         1
  1.000000  1.000000  1.000000
orientation T byte_order littleendian
Reading image: talsrcimg_g11.4dfp.img
dimensions:      256       256       256
mmppix:       1.0000   -1.0000   -1.0000
center:     128.0000 -129.0000 -129.0000
fimgreg.f
image alignment mode   3335 decimal      D07 hex
parameters
   -0.2799   16.7447    6.1161   -0.3075   -3.3057   -3.0592
    7.0762    3.3656   -7.6842   24.3138   -1.5338  -24.4977
eta,q 0.96900 11.08276
niter,ni,del,rscale     5    3    5.0000    1.2000
parameter  5  3.468844 ->  0.500000 qaram    1.1500
parameter  6  0.528347 ->  0.500000 qaram    1.1500
parameters
   -0.1497   17.0800    6.3556   -3.6657   -7.4457   -7.1992
    5.8275    3.1616   -6.5155   21.6160   -3.4018  -25.2865
eta,q 0.97578 10.74695
  0.0346  0.0333  0.0323  0.0312  0.0235  0.0251  0.0261  0.0272  0.0270  0.0255  0.0247  0.0253
  0.0327  0.0322  0.0316  0.0307  0.0249  0.0248  0.0252  0.0259  0.0258  0.0246  0.0244  0.0246
  0.0315  0.0314  0.0312  0.0304  0.0272  0.0249  0.0248  0.0250  0.0251  0.0243  0.0243  0.0243
  0.0310  0.0310  0.0309  0.0309  0.0305  0.0254  0.0248  0.0247  0.0247  0.0247  0.0243  0.0243
  0.0313  0.0310  0.0310  0.0331  0.0342  0.0260  0.0253  0.0250  0.0247  0.0258  0.0246  0.0245
  0.0323  0.0314  0.0313  0.0368  0.0375  0.0273  0.0262  0.0260  0.0251  0.0280  0.0250  0.0250
  0.0339  0.0323  0.0319  0.0415  0.0400  0.0294  0.0275  0.0276  0.0259  0.0307  0.0255  0.0257
niter,ni,del,rscale     6    3    5.0000    1.2000
parameter  5  0.667854 ->  0.500000 qaram    1.3225
parameters
    0.1999   16.7460    6.5168   -4.3708  -12.2067   -7.0344
    5.9656    3.1563   -6.7668   21.2759   -3.4364  -27.3328
eta,q 0.97765 10.61595
  0.0273  0.0259  0.0256  0.0260  0.0229  0.0247  0.0247  0.0251  0.0241  0.0244  0.0233  0.0230
  0.0258  0.0247  0.0248  0.0252  0.0225  0.0235  0.0235  0.0237  0.0232  0.0234  0.0228  0.0226
  0.0247  0.0242  0.0243  0.0246  0.0228  0.0227  0.0227  0.0228  0.0226  0.0227  0.0225  0.0224
  0.0242  0.0242  0.0241  0.0241  0.0242  0.0225  0.0225  0.0225  0.0225  0.0225  0.0225  0.0225
  0.0242  0.0247  0.0242  0.0241  0.0268  0.0228  0.0227  0.0228  0.0227  0.0227  0.0226  0.0229
  0.0248  0.0257  0.0246  0.0252  0.0304  0.0235  0.0234  0.0237  0.0233  0.0236  0.0229  0.0235
  0.0259  0.0270  0.0252  0.0279  0.0345  0.0244  0.0245  0.0251  0.0243  0.0249  0.0233  0.0243
niter,ni,del,rscale     6    3    5.0000    1.2000
parameters
    0.2980   17.2658    6.6236   -3.8572  -14.3618   -6.8557
    5.9915    3.1951   -6.7095   21.7334   -3.4518  -28.4872
eta,q 0.97794 10.59073
  0.0249  0.0254  0.0236  0.0246  0.0247  0.0244  0.0242  0.0248  0.0238  0.0244  0.0230  0.0230
  0.0236  0.0240  0.0229  0.0237  0.0232  0.0232  0.0231  0.0234  0.0229  0.0232  0.0225  0.0224
  0.0227  0.0229  0.0224  0.0229  0.0223  0.0224  0.0224  0.0224  0.0223  0.0224  0.0222  0.0221
  0.0224  0.0223  0.0222  0.0222  0.0221  0.0221  0.0221  0.0221  0.0221  0.0221  0.0221  0.0221
  0.0225  0.0223  0.0223  0.0219  0.0232  0.0224  0.0224  0.0224  0.0223  0.0222  0.0222  0.0224
  0.0232  0.0227  0.0227  0.0225  0.0259  0.0232  0.0231  0.0233  0.0229  0.0228  0.0225  0.0230
  0.0245  0.0236  0.0234  0.0246  0.0297  0.0241  0.0242  0.0248  0.0238  0.0240  0.0229  0.0238
niter,ni,del,rscale     5    3    5.0000    1.2000
parameters
    0.3209   17.4319    6.6519   -3.7284  -14.8592   -6.5368
    5.9916    3.2351   -6.7235   21.9986   -3.4397  -28.8510
eta,q 0.97794 10.59855
  0.0245  0.0244  0.0233  0.0244  0.0258  0.0244  0.0242  0.0248  0.0237  0.0243  0.0230  0.0233
  0.0232  0.0232  0.0227  0.0235  0.0240  0.0232  0.0230  0.0234  0.0228  0.0231  0.0224  0.0226
  0.0224  0.0224  0.0222  0.0227  0.0226  0.0224  0.0223  0.0224  0.0223  0.0224  0.0222  0.0222
  0.0221  0.0221  0.0221  0.0221  0.0220  0.0221  0.0221  0.0221  0.0221  0.0221  0.0221  0.0221
  0.0223  0.0222  0.0222  0.0218  0.0223  0.0223  0.0223  0.0224  0.0223  0.0222  0.0222  0.0223
  0.0231  0.0228  0.0226  0.0227  0.0241  0.0231  0.0230  0.0233  0.0228  0.0229  0.0225  0.0228
  0.0245  0.0238  0.0233  0.0250  0.0273  0.0240  0.0242  0.0248  0.0238  0.0240  0.0229  0.0235
niter,ni,del,rscale     4    3    5.0000    1.2000
parameters
    0.3302   17.4582    6.6539   -3.6826  -14.9819   -6.3937
    5.9957    3.2583   -6.7397   22.0935   -3.4317  -28.9427
eta,q 0.97793 10.60364
  0.0246  0.0241  0.0233  0.0244  0.0261  0.0243  0.0242  0.0248  0.0237  0.0242  0.0230  0.0234
  0.0232  0.0230  0.0226  0.0235  0.0242  0.0231  0.0230  0.0233  0.0228  0.0230  0.0224  0.0226
  0.0224  0.0223  0.0222  0.0227  0.0227  0.0223  0.0223  0.0224  0.0223  0.0223  0.0222  0.0222
  0.0221  0.0221  0.0221  0.0221  0.0221  0.0221  0.0221  0.0221  0.0221  0.0221  0.0221  0.0221
  0.0223  0.0223  0.0222  0.0218  0.0222  0.0223  0.0223  0.0224  0.0223  0.0222  0.0222  0.0222
  0.0231  0.0229  0.0226  0.0228  0.0238  0.0231  0.0230  0.0233  0.0228  0.0229  0.0224  0.0227
  0.0246  0.0240  0.0233  0.0251  0.0268  0.0240  0.0242  0.0248  0.0238  0.0242  0.0230  0.0234
niter,ni,del,rscale     3    3    5.0000    1.2000
parameters
    0.3319   17.4620    6.6563   -3.6724  -15.0123   -6.3412
    6.0044    3.2636   -6.7454   22.1183   -3.4308  -28.9682
eta,q 0.97794 10.60552
  0.0245  0.0241  0.0233  0.0244  0.0261  0.0242  0.0242  0.0248  0.0237  0.0242  0.0230  0.0234
  0.0232  0.0230  0.0226  0.0235  0.0242  0.0231  0.0230  0.0233  0.0228  0.0230  0.0224  0.0226
  0.0224  0.0223  0.0222  0.0228  0.0228  0.0223  0.0223  0.0224  0.0223  0.0223  0.0222  0.0222
  0.0221  0.0221  0.0221  0.0221  0.0221  0.0221  0.0221  0.0221  0.0221  0.0221  0.0221  0.0221
  0.0223  0.0223  0.0222  0.0219  0.0222  0.0224  0.0223  0.0224  0.0223  0.0223  0.0222  0.0222
  0.0232  0.0230  0.0226  0.0228  0.0237  0.0232  0.0230  0.0233  0.0228  0.0230  0.0225  0.0227
  0.0246  0.0241  0.0233  0.0252  0.0268  0.0241  0.0242  0.0248  0.0238  0.0242  0.0230  0.0234
registration optimization eta report
parameter search radius
    2.4000    2.4000    2.4000    7.2000    9.5220    8.2800
    7.2000    7.2000    7.2000    7.2000    7.2000    7.2000
100000*second partial in parameter space
       44.       35.       22.        5.        5.        3.
        4.        5.        3.        4.        2.        3.
  0.0245  0.0241  0.0233  0.0244  0.0261  0.0242  0.0242  0.0248  0.0237  0.0242  0.0230  0.0234
  0.0232  0.0230  0.0226  0.0235  0.0242  0.0231  0.0230  0.0233  0.0228  0.0230  0.0224  0.0226
  0.0224  0.0223  0.0222  0.0228  0.0228  0.0223  0.0223  0.0224  0.0223  0.0223  0.0222  0.0222
  0.0221  0.0221  0.0221  0.0221  0.0221  0.0221  0.0221  0.0221  0.0221  0.0221  0.0221  0.0221
  0.0223  0.0223  0.0222  0.0219  0.0222  0.0224  0.0223  0.0224  0.0223  0.0223  0.0222  0.0222
  0.0232  0.0230  0.0226  0.0228  0.0237  0.0232  0.0230  0.0233  0.0228  0.0230  0.0225  0.0227
  0.0246  0.0241  0.0233  0.0252  0.0268  0.0241  0.0242  0.0248  0.0238  0.0242  0.0230  0.0234
    0.3319   17.4620    6.6563   -3.6724  -15.0123   -6.3412
    6.0044    3.2636   -6.7454   22.1183   -3.4308  -28.9682
eta,q 0.97794 10.60552

---------------------------------------------------------------------
imgreg_4dfp /opt/freesurfer/average/711-2C_as_mni_average_305 /opt/freesurfer/average/711-2B_as_mni_average_305_mask talsrcimg_g11 none talsrcimg_to_711-2C_as_mni_average_305_t4 2311
---------------------------------------------------------------------

freesurfer imgreg_4dfp.c
/opt/freesurfer/average/711-2C_as_mni_average_305.4dfp.img
       256       256       256         1
  1.000000  1.000000  1.000000
orientation T byte_order littleendian
Reading image: /opt/freesurfer/average/711-2C_as_mni_average_305.4dfp.img
dimensions:      256       256       256
mmppix:       1.0000   -1.0000   -1.0000
center:     128.0000 -129.0000 -129.0000
/opt/freesurfer/average/711-2B_as_mni_average_305_mask.4dfp.img
       256       256       256         1
  1.000000  1.000000  1.000000
orientation T byte_order littleendian
Reading mask: /opt/freesurfer/average/711-2B_as_mni_average_305_mask.4dfp.img (2306576 pixels)
talsrcimg_g11.4dfp.img
       256       256       256         1
  1.000000  1.000000  1.000000
orientation T byte_order littleendian
Reading image: talsrcimg_g11.4dfp.img
dimensions:      256       256       256
mmppix:       1.0000   -1.0000   -1.0000
center:     128.0000 -129.0000 -129.0000
fimgreg.f
image alignment mode   2311 decimal      907 hex
parameters
    0.3319   17.4620    6.6563   -3.6724  -15.0123   -6.3412
    6.0044    3.2636   -6.7454   22.1183   -3.4308  -28.9682
eta,q 0.97794 10.60552
niter,ni,del,rscale     5    3    5.0000    0.8000
parameters
    0.3617   17.4491    6.6700   -2.6123  -14.2734   -6.5470
    5.9447    3.4597   -6.7271   22.1606   -3.4746  -28.5607
eta,q 0.97819 10.65395
  0.0232  0.0230  0.0226  0.0235  0.0232  0.0226  0.0228  0.0233  0.0226  0.0227  0.0222  0.0225
  0.0226  0.0224  0.0223  0.0230  0.0226  0.0221  0.0223  0.0225  0.0222  0.0222  0.0220  0.0222
  0.0222  0.0222  0.0221  0.0225  0.0221  0.0219  0.0219  0.0220  0.0219  0.0219  0.0219  0.0219
  0.0221  0.0221  0.0221  0.0221  0.0219  0.0218  0.0218  0.0218  0.0218  0.0218  0.0218  0.0218
  0.0222  0.0222  0.0221  0.0218  0.0218  0.0219  0.0219  0.0219  0.0219  0.0219  0.0219  0.0219
  0.0225  0.0225  0.0223  0.0220  0.0220  0.0223  0.0223  0.0223  0.0221  0.0222  0.0220  0.0220
  0.0232  0.0230  0.0226  0.0228  0.0226  0.0227  0.0229  0.0231  0.0226  0.0227  0.0223  0.0223
niter,ni,del,rscale     4    3    5.0000    0.7000
parameters
    0.3089   17.4399    6.5647   -2.5556  -14.0822   -6.6497
    5.9340    3.4733   -6.7224   22.1300   -3.4601  -28.5910
eta,q 0.97821 10.65818
  0.0227  0.0225  0.0222  0.0229  0.0227  0.0224  0.0226  0.0228  0.0224  0.0225  0.0221  0.0223
  0.0222  0.0221  0.0220  0.0225  0.0222  0.0220  0.0221  0.0223  0.0221  0.0221  0.0219  0.0220
  0.0219  0.0219  0.0218  0.0221  0.0220  0.0218  0.0219  0.0219  0.0219  0.0219  0.0218  0.0218
  0.0218  0.0218  0.0218  0.0218  0.0218  0.0218  0.0218  0.0218  0.0218  0.0218  0.0218  0.0218
  0.0219  0.0219  0.0219  0.0218  0.0218  0.0219  0.0219  0.0219  0.0218  0.0219  0.0218  0.0218
  0.0223  0.0221  0.0220  0.0222  0.0221  0.0221  0.0221  0.0222  0.0220  0.0221  0.0219  0.0220
  0.0229  0.0225  0.0223  0.0231  0.0226  0.0225  0.0226  0.0228  0.0224  0.0225  0.0221  0.0223
niter,ni,del,rscale     3    3    5.0000    0.6000
parameters
    0.3027   17.4326    6.5336   -2.3744  -13.9942   -6.6692
    5.9058    3.5242   -6.7185   22.1655   -3.4433  -28.5712
eta,q 0.97824 10.66655
  0.0225  0.0223  0.0221  0.0227  0.0224  0.0222  0.0223  0.0226  0.0222  0.0223  0.0220  0.0221
  0.0221  0.0220  0.0219  0.0223  0.0221  0.0220  0.0220  0.0221  0.0220  0.0220  0.0219  0.0219
  0.0219  0.0218  0.0218  0.0220  0.0219  0.0218  0.0218  0.0219  0.0218  0.0218  0.0218  0.0218
  0.0218  0.0218  0.0218  0.0218  0.0218  0.0218  0.0218  0.0218  0.0218  0.0218  0.0218  0.0218
  0.0219  0.0219  0.0218  0.0218  0.0218  0.0218  0.0218  0.0218  0.0218  0.0218  0.0218  0.0218
  0.0221  0.0220  0.0219  0.0220  0.0220  0.0220  0.0220  0.0221  0.0220  0.0220  0.0219  0.0219
  0.0225  0.0223  0.0221  0.0227  0.0224  0.0222  0.0224  0.0225  0.0222  0.0223  0.0220  0.0221
niter,ni,del,rscale     2    3    5.0000    0.5000
parameters
    0.2924   17.4282    6.5104   -2.1879  -13.9171   -6.6873
    5.8803    3.5872   -6.7157   22.2017   -3.4249  -28.5381
eta,q 0.97825 10.67466
  0.0223  0.0221  0.0220  0.0224  0.0222  0.0221  0.0221  0.0223  0.0220  0.0221  0.0219  0.0220
  0.0220  0.0219  0.0219  0.0222  0.0220  0.0219  0.0219  0.0220  0.0219  0.0219  0.0218  0.0219
  0.0218  0.0218  0.0218  0.0219  0.0218  0.0218  0.0218  0.0218  0.0218  0.0218  0.0218  0.0218
  0.0218  0.0218  0.0218  0.0218  0.0217  0.0217  0.0217  0.0217  0.0217  0.0217  0.0217  0.0217
  0.0218  0.0218  0.0218  0.0218  0.0218  0.0218  0.0218  0.0218  0.0218  0.0218  0.0218  0.0218
  0.0220  0.0219  0.0219  0.0219  0.0219  0.0219  0.0219  0.0220  0.0219  0.0219  0.0218  0.0218
  0.0223  0.0221  0.0220  0.0224  0.0222  0.0221  0.0222  0.0223  0.0220  0.0221  0.0219  0.0220
niter,ni,del,rscale     1    3    5.0000    0.4000
parameters
    0.2814   17.4263    6.4865   -2.0247  -13.8168   -6.7104
    5.8639    3.6427   -6.7309   22.2488   -3.3886  -28.5061
eta,q 0.97827 10.68283
  0.0221  0.0220  0.0219  0.0222  0.0220  0.0219  0.0220  0.0221  0.0219  0.0220  0.0218  0.0219
  0.0219  0.0218  0.0218  0.0220  0.0219  0.0218  0.0218  0.0219  0.0218  0.0218  0.0218  0.0218
  0.0218  0.0218  0.0218  0.0218  0.0218  0.0218  0.0218  0.0218  0.0218  0.0218  0.0217  0.0217
  0.0217  0.0217  0.0217  0.0217  0.0217  0.0217  0.0217  0.0217  0.0217  0.0217  0.0217  0.0217
  0.0218  0.0218  0.0218  0.0217  0.0217  0.0218  0.0218  0.0218  0.0218  0.0217  0.0217  0.0217
  0.0219  0.0218  0.0218  0.0219  0.0218  0.0218  0.0219  0.0219  0.0218  0.0218  0.0218  0.0218
  0.0221  0.0220  0.0219  0.0222  0.0220  0.0219  0.0220  0.0221  0.0219  0.0219  0.0218  0.0219
registration optimization eta report
parameter search radius
    0.8000    0.8000    0.8000    2.4000    2.4000    2.4000
    2.4000    2.4000    2.4000    2.4000    2.4000    2.4000
100000*second partial in parameter space
       51.       37.       23.        8.        5.        4.
        5.        6.        3.        4.        2.        3.
  0.0221  0.0220  0.0219  0.0222  0.0220  0.0219  0.0220  0.0221  0.0219  0.0220  0.0218  0.0219
  0.0219  0.0218  0.0218  0.0220  0.0219  0.0218  0.0218  0.0219  0.0218  0.0218  0.0218  0.0218
  0.0218  0.0218  0.0218  0.0218  0.0218  0.0218  0.0218  0.0218  0.0218  0.0218  0.0217  0.0217
  0.0217  0.0217  0.0217  0.0217  0.0217  0.0217  0.0217  0.0217  0.0217  0.0217  0.0217  0.0217
  0.0218  0.0218  0.0218  0.0217  0.0217  0.0218  0.0218  0.0218  0.0218  0.0217  0.0217  0.0217
  0.0219  0.0218  0.0218  0.0219  0.0218  0.0218  0.0219  0.0219  0.0218  0.0218  0.0218  0.0218
  0.0221  0.0220  0.0219  0.0222  0.0220  0.0219  0.0220  0.0221  0.0219  0.0219  0.0218  0.0219
    0.2814   17.4263    6.4865   -2.0247  -13.8168   -6.7104
    5.8639    3.6427   -6.7309   22.2488   -3.3886  -28.5061
eta,q 0.97827 10.68283

---------------------------------------------------------------------
imgreg_4dfp /opt/freesurfer/average/711-2C_as_mni_average_305 /opt/freesurfer/average/711-2B_as_mni_average_305_mask talsrcimg_g11 none talsrcimg_to_711-2C_as_mni_average_305_t4 2311
---------------------------------------------------------------------

freesurfer imgreg_4dfp.c
/opt/freesurfer/average/711-2C_as_mni_average_305.4dfp.img
       256       256       256         1
  1.000000  1.000000  1.000000
orientation T byte_order littleendian
Reading image: /opt/freesurfer/average/711-2C_as_mni_average_305.4dfp.img
dimensions:      256       256       256
mmppix:       1.0000   -1.0000   -1.0000
center:     128.0000 -129.0000 -129.0000
/opt/freesurfer/average/711-2B_as_mni_average_305_mask.4dfp.img
       256       256       256         1
  1.000000  1.000000  1.000000
orientation T byte_order littleendian
Reading mask: /opt/freesurfer/average/711-2B_as_mni_average_305_mask.4dfp.img (2306576 pixels)
talsrcimg_g11.4dfp.img
       256       256       256         1
  1.000000  1.000000  1.000000
orientation T byte_order littleendian
Reading image: talsrcimg_g11.4dfp.img
dimensions:      256       256       256
mmppix:       1.0000   -1.0000   -1.0000
center:     128.0000 -129.0000 -129.0000
fimgreg.f
image alignment mode   2311 decimal      907 hex
parameters
    0.2814   17.4263    6.4865   -2.0247  -13.8168   -6.7104
    5.8639    3.6427   -6.7309   22.2488   -3.3886  -28.5061
eta,q 0.97827 10.68283
niter,ni,del,rscale     5    3    5.0000    0.8000
parameters
    0.2523   17.4217    6.4482   -2.6647  -14.0986   -6.6607
    5.9517    3.4395   -6.7106   22.1117   -3.4186  -28.7539
eta,q 0.97819 10.65485
  0.0230  0.0227  0.0223  0.0229  0.0228  0.0226  0.0229  0.0230  0.0226  0.0227  0.0222  0.0224
  0.0223  0.0221  0.0220  0.0224  0.0223  0.0222  0.0223  0.0223  0.0221  0.0222  0.0220  0.0220
  0.0219  0.0218  0.0218  0.0220  0.0219  0.0219  0.0219  0.0219  0.0219  0.0219  0.0219  0.0219
  0.0217  0.0217  0.0217  0.0217  0.0218  0.0218  0.0218  0.0218  0.0218  0.0218  0.0218  0.0218
  0.0219  0.0218  0.0218  0.0219  0.0219  0.0219  0.0219  0.0220  0.0219  0.0219  0.0219  0.0219
  0.0223  0.0222  0.0220  0.0227  0.0223  0.0222  0.0222  0.0225  0.0221  0.0222  0.0220  0.0221
  0.0231  0.0227  0.0223  0.0242  0.0232  0.0226  0.0228  0.0233  0.0225  0.0228  0.0222  0.0225
niter,ni,del,rscale     4    3    5.0000    0.7000
parameters
    0.3015   17.4235    6.5189   -2.5753  -14.1061   -6.6602
    5.9256    3.4652   -6.7255   22.1655   -3.4450  -28.6660
eta,q 0.97821 10.65756
  0.0228  0.0225  0.0223  0.0229  0.0226  0.0224  0.0226  0.0228  0.0224  0.0225  0.0221  0.0223
  0.0223  0.0221  0.0220  0.0225  0.0222  0.0221  0.0221  0.0223  0.0220  0.0221  0.0219  0.0220
  0.0219  0.0219  0.0219  0.0221  0.0219  0.0219  0.0219  0.0219  0.0219  0.0219  0.0218  0.0219
  0.0218  0.0218  0.0218  0.0218  0.0218  0.0218  0.0218  0.0218  0.0218  0.0218  0.0218  0.0218
  0.0219  0.0219  0.0218  0.0218  0.0218  0.0219  0.0219  0.0219  0.0218  0.0218  0.0218  0.0218
  0.0222  0.0221  0.0220  0.0222  0.0221  0.0221  0.0221  0.0222  0.0220  0.0221  0.0219  0.0220
  0.0227  0.0225  0.0222  0.0230  0.0227  0.0224  0.0226  0.0228  0.0224  0.0225  0.0221  0.0222
niter,ni,del,rscale     3    3    5.0000    0.6000
parameters
    0.3048   17.4280    6.5275   -2.3685  -14.0144   -6.6599
    5.9106    3.5245   -6.7217   22.1845   -3.4331  -28.5989
eta,q 0.97823 10.66694
  0.0225  0.0223  0.0221  0.0227  0.0224  0.0222  0.0223  0.0226  0.0222  0.0223  0.0220  0.0221
  0.0221  0.0220  0.0219  0.0223  0.0221  0.0220  0.0220  0.0221  0.0220  0.0220  0.0219  0.0219
  0.0219  0.0219  0.0218  0.0220  0.0219  0.0218  0.0218  0.0219  0.0218  0.0218  0.0218  0.0218
  0.0218  0.0218  0.0218  0.0218  0.0218  0.0218  0.0218  0.0218  0.0218  0.0218  0.0218  0.0218
  0.0219  0.0218  0.0218  0.0218  0.0218  0.0218  0.0218  0.0218  0.0218  0.0218  0.0218  0.0218
  0.0221  0.0220  0.0219  0.0220  0.0220  0.0220  0.0220  0.0221  0.0220  0.0220  0.0219  0.0219
  0.0225  0.0223  0.0221  0.0227  0.0224  0.0222  0.0224  0.0225  0.0222  0.0223  0.0220  0.0221
niter,ni,del,rscale     2    3    5.0000    0.5000
parameters
    0.2902   17.4246    6.5071   -2.1839  -13.9190   -6.6787
    5.8799    3.5872   -6.7166   22.2119   -3.4229  -28.5339
eta,q 0.97826 10.67521
  0.0222  0.0221  0.0220  0.0224  0.0222  0.0221  0.0221  0.0223  0.0220  0.0221  0.0219  0.0220
  0.0220  0.0219  0.0219  0.0222  0.0220  0.0219  0.0219  0.0220  0.0219  0.0219  0.0218  0.0219
  0.0218  0.0218  0.0218  0.0219  0.0218  0.0218  0.0218  0.0218  0.0218  0.0218  0.0218  0.0218
  0.0218  0.0218  0.0218  0.0218  0.0217  0.0217  0.0217  0.0217  0.0217  0.0217  0.0217  0.0217
  0.0218  0.0218  0.0218  0.0218  0.0218  0.0218  0.0218  0.0218  0.0218  0.0218  0.0218  0.0218
  0.0220  0.0219  0.0219  0.0219  0.0219  0.0219  0.0219  0.0220  0.0219  0.0219  0.0218  0.0218
  0.0223  0.0221  0.0220  0.0224  0.0222  0.0221  0.0222  0.0223  0.0220  0.0221  0.0219  0.0220
niter,ni,del,rscale     1    3    5.0000    0.4000
parameters
    0.2804   17.4279    6.4947   -2.0316  -13.8248   -6.7028
    5.8548    3.6448   -6.7200   22.2379   -3.4120  -28.4747
eta,q 0.97827 10.68225
  0.0221  0.0220  0.0219  0.0222  0.0220  0.0219  0.0220  0.0221  0.0219  0.0220  0.0218  0.0219
  0.0219  0.0218  0.0218  0.0220  0.0219  0.0218  0.0218  0.0219  0.0218  0.0218  0.0218  0.0218
  0.0218  0.0218  0.0218  0.0218  0.0218  0.0218  0.0218  0.0218  0.0218  0.0218  0.0217  0.0217
  0.0217  0.0217  0.0217  0.0217  0.0217  0.0217  0.0217  0.0217  0.0217  0.0217  0.0217  0.0217
  0.0218  0.0218  0.0218  0.0217  0.0217  0.0218  0.0218  0.0218  0.0217  0.0218  0.0217  0.0217
  0.0219  0.0218  0.0218  0.0219  0.0218  0.0218  0.0219  0.0219  0.0218  0.0218  0.0218  0.0218
  0.0221  0.0220  0.0219  0.0222  0.0220  0.0219  0.0220  0.0221  0.0219  0.0219  0.0218  0.0219
registration optimization eta report
parameter search radius
    0.8000    0.8000    0.8000    2.4000    2.4000    2.4000
    2.4000    2.4000    2.4000    2.4000    2.4000    2.4000
100000*second partial in parameter space
       51.       37.       23.        8.        5.        4.
        5.        6.        3.        4.        2.        3.
  0.0221  0.0220  0.0219  0.0222  0.0220  0.0219  0.0220  0.0221  0.0219  0.0220  0.0218  0.0219
  0.0219  0.0218  0.0218  0.0220  0.0219  0.0218  0.0218  0.0219  0.0218  0.0218  0.0218  0.0218
  0.0218  0.0218  0.0218  0.0218  0.0218  0.0218  0.0218  0.0218  0.0218  0.0218  0.0217  0.0217
  0.0217  0.0217  0.0217  0.0217  0.0217  0.0217  0.0217  0.0217  0.0217  0.0217  0.0217  0.0217
  0.0218  0.0218  0.0218  0.0217  0.0217  0.0218  0.0218  0.0218  0.0217  0.0218  0.0217  0.0217
  0.0219  0.0218  0.0218  0.0219  0.0218  0.0218  0.0219  0.0219  0.0218  0.0218  0.0218  0.0218
  0.0221  0.0220  0.0219  0.0222  0.0220  0.0219  0.0220  0.0221  0.0219  0.0219  0.0218  0.0219
    0.2804   17.4279    6.4947   -2.0316  -13.8248   -6.7028
    5.8548    3.6448   -6.7200   22.2379   -3.4120  -28.4747
eta,q 0.97827 10.68225

---------------------------------------------------------------------
compute_vox2vox talsrcimg talsrcimg_to_711-2C_as_mni_average_305_t4 /opt/freesurfer/average/711-2C_as_mni_average_305
---------------------------------------------------------------------

freesurfer compute_vox2vox.c
Reading: talsrcimg.4dfp.ifh
Reading: talsrcimg_to_711-2C_as_mni_average_305_t4
Reading: /opt/freesurfer/average/711-2C_as_mni_average_305.4dfp.ifh
Writing: talsrcimg_to_711-2C_as_mni_average_305_t4_vox2vox.txt

start time Sun Mar 8 12:40:43 CET 2026
end		time Sun Mar 8 12:42:12 CET 2026

mpr2mni305 success

avi2talxfm orig_nu.mgz /opt/freesurfer/average/mni305.cor.mgz talsrcimg_to_711-2C_as_mni_average_305_t4_vox2vox.txt transforms/talairach.auto.xfm
avi2talxfm done
mv -f /out/sourcedata/freesurfer/sub-v1s0x0050646_ses-1/mri/talsrcimg_to_711-2C_as_mni_average_305_t4_vox2vox.txt /out/sourcedata/freesurfer/sub-v1s0x0050646_ses-1/mri/transforms/talsrcimg_to_711-2C_as_mni_average_305_t4_vox2vox.txt
lta_convert --src orig_nu.mgz --trg /opt/freesurfer/average/mni305.cor.mgz --inxfm transforms/talairach.auto.xfm --outlta transforms/talairach.auto.xfm.lta --subject fsaverage
7.3.2

--src: orig_nu.mgz src image (geometry).
--trg: /opt/freesurfer/average/mni305.cor.mgz trg image (geometry).
--inmni: transforms/talairach.auto.xfm input MNI/XFM transform.
--outlta: transforms/talairach.auto.xfm.lta output LTA.
--s: fsaverage subject name
 LTA read, type : 1
 1.01477  -0.02152  -0.07605   1.61116;
 0.05679   0.99239   0.32405  -14.86431;
 0.06448  -0.25777   1.07087  -47.39394;
 0.00000   0.00000   0.00000   1.00000;
setting subject to fsaverage
Writing  LTA to file transforms/talairach.auto.xfm.lta...
lta_convert successful.
 
 
Started at Sun Mar 8 12:40:43 CET 2026
Ended   at Sun Mar  8 12:42:12 CET 2026
talairach_avi done
