status file for recon-all
Wed Mar 11 20:55:10 CET 2026
#@# MotionCor Wed Mar 11 20:55:12 CET 2026
#@# Talairach Wed Mar 11 20:55:20 CET 2026
#@# Talairach Failure Detection Wed Mar 11 20:59:44 CET 2026
#@# Nu Intensity Correction Wed Mar 11 20:59:44 CET 2026
#@# Intensity Normalization Wed Mar 11 21:02:58 CET 2026
recon-all -s sub-v1s0x0050660_ses-1 finished without error at Wed Mar 11 21:04:37 CET 2026



#New# invocation of recon-all 



status file for recon-all
Wed Mar 11 21:11:48 CET 2026
#@# EM Registration Wed Mar 11 21:11:48 CET 2026
recon-all -s sub-v1s0x0050660_ses-1 finished without error at Wed Mar 11 21:13:38 CET 2026



#New# invocation of recon-all 



status file for recon-all
Wed Mar 11 21:13:40 CET 2026
#@# CA Normalize Wed Mar 11 21:13:40 CET 2026
#@# CA Reg Wed Mar 11 21:15:02 CET 2026
#@# SubCort Seg Wed Mar 11 22:06:14 CET 2026
#@# CC Seg Wed Mar 11 22:42:29 CET 2026
#@# Merge ASeg Wed Mar 11 22:43:07 CET 2026
#@# Intensity Normalization2 Wed Mar 11 22:43:07 CET 2026
#@# Mask BFS Wed Mar 11 22:45:26 CET 2026
#@# WM Segmentation Wed Mar 11 22:45:26 CET 2026
#@# Fill Wed Mar 11 22:47:38 CET 2026
recon-all -s sub-v1s0x0050660_ses-1 finished without error at Wed Mar 11 22:48:39 CET 2026



#New# invocation of recon-all 



status file for recon-all
Wed Mar 11 23:45:01 CET 2026
#@# white curv lh Wed Mar 11 23:45:01 CET 2026
#@# white area lh Wed Mar 11 23:45:01 CET 2026
#@# pial curv lh Wed Mar 11 23:45:01 CET 2026
#@# pial area lh Wed Mar 11 23:45:01 CET 2026
#@# thickness lh Wed Mar 11 23:45:01 CET 2026
#@# area and vertex vol lh Wed Mar 11 23:45:01 CET 2026
#@# white curv rh Wed Mar 11 23:45:01 CET 2026
#@# white area rh Wed Mar 11 23:45:01 CET 2026
#@# pial curv rh Wed Mar 11 23:45:01 CET 2026
#@# pial area rh Wed Mar 11 23:45:01 CET 2026
#@# thickness rh Wed Mar 11 23:45:01 CET 2026
#@# area and vertex vol rh Wed Mar 11 23:45:01 CET 2026
#@# Cortical ribbon mask Wed Mar 11 23:45:01 CET 2026
recon-all -s sub-v1s0x0050660_ses-1 finished without error at Wed Mar 11 23:49:26 CET 2026



#New# invocation of recon-all 



status file for recon-all
Wed Mar 11 23:56:17 CET 2026
#@# white curv lh Wed Mar 11 23:56:17 CET 2026
#@# white area lh Wed Mar 11 23:56:17 CET 2026
#@# pial curv lh Wed Mar 11 23:56:17 CET 2026
#@# pial area lh Wed Mar 11 23:56:17 CET 2026
#@# thickness lh Wed Mar 11 23:56:17 CET 2026
#@# area and vertex vol lh Wed Mar 11 23:56:17 CET 2026
#@# white curv rh Wed Mar 11 23:56:17 CET 2026
#@# white area rh Wed Mar 11 23:56:17 CET 2026
#@# pial curv rh Wed Mar 11 23:56:17 CET 2026
#@# pial area rh Wed Mar 11 23:56:17 CET 2026
#@# thickness rh Wed Mar 11 23:56:17 CET 2026
#@# area and vertex vol rh Wed Mar 11 23:56:17 CET 2026
#@# Curvature Stats lh Wed Mar 11 23:56:17 CET 2026
#@# Curvature Stats rh Wed Mar 11 23:56:20 CET 2026
#@# Relabel Hypointensities Wed Mar 11 23:56:22 CET 2026
#@# APas-to-ASeg Wed Mar 11 23:56:37 CET 2026
#@# AParc-to-ASeg aparc Wed Mar 11 23:56:46 CET 2026
#@# AParc-to-ASeg aparc.a2009s Wed Mar 11 23:57:22 CET 2026
#@# AParc-to-ASeg aparc.DKTatlas Wed Mar 11 23:58:02 CET 2026
#@# WMParc Wed Mar 11 23:58:41 CET 2026
#@# ASeg Stats Thu Mar 12 00:02:52 CET 2026
recon-all -s sub-v1s0x0050660_ses-1 finished without error at Thu Mar 12 00:03:35 CET 2026
