status file for recon-all
Wed Mar 11 23:15:32 CET 2026
#@# Tessellate rh Wed Mar 11 23:15:32 CET 2026
#@# Smooth1 rh Wed Mar 11 23:15:37 CET 2026
#@# Inflation1 rh Wed Mar 11 23:15:40 CET 2026
#@# QSphere rh Wed Mar 11 23:15:55 CET 2026
#@# Fix Topology rh Wed Mar 11 23:17:13 CET 2026
#@# Smooth2 rh Wed Mar 11 23:26:04 CET 2026
#@# Inflation2 rh Wed Mar 11 23:26:07 CET 2026
#@# Curv .H and .K rh Wed Mar 11 23:26:25 CET 2026
#@# Sphere rh Wed Mar 11 23:27:13 CET 2026
#@# Surf Reg rh Wed Mar 11 23:31:44 CET 2026
#@# Jacobian white rh Wed Mar 11 23:36:50 CET 2026
#@# AvgCurv rh Wed Mar 11 23:36:51 CET 2026
#@# Cortical Parc rh Wed Mar 11 23:36:52 CET 2026
#@# white curv rh Wed Mar 11 23:43:50 CET 2026
#@# white area rh Wed Mar 11 23:43:51 CET 2026
#@# pial curv rh Wed Mar 11 23:43:52 CET 2026
#@# pial area rh Wed Mar 11 23:43:54 CET 2026
#@# thickness rh Wed Mar 11 23:43:55 CET 2026
#@# area and vertex vol rh Wed Mar 11 23:44:25 CET 2026
#@# Curvature Stats rh Wed Mar 11 23:44:27 CET 2026
#@# Cortical Parc 2 rh Wed Mar 11 23:44:29 CET 2026
#@# Cortical Parc 3 rh Wed Mar 11 23:44:43 CET 2026
#@# WM/GM Contrast rh Wed Mar 11 23:44:54 CET 2026
recon-all -s sub-v1s0x0050660_ses-1 finished without error at Wed Mar 11 23:44:57 CET 2026



#New# invocation of recon-all 



status file for recon-all
Wed Mar 11 23:52:51 CET 2026
#@# white curv rh Wed Mar 11 23:52:51 CET 2026
#@# white area rh Wed Mar 11 23:52:51 CET 2026
#@# pial curv rh Wed Mar 11 23:52:51 CET 2026
#@# pial area rh Wed Mar 11 23:52:51 CET 2026
#@# thickness rh Wed Mar 11 23:52:51 CET 2026
#@# area and vertex vol rh Wed Mar 11 23:52:51 CET 2026
#@# Parcellation Stats rh Wed Mar 11 23:52:51 CET 2026
#@# Parcellation Stats 2 rh Wed Mar 11 23:53:10 CET 2026
#@# Parcellation Stats 3 rh Wed Mar 11 23:53:20 CET 2026
#@# BA_exvivo Labels rh Wed Mar 11 23:53:30 CET 2026
recon-all -s sub-v1s0x0050660_ses-1 finished without error at Wed Mar 11 23:56:13 CET 2026
