status file for recon-all
Wed Mar 11 22:48:43 CET 2026
#@# Tessellate lh Wed Mar 11 22:48:43 CET 2026
#@# Smooth1 lh Wed Mar 11 22:48:46 CET 2026
#@# Inflation1 lh Wed Mar 11 22:48:49 CET 2026
#@# QSphere lh Wed Mar 11 22:49:03 CET 2026
#@# Fix Topology lh Wed Mar 11 22:50:37 CET 2026
#@# Smooth2 lh Wed Mar 11 22:58:06 CET 2026
#@# Inflation2 lh Wed Mar 11 22:58:09 CET 2026
#@# Curv .H and .K lh Wed Mar 11 22:58:25 CET 2026
#@# Sphere lh Wed Mar 11 22:59:11 CET 2026
#@# Surf Reg lh Wed Mar 11 23:03:11 CET 2026
#@# Jacobian white lh Wed Mar 11 23:08:06 CET 2026
#@# AvgCurv lh Wed Mar 11 23:08:07 CET 2026
#@# Cortical Parc lh Wed Mar 11 23:08:08 CET 2026
#@# white curv lh Wed Mar 11 23:14:24 CET 2026
#@# white area lh Wed Mar 11 23:14:25 CET 2026
#@# pial curv lh Wed Mar 11 23:14:26 CET 2026
#@# pial area lh Wed Mar 11 23:14:28 CET 2026
#@# thickness lh Wed Mar 11 23:14:28 CET 2026
#@# area and vertex vol lh Wed Mar 11 23:14:57 CET 2026
#@# Curvature Stats lh Wed Mar 11 23:14:59 CET 2026
#@# Cortical Parc 2 lh Wed Mar 11 23:15:02 CET 2026
#@# Cortical Parc 3 lh Wed Mar 11 23:15:15 CET 2026
#@# WM/GM Contrast lh Wed Mar 11 23:15:26 CET 2026
recon-all -s sub-v1s0x0050660_ses-1 finished without error at Wed Mar 11 23:15:29 CET 2026



#New# invocation of recon-all 



status file for recon-all
Wed Mar 11 23:49:32 CET 2026
#@# white curv lh Wed Mar 11 23:49:32 CET 2026
#@# white area lh Wed Mar 11 23:49:32 CET 2026
#@# pial curv lh Wed Mar 11 23:49:32 CET 2026
#@# pial area lh Wed Mar 11 23:49:32 CET 2026
#@# thickness lh Wed Mar 11 23:49:32 CET 2026
#@# area and vertex vol lh Wed Mar 11 23:49:32 CET 2026
#@# Parcellation Stats lh Wed Mar 11 23:49:32 CET 2026
#@# Parcellation Stats 2 lh Wed Mar 11 23:49:50 CET 2026
#@# Parcellation Stats 3 lh Wed Mar 11 23:49:59 CET 2026
#@# BA_exvivo Labels lh Wed Mar 11 23:50:08 CET 2026
recon-all -s sub-v1s0x0050660_ses-1 finished without error at Wed Mar 11 23:52:46 CET 2026
