status file for recon-all
Wed Mar 11 22:51:33 CET 2026
#@# Tessellate lh Wed Mar 11 22:51:33 CET 2026
#@# Smooth1 lh Wed Mar 11 22:51:36 CET 2026
#@# Inflation1 lh Wed Mar 11 22:51:40 CET 2026
#@# QSphere lh Wed Mar 11 22:51:55 CET 2026
#@# Fix Topology lh Wed Mar 11 22:53:15 CET 2026
#@# Smooth2 lh Wed Mar 11 23:02:28 CET 2026
#@# Inflation2 lh Wed Mar 11 23:02:31 CET 2026
#@# Curv .H and .K lh Wed Mar 11 23:02:49 CET 2026
#@# Sphere lh Wed Mar 11 23:03:44 CET 2026
#@# Surf Reg lh Wed Mar 11 23:06:41 CET 2026
#@# Jacobian white lh Wed Mar 11 23:12:17 CET 2026
#@# AvgCurv lh Wed Mar 11 23:12:18 CET 2026
#@# Cortical Parc lh Wed Mar 11 23:12:19 CET 2026
#@# white curv lh Wed Mar 11 23:19:17 CET 2026
#@# white area lh Wed Mar 11 23:19:19 CET 2026
#@# pial curv lh Wed Mar 11 23:19:20 CET 2026
#@# pial area lh Wed Mar 11 23:19:22 CET 2026
#@# thickness lh Wed Mar 11 23:19:23 CET 2026
#@# area and vertex vol lh Wed Mar 11 23:20:00 CET 2026
#@# Curvature Stats lh Wed Mar 11 23:20:02 CET 2026
#@# Cortical Parc 2 lh Wed Mar 11 23:20:05 CET 2026
#@# Cortical Parc 3 lh Wed Mar 11 23:20:21 CET 2026
#@# WM/GM Contrast lh Wed Mar 11 23:20:33 CET 2026
recon-all -s sub-v1s0x0050659_ses-1 finished without error at Wed Mar 11 23:20:36 CET 2026



#New# invocation of recon-all 



status file for recon-all
Thu Mar 12 00:01:16 CET 2026
#@# white curv lh Thu Mar 12 00:01:16 CET 2026
#@# white area lh Thu Mar 12 00:01:16 CET 2026
#@# pial curv lh Thu Mar 12 00:01:17 CET 2026
#@# pial area lh Thu Mar 12 00:01:17 CET 2026
#@# thickness lh Thu Mar 12 00:01:17 CET 2026
#@# area and vertex vol lh Thu Mar 12 00:01:17 CET 2026
#@# Parcellation Stats lh Thu Mar 12 00:01:17 CET 2026
#@# Parcellation Stats 2 lh Thu Mar 12 00:01:40 CET 2026
#@# Parcellation Stats 3 lh Thu Mar 12 00:01:54 CET 2026
#@# BA_exvivo Labels lh Thu Mar 12 00:02:06 CET 2026
recon-all -s sub-v1s0x0050659_ses-1 finished without error at Thu Mar 12 00:05:10 CET 2026
