status file for recon-all
Wed Mar 11 23:20:40 CET 2026
#@# Tessellate rh Wed Mar 11 23:20:40 CET 2026
#@# Smooth1 rh Wed Mar 11 23:20:45 CET 2026
#@# Inflation1 rh Wed Mar 11 23:20:48 CET 2026
#@# QSphere rh Wed Mar 11 23:21:05 CET 2026
#@# Fix Topology rh Wed Mar 11 23:22:30 CET 2026
#@# Smooth2 rh Wed Mar 11 23:29:43 CET 2026
#@# Inflation2 rh Wed Mar 11 23:29:47 CET 2026
#@# Curv .H and .K rh Wed Mar 11 23:30:03 CET 2026
#@# Sphere rh Wed Mar 11 23:30:59 CET 2026
#@# Surf Reg rh Wed Mar 11 23:34:16 CET 2026
#@# Jacobian white rh Wed Mar 11 23:40:30 CET 2026
#@# AvgCurv rh Wed Mar 11 23:40:30 CET 2026
#@# Cortical Parc rh Wed Mar 11 23:40:31 CET 2026
#@# white curv rh Wed Mar 11 23:47:35 CET 2026
#@# white area rh Wed Mar 11 23:47:38 CET 2026
#@# pial curv rh Wed Mar 11 23:47:39 CET 2026
#@# pial area rh Wed Mar 11 23:47:41 CET 2026
#@# thickness rh Wed Mar 11 23:47:42 CET 2026
#@# area and vertex vol rh Wed Mar 11 23:48:17 CET 2026
#@# Curvature Stats rh Wed Mar 11 23:48:18 CET 2026
#@# Cortical Parc 2 rh Wed Mar 11 23:48:22 CET 2026
#@# Cortical Parc 3 rh Wed Mar 11 23:48:37 CET 2026
#@# WM/GM Contrast rh Wed Mar 11 23:48:49 CET 2026
recon-all -s sub-v1s0x0050659_ses-1 finished without error at Wed Mar 11 23:48:52 CET 2026



#New# invocation of recon-all 



status file for recon-all
Thu Mar 12 00:05:13 CET 2026
#@# white curv rh Thu Mar 12 00:05:13 CET 2026
#@# white area rh Thu Mar 12 00:05:13 CET 2026
#@# pial curv rh Thu Mar 12 00:05:13 CET 2026
#@# pial area rh Thu Mar 12 00:05:13 CET 2026
#@# thickness rh Thu Mar 12 00:05:13 CET 2026
#@# area and vertex vol rh Thu Mar 12 00:05:13 CET 2026
#@# Parcellation Stats rh Thu Mar 12 00:05:13 CET 2026
#@# Parcellation Stats 2 rh Thu Mar 12 00:05:37 CET 2026
#@# Parcellation Stats 3 rh Thu Mar 12 00:05:50 CET 2026
#@# BA_exvivo Labels rh Thu Mar 12 00:06:02 CET 2026
recon-all -s sub-v1s0x0050659_ses-1 finished without error at Thu Mar 12 00:09:08 CET 2026
