status file for recon-all
Wed Mar 11 20:54:59 CET 2026
#@# MotionCor Wed Mar 11 20:55:01 CET 2026
#@# Talairach Wed Mar 11 20:55:09 CET 2026
#@# Talairach Failure Detection Wed Mar 11 20:59:35 CET 2026
#@# Nu Intensity Correction Wed Mar 11 20:59:35 CET 2026
#@# Intensity Normalization Wed Mar 11 21:02:52 CET 2026
recon-all -s sub-v1s0x0050659_ses-1 finished without error at Wed Mar 11 21:04:36 CET 2026



#New# invocation of recon-all 



status file for recon-all
Wed Mar 11 21:11:54 CET 2026
#@# EM Registration Wed Mar 11 21:11:54 CET 2026
recon-all -s sub-v1s0x0050659_ses-1 finished without error at Wed Mar 11 21:13:37 CET 2026



#New# invocation of recon-all 



status file for recon-all
Wed Mar 11 21:13:40 CET 2026
#@# CA Normalize Wed Mar 11 21:13:40 CET 2026
#@# CA Reg Wed Mar 11 21:15:00 CET 2026
#@# SubCort Seg Wed Mar 11 22:03:30 CET 2026
#@# CC Seg Wed Mar 11 22:45:00 CET 2026
#@# Merge ASeg Wed Mar 11 22:45:45 CET 2026
#@# Intensity Normalization2 Wed Mar 11 22:45:45 CET 2026
#@# Mask BFS Wed Mar 11 22:48:03 CET 2026
#@# WM Segmentation Wed Mar 11 22:48:04 CET 2026
#@# Fill Wed Mar 11 22:50:26 CET 2026
recon-all -s sub-v1s0x0050659_ses-1 finished without error at Wed Mar 11 22:51:28 CET 2026



#New# invocation of recon-all 



status file for recon-all
Wed Mar 11 23:48:57 CET 2026
#@# white curv lh Wed Mar 11 23:48:57 CET 2026
#@# white area lh Wed Mar 11 23:48:57 CET 2026
#@# pial curv lh Wed Mar 11 23:48:57 CET 2026
#@# pial area lh Wed Mar 11 23:48:57 CET 2026
#@# thickness lh Wed Mar 11 23:48:57 CET 2026
#@# area and vertex vol lh Wed Mar 11 23:48:58 CET 2026
#@# white curv rh Wed Mar 11 23:48:58 CET 2026
#@# white area rh Wed Mar 11 23:48:58 CET 2026
#@# pial curv rh Wed Mar 11 23:48:58 CET 2026
#@# pial area rh Wed Mar 11 23:48:58 CET 2026
#@# thickness rh Wed Mar 11 23:48:58 CET 2026
#@# area and vertex vol rh Wed Mar 11 23:48:58 CET 2026
#@# Cortical ribbon mask Wed Mar 11 23:48:58 CET 2026
recon-all -s sub-v1s0x0050659_ses-1 finished without error at Thu Mar 12 00:01:11 CET 2026



#New# invocation of recon-all 



status file for recon-all
Thu Mar 12 00:09:14 CET 2026
#@# white curv lh Thu Mar 12 00:09:14 CET 2026
#@# white area lh Thu Mar 12 00:09:14 CET 2026
#@# pial curv lh Thu Mar 12 00:09:14 CET 2026
#@# pial area lh Thu Mar 12 00:09:14 CET 2026
#@# thickness lh Thu Mar 12 00:09:14 CET 2026
#@# area and vertex vol lh Thu Mar 12 00:09:14 CET 2026
#@# white curv rh Thu Mar 12 00:09:14 CET 2026
#@# white area rh Thu Mar 12 00:09:14 CET 2026
#@# pial curv rh Thu Mar 12 00:09:14 CET 2026
#@# pial area rh Thu Mar 12 00:09:14 CET 2026
#@# thickness rh Thu Mar 12 00:09:14 CET 2026
#@# area and vertex vol rh Thu Mar 12 00:09:14 CET 2026
#@# Curvature Stats lh Thu Mar 12 00:09:14 CET 2026
#@# Curvature Stats rh Thu Mar 12 00:09:17 CET 2026
#@# Relabel Hypointensities Thu Mar 12 00:09:20 CET 2026
#@# APas-to-ASeg Thu Mar 12 00:09:37 CET 2026
#@# AParc-to-ASeg aparc Thu Mar 12 00:09:46 CET 2026
#@# AParc-to-ASeg aparc.a2009s Thu Mar 12 00:10:32 CET 2026
#@# AParc-to-ASeg aparc.DKTatlas Thu Mar 12 00:11:26 CET 2026
#@# WMParc Thu Mar 12 00:12:11 CET 2026
#@# ASeg Stats Thu Mar 12 00:15:51 CET 2026
recon-all -s sub-v1s0x0050659_ses-1 finished without error at Thu Mar 12 00:16:31 CET 2026
