status file for recon-all
Wed Mar 11 23:19:46 CET 2026
#@# Tessellate lh Wed Mar 11 23:19:46 CET 2026
#@# Smooth1 lh Wed Mar 11 23:19:50 CET 2026
#@# Inflation1 lh Wed Mar 11 23:19:52 CET 2026
#@# QSphere lh Wed Mar 11 23:20:05 CET 2026
#@# Fix Topology lh Wed Mar 11 23:21:20 CET 2026
#@# Smooth2 lh Wed Mar 11 23:28:17 CET 2026
#@# Inflation2 lh Wed Mar 11 23:28:20 CET 2026
#@# Curv .H and .K lh Wed Mar 11 23:28:35 CET 2026
#@# Sphere lh Wed Mar 11 23:29:20 CET 2026
#@# Surf Reg lh Wed Mar 11 23:33:00 CET 2026
#@# Jacobian white lh Wed Mar 11 23:37:44 CET 2026
#@# AvgCurv lh Wed Mar 11 23:37:45 CET 2026
#@# Cortical Parc lh Wed Mar 11 23:37:46 CET 2026
#@# white curv lh Wed Mar 11 23:43:25 CET 2026
#@# white area lh Wed Mar 11 23:43:27 CET 2026
#@# pial curv lh Wed Mar 11 23:43:27 CET 2026
#@# pial area lh Wed Mar 11 23:43:29 CET 2026
#@# thickness lh Wed Mar 11 23:43:30 CET 2026
#@# area and vertex vol lh Wed Mar 11 23:43:57 CET 2026
#@# Curvature Stats lh Wed Mar 11 23:43:58 CET 2026
#@# Cortical Parc 2 lh Wed Mar 11 23:44:01 CET 2026
#@# Cortical Parc 3 lh Wed Mar 11 23:44:14 CET 2026
#@# WM/GM Contrast lh Wed Mar 11 23:44:24 CET 2026
recon-all -s sub-v1s0x0050665_ses-1 finished without error at Wed Mar 11 23:44:27 CET 2026



#New# invocation of recon-all 



status file for recon-all
Thu Mar 12 00:13:02 CET 2026
#@# white curv lh Thu Mar 12 00:13:02 CET 2026
#@# white area lh Thu Mar 12 00:13:02 CET 2026
#@# pial curv lh Thu Mar 12 00:13:02 CET 2026
#@# pial area lh Thu Mar 12 00:13:02 CET 2026
#@# thickness lh Thu Mar 12 00:13:02 CET 2026
#@# area and vertex vol lh Thu Mar 12 00:13:02 CET 2026
#@# Parcellation Stats lh Thu Mar 12 00:13:02 CET 2026
#@# Parcellation Stats 2 lh Thu Mar 12 00:13:20 CET 2026
#@# Parcellation Stats 3 lh Thu Mar 12 00:13:28 CET 2026
#@# BA_exvivo Labels lh Thu Mar 12 00:13:37 CET 2026
recon-all -s sub-v1s0x0050665_ses-1 finished without error at Thu Mar 12 00:16:20 CET 2026
