status file for recon-all
Wed Mar 11 22:50:08 CET 2026
#@# Tessellate rh Wed Mar 11 22:50:08 CET 2026
#@# Smooth1 rh Wed Mar 11 22:50:10 CET 2026
#@# Inflation1 rh Wed Mar 11 22:50:13 CET 2026
#@# QSphere rh Wed Mar 11 22:50:28 CET 2026
#@# Fix Topology rh Wed Mar 11 22:52:18 CET 2026
#@# Smooth2 rh Wed Mar 11 22:59:00 CET 2026
#@# Inflation2 rh Wed Mar 11 22:59:02 CET 2026
#@# Curv .H and .K rh Wed Mar 11 22:59:21 CET 2026
#@# Sphere rh Wed Mar 11 23:00:06 CET 2026
#@# Surf Reg rh Wed Mar 11 23:11:15 CET 2026
#@# Jacobian white rh Wed Mar 11 23:19:26 CET 2026
#@# AvgCurv rh Wed Mar 11 23:19:27 CET 2026
#@# Cortical Parc rh Wed Mar 11 23:19:27 CET 2026
#@# white curv rh Wed Mar 11 23:25:51 CET 2026
#@# white area rh Wed Mar 11 23:25:52 CET 2026
#@# pial curv rh Wed Mar 11 23:25:53 CET 2026
#@# pial area rh Wed Mar 11 23:25:55 CET 2026
#@# thickness rh Wed Mar 11 23:25:55 CET 2026
#@# area and vertex vol rh Wed Mar 11 23:26:26 CET 2026
#@# Curvature Stats rh Wed Mar 11 23:26:27 CET 2026
#@# Cortical Parc 2 rh Wed Mar 11 23:26:29 CET 2026
#@# Cortical Parc 3 rh Wed Mar 11 23:26:41 CET 2026
#@# WM/GM Contrast rh Wed Mar 11 23:26:51 CET 2026
recon-all -s sub-v1s0x0050653_ses-1 finished without error at Wed Mar 11 23:26:54 CET 2026



#New# invocation of recon-all 



status file for recon-all
Wed Mar 11 23:35:48 CET 2026
#@# white curv rh Wed Mar 11 23:35:48 CET 2026
#@# white area rh Wed Mar 11 23:35:48 CET 2026
#@# pial curv rh Wed Mar 11 23:35:48 CET 2026
#@# pial area rh Wed Mar 11 23:35:48 CET 2026
#@# thickness rh Wed Mar 11 23:35:48 CET 2026
#@# area and vertex vol rh Wed Mar 11 23:35:48 CET 2026
#@# Parcellation Stats rh Wed Mar 11 23:35:48 CET 2026
#@# Parcellation Stats 2 rh Wed Mar 11 23:36:08 CET 2026
#@# Parcellation Stats 3 rh Wed Mar 11 23:36:18 CET 2026
#@# BA_exvivo Labels rh Wed Mar 11 23:36:28 CET 2026
recon-all -s sub-v1s0x0050653_ses-1 finished without error at Wed Mar 11 23:38:51 CET 2026
