status file for recon-all
Wed Mar 11 20:47:25 CET 2026
#@# MotionCor Wed Mar 11 20:47:27 CET 2026
#@# Talairach Wed Mar 11 20:47:32 CET 2026
#@# Talairach Failure Detection Wed Mar 11 20:50:22 CET 2026
#@# Nu Intensity Correction Wed Mar 11 20:50:22 CET 2026
#@# Intensity Normalization Wed Mar 11 20:53:08 CET 2026
recon-all -s sub-v1s0x0050653_ses-1 finished without error at Wed Mar 11 20:54:21 CET 2026



#New# invocation of recon-all 



status file for recon-all
Wed Mar 11 21:00:36 CET 2026
#@# EM Registration Wed Mar 11 21:00:36 CET 2026
recon-all -s sub-v1s0x0050653_ses-1 finished without error at Wed Mar 11 21:06:41 CET 2026



#New# invocation of recon-all 



status file for recon-all
Wed Mar 11 21:06:44 CET 2026
#@# CA Normalize Wed Mar 11 21:06:44 CET 2026
#@# CA Reg Wed Mar 11 21:07:38 CET 2026
#@# SubCort Seg Wed Mar 11 21:42:12 CET 2026
#@# CC Seg Wed Mar 11 22:12:13 CET 2026
#@# Merge ASeg Wed Mar 11 22:12:43 CET 2026
#@# Intensity Normalization2 Wed Mar 11 22:12:43 CET 2026
#@# Mask BFS Wed Mar 11 22:14:23 CET 2026
#@# WM Segmentation Wed Mar 11 22:14:24 CET 2026
#@# Fill Wed Mar 11 22:16:16 CET 2026
recon-all -s sub-v1s0x0050653_ses-1 finished without error at Wed Mar 11 22:16:58 CET 2026



#New# invocation of recon-all 



status file for recon-all
Wed Mar 11 23:27:00 CET 2026
#@# white curv lh Wed Mar 11 23:27:00 CET 2026
#@# white area lh Wed Mar 11 23:27:00 CET 2026
#@# pial curv lh Wed Mar 11 23:27:00 CET 2026
#@# pial area lh Wed Mar 11 23:27:00 CET 2026
#@# thickness lh Wed Mar 11 23:27:00 CET 2026
#@# area and vertex vol lh Wed Mar 11 23:27:00 CET 2026
#@# white curv rh Wed Mar 11 23:27:00 CET 2026
#@# white area rh Wed Mar 11 23:27:00 CET 2026
#@# pial curv rh Wed Mar 11 23:27:00 CET 2026
#@# pial area rh Wed Mar 11 23:27:00 CET 2026
#@# thickness rh Wed Mar 11 23:27:00 CET 2026
#@# area and vertex vol rh Wed Mar 11 23:27:00 CET 2026
#@# Cortical ribbon mask Wed Mar 11 23:27:00 CET 2026
recon-all -s sub-v1s0x0050653_ses-1 finished without error at Wed Mar 11 23:32:34 CET 2026



#New# invocation of recon-all 



status file for recon-all
Wed Mar 11 23:38:55 CET 2026
#@# white curv lh Wed Mar 11 23:38:55 CET 2026
#@# white area lh Wed Mar 11 23:38:55 CET 2026
#@# pial curv lh Wed Mar 11 23:38:55 CET 2026
#@# pial area lh Wed Mar 11 23:38:55 CET 2026
#@# thickness lh Wed Mar 11 23:38:55 CET 2026
#@# area and vertex vol lh Wed Mar 11 23:38:55 CET 2026
#@# white curv rh Wed Mar 11 23:38:55 CET 2026
#@# white area rh Wed Mar 11 23:38:55 CET 2026
#@# pial curv rh Wed Mar 11 23:38:55 CET 2026
#@# pial area rh Wed Mar 11 23:38:55 CET 2026
#@# thickness rh Wed Mar 11 23:38:55 CET 2026
#@# area and vertex vol rh Wed Mar 11 23:38:55 CET 2026
#@# Curvature Stats lh Wed Mar 11 23:38:55 CET 2026
#@# Curvature Stats rh Wed Mar 11 23:38:57 CET 2026
#@# Relabel Hypointensities Wed Mar 11 23:38:59 CET 2026
#@# APas-to-ASeg Wed Mar 11 23:39:12 CET 2026
#@# AParc-to-ASeg aparc Wed Mar 11 23:39:19 CET 2026
#@# AParc-to-ASeg aparc.a2009s Wed Mar 11 23:39:45 CET 2026
#@# AParc-to-ASeg aparc.DKTatlas Wed Mar 11 23:40:11 CET 2026
#@# WMParc Wed Mar 11 23:40:37 CET 2026
#@# ASeg Stats Wed Mar 11 23:42:35 CET 2026
recon-all -s sub-v1s0x0050653_ses-1 finished without error at Wed Mar 11 23:42:59 CET 2026
