/out/sourcedata/freesurfer/sub-v1s0x0050653_ses-1/mri
/opt/freesurfer/bin/talairach_avi
--i orig_nu.mgz --xfm transforms/talairach.auto.xfm
talairach_avi 7.3.2
Linux dna073 5.14.0-427.37.1.el9_4.x86_64 #1 SMP PREEMPT_DYNAMIC Fri Sep 13 12:41:50 EDT 2024 x86_64 x86_64 x86_64 GNU/Linux
Wed Mar 11 20:50:06 CET 2026
mri_convert orig_nu.mgz talsrcimg.img 
reading from orig_nu.mgz...
TR=0.00, TE=0.00, TI=0.00, flip angle=0.00
i_ras = (-1, 0, 0)
j_ras = (0, 0, -1)
k_ras = (0, 1, 0)
writing to talsrcimg.img...
Analyze Output Matrix
-1.00000   0.00000   0.00000   127.07869;
 0.00000   0.00000   1.00000  -128.00000;
 0.00000  -1.00000   0.00000   146.94916;
 0.00000   0.00000   0.00000   1.00000;
--------------------
INFO: set hdr.hist.orient to -1
mpr2mni305 talsrcimg
Wed Mar 11 20:50:06 CET 2026
/opt/freesurfer/bin/mpr2mni305 talsrcimg
mpr2mni305 7.3.2
target=711-2C_as_mni_average_305

---------------------------------------------------------------------
analyzeto4dfp talsrcimg -O0 -y
---------------------------------------------------------------------

freesurfer ifh2hdr.c
Wed Mar 11 20:50:06 2026
Writing: talsrcimg.4dfp.hdr
freesurfer analyzeto4dfp.c
Reading: talsrcimg.hdr
header size 348 bytes
hdr.dime.datatype	offset=70	value=2
hdr.dime.bitpix		offset=72	value=8
hdr.hist.orient		offset=252	value=-1
dimensionality     4
dimensions       256       256       256         1
Reading: talsrcimg.img
Writing: talsrcimg.4dfp.img
Writing: talsrcimg.4dfp.ifh
ifh2hdr talsrcimg -r0to255
ori=2

---------------------------------------------------------------------
gauss_4dfp talsrcimg 1.1
---------------------------------------------------------------------

freesurfer gauss_4dfp.c
Reading: talsrcimg.4dfp.img
Writing: talsrcimg_g11.4dfp.img
image dimensions 256 256 256 padded to 288 288 288
processing volume 1freesurfer ifh2hdr.c
Wed Mar 11 20:50:08 2026
Writing: talsrcimg_g11.4dfp.hdr

Writing: talsrcimg_g11.4dfp.ifh
including: talsrcimg.4dfp.img.rec in talsrcimg_g11.4dfp.img.rec

---------------------------------------------------------------------
imgreg_4dfp /opt/freesurfer/average/711-2C_as_mni_average_305 none talsrcimg_g11 none talsrcimg_to_711-2C_as_mni_average_305_t4 4355
---------------------------------------------------------------------

freesurfer imgreg_4dfp.c
/opt/freesurfer/average/711-2C_as_mni_average_305.4dfp.img
       256       256       256         1
  1.000000  1.000000  1.000000
orientation T byte_order littleendian
Reading image: /opt/freesurfer/average/711-2C_as_mni_average_305.4dfp.img
dimensions:      256       256       256
mmppix:       1.0000   -1.0000   -1.0000
center:     128.0000 -129.0000 -129.0000
talsrcimg_g11.4dfp.img
       256       256       256         1
  1.000000  1.000000  1.000000
orientation T byte_order littleendian
Reading image: talsrcimg_g11.4dfp.img
dimensions:      256       256       256
mmppix:       1.0000   -1.0000   -1.0000
center:     128.0000 -129.0000 -129.0000
t4_read: open error in t4_sub.f l:  41 t4_file(1:l)talsrcimg_to_711-2C_as_mni_average_305_t4 
t4_read: transform initialized to I4
rotation matrix determinant  1.000000
image alignment mode   4355 decimal     1103 hex
   -7.5000  -45.0000  -45.0000 6678.0752   12.4888
    0.0000  -45.0000  -45.0000 7047.6167   12.4883
    7.5000  -45.0000  -45.0000 6712.5288   12.4840
   -7.5000  -37.5000  -45.0000 7287.8110   12.0812
    0.0000  -37.5000  -45.0000 7690.4771   12.0782
    7.5000  -37.5000  -45.0000 7319.2588   12.0784
   -7.5000  -30.0000  -45.0000 8213.7432   11.7827
    0.0000  -30.0000  -45.0000 8632.4355   11.7728
    7.5000  -30.0000  -45.0000 8230.3564   11.7744
   -7.5000  -22.5000  -45.0000 9166.0938   11.5621
    0.0000  -22.5000  -45.0000 9600.0518   11.5495
    7.5000  -22.5000  -45.0000 9173.7217   11.5469
   -7.5000  -15.0000  -45.000010174.4385   11.4943
    0.0000  -15.0000  -45.000010647.8848   11.4870
    7.5000  -15.0000  -45.000010182.0352   11.4808
   -7.5000   -7.5000  -45.000011152.1045   11.4775
    0.0000   -7.5000  -45.000011678.6572   11.4789
    7.5000   -7.5000  -45.000011153.9102   11.4735
   -7.5000    0.0000  -45.000012124.6738   11.4639
    0.0000    0.0000  -45.000012687.3584   11.4689
    7.5000    0.0000  -45.000012134.8398   11.4670
   -7.5000    7.5000  -45.000012174.3115   11.4638
    0.0000    7.5000  -45.000012713.7031   11.4637
    7.5000    7.5000  -45.000012162.6416   11.4652
   -7.5000   15.0000  -45.000012069.7119   11.4728
    0.0000   15.0000  -45.000012583.0889   11.4641
    7.5000   15.0000  -45.000012034.4473   11.4655
   -7.5000   22.5000  -45.000011862.6865   11.4823
    0.0000   22.5000  -45.000012385.1904   11.4700
    7.5000   22.5000  -45.000011831.7773   11.4672
   -7.5000   30.0000  -45.000011595.7100   11.3345
    0.0000   30.0000  -45.000012111.6953   11.3273
    7.5000   30.0000  -45.000011559.0176   11.3212
   -7.5000   37.5000  -45.000011483.4531   11.3236
    0.0000   37.5000  -45.000011979.9053   11.3249
    7.5000   37.5000  -45.000011440.3506   11.3196
   -7.5000   45.0000  -45.000010952.3086   11.0239
    0.0000   45.0000  -45.000011456.2900   11.0288
    7.5000   45.0000  -45.000010936.5635   11.0269
   -7.5000  -45.0000  -37.5000 6932.1157   12.4941
    0.0000  -45.0000  -37.5000 7310.7026   12.4927
    7.5000  -45.0000  -37.5000 6964.7100   12.4944
   -7.5000  -37.5000  -37.5000 7587.4570   12.0842
    0.0000  -37.5000  -37.5000 8000.0698   12.0822
    7.5000  -37.5000  -37.5000 7628.2266   12.0871
   -7.5000  -30.0000  -37.5000 8569.3906   11.7861
    0.0000  -30.0000  -37.5000 8995.2314   11.7771
    7.5000  -30.0000  -37.5000 8585.7773   11.7811
   -7.5000  -22.5000  -37.5000 9598.3867   11.5694
    0.0000  -22.5000  -37.500010054.5596   11.5557
    7.5000  -22.5000  -37.5000 9601.4619   11.5541
   -7.5000  -15.0000  -37.500010659.4375   11.5037
    0.0000  -15.0000  -37.500011165.9199   11.4933
    7.5000  -15.0000  -37.500010667.6670   11.4889
   -7.5000   -7.5000  -37.500011712.7451   11.4843
    0.0000   -7.5000  -37.500012268.2822   11.4833
    7.5000   -7.5000  -37.500011732.4922   11.4818
   -7.5000    0.0000  -37.500012753.9912   11.4668
    0.0000    0.0000  -37.500013325.6240   11.4714
    7.5000    0.0000  -37.500012769.9033   11.4748
   -7.5000    7.5000  -37.500012815.8916   11.4652
    0.0000    7.5000  -37.500013357.5391   11.4661
    7.5000    7.5000  -37.500012812.2764   11.4720
   -7.5000   15.0000  -37.500012650.3350   11.4762
    0.0000   15.0000  -37.500013192.5078   11.4683
    7.5000   15.0000  -37.500012625.0000   11.4720
   -7.5000   22.5000  -37.500012433.4434   11.4895
    0.0000   22.5000  -37.500012959.6230   11.4761
    7.5000   22.5000  -37.500012391.1973   11.4743
   -7.5000   30.0000  -37.500012147.3008   11.3437
    0.0000   30.0000  -37.500012644.7969   11.3336
    7.5000   30.0000  -37.500012083.0967   11.3291
   -7.5000   37.5000  -37.500012061.2627   11.3303
    0.0000   37.5000  -37.500012547.5225   11.3293
    7.5000   37.5000  -37.500012006.2754   11.3278
   -7.5000   45.0000  -37.500011480.5488   11.0267
    0.0000   45.0000  -37.500011968.1094   11.0311
    7.5000   45.0000  -37.500011462.1270   11.0344
   -7.5000  -45.0000  -30.0000 7313.1104   13.0426
    0.0000  -45.0000  -30.0000 7692.2021   13.0404
    7.5000  -45.0000  -30.0000 7346.0376   13.0417
   -7.5000  -37.5000  -30.0000 8012.8130   12.6075
    0.0000  -37.5000  -30.0000 8420.3574   12.6070
    7.5000  -37.5000  -30.0000 8042.4390   12.6105
   -7.5000  -30.0000  -30.0000 9055.4834   12.2911
    0.0000  -30.0000  -30.0000 9499.4189   12.2847
    7.5000  -30.0000  -30.0000 9077.4355   12.2866
   -7.5000  -22.5000  -30.000010152.1738   12.0666
    0.0000  -22.5000  -30.000010643.4141   12.0540
    7.5000  -22.5000  -30.000010168.0664   12.0501
   -7.5000  -15.0000  -30.000011282.4355   12.0029
    0.0000  -15.0000  -30.000011837.0254   11.9913
    7.5000  -15.0000  -30.000011300.3037   11.9852
   -7.5000   -7.5000  -30.000012413.6533   11.9857
    0.0000   -7.5000  -30.000013021.6328   11.9829
    7.5000   -7.5000  -30.000012448.9492   11.9808
   -7.5000    0.0000  -30.000013546.1738   11.9656
    0.0000    0.0000  -30.000014180.8320   11.9698
    7.5000    0.0000  -30.000013570.9551   11.9731
   -7.5000    7.5000  -30.000013626.5322   11.9596
    0.0000    7.5000  -30.000014244.3545   11.9619
    7.5000    7.5000  -30.000013643.4111   11.9669
   -7.5000   15.0000  -30.000013409.9990   11.9679
    0.0000   15.0000  -30.000014015.4072   11.9623
    7.5000   15.0000  -30.000013411.5176   11.9641
   -7.5000   22.5000  -30.000013187.8506   11.9821
    0.0000   22.5000  -30.000013745.6885   11.9696
    7.5000   22.5000  -30.000013136.7246   11.9656
   -7.5000   30.0000  -30.000012896.3525   11.8372
    0.0000   30.0000  -30.000013397.6982   11.8258
    7.5000   30.0000  -30.000012806.7012   11.8197
   -7.5000   37.5000  -30.000012834.4756   11.8261
    0.0000   37.5000  -30.000013346.3350   11.8233
    7.5000   37.5000  -30.000012775.8740   11.8212
   -7.5000   45.0000  -30.000012187.8174   11.5148
    0.0000   45.0000  -30.000012660.2256   11.5188
    7.5000   45.0000  -30.000012159.8652   11.5221
   -7.5000  -45.0000  -22.5000 7633.5879   13.5070
    0.0000  -45.0000  -22.5000 8036.4697   13.5059
    7.5000  -45.0000  -22.5000 7678.1157   13.4996
   -7.5000  -37.5000  -22.5000 8384.1328   13.0516
    0.0000  -37.5000  -22.5000 8799.6826   13.0519
    7.5000  -37.5000  -22.5000 8418.0908   13.0485
   -7.5000  -30.0000  -22.5000 9497.0117   12.7187
    0.0000  -30.0000  -22.5000 9955.9141   12.7136
    7.5000  -30.0000  -22.5000 9530.3965   12.7105
   -7.5000  -22.5000  -22.500010661.4531   12.4839
    0.0000  -22.5000  -22.500011165.4590   12.4732
    7.5000  -22.5000  -22.500010679.1533   12.4652
   -7.5000  -15.0000  -22.500011874.0918   12.4207
    0.0000  -15.0000  -22.500012437.7080   12.4112
    7.5000  -15.0000  -22.500011891.8594   12.4006
   -7.5000   -7.5000  -22.500013097.6572   12.4081
    0.0000   -7.5000  -22.500013726.6631   12.4068
    7.5000   -7.5000  -22.500013130.3477   12.3991
   -7.5000    0.0000  -22.500014264.9746   12.3895
    0.0000    0.0000  -22.500014970.2295   12.3946
    7.5000    0.0000  -22.500014318.9932   12.3915
   -7.5000    7.5000  -22.500014406.3906   12.3804
    0.0000    7.5000  -22.500015127.8389   12.3835
    7.5000    7.5000  -22.500014446.0791   12.3824
   -7.5000   15.0000  -22.500014180.1406   12.3840
    0.0000   15.0000  -22.500014895.9570   12.3797
    7.5000   15.0000  -22.500014211.2129   12.3764
   -7.5000   22.5000  -22.500013915.7129   12.3956
    0.0000   22.5000  -22.500014548.6504   12.3850
    7.5000   22.5000  -22.500013887.3613   12.3769
   -7.5000   30.0000  -22.500013631.2549   12.2511
    0.0000   30.0000  -22.500014162.8584   12.2417
    7.5000   30.0000  -22.500013537.2354   12.2313
   -7.5000   37.5000  -22.500013608.8672   12.2448
    0.0000   37.5000  -22.500014155.7354   12.2434
    7.5000   37.5000  -22.500013539.3066   12.2359
   -7.5000   45.0000  -22.500012914.4395   11.9317
    0.0000   45.0000  -22.500013440.5371   11.9366
    7.5000   45.0000  -22.500012873.7451   11.9337
   -7.5000  -45.0000  -15.0000 7984.3462   13.8261
    0.0000  -45.0000  -15.0000 8361.3682   13.8262
    7.5000  -45.0000  -15.0000 8007.6768   13.8120
   -7.5000  -37.5000  -15.0000 8764.7314   13.3625
    0.0000  -37.5000  -15.0000 9159.6416   13.3619
    7.5000  -37.5000  -15.0000 8778.1533   13.3523
   -7.5000  -30.0000  -15.0000 9907.0518   13.0209
    0.0000  -30.0000  -15.000010376.7666   13.0148
    7.5000  -30.0000  -15.0000 9932.8447   13.0077
   -7.5000  -22.5000  -15.000011102.1475   12.7758
    0.0000  -22.5000  -15.000011644.4346   12.7658
    7.5000  -22.5000  -15.000011120.5693   12.7550
   -7.5000  -15.0000  -15.000012367.4971   12.7087
    0.0000  -15.0000  -15.000012970.5049   12.7018
    7.5000  -15.0000  -15.000012389.7686   12.6878
   -7.5000   -7.5000  -15.000013666.9434   12.6987
    0.0000   -7.5000  -15.000014341.0664   12.6999
    7.5000   -7.5000  -15.000013700.8154   12.6867
   -7.5000    0.0000  -15.000014923.8633   12.6846
    0.0000    0.0000  -15.000015711.8301   12.6904
    7.5000    0.0000  -15.000014972.0879   12.6804
   -7.5000    7.5000  -15.000015114.8643   12.6768
    0.0000    7.5000  -15.000016003.1943   12.6792
    7.5000    7.5000  -15.000015207.3477   12.6722
   -7.5000   15.0000  -15.000015008.8389   12.6782
    0.0000   15.0000  -15.000015950.1318   12.6728
    7.5000   15.0000  -15.000015133.7891   12.6658
   -7.5000   22.5000  -15.000014735.9746   12.6848
    0.0000   22.5000  -15.000015539.7793   12.6750
    7.5000   22.5000  -15.000014773.8477   12.6642
   -7.5000   30.0000  -15.000014442.8955   12.5369
    0.0000   30.0000  -15.000015112.9717   12.5302
    7.5000   30.0000  -15.000014343.0693   12.5162
   -7.5000   37.5000  -15.000014438.5430   12.5333
    0.0000   37.5000  -15.000015142.5889   12.5345
    7.5000   37.5000  -15.000014310.3926   12.5214
   -7.5000   45.0000  -15.000013668.5420   12.2232
    0.0000   45.0000  -15.000014358.2148   12.2289
    7.5000   45.0000  -15.000013574.5635   12.2192
   -7.5000  -45.0000   -7.5000 8258.5088   13.9621
    0.0000  -45.0000   -7.5000 8644.4717   13.9617
    7.5000  -45.0000   -7.5000 8258.8906   13.9486
   -7.5000  -37.5000   -7.5000 9091.5938   13.5013
    0.0000  -37.5000   -7.5000 9518.1924   13.4986
    7.5000  -37.5000   -7.5000 9101.1504   13.4910
   -7.5000  -30.0000   -7.500010313.9268   13.1614
    0.0000  -30.0000   -7.500010794.7041   13.1525
    7.5000  -30.0000   -7.500010341.2891   13.1480
   -7.5000  -22.5000   -7.500011569.2871   12.9117
    0.0000  -22.5000   -7.500012101.5420   12.9004
    7.5000  -22.5000   -7.500011603.1836   12.8924
   -7.5000  -15.0000   -7.500012921.7705   12.8389
    0.0000  -15.0000   -7.500013497.2139   12.8327
    7.5000  -15.0000   -7.500012960.1885   12.8209
   -7.5000   -7.5000   -7.500014274.0127   12.8262
    0.0000   -7.5000   -7.500014947.1006   12.8285
    7.5000   -7.5000   -7.500014317.4463   12.8162
   -7.5000    0.0000   -7.500015593.1885   12.8140
    0.0000    0.0000   -7.500016435.5469   12.8196
    7.5000    0.0000   -7.500015614.3896   12.8103
   -7.5000    7.5000   -7.500015841.0879   12.8108
    0.0000    7.5000   -7.500016942.8730   12.8113
    7.5000    7.5000   -7.500015928.3965   12.8059
   -7.5000   15.0000   -7.500015869.3877   12.8151
    0.0000   15.0000   -7.500017278.4082   12.8073
    7.5000   15.0000   -7.500016060.8672   12.8028
   -7.5000   22.5000   -7.500015713.9736   12.8185
    0.0000   22.5000   -7.500017082.9258   12.8073
    7.5000   22.5000   -7.500015827.3340   12.7993
   -7.5000   30.0000   -7.500015355.7549   12.6650
    0.0000   30.0000   -7.500016518.8672   12.6589
    7.5000   30.0000   -7.500015288.8242   12.6472
   -7.5000   37.5000   -7.500015200.7754   12.6587
    0.0000   37.5000   -7.500016284.0098   12.6610
    7.5000   37.5000   -7.500015092.2080   12.6489
   -7.5000   45.0000   -7.500014344.8564   12.3503
    0.0000   45.0000   -7.500015249.8691   12.3557
    7.5000   45.0000   -7.500014227.5322   12.3467
   -7.5000  -45.0000    0.0000 8430.0371   13.9689
    0.0000  -45.0000    0.0000 8849.9219   13.9682
    7.5000  -45.0000    0.0000 8441.5635   13.9634
   -7.5000  -37.5000    0.0000 9311.4170   13.5132
    0.0000  -37.5000    0.0000 9751.8350   13.5098
    7.5000  -37.5000    0.0000 9324.2832   13.5100
   -7.5000  -30.0000    0.000010596.8213   13.1795
    0.0000  -30.0000    0.000011077.5977   13.1684
    7.5000  -30.0000    0.000010607.2852   13.1701
   -7.5000  -22.5000    0.000011897.2812   12.9328
    0.0000  -22.5000    0.000012438.7236   12.9187
    7.5000  -22.5000    0.000011910.9912   12.9157
   -7.5000  -15.0000    0.000013296.3223   12.8570
    0.0000  -15.0000    0.000013918.2158   12.8488
    7.5000  -15.0000    0.000013310.9980   12.8418
   -7.5000   -7.5000    0.000014720.1328   12.8382
    0.0000   -7.5000    0.000015516.9414   12.8397
    7.5000   -7.5000    0.000014721.5391   12.8336
   -7.5000    0.0000    0.000016134.3506   12.8231
    0.0000    0.0000    0.000017162.1191   12.8286
    7.5000    0.0000    0.000016092.3545   12.8264
   -7.5000    7.5000    0.000016412.2109   12.8229
    0.0000    7.5000    0.000017693.7441   12.8228
    7.5000    7.5000    0.000016401.3027   12.8244
   -7.5000   15.0000    0.000016494.2207   12.8330
    0.0000   15.0000    0.000018063.4746   12.8232
    7.5000   15.0000    0.000016583.7832   12.8248
   -7.5000   22.5000    0.000016348.2100   12.8394
    0.0000   22.5000    0.000017855.4043   12.8256
    7.5000   22.5000    0.000016400.2500   12.8225
   -7.5000   30.0000    0.000015909.5596   12.6832
    0.0000   30.0000    0.000017204.8809   12.6751
    7.5000   30.0000    0.000015863.7627   12.6682
   -7.5000   37.5000    0.000015717.1416   12.6710
    0.0000   37.5000    0.000016883.3770   12.6724
    7.5000   37.5000    0.000015641.4863   12.6664
   -7.5000   45.0000    0.000014836.1035   12.3599
    0.0000   45.0000    0.000015833.4551   12.3653
    7.5000   45.0000    0.000014759.3037   12.3632
   -7.5000  -45.0000    7.5000 7888.6069   13.9812
    0.0000  -45.0000    7.5000 8360.6738   13.9796
    7.5000  -45.0000    7.5000 7918.9609   13.9815
   -7.5000  -37.5000    7.5000 8782.2539   13.5226
    0.0000  -37.5000    7.5000 9285.7695   13.5203
    7.5000  -37.5000    7.5000 8799.1152   13.5258
   -7.5000  -30.0000    7.500010039.6387   13.1889
    0.0000  -30.0000    7.500010610.1641   13.1788
    7.5000  -30.0000    7.500010050.0254   13.1833
   -7.5000  -22.5000    7.500011317.8662   12.9464
    0.0000  -22.5000    7.500011934.9473   12.9311
    7.5000  -22.5000    7.500011306.3926   12.9293
   -7.5000  -15.0000    7.500012672.2393   12.8729
    0.0000  -15.0000    7.500013367.7988   12.8613
    7.5000  -15.0000    7.500012639.9688   12.8563
   -7.5000   -7.5000    7.500013983.8906   12.8512
    0.0000   -7.5000    7.500014830.9600   12.8501
    7.5000   -7.5000    7.500013972.4873   12.8484
   -7.5000    0.0000    7.500015295.7627   12.8316
    0.0000    0.0000    7.500016287.2217   12.8367
    7.5000    0.0000    7.500015241.7012   12.8405
   -7.5000    7.5000    7.500015521.7119   12.8299
    0.0000    7.5000    7.500016667.3418   12.8308
    7.5000    7.5000    7.500015506.6582   12.8374
   -7.5000   15.0000    7.500015551.2852   12.8422
    0.0000   15.0000    7.500016854.6309   12.8333
    7.5000   15.0000    7.500015656.9570   12.8375
   -7.5000   22.5000    7.500015349.2529   12.8529
    0.0000   22.5000    7.500016431.9160   12.8379
    7.5000   22.5000    7.500015381.1455   12.8359
   -7.5000   30.0000    7.500014921.4551   12.6988
    0.0000   30.0000    7.500015854.8662   12.6875
    7.5000   30.0000    7.500014864.4912   12.6825
   -7.5000   37.5000    7.500014836.1406   12.6838
    0.0000   37.5000    7.500015743.5234   12.6827
    7.5000   37.5000    7.500014759.2568   12.6810
   -7.5000   45.0000    7.500014092.4785   12.3682
    0.0000   45.0000    7.500014934.2637   12.3731
    7.5000   45.0000    7.500014015.3496   12.3768
   -7.5000  -45.0000   15.0000 7316.4409   14.1203
    0.0000  -45.0000   15.0000 7752.1748   14.1179
    7.5000  -45.0000   15.0000 7350.1821   14.1193
   -7.5000  -37.5000   15.0000 8197.4648   13.6458
    0.0000  -37.5000   15.0000 8661.5146   13.6453
    7.5000  -37.5000   15.0000 8211.7637   13.6491
   -7.5000  -30.0000   15.0000 9413.6250   13.3007
    0.0000  -30.0000   15.0000 9940.8408   13.2938
    7.5000  -30.0000   15.0000 9423.4121   13.2959
   -7.5000  -22.5000   15.000010626.2578   13.0560
    0.0000  -22.5000   15.000011182.3350   13.0422
    7.5000  -22.5000   15.000010619.7402   13.0380
   -7.5000  -15.0000   15.000011874.5312   12.9865
    0.0000  -15.0000   15.000012481.0879   12.9739
    7.5000  -15.0000   15.000011848.9922   12.9673
   -7.5000   -7.5000   15.000013076.0830   12.9678
    0.0000   -7.5000   15.000013803.9131   12.9647
    7.5000   -7.5000   15.000013084.4971   12.9625
   -7.5000    0.0000   15.000014263.8359   12.9459
    0.0000    0.0000   15.000015102.3896   12.9505
    7.5000    0.0000   15.000014255.3008   12.9541
   -7.5000    7.5000   15.000014463.0127   12.9393
    0.0000    7.5000   15.000015389.7754   12.9419
    7.5000    7.5000   15.000014512.1650   12.9473
   -7.5000   15.0000   15.000014417.9082   12.9484
    0.0000   15.0000   15.000015357.2080   12.9423
    7.5000   15.0000   15.000014559.0537   12.9442
   -7.5000   22.5000   15.000014201.5811   12.9609
    0.0000   22.5000   15.000014969.6953   12.9474
    7.5000   22.5000   15.000014222.1416   12.9430
   -7.5000   30.0000   15.000013835.0498   12.8109
    0.0000   30.0000   15.000014557.2490   12.7985
    7.5000   30.0000   15.000013811.6123   12.7919
   -7.5000   37.5000   15.000013830.9033   12.7989
    0.0000   37.5000   15.000014587.3389   12.7959
    7.5000   37.5000   15.000013792.1621   12.7936
   -7.5000   45.0000   15.000013230.7529   12.4783
    0.0000   45.0000   15.000013941.6162   12.4828
    7.5000   45.0000   15.000013154.0000   12.4863
   -7.5000  -45.0000   22.5000 6731.2339   14.3659
    0.0000  -45.0000   22.5000 7094.6406   14.3650
    7.5000  -45.0000   22.5000 6747.4922   14.3584
   -7.5000  -37.5000   22.5000 7559.4751   13.8710
    0.0000  -37.5000   22.5000 7938.8667   13.8716
    7.5000  -37.5000   22.5000 7558.2227   13.8679
   -7.5000  -30.0000   22.5000 8699.6074   13.5094
    0.0000  -30.0000   22.5000 9110.4434   13.5039
    7.5000  -30.0000   22.5000 8698.1836   13.5002
   -7.5000  -22.5000   22.5000 9840.4014   13.2543
    0.0000  -22.5000   22.500010288.8994   13.2426
    7.5000  -22.5000   22.5000 9839.4922   13.2336
   -7.5000  -15.0000   22.500010992.1982   13.1854
    0.0000  -15.0000   22.500011497.7148   13.1750
    7.5000  -15.0000   22.500010986.6064   13.1634
   -7.5000   -7.5000   22.500012120.9502   13.1715
    0.0000   -7.5000   22.500012708.9785   13.1702
    7.5000   -7.5000   22.500012148.2627   13.1620
   -7.5000    0.0000   22.500013199.4688   13.1513
    0.0000    0.0000   22.500013859.7881   13.1572
    7.5000    0.0000   22.500013231.5596   13.1540
   -7.5000    7.5000   22.500013369.2529   13.1417
    0.0000    7.5000   22.500014081.8838   13.1453
    7.5000    7.5000   22.500013447.8516   13.1441
   -7.5000   15.0000   22.500013313.8438   13.1459
    0.0000   15.0000   22.500014022.0156   13.1412
    7.5000   15.0000   22.500013429.3721   13.1374
   -7.5000   22.5000   22.500013089.8096   13.1565
    0.0000   22.5000   22.500013709.7715   13.1449
    7.5000   22.5000   22.500013096.8994   13.1358
   -7.5000   30.0000   22.500012753.7275   13.0070
    0.0000   30.0000   22.500013373.5645   12.9967
    7.5000   30.0000   22.500012726.8281   12.9853
   -7.5000   37.5000   22.500012819.0840   12.9999
    0.0000   37.5000   22.500013445.9062   12.9986
    7.5000   37.5000   22.500012776.6582   12.9905
   -7.5000   45.0000   22.500012279.7832   12.6764
    0.0000   45.0000   22.500012867.9590   12.6820
    7.5000   45.0000   22.500012214.8428   12.6789
   -7.5000  -45.0000   30.0000 6195.9473   14.7446
    0.0000  -45.0000   30.0000 6512.5903   14.7449
    7.5000  -45.0000   30.0000 6188.5918   14.7303
   -7.5000  -37.5000   30.0000 6919.9561   14.2267
    0.0000  -37.5000   30.0000 7259.5479   14.2263
    7.5000  -37.5000   30.0000 6922.6221   14.2168
   -7.5000  -30.0000   30.0000 7969.9243   13.8463
    0.0000  -30.0000   30.0000 8333.9902   13.8395
    7.5000  -30.0000   30.0000 7972.6167   13.8323
   -7.5000  -22.5000   30.0000 9028.1865   13.5736
    0.0000  -22.5000   30.0000 9432.1719   13.5621
    7.5000  -22.5000   30.0000 9043.7314   13.5503
   -7.5000  -15.0000   30.000010102.5039   13.4987
    0.0000  -15.0000   30.000010544.2822   13.4906
    7.5000  -15.0000   30.000010116.3721   13.4751
   -7.5000   -7.5000   30.000011165.6484   13.4868
    0.0000   -7.5000   30.000011655.5820   13.4881
    7.5000   -7.5000   30.000011199.1348   13.4739
   -7.5000    0.0000   30.000012160.9570   13.4707
    0.0000    0.0000   30.000012718.5566   13.4774
    7.5000    0.0000   30.000012210.0840   13.4673
   -7.5000    7.5000   30.000012323.4307   13.4623
    0.0000    7.5000   30.000012909.1396   13.4652
    7.5000    7.5000   30.000012399.9014   13.4585
   -7.5000   15.0000   30.000012271.9160   13.4645
    0.0000   15.0000   30.000012824.0801   13.4585
    7.5000   15.0000   30.000012326.5625   13.4514
   -7.5000   22.5000   30.000012024.5156   13.4712
    0.0000   22.5000   30.000012546.7656   13.4599
    7.5000   22.5000   30.000012022.1973   13.4480
   -7.5000   30.0000   30.000011704.5791   13.3158
    0.0000   30.0000   30.000012236.8633   13.3079
    7.5000   30.0000   30.000011684.8164   13.2926
   -7.5000   37.5000   30.000011788.2363   13.3111
    0.0000   37.5000   30.000012326.5264   13.3124
    7.5000   37.5000   30.000011752.3350   13.2984
   -7.5000   45.0000   30.000011327.3564   12.9842
    0.0000   45.0000   30.000011846.6934   12.9907
    7.5000   45.0000   30.000011270.9678   12.9809
   -7.5000  -45.0000   37.5000 5936.8247   15.3079
    0.0000  -45.0000   37.5000 6253.8091   15.3087
    7.5000  -45.0000   37.5000 5932.7544   15.2959
   -7.5000  -37.5000   37.5000 6619.6016   14.7604
    0.0000  -37.5000   37.5000 6967.1250   14.7583
    7.5000  -37.5000   37.5000 6627.9038   14.7520
   -7.5000  -30.0000   37.5000 7624.5229   14.3582
    0.0000  -30.0000   37.5000 7992.5957   14.3481
    7.5000  -30.0000   37.5000 7633.4575   14.3459
   -7.5000  -22.5000   37.5000 8634.5254   14.0637
    0.0000  -22.5000   37.5000 9027.1182   14.0501
    7.5000  -22.5000   37.5000 8660.4961   14.0438
   -7.5000  -15.0000   37.5000 9651.2441   13.9772
    0.0000  -15.0000   37.500010086.2041   13.9698
    7.5000  -15.0000   37.5000 9684.4814   13.9588
   -7.5000   -7.5000   37.500010682.4629   13.9602
    0.0000   -7.5000   37.500011142.1035   13.9633
    7.5000   -7.5000   37.500010711.9902   13.9516
   -7.5000    0.0000   37.500011656.0732   13.9446
    0.0000    0.0000   37.500012161.1045   13.9522
    7.5000    0.0000   37.500011710.2266   13.9436
   -7.5000    7.5000   37.500011814.4912   13.9413
    0.0000    7.5000   37.500012339.7275   13.9428
    7.5000    7.5000   37.500011871.4619   13.9389
   -7.5000   15.0000   37.500011762.4854   13.9478
    0.0000   15.0000   37.500012254.2627   13.9391
    7.5000   15.0000   37.500011771.3086   13.9367
   -7.5000   22.5000   37.500011504.8887   13.9539
    0.0000   22.5000   37.500011972.5703   13.9407
    7.5000   22.5000   37.500011498.9336   13.9343
   -7.5000   30.0000   37.500011180.8008   13.7875
    0.0000   30.0000   37.500011667.4746   13.7802
    7.5000   30.0000   37.500011171.2646   13.7693
   -7.5000   37.5000   37.500011272.3926   13.7783
    0.0000   37.5000   37.500011760.4365   13.7813
    7.5000   37.5000   37.500011252.7275   13.7697
   -7.5000   45.0000   37.500010848.2139   13.4410
    0.0000   45.0000   37.500011339.1934   13.4483
    7.5000   45.0000   37.500010815.2871   13.4400
   -7.5000  -45.0000   45.0000 5440.9546   15.9297
    0.0000  -45.0000   45.0000 5725.7441   15.9250
    7.5000  -45.0000   45.0000 5446.4756   15.9151
   -7.5000  -37.5000   45.0000 6074.5439   15.3591
    0.0000  -37.5000   45.0000 6390.8882   15.3517
    7.5000  -37.5000   45.0000 6078.7852   15.3503
   -7.5000  -30.0000   45.0000 7003.1943   14.9360
    0.0000  -30.0000   45.0000 7339.9404   14.9186
    7.5000  -30.0000   45.0000 7004.1147   14.9205
   -7.5000  -22.5000   45.0000 7912.9668   14.6201
    0.0000  -22.5000   45.0000 8267.3486   14.5987
    7.5000  -22.5000   45.0000 7925.8975   14.5941
   -7.5000  -15.0000   45.0000 8836.1035   14.5190
    0.0000  -15.0000   45.0000 9222.9922   14.5048
    7.5000  -15.0000   45.0000 8854.8828   14.4938
   -7.5000   -7.5000   45.0000 9760.8125   14.4892
    0.0000   -7.5000   45.000010178.4424   14.4875
    7.5000   -7.5000   45.0000 9785.2617   14.4765
   -7.5000    0.0000   45.000010690.6143   14.4674
    0.0000    0.0000   45.000011157.3506   14.4713
    7.5000    0.0000   45.000010725.1826   14.4657
   -7.5000    7.5000   45.000010852.3057   14.4706
    0.0000    7.5000   45.000011308.4902   14.4678
    7.5000    7.5000   45.000010881.6123   14.4684
   -7.5000   15.0000   45.000010796.3252   14.4897
    0.0000   15.0000   45.000011220.9492   14.4743
    7.5000   15.0000   45.000010779.3721   14.4759
   -7.5000   22.5000   45.000010542.2256   14.5010
    0.0000   22.5000   45.000010976.7520   14.4800
    7.5000   22.5000   45.000010540.3994   14.4753
   -7.5000   30.0000   45.000010231.0752   14.3203
    0.0000   30.0000   45.000010674.4082   14.3064
    7.5000   30.0000   45.000010237.1113   14.2954
   -7.5000   37.5000   45.000010304.6289   14.2990
    0.0000   37.5000   45.000010743.3457   14.2974
    7.5000   37.5000   45.000010282.6094   14.2865
   -7.5000   45.0000   45.0000 9948.1641   13.9512
    0.0000   45.0000   45.000010368.4629   13.9550
    7.5000   45.0000   45.0000 9907.0205   13.9496

---------------------------------------------------------------------
imgreg_4dfp /opt/freesurfer/average/711-2C_as_mni_average_305 /opt/freesurfer/average/711-2B_as_mni_average_305_mask talsrcimg_g11 none talsrcimg_to_711-2C_as_mni_average_305_t4 4355
---------------------------------------------------------------------

freesurfer imgreg_4dfp.c
/opt/freesurfer/average/711-2C_as_mni_average_305.4dfp.img
       256       256       256         1
  1.000000  1.000000  1.000000
orientation T byte_order littleendian
Reading image: /opt/freesurfer/average/711-2C_as_mni_average_305.4dfp.img
dimensions:      256       256       256
mmppix:       1.0000   -1.0000   -1.0000
center:     128.0000 -129.0000 -129.0000
/opt/freesurfer/average/711-2B_as_mni_average_305_mask.4dfp.img
       256       256       256         1
  1.000000  1.000000  1.000000
orientation T byte_order littleendian
Reading mask: /opt/freesurfer/average/711-2B_as_mni_average_305_mask.4dfp.img (2306576 pixels)
talsrcimg_g11.4dfp.img
       256       256       256         1
  1.000000  1.000000  1.000000
orientation T byte_order littleendian
Reading image: talsrcimg_g11.4dfp.img
dimensions:      256       256       256
mmppix:       1.0000   -1.0000   -1.0000
center:     128.0000 -129.0000 -129.0000
rotation matrix determinant  1.000000
image alignment mode   4355 decimal     1103 hex
   -7.5000  -30.0000  -45.0000 2135.2925   14.9569
    0.0000  -30.0000  -45.0000 2155.5825   14.9321
    7.5000  -30.0000  -45.0000 2145.4263   14.9313
   -7.5000  -22.5000  -45.0000 2265.4932   13.4925
    0.0000  -22.5000  -45.0000 2281.3564   13.4198
    7.5000  -22.5000  -45.0000 2273.0588   13.4455
   -7.5000  -15.0000  -45.0000 2377.8145   12.3547
    0.0000  -15.0000  -45.0000 2390.7773   12.2458
    7.5000  -15.0000  -45.0000 2383.3845   12.2876
   -7.5000   -7.5000  -45.0000 2462.1045   11.4234
    0.0000   -7.5000  -45.0000 2475.2354   11.2988
    7.5000   -7.5000  -45.0000 2469.6477   11.3638
   -7.5000    0.0000  -45.0000 2534.7910   10.7609
    0.0000    0.0000  -45.0000 2547.4031   10.6323
    7.5000    0.0000  -45.0000 2542.3320   10.7060
   -7.5000    7.5000  -45.0000 2573.8350   10.3120
    0.0000    7.5000  -45.0000 2585.8774   10.1699
    7.5000    7.5000  -45.0000 2578.4204   10.2708
   -7.5000   15.0000  -45.0000 2595.6155   10.0923
    0.0000   15.0000  -45.0000 2609.1196    9.9602
    7.5000   15.0000  -45.0000 2601.9543   10.0556
   -7.5000   22.5000  -45.0000 2596.2629   10.0955
    0.0000   22.5000  -45.0000 2608.9456    9.9599
    7.5000   22.5000  -45.0000 2602.4634   10.0644
   -7.5000   30.0000  -45.0000 2580.3069   10.3033
    0.0000   30.0000  -45.0000 2600.0403   10.1694
    7.5000   30.0000  -45.0000 2590.4600   10.2675
   -7.5000   37.5000  -45.0000 2546.5376   10.6459
    0.0000   37.5000  -45.0000 2568.4817   10.5172
    7.5000   37.5000  -45.0000 2559.1650   10.6228
   -7.5000   45.0000  -45.0000 2497.4414   11.1848
    0.0000   45.0000  -45.0000 2527.9629   11.0679
    7.5000   45.0000  -45.0000 2514.7288   11.1788
   -7.5000   52.5000  -45.0000 2404.2021   11.8088
    0.0000   52.5000  -45.0000 2433.3411   11.6972
    7.5000   52.5000  -45.0000 2421.3757   11.8152
   -7.5000   60.0000  -45.0000 2269.6982   12.5214
    0.0000   60.0000  -45.0000 2295.1648   12.3758
    7.5000   60.0000  -45.0000 2285.1660   12.4731
   -7.5000  -30.0000  -37.5000 2176.4834   14.3851
    0.0000  -30.0000  -37.5000 2194.3188   14.3025
    7.5000  -30.0000  -37.5000 2189.1523   14.3604
   -7.5000  -22.5000  -37.5000 2314.7612   12.9461
    0.0000  -22.5000  -37.5000 2331.3835   12.8523
    7.5000  -22.5000  -37.5000 2324.1179   12.9263
   -7.5000  -15.0000  -37.5000 2429.5867   11.8418
    0.0000  -15.0000  -37.5000 2447.1826   11.7226
    7.5000  -15.0000  -37.5000 2437.9097   11.7861
   -7.5000   -7.5000  -37.5000 2522.0918   10.9212
    0.0000   -7.5000  -37.5000 2540.2178   10.7883
    7.5000   -7.5000  -37.5000 2532.9060   10.8565
   -7.5000    0.0000  -37.5000 2600.7761   10.1992
    0.0000    0.0000  -37.5000 2614.3972   10.0650
    7.5000    0.0000  -37.5000 2613.6748   10.1476
   -7.5000    7.5000  -37.5000 2652.1211    9.7011
    0.0000    7.5000  -37.5000 2663.1846    9.5655
    7.5000    7.5000  -37.5000 2664.2390    9.6614
   -7.5000   15.0000  -37.5000 2676.3022    9.4551
    0.0000   15.0000  -37.5000 2691.6211    9.2988
    7.5000   15.0000  -37.5000 2689.6147    9.4122
   -7.5000   22.5000  -37.5000 2678.8943    9.4372
    0.0000   22.5000  -37.5000 2697.9236    9.2825
    7.5000   22.5000  -37.5000 2690.0830    9.3894
   -7.5000   30.0000  -37.5000 2663.5171    9.6327
    0.0000   30.0000  -37.5000 2684.5522    9.4701
    7.5000   30.0000  -37.5000 2677.1230    9.5853
   -7.5000   37.5000  -37.5000 2637.8577    9.9780
    0.0000   37.5000  -37.5000 2657.7190    9.7972
    7.5000   37.5000  -37.5000 2652.3884    9.9220
   -7.5000   45.0000  -37.5000 2588.3152   10.4548
    0.0000   45.0000  -37.5000 2616.1753   10.2916
    7.5000   45.0000  -37.5000 2608.8735   10.4399
   -7.5000   52.5000  -37.5000 2493.5117   11.0430
    0.0000   52.5000  -37.5000 2519.1147   10.9018
    7.5000   52.5000  -37.5000 2512.8718   11.0189
   -7.5000   60.0000  -37.5000 2349.3525   11.6964
    0.0000   60.0000  -37.5000 2375.7026   11.5477
    7.5000   60.0000  -37.5000 2366.6389   11.6497
   -7.5000  -30.0000  -30.0000 2247.7632   14.4415
    0.0000  -30.0000  -30.0000 2263.3516   14.3489
    7.5000  -30.0000  -30.0000 2263.8879   14.4263
   -7.5000  -22.5000  -30.0000 2387.7903   12.9487
    0.0000  -22.5000  -30.0000 2406.8213   12.8630
    7.5000  -22.5000  -30.0000 2406.9004   12.9298
   -7.5000  -15.0000  -30.0000 2505.1265   11.7873
    0.0000  -15.0000  -30.0000 2528.6580   11.6801
    7.5000  -15.0000  -30.0000 2524.5454   11.7423
   -7.5000   -7.5000  -30.0000 2608.0771   10.8286
    0.0000   -7.5000  -30.0000 2630.5110   10.6947
    7.5000   -7.5000  -30.0000 2627.6846   10.7676
   -7.5000    0.0000  -30.0000 2696.2739   10.0789
    0.0000    0.0000  -30.0000 2713.6143    9.9359
    7.5000    0.0000  -30.0000 2713.4475   10.0059
   -7.5000    7.5000  -30.0000 2762.4875    9.5301
    0.0000    7.5000  -30.0000 2777.9941    9.3966
    7.5000    7.5000  -30.0000 2779.1301    9.4760
   -7.5000   15.0000  -30.0000 2788.6975    9.2215
    0.0000   15.0000  -30.0000 2807.9192    9.0702
    7.5000   15.0000  -30.0000 2808.8118    9.1655
   -7.5000   22.5000  -30.0000 2807.0796    9.1641
    0.0000   22.5000  -30.0000 2824.3462    8.9771
    7.5000   22.5000  -30.0000 2818.6433    9.0944
   -7.5000   30.0000  -30.0000 2798.4761    9.3707
    0.0000   30.0000  -30.0000 2817.3362    9.1604
    7.5000   30.0000  -30.0000 2810.6270    9.2795
   -7.5000   37.5000  -30.0000 2770.1836    9.7339
    0.0000   37.5000  -30.0000 2793.8252    9.5260
    7.5000   37.5000  -30.0000 2791.8770    9.6418
   -7.5000   45.0000  -30.0000 2719.9951   10.1962
    0.0000   45.0000  -30.0000 2747.1372   10.0099
    7.5000   45.0000  -30.0000 2745.1702   10.1417
   -7.5000   52.5000  -30.0000 2625.3801   10.7594
    0.0000   52.5000  -30.0000 2650.9868   10.5988
    7.5000   52.5000  -30.0000 2646.2351   10.7188
   -7.5000   60.0000  -30.0000 2475.0164   11.4080
    0.0000   60.0000  -30.0000 2503.2002   11.2312
    7.5000   60.0000  -30.0000 2496.3657   11.3649
   -7.5000  -30.0000  -22.5000 2278.4353   14.4827
    0.0000  -30.0000  -22.5000 2297.7058   14.3394
    7.5000  -30.0000  -22.5000 2295.2307   14.4288
   -7.5000  -22.5000  -22.5000 2421.9763   12.9271
    0.0000  -22.5000  -22.5000 2443.3879   12.7932
    7.5000  -22.5000  -22.5000 2442.0232   12.8790
   -7.5000  -15.0000  -22.5000 2542.2197   11.7017
    0.0000  -15.0000  -22.5000 2567.8042   11.5584
    7.5000  -15.0000  -22.5000 2564.5815   11.6323
   -7.5000   -7.5000  -22.5000 2652.9573   10.7215
    0.0000   -7.5000  -22.5000 2674.0320   10.5714
    7.5000   -7.5000  -22.5000 2676.2605   10.6285
   -7.5000    0.0000  -22.5000 2742.3694    9.9336
    0.0000    0.0000  -22.5000 2762.7402    9.7873
    7.5000    0.0000  -22.5000 2765.9192    9.8512
   -7.5000    7.5000  -22.5000 2825.3916    9.3632
    0.0000    7.5000  -22.5000 2840.2131    9.2319
    7.5000    7.5000  -22.5000 2842.8450    9.3043
   -7.5000   15.0000  -22.5000 2862.0518    8.9787
    0.0000   15.0000  -22.5000 2877.9607    8.8473
    7.5000   15.0000  -22.5000 2879.8157    8.9355
   -7.5000   22.5000  -22.5000 2888.8376    8.8640
    0.0000   22.5000  -22.5000 2903.7168    8.6718
    7.5000   22.5000  -22.5000 2900.2739    8.7961
   -7.5000   30.0000  -22.5000 2894.6602    9.0719
    0.0000   30.0000  -22.5000 2909.4612    8.8429
    7.5000   30.0000  -22.5000 2903.1086    8.9841
   -7.5000   37.5000  -22.5000 2871.4299    9.4563
    0.0000   37.5000  -22.5000 2894.8245    9.2374
    7.5000   37.5000  -22.5000 2890.7004    9.3704
   -7.5000   45.0000  -22.5000 2819.1194    9.9175
    0.0000   45.0000  -22.5000 2846.6650    9.7216
    7.5000   45.0000  -22.5000 2843.9321    9.8566
   -7.5000   52.5000  -22.5000 2720.0527   10.4588
    0.0000   52.5000  -22.5000 2745.4575   10.2705
    7.5000   52.5000  -22.5000 2742.6992   10.4191
   -7.5000   60.0000  -22.5000 2563.7234   11.1145
    0.0000   60.0000  -22.5000 2594.4932   10.9120
    7.5000   60.0000  -22.5000 2588.6907   11.0591
   -7.5000  -30.0000  -15.0000 2278.6287   14.5278
    0.0000  -30.0000  -15.0000 2295.4353   14.3320
    7.5000  -30.0000  -15.0000 2299.8159   14.4260
   -7.5000  -22.5000  -15.0000 2417.7310   12.8890
    0.0000  -22.5000  -15.0000 2440.2141   12.7499
    7.5000  -22.5000  -15.0000 2436.4897   12.8150
   -7.5000  -15.0000  -15.0000 2538.5881   11.6011
    0.0000  -15.0000  -15.0000 2563.3552   11.4630
    7.5000  -15.0000  -15.0000 2557.6880   11.5322
   -7.5000   -7.5000  -15.0000 2651.0552   10.5966
    0.0000   -7.5000  -15.0000 2676.3757   10.4711
    7.5000   -7.5000  -15.0000 2673.6638   10.5167
   -7.5000    0.0000  -15.0000 2748.7336    9.7955
    0.0000    0.0000  -15.0000 2772.5217    9.6915
    7.5000    0.0000  -15.0000 2771.3901    9.7281
   -7.5000    7.5000  -15.0000 2840.2874    9.2185
    0.0000    7.5000  -15.0000 2858.0769    9.1407
    7.5000    7.5000  -15.0000 2859.0200    9.1648
   -7.5000   15.0000  -15.0000 2895.6587    8.8618
    0.0000   15.0000  -15.0000 2910.6868    8.8009
    7.5000   15.0000  -15.0000 2913.4224    8.8406
   -7.5000   22.5000  -15.0000 2932.8628    8.7018
    0.0000   22.5000  -15.0000 2950.9404    8.5735
    7.5000   22.5000  -15.0000 2949.4541    8.6850
   -7.5000   30.0000  -15.0000 2950.9736    8.8409
    0.0000   30.0000  -15.0000 2975.8188    8.6560
    7.5000   30.0000  -15.0000 2959.1853    8.7867
   -7.5000   37.5000  -15.0000 2929.9844    9.1848
    0.0000   37.5000  -15.0000 2964.8354    9.0543
    7.5000   37.5000  -15.0000 2941.4927    9.1389
   -7.5000   45.0000  -15.0000 2875.6033    9.6295
    0.0000   45.0000  -15.0000 2911.1772    9.5281
    7.5000   45.0000  -15.0000 2893.7322    9.5991
   -7.5000   52.5000  -15.0000 2773.4343   10.1668
    0.0000   52.5000  -15.0000 2807.0381   10.0513
    7.5000   52.5000  -15.0000 2792.6282   10.1393
   -7.5000   60.0000  -15.0000 2611.4539   10.8452
    0.0000   60.0000  -15.0000 2646.7734   10.7060
    7.5000   60.0000  -15.0000 2637.3325   10.7831
   -7.5000  -30.0000   -7.5000 2264.1672   14.6501
    0.0000  -30.0000   -7.5000 2282.1433   14.4746
    7.5000  -30.0000   -7.5000 2284.8977   14.5589
   -7.5000  -22.5000   -7.5000 2394.5339   12.9550
    0.0000  -22.5000   -7.5000 2410.9390   12.7934
    7.5000  -22.5000   -7.5000 2416.5576   12.9132
   -7.5000  -15.0000   -7.5000 2517.2332   11.6054
    0.0000  -15.0000   -7.5000 2530.3301   11.4595
    7.5000  -15.0000   -7.5000 2540.8115   11.5688
   -7.5000   -7.5000   -7.5000 2630.7939   10.5751
    0.0000   -7.5000   -7.5000 2645.6594   10.4362
    7.5000   -7.5000   -7.5000 2658.8894   10.5085
   -7.5000    0.0000   -7.5000 2734.9885    9.7805
    0.0000    0.0000   -7.5000 2751.4648    9.6729
    7.5000    0.0000   -7.5000 2760.6838    9.7078
   -7.5000    7.5000   -7.5000 2834.7300    9.2103
    0.0000    7.5000   -7.5000 2858.7400    9.2021
    7.5000    7.5000   -7.5000 2860.4368    9.1763
   -7.5000   15.0000   -7.5000 2904.9365    8.8620
    0.0000   15.0000   -7.5000 2945.9453    8.9294
    7.5000   15.0000   -7.5000 2933.4553    8.8556
   -7.5000   22.5000   -7.5000 2954.2734    8.7020
    0.0000   22.5000   -7.5000 3001.3491    8.7520
    7.5000   22.5000   -7.5000 2983.8538    8.6994
   -7.5000   30.0000   -7.5000 2979.2300    8.7477
    0.0000   30.0000   -7.5000 3029.5383    8.7035
    7.5000   30.0000   -7.5000 2993.9558    8.7164
   -7.5000   37.5000   -7.5000 2961.5217    8.9820
    0.0000   37.5000   -7.5000 3010.3872    8.9276
    7.5000   37.5000   -7.5000 2973.0723    8.9594
   -7.5000   45.0000   -7.5000 2910.9812    9.3874
    0.0000   45.0000   -7.5000 2942.6162    9.3136
    7.5000   45.0000   -7.5000 2922.7131    9.3790
   -7.5000   52.5000   -7.5000 2807.9082    9.9592
    0.0000   52.5000   -7.5000 2833.9246    9.8379
    7.5000   52.5000   -7.5000 2823.7957    9.9349
   -7.5000   60.0000   -7.5000 2639.1711   10.6737
    0.0000   60.0000   -7.5000 2669.0000   10.5191
    7.5000   60.0000   -7.5000 2661.4070   10.6274
   -7.5000  -30.0000    0.0000 2236.3411   14.8968
    0.0000  -30.0000    0.0000 2247.5911   14.7256
    7.5000  -30.0000    0.0000 2256.1050   14.8477
   -7.5000  -22.5000    0.0000 2359.6011   13.1860
    0.0000  -22.5000    0.0000 2372.3772   13.0297
    7.5000  -22.5000    0.0000 2383.1460   13.1414
   -7.5000  -15.0000    0.0000 2480.2808   11.8689
    0.0000  -15.0000    0.0000 2491.0586   11.7314
    7.5000  -15.0000    0.0000 2501.7292   11.8007
   -7.5000   -7.5000    0.0000 2599.6660   10.8268
    0.0000   -7.5000    0.0000 2613.9773   10.7679
    7.5000   -7.5000    0.0000 2619.0042   10.7684
   -7.5000    0.0000    0.0000 2712.5095   10.0103
    0.0000    0.0000    0.0000 2738.4229   10.0286
    7.5000    0.0000    0.0000 2732.5757    9.9591
   -7.5000    7.5000    0.0000 2813.1104    9.4000
    0.0000    7.5000    0.0000 2855.1628    9.4808
    7.5000    7.5000    0.0000 2836.7358    9.3841
   -7.5000   15.0000    0.0000 2900.1587    8.9974
    0.0000   15.0000    0.0000 2951.5305    9.1179
    7.5000   15.0000    0.0000 2927.3953    9.0050
   -7.5000   22.5000    0.0000 2961.6941    8.8222
    0.0000   22.5000    0.0000 3020.1526    8.8665
    7.5000   22.5000    0.0000 2991.8975    8.8080
   -7.5000   30.0000    0.0000 2990.0579    8.8103
    0.0000   30.0000    0.0000 3047.0847    8.7848
    7.5000   30.0000    0.0000 3009.1089    8.7722
   -7.5000   37.5000    0.0000 2970.6990    8.9907
    0.0000   37.5000    0.0000 3019.4915    8.9324
    7.5000   37.5000    0.0000 2981.3394    8.9675
   -7.5000   45.0000    0.0000 2912.9172    9.3906
    0.0000   45.0000    0.0000 2951.0107    9.3080
    7.5000   45.0000    0.0000 2923.9255    9.4004
   -7.5000   52.5000    0.0000 2808.0732    9.9711
    0.0000   52.5000    0.0000 2833.6089    9.8605
    7.5000   52.5000    0.0000 2820.8237    9.9590
   -7.5000   60.0000    0.0000 2642.1892   10.6741
    0.0000   60.0000    0.0000 2667.0215   10.5219
    7.5000   60.0000    0.0000 2658.5989   10.6195
   -7.5000  -30.0000    7.5000 2198.9507   15.4274
    0.0000  -30.0000    7.5000 2220.1667   15.3999
    7.5000  -30.0000    7.5000 2218.3369   15.4495
   -7.5000  -22.5000    7.5000 2324.5942   13.6751
    0.0000  -22.5000    7.5000 2344.2754   13.6618
    7.5000  -22.5000    7.5000 2339.5659   13.6826
   -7.5000  -15.0000    7.5000 2446.1899   12.3186
    0.0000  -15.0000    7.5000 2466.0764   12.2995
    7.5000  -15.0000    7.5000 2457.2544   12.3058
   -7.5000   -7.5000    7.5000 2563.6924   11.2246
    0.0000   -7.5000    7.5000 2587.1487   11.2194
    7.5000   -7.5000    7.5000 2578.1255   11.1982
   -7.5000    0.0000    7.5000 2678.1294   10.3457
    0.0000    0.0000    7.5000 2706.5762   10.3726
    7.5000    0.0000    7.5000 2697.4829   10.3083
   -7.5000    7.5000    7.5000 2784.4866    9.6735
    0.0000    7.5000    7.5000 2817.5344    9.7317
    7.5000    7.5000    7.5000 2807.4250    9.6506
   -7.5000   15.0000    7.5000 2878.3474    9.2328
    0.0000   15.0000    7.5000 2926.6216    9.2891
    7.5000   15.0000    7.5000 2902.9497    9.2296
   -7.5000   22.5000    7.5000 2945.2451    8.9767
    0.0000   22.5000    7.5000 3003.7546    8.9676
    7.5000   22.5000    7.5000 2973.6904    8.9737
   -7.5000   30.0000    7.5000 2980.2385    8.9151
    0.0000   30.0000    7.5000 3030.6167    8.7803
    7.5000   30.0000    7.5000 2991.4878    8.8593
   -7.5000   37.5000    7.5000 2959.1809    9.1115
    0.0000   37.5000    7.5000 3006.3218    8.9566
    7.5000   37.5000    7.5000 2970.1072    9.0662
   -7.5000   45.0000    7.5000 2901.0801    9.5581
    0.0000   45.0000    7.5000 2940.3655    9.4444
    7.5000   45.0000    7.5000 2911.0952    9.5513
   -7.5000   52.5000    7.5000 2790.6526   10.1619
    0.0000   52.5000    7.5000 2811.3411   10.0535
    7.5000   52.5000    7.5000 2801.2917   10.1600
   -7.5000   60.0000    7.5000 2625.4253   10.8337
    0.0000   60.0000    7.5000 2644.4780   10.6906
    7.5000   60.0000    7.5000 2638.5022   10.7970
   -7.5000  -30.0000   15.0000 2154.2336   16.2565
    0.0000  -30.0000   15.0000 2179.2964   16.2777
    7.5000  -30.0000   15.0000 2175.4128   16.3448
   -7.5000  -22.5000   15.0000 2285.5085   14.3632
    0.0000  -22.5000   15.0000 2306.0220   14.3515
    7.5000  -22.5000   15.0000 2301.2253   14.4100
   -7.5000  -15.0000   15.0000 2405.3604   12.8728
    0.0000  -15.0000   15.0000 2422.5908   12.8010
    7.5000  -15.0000   15.0000 2417.1682   12.8766
   -7.5000   -7.5000   15.0000 2525.9165   11.6979
    0.0000   -7.5000   15.0000 2543.1531   11.6292
    7.5000   -7.5000   15.0000 2539.1753   11.6758
   -7.5000    0.0000   15.0000 2637.5605   10.7667
    0.0000    0.0000   15.0000 2657.8740   10.7366
    7.5000    0.0000   15.0000 2653.2268   10.7317
   -7.5000    7.5000   15.0000 2746.5972   10.0616
    0.0000    7.5000   15.0000 2771.9534   10.0328
    7.5000    7.5000   15.0000 2765.8318   10.0362
   -7.5000   15.0000   15.0000 2838.2039    9.5356
    0.0000   15.0000   15.0000 2873.3845    9.5316
    7.5000   15.0000   15.0000 2859.2251    9.5625
   -7.5000   22.5000   15.0000 2902.9380    9.2414
    0.0000   22.5000   15.0000 2942.8970    9.1202
    7.5000   22.5000   15.0000 2917.8940    9.2376
   -7.5000   30.0000   15.0000 2940.2727    9.1693
    0.0000   30.0000   15.0000 2974.4226    9.0026
    7.5000   30.0000   15.0000 2948.0410    9.1202
   -7.5000   37.5000   15.0000 2923.4116    9.3941
    0.0000   37.5000   15.0000 2958.8516    9.2735
    7.5000   37.5000   15.0000 2933.7688    9.3605
   -7.5000   45.0000   15.0000 2871.3049    9.8726
    0.0000   45.0000   15.0000 2901.0847    9.7421
    7.5000   45.0000   15.0000 2878.1531    9.8450
   -7.5000   52.5000   15.0000 2752.8220   10.4943
    0.0000   52.5000   15.0000 2773.2937   10.3484
    7.5000   52.5000   15.0000 2758.8955   10.4495
   -7.5000   60.0000   15.0000 2583.6199   11.1668
    0.0000   60.0000   15.0000 2605.5159   11.0074
    7.5000   60.0000   15.0000 2598.6399   11.1032
   -7.5000  -30.0000   22.5000 2101.7583   17.1688
    0.0000  -30.0000   22.5000 2119.8611   17.0836
    7.5000  -30.0000   22.5000 2116.3757   17.2498
   -7.5000  -22.5000   22.5000 2244.6633   15.0748
    0.0000  -22.5000   22.5000 2258.0564   14.9496
    7.5000  -22.5000   22.5000 2256.3901   15.1572
   -7.5000  -15.0000   22.5000 2365.8567   13.4648
    0.0000  -15.0000   22.5000 2380.1997   13.3280
    7.5000  -15.0000   22.5000 2376.7561   13.5049
   -7.5000   -7.5000   22.5000 2487.2383   12.2106
    0.0000   -7.5000   22.5000 2501.5093   12.0870
    7.5000   -7.5000   22.5000 2501.4424   12.2378
   -7.5000    0.0000   22.5000 2593.6658   11.2444
    0.0000    0.0000   22.5000 2608.5356   11.1360
    7.5000    0.0000   22.5000 2607.8179   11.2557
   -7.5000    7.5000   22.5000 2701.2783   10.5102
    0.0000    7.5000   22.5000 2719.7122   10.4112
    7.5000    7.5000   22.5000 2714.0095   10.5080
   -7.5000   15.0000   22.5000 2784.5310    9.9602
    0.0000   15.0000   22.5000 2816.8577    9.8924
    7.5000   15.0000   22.5000 2803.6619    9.9929
   -7.5000   22.5000   22.5000 2844.7815    9.6447
    0.0000   22.5000   22.5000 2878.6599    9.4635
    7.5000   22.5000   22.5000 2856.7932    9.6051
   -7.5000   30.0000   22.5000 2873.5322    9.5885
    0.0000   30.0000   22.5000 2905.6631    9.4404
    7.5000   30.0000   22.5000 2882.6455    9.5185
   -7.5000   37.5000   22.5000 2860.0227    9.8359
    0.0000   37.5000   22.5000 2889.8977    9.7246
    7.5000   37.5000   22.5000 2873.1321    9.7862
   -7.5000   45.0000   22.5000 2806.6882   10.3156
    0.0000   45.0000   22.5000 2831.7151   10.2012
    7.5000   45.0000   22.5000 2816.0784   10.2893
   -7.5000   52.5000   22.5000 2700.7957   10.9043
    0.0000   52.5000   22.5000 2722.9150   10.7698
    7.5000   52.5000   22.5000 2707.5674   10.8736
   -7.5000   60.0000   22.5000 2538.2488   11.5629
    0.0000   60.0000   22.5000 2558.1538   11.4342
    7.5000   60.0000   22.5000 2549.9932   11.5135
   -7.5000  -30.0000   30.0000 2039.2905   18.0394
    0.0000  -30.0000   30.0000 2055.9983   17.8659
    7.5000  -30.0000   30.0000 2060.0100   18.1414
   -7.5000  -22.5000   30.0000 2189.8574   15.8343
    0.0000  -22.5000   30.0000 2200.7969   15.6489
    7.5000  -22.5000   30.0000 2206.1365   15.9427
   -7.5000  -15.0000   30.0000 2313.8672   14.1613
    0.0000  -15.0000   30.0000 2324.7810   13.9741
    7.5000  -15.0000   30.0000 2327.0291   14.2155
   -7.5000   -7.5000   30.0000 2440.1033   12.8331
    0.0000   -7.5000   30.0000 2448.3530   12.6588
    7.5000   -7.5000   30.0000 2451.4875   12.8830
   -7.5000    0.0000   30.0000 2543.4131   11.8395
    0.0000    0.0000   30.0000 2556.2458   11.6649
    7.5000    0.0000   30.0000 2555.2087   11.8607
   -7.5000    7.5000   30.0000 2649.9412   11.0794
    0.0000    7.5000   30.0000 2667.1587   10.9328
    7.5000    7.5000   30.0000 2660.2498   11.0831
   -7.5000   15.0000   30.0000 2726.3108   10.5204
    0.0000   15.0000   30.0000 2752.9814   10.3582
    7.5000   15.0000   30.0000 2743.2256   10.5235
   -7.5000   22.5000   30.0000 2775.9448   10.1701
    0.0000   22.5000   30.0000 2801.5393    9.9935
    7.5000   22.5000   30.0000 2786.0352   10.1358
   -7.5000   30.0000   30.0000 2791.8003   10.1359
    0.0000   30.0000   30.0000 2816.6482    9.9948
    7.5000   30.0000   30.0000 2800.7607   10.0786
   -7.5000   37.5000   30.0000 2779.3154   10.3795
    0.0000   37.5000   30.0000 2805.7185   10.2603
    7.5000   37.5000   30.0000 2792.3816   10.3189
   -7.5000   45.0000   30.0000 2728.5972   10.8568
    0.0000   45.0000   30.0000 2753.3508   10.7216
    7.5000   45.0000   30.0000 2738.7708   10.8045
   -7.5000   52.5000   30.0000 2629.3994   11.4409
    0.0000   52.5000   30.0000 2653.4907   11.2919
    7.5000   52.5000   30.0000 2636.0583   11.3975
   -7.5000   60.0000   30.0000 2476.0144   12.0689
    0.0000   60.0000   30.0000 2495.6016   11.9388
    7.5000   60.0000   30.0000 2488.9294   12.0337
   -7.5000  -30.0000   37.5000 1983.0009   19.0638
    0.0000  -30.0000   37.5000 1999.5879   18.8447
    7.5000  -30.0000   37.5000 2005.2047   19.2003
   -7.5000  -22.5000   37.5000 2136.7749   16.7380
    0.0000  -22.5000   37.5000 2148.3572   16.5239
    7.5000  -22.5000   37.5000 2153.3884   16.8616
   -7.5000  -15.0000   37.5000 2258.7510   14.9976
    0.0000  -15.0000   37.5000 2271.1221   14.7446
    7.5000  -15.0000   37.5000 2273.1125   15.0782
   -7.5000   -7.5000   37.5000 2379.7119   13.6191
    0.0000   -7.5000   37.5000 2391.8101   13.3630
    7.5000   -7.5000   37.5000 2391.2708   13.6644
   -7.5000    0.0000   37.5000 2487.0774   12.5711
    0.0000    0.0000   37.5000 2496.3088   12.3351
    7.5000    0.0000   37.5000 2496.9309   12.5986
   -7.5000    7.5000   37.5000 2583.6760   11.7970
    0.0000    7.5000   37.5000 2601.6235   11.5909
    7.5000    7.5000   37.5000 2595.3435   11.8018
   -7.5000   15.0000   37.5000 2653.0842   11.2068
    0.0000   15.0000   37.5000 2674.0059   11.0216
    7.5000   15.0000   37.5000 2664.4182   11.2146
   -7.5000   22.5000   37.5000 2694.2004   10.8526
    0.0000   22.5000   37.5000 2710.8816   10.6865
    7.5000   22.5000   37.5000 2701.1882   10.8383
   -7.5000   30.0000   37.5000 2701.1409   10.8346
    0.0000   30.0000   37.5000 2725.4458   10.6836
    7.5000   30.0000   37.5000 2712.4773   10.7797
   -7.5000   37.5000   37.5000 2689.2354   11.0814
    0.0000   37.5000   37.5000 2711.4104   10.9187
    7.5000   37.5000   37.5000 2704.0637   11.0178
   -7.5000   45.0000   37.5000 2642.0701   11.5305
    0.0000   45.0000   37.5000 2667.1406   11.3699
    7.5000   45.0000   37.5000 2652.9399   11.4729
   -7.5000   52.5000   37.5000 2547.7698   12.0743
    0.0000   52.5000   37.5000 2573.9050   11.9110
    7.5000   52.5000   37.5000 2559.6667   12.0264
   -7.5000   60.0000   37.5000 2408.0393   12.6885
    0.0000   60.0000   37.5000 2426.6421   12.5467
    7.5000   60.0000   37.5000 2417.2395   12.6508
   -7.5000  -30.0000   45.0000 1920.8589   20.3724
    0.0000  -30.0000   45.0000 1937.1055   20.1218
    7.5000  -30.0000   45.0000 1937.9193   20.5452
   -7.5000  -22.5000   45.0000 2070.5791   17.8994
    0.0000  -22.5000   45.0000 2084.6838   17.5991
    7.5000  -22.5000   45.0000 2085.8125   18.0441
   -7.5000  -15.0000   45.0000 2192.5261   16.0214
    0.0000  -15.0000   45.0000 2207.6238   15.7185
    7.5000  -15.0000   45.0000 2204.3433   16.1284
   -7.5000   -7.5000   45.0000 2307.5679   14.5758
    0.0000   -7.5000   45.0000 2323.7439   14.2620
    7.5000   -7.5000   45.0000 2319.8240   14.6455
   -7.5000    0.0000   45.0000 2416.1963   13.5026
    0.0000    0.0000   45.0000 2431.0845   13.2097
    7.5000    0.0000   45.0000 2424.4680   13.5155
   -7.5000    7.5000   45.0000 2507.7085   12.6889
    0.0000    7.5000   45.0000 2525.7910   12.4472
    7.5000    7.5000   45.0000 2516.2485   12.6938
   -7.5000   15.0000   45.0000 2567.2185   12.0797
    0.0000   15.0000   45.0000 2582.9695   11.8949
    7.5000   15.0000   45.0000 2572.0161   12.1002
   -7.5000   22.5000   45.0000 2600.5745   11.7181
    0.0000   22.5000   45.0000 2616.6233   11.5672
    7.5000   22.5000   45.0000 2606.7820   11.7254
   -7.5000   30.0000   45.0000 2601.6633   11.7007
    0.0000   30.0000   45.0000 2624.4058   11.5548
    7.5000   30.0000   45.0000 2616.1714   11.6570
   -7.5000   37.5000   45.0000 2589.8352   11.9228
    0.0000   37.5000   45.0000 2610.8091   11.7777
    7.5000   37.5000   45.0000 2600.3694   11.8647
   -7.5000   45.0000   45.0000 2542.2297   12.3663
    0.0000   45.0000   45.0000 2564.9617   12.2031
    7.5000   45.0000   45.0000 2551.6802   12.3217
   -7.5000   52.5000   45.0000 2456.9958   12.8680
    0.0000   52.5000   45.0000 2486.1018   12.6582
    7.5000   52.5000   45.0000 2470.7356   12.8100
   -7.5000   60.0000   45.0000 2333.0574   13.4719
    0.0000   60.0000   45.0000 2356.3127   13.2814
    7.5000   60.0000   45.0000 2338.5374   13.4040

---------------------------------------------------------------------
imgreg_4dfp /opt/freesurfer/average/711-2C_as_mni_average_305 /opt/freesurfer/average/711-2B_as_mni_average_305_mask talsrcimg_g11 none talsrcimg_to_711-2C_as_mni_average_305_t4 1283
---------------------------------------------------------------------

freesurfer imgreg_4dfp.c
/opt/freesurfer/average/711-2C_as_mni_average_305.4dfp.img
       256       256       256         1
  1.000000  1.000000  1.000000
orientation T byte_order littleendian
Reading image: /opt/freesurfer/average/711-2C_as_mni_average_305.4dfp.img
dimensions:      256       256       256
mmppix:       1.0000   -1.0000   -1.0000
center:     128.0000 -129.0000 -129.0000
/opt/freesurfer/average/711-2B_as_mni_average_305_mask.4dfp.img
       256       256       256         1
  1.000000  1.000000  1.000000
orientation T byte_order littleendian
Reading mask: /opt/freesurfer/average/711-2B_as_mni_average_305_mask.4dfp.img (2306576 pixels)
talsrcimg_g11.4dfp.img
       256       256       256         1
  1.000000  1.000000  1.000000
orientation T byte_order littleendian
Reading image: talsrcimg_g11.4dfp.img
dimensions:      256       256       256
mmppix:       1.0000   -1.0000   -1.0000
center:     128.0000 -129.0000 -129.0000
rotation matrix determinant  1.000000
fimgreg.f
image alignment mode   1283 decimal      503 hex
parameters
    0.0000   30.0000    0.0000    0.0000    0.0000    0.0000
eta,q 0.95434  8.81808
niter,ni,del,rscale     5    3   12.0000    1.2000
parameter  4  4.001107 ->  0.500000 qaram    1.1500
parameters
    1.3067   28.3601    0.6595   -3.4500    0.8195   -0.5676
eta,q 0.95959  8.76767
  0.0609  0.0494  0.0474  0.0375  0.0456  0.0433
  0.0549  0.0455  0.0461  0.0395  0.0429  0.0421
  0.0498  0.0448  0.0450  0.0419  0.0409  0.0410
  0.0470  0.0463  0.0446  0.0445  0.0401  0.0403
  0.0468  0.0485  0.0446  0.0466  0.0406  0.0404
  0.0491  0.0508  0.0447  0.0492  0.0413  0.0425
  0.0527  0.0550  0.0468  0.0530  0.0432  0.0457
niter,ni,del,rscale     5    3   12.0000    1.2000
parameter  4  1.439699 ->  0.500000 qaram    1.3225
parameters
    0.5675   29.2110    0.0805   -7.4175    1.8596   -1.1979
eta,q 0.96428  8.79246
  0.0485  0.0497  0.0436  0.0355  0.0433  0.0386
  0.0433  0.0438  0.0413  0.0355  0.0401  0.0371
  0.0404  0.0411  0.0402  0.0375  0.0375  0.0362
  0.0404  0.0401  0.0400  0.0400  0.0359  0.0357
  0.0428  0.0404  0.0404  0.0432  0.0357  0.0362
  0.0474  0.0423  0.0423  0.0467  0.0369  0.0379
  0.0528  0.0446  0.0457  0.0499  0.0399  0.0406
niter,ni,del,rscale     5    3   12.0000    1.2000
parameter  4  0.523364 ->  0.500000 qaram    1.5209
parameters
    0.2850   31.2265   -0.7691  -11.9801    2.2476   -1.7228
eta,q 0.96995  8.83883
  0.0476  0.0487  0.0404  0.0353  0.0406  0.0358
  0.0413  0.0412  0.0373  0.0309  0.0360  0.0329
  0.0365  0.0374  0.0352  0.0313  0.0319  0.0308
  0.0357  0.0356  0.0352  0.0349  0.0301  0.0301
  0.0381  0.0352  0.0371  0.0388  0.0308  0.0315
  0.0431  0.0355  0.0402  0.0436  0.0337  0.0345
  0.0496  0.0374  0.0440  0.0487  0.0387  0.0382
niter,ni,del,rscale     5    3   12.0000    1.2000
parameters
    0.4275   32.4245   -1.7768  -11.9255    2.1694   -1.5665
eta,q 0.97123  8.76124
  0.0476  0.0455  0.0361  0.0440  0.0380  0.0359
  0.0392  0.0405  0.0323  0.0400  0.0333  0.0327
  0.0326  0.0352  0.0294  0.0330  0.0298  0.0301
  0.0301  0.0301  0.0290  0.0288  0.0288  0.0288
  0.0320  0.0291  0.0319  0.0327  0.0298  0.0293
  0.0381  0.0317  0.0371  0.0385  0.0333  0.0317
  0.0461  0.0389  0.0427  0.0446  0.0389  0.0357
niter,ni,del,rscale     4    3   12.0000    1.2000
parameters
    0.3699   32.3055   -1.9426  -11.9284    2.1694   -1.5339
eta,q 0.97119  8.76420
  0.0445  0.0417  0.0382  0.0439  0.0381  0.0357
  0.0366  0.0366  0.0341  0.0397  0.0335  0.0324
  0.0309  0.0308  0.0306  0.0329  0.0300  0.0300
  0.0288  0.0288  0.0288  0.0288  0.0288  0.0288
  0.0305  0.0304  0.0301  0.0329  0.0297  0.0295
  0.0373  0.0361  0.0343  0.0386  0.0331  0.0320
  0.0452  0.0439  0.0399  0.0447  0.0385  0.0359
niter,ni,del,rscale     3    3   12.0000    1.2000
parameters
    0.3629   32.2589   -1.9789  -11.9298    2.1714   -1.5305
eta,q 0.97119  8.76566
  0.0447  0.0419  0.0386  0.0439  0.0381  0.0356
  0.0368  0.0368  0.0344  0.0397  0.0335  0.0324
  0.0311  0.0311  0.0308  0.0329  0.0300  0.0299
  0.0288  0.0288  0.0288  0.0288  0.0288  0.0288
  0.0305  0.0303  0.0299  0.0329  0.0297  0.0295
  0.0370  0.0357  0.0339  0.0386  0.0331  0.0321
  0.0449  0.0436  0.0395  0.0446  0.0385  0.0359
registration optimization eta report
parameter search radius
    6.0000    6.0000    6.0000    9.1253    6.0000    6.0000
100000*second partial in parameter space
       44.       38.       28.       17.       26.       19.
  0.0447  0.0419  0.0386  0.0439  0.0381  0.0356
  0.0368  0.0368  0.0344  0.0397  0.0335  0.0324
  0.0311  0.0311  0.0308  0.0329  0.0300  0.0299
  0.0288  0.0288  0.0288  0.0288  0.0288  0.0288
  0.0305  0.0303  0.0299  0.0329  0.0297  0.0295
  0.0370  0.0357  0.0339  0.0386  0.0331  0.0321
  0.0449  0.0436  0.0395  0.0446  0.0385  0.0359
    0.3629   32.2589   -1.9789  -11.9298    2.1714   -1.5305
eta,q 0.97119  8.76566

---------------------------------------------------------------------
imgreg_4dfp /opt/freesurfer/average/711-2C_as_mni_average_305 /opt/freesurfer/average/711-2B_as_mni_average_305_mask talsrcimg_g11 none talsrcimg_to_711-2C_as_mni_average_305_t4 3335
---------------------------------------------------------------------

freesurfer imgreg_4dfp.c
/opt/freesurfer/average/711-2C_as_mni_average_305.4dfp.img
       256       256       256         1
  1.000000  1.000000  1.000000
orientation T byte_order littleendian
Reading image: /opt/freesurfer/average/711-2C_as_mni_average_305.4dfp.img
dimensions:      256       256       256
mmppix:       1.0000   -1.0000   -1.0000
center:     128.0000 -129.0000 -129.0000
/opt/freesurfer/average/711-2B_as_mni_average_305_mask.4dfp.img
       256       256       256         1
  1.000000  1.000000  1.000000
orientation T byte_order littleendian
Reading mask: /opt/freesurfer/average/711-2B_as_mni_average_305_mask.4dfp.img (2306576 pixels)
talsrcimg_g11.4dfp.img
       256       256       256         1
  1.000000  1.000000  1.000000
orientation T byte_order littleendian
Reading image: talsrcimg_g11.4dfp.img
dimensions:      256       256       256
mmppix:       1.0000   -1.0000   -1.0000
center:     128.0000 -129.0000 -129.0000
fimgreg.f
image alignment mode   3335 decimal      D07 hex
parameters
    0.3629   32.2589   -1.9789   -0.1075   -2.2157   -2.2301
    3.3962   -3.1536   -2.6691   20.7629    3.7889  -20.6565
eta,q 0.96938  8.84375
niter,ni,del,rscale     5    3    5.0000    1.2000
parameter  4  0.624556 ->  0.500000 qaram    1.1500
parameter  5  3.962000 ->  0.500000 qaram    1.1500
parameters
    0.3824   31.8178   -1.3741   -4.2475   -6.3557   -2.0983
    3.9493   -1.8347   -0.1277   19.1913    5.0762  -21.6698
eta,q 0.97595  8.74244
  0.0335  0.0320  0.0326  0.0294  0.0227  0.0263  0.0279  0.0289  0.0281  0.0266  0.0250  0.0251
  0.0320  0.0310  0.0317  0.0294  0.0243  0.0255  0.0264  0.0269  0.0266  0.0249  0.0246  0.0244
  0.0310  0.0305  0.0309  0.0295  0.0266  0.0250  0.0253  0.0256  0.0255  0.0241  0.0243  0.0241
  0.0306  0.0306  0.0305  0.0304  0.0294  0.0249  0.0249  0.0249  0.0247  0.0244  0.0241  0.0241
  0.0309  0.0312  0.0303  0.0321  0.0327  0.0250  0.0251  0.0247  0.0244  0.0254  0.0241  0.0244
  0.0319  0.0322  0.0306  0.0346  0.0359  0.0252  0.0258  0.0254  0.0246  0.0271  0.0242  0.0250
  0.0334  0.0333  0.0312  0.0380  0.0383  0.0264  0.0271  0.0268  0.0253  0.0299  0.0245  0.0258
niter,ni,del,rscale     6    3    5.0000    1.2000
parameter  5  0.598571 ->  0.500000 qaram    1.3225
parameters
    0.4999   31.9284   -1.2044   -5.1887  -11.1167   -0.8648
    2.8555   -2.1831   -0.9294   20.3312    5.4923  -22.9904
eta,q 0.97770  8.68588
  0.0272  0.0272  0.0255  0.0263  0.0236  0.0242  0.0245  0.0250  0.0242  0.0261  0.0229  0.0231
  0.0256  0.0256  0.0248  0.0252  0.0228  0.0233  0.0233  0.0237  0.0232  0.0245  0.0226  0.0225
  0.0245  0.0245  0.0243  0.0244  0.0226  0.0228  0.0226  0.0229  0.0226  0.0233  0.0224  0.0223
  0.0241  0.0240  0.0240  0.0240  0.0241  0.0226  0.0227  0.0226  0.0226  0.0225  0.0223  0.0223
  0.0243  0.0242  0.0241  0.0243  0.0271  0.0227  0.0233  0.0229  0.0230  0.0223  0.0224  0.0226
  0.0252  0.0252  0.0245  0.0257  0.0305  0.0227  0.0244  0.0239  0.0239  0.0230  0.0225  0.0231
  0.0267  0.0268  0.0252  0.0284  0.0340  0.0234  0.0258  0.0257  0.0250  0.0246  0.0228  0.0238
niter,ni,del,rscale     6    3    5.0000    1.2000
parameters
    0.4801   32.3451   -0.5470   -3.7582  -12.6991    0.0294
    3.1349   -2.4814   -0.9079   21.1990    4.5308  -23.5362
eta,q 0.97819  8.72430
  0.0249  0.0259  0.0239  0.0256  0.0258  0.0237  0.0249  0.0247  0.0240  0.0252  0.0223  0.0228
  0.0235  0.0241  0.0231  0.0243  0.0237  0.0228  0.0234  0.0232  0.0229  0.0236  0.0220  0.0222
  0.0226  0.0229  0.0226  0.0231  0.0224  0.0222  0.0223  0.0223  0.0222  0.0226  0.0218  0.0219
  0.0223  0.0223  0.0222  0.0221  0.0218  0.0220  0.0220  0.0220  0.0220  0.0220  0.0218  0.0218
  0.0226  0.0223  0.0221  0.0216  0.0229  0.0219  0.0223  0.0223  0.0222  0.0218  0.0219  0.0220
  0.0235  0.0229  0.0223  0.0223  0.0262  0.0220  0.0232  0.0234  0.0229  0.0224  0.0222  0.0224
  0.0250  0.0240  0.0228  0.0243  0.0303  0.0232  0.0244  0.0254  0.0239  0.0242  0.0227  0.0231
niter,ni,del,rscale     5    3    5.0000    1.2000
parameters
    0.3913   32.4468   -0.5400   -3.4712  -13.2561    0.1455
    3.2084   -2.6088   -0.7147   21.4974    4.3199  -23.8409
eta,q 0.97818  8.72607
  0.0245  0.0244  0.0229  0.0252  0.0265  0.0235  0.0246  0.0248  0.0239  0.0247  0.0224  0.0228
  0.0230  0.0230  0.0224  0.0239  0.0244  0.0226  0.0231  0.0232  0.0228  0.0233  0.0221  0.0222
  0.0221  0.0221  0.0220  0.0228  0.0227  0.0221  0.0221  0.0222  0.0221  0.0224  0.0219  0.0219
  0.0218  0.0218  0.0218  0.0218  0.0217  0.0219  0.0218  0.0218  0.0218  0.0218  0.0218  0.0218
  0.0222  0.0220  0.0219  0.0216  0.0219  0.0217  0.0222  0.0222  0.0221  0.0218  0.0219  0.0220
  0.0233  0.0227  0.0223  0.0229  0.0247  0.0221  0.0231  0.0232  0.0227  0.0226  0.0221  0.0224
  0.0249  0.0240  0.0230  0.0255  0.0287  0.0238  0.0244  0.0251  0.0236  0.0245  0.0225  0.0230
niter,ni,del,rscale     4    3    5.0000    1.2000
parameters
    0.3500   32.4969   -0.5655   -3.3695  -13.4334    0.1801
    3.1972   -2.6623   -0.5987   21.6391    4.2561  -23.9627
eta,q 0.97818  8.72758
  0.0246  0.0242  0.0229  0.0251  0.0268  0.0235  0.0245  0.0249  0.0238  0.0245  0.0224  0.0229
  0.0231  0.0228  0.0223  0.0239  0.0246  0.0226  0.0230  0.0232  0.0227  0.0232  0.0221  0.0223
  0.0221  0.0221  0.0220  0.0228  0.0228  0.0221  0.0221  0.0222  0.0220  0.0223  0.0219  0.0219
  0.0218  0.0218  0.0218  0.0218  0.0218  0.0218  0.0218  0.0218  0.0218  0.0218  0.0218  0.0218
  0.0222  0.0220  0.0219  0.0217  0.0217  0.0216  0.0222  0.0221  0.0221  0.0218  0.0219  0.0220
  0.0232  0.0227  0.0223  0.0231  0.0242  0.0221  0.0232  0.0232  0.0227  0.0227  0.0221  0.0223
  0.0248  0.0240  0.0230  0.0258  0.0281  0.0239  0.0244  0.0250  0.0236  0.0246  0.0225  0.0229
niter,ni,del,rscale     3    3    5.0000    1.2000
parameters
    0.3369   32.5151   -0.5838   -3.3403  -13.4913    0.1851
    3.1846   -2.6813   -0.5391   21.6921    4.2247  -24.0281
eta,q 0.97817  8.72802
  0.0247  0.0241  0.0229  0.0251  0.0269  0.0235  0.0245  0.0249  0.0238  0.0244  0.0224  0.0229
  0.0231  0.0228  0.0224  0.0239  0.0247  0.0226  0.0230  0.0232  0.0227  0.0231  0.0221  0.0223
  0.0221  0.0221  0.0220  0.0228  0.0229  0.0221  0.0221  0.0222  0.0220  0.0223  0.0219  0.0219
  0.0218  0.0218  0.0218  0.0218  0.0218  0.0218  0.0218  0.0218  0.0218  0.0218  0.0218  0.0218
  0.0222  0.0220  0.0219  0.0218  0.0217  0.0216  0.0222  0.0221  0.0221  0.0219  0.0219  0.0220
  0.0232  0.0228  0.0223  0.0232  0.0240  0.0221  0.0231  0.0231  0.0227  0.0227  0.0221  0.0223
  0.0247  0.0240  0.0230  0.0259  0.0279  0.0240  0.0244  0.0250  0.0237  0.0247  0.0225  0.0229
registration optimization eta report
parameter search radius
    2.4000    2.4000    2.4000    8.2800    9.5220    7.2000
    7.2000    7.2000    7.2000    7.2000    7.2000    7.2000
100000*second partial in parameter space
       50.       39.       20.        5.        6.        4.
        5.        6.        4.        5.        1.        2.
  0.0247  0.0241  0.0229  0.0251  0.0269  0.0235  0.0245  0.0249  0.0238  0.0244  0.0224  0.0229
  0.0231  0.0228  0.0224  0.0239  0.0247  0.0226  0.0230  0.0232  0.0227  0.0231  0.0221  0.0223
  0.0221  0.0221  0.0220  0.0228  0.0229  0.0221  0.0221  0.0222  0.0220  0.0223  0.0219  0.0219
  0.0218  0.0218  0.0218  0.0218  0.0218  0.0218  0.0218  0.0218  0.0218  0.0218  0.0218  0.0218
  0.0222  0.0220  0.0219  0.0218  0.0217  0.0216  0.0222  0.0221  0.0221  0.0219  0.0219  0.0220
  0.0232  0.0228  0.0223  0.0232  0.0240  0.0221  0.0231  0.0231  0.0227  0.0227  0.0221  0.0223
  0.0247  0.0240  0.0230  0.0259  0.0279  0.0240  0.0244  0.0250  0.0237  0.0247  0.0225  0.0229
    0.3369   32.5151   -0.5838   -3.3403  -13.4913    0.1851
    3.1846   -2.6813   -0.5391   21.6921    4.2247  -24.0281
eta,q 0.97817  8.72802

---------------------------------------------------------------------
imgreg_4dfp /opt/freesurfer/average/711-2C_as_mni_average_305 /opt/freesurfer/average/711-2B_as_mni_average_305_mask talsrcimg_g11 none talsrcimg_to_711-2C_as_mni_average_305_t4 2311
---------------------------------------------------------------------

freesurfer imgreg_4dfp.c
/opt/freesurfer/average/711-2C_as_mni_average_305.4dfp.img
       256       256       256         1
  1.000000  1.000000  1.000000
orientation T byte_order littleendian
Reading image: /opt/freesurfer/average/711-2C_as_mni_average_305.4dfp.img
dimensions:      256       256       256
mmppix:       1.0000   -1.0000   -1.0000
center:     128.0000 -129.0000 -129.0000
/opt/freesurfer/average/711-2B_as_mni_average_305_mask.4dfp.img
       256       256       256         1
  1.000000  1.000000  1.000000
orientation T byte_order littleendian
Reading mask: /opt/freesurfer/average/711-2B_as_mni_average_305_mask.4dfp.img (2306576 pixels)
talsrcimg_g11.4dfp.img
       256       256       256         1
  1.000000  1.000000  1.000000
orientation T byte_order littleendian
Reading image: talsrcimg_g11.4dfp.img
dimensions:      256       256       256
mmppix:       1.0000   -1.0000   -1.0000
center:     128.0000 -129.0000 -129.0000
fimgreg.f
image alignment mode   2311 decimal      907 hex
parameters
    0.3369   32.5151   -0.5838   -3.3403  -13.4913    0.1851
    3.1846   -2.6813   -0.5391   21.6921    4.2247  -24.0281
eta,q 0.97817  8.72802
niter,ni,del,rscale     5    3    5.0000    0.8000
parameters
    0.3257   32.5208   -0.5318   -2.2442  -12.5067    1.0735
    3.3786   -2.6186   -0.3413   22.0806    4.2739  -24.3002
eta,q 0.97868  8.80255
  0.0231  0.0228  0.0224  0.0236  0.0234  0.0223  0.0229  0.0231  0.0225  0.0230  0.0217  0.0218
  0.0224  0.0222  0.0221  0.0230  0.0226  0.0219  0.0221  0.0222  0.0219  0.0223  0.0215  0.0215
  0.0220  0.0219  0.0219  0.0223  0.0221  0.0216  0.0216  0.0216  0.0215  0.0217  0.0214  0.0214
  0.0218  0.0218  0.0218  0.0218  0.0216  0.0214  0.0214  0.0214  0.0214  0.0214  0.0213  0.0213
  0.0220  0.0219  0.0219  0.0216  0.0214  0.0213  0.0215  0.0215  0.0215  0.0213  0.0214  0.0214
  0.0224  0.0222  0.0220  0.0219  0.0216  0.0214  0.0219  0.0221  0.0218  0.0217  0.0215  0.0216
  0.0232  0.0228  0.0223  0.0227  0.0226  0.0219  0.0227  0.0231  0.0223  0.0227  0.0217  0.0219
niter,ni,del,rscale     4    3    5.0000    0.7000
parameters
    0.3780   32.3179   -0.8349   -2.1971  -12.4712    1.1144
    3.2623   -2.6348   -0.3628   22.2728    4.3121  -24.4034
eta,q 0.97876  8.81281
  0.0226  0.0220  0.0216  0.0227  0.0225  0.0219  0.0223  0.0226  0.0220  0.0225  0.0216  0.0217
  0.0219  0.0215  0.0214  0.0221  0.0220  0.0216  0.0217  0.0219  0.0216  0.0220  0.0214  0.0214
  0.0215  0.0213  0.0213  0.0216  0.0216  0.0214  0.0214  0.0214  0.0213  0.0215  0.0213  0.0213
  0.0213  0.0213  0.0213  0.0213  0.0213  0.0213  0.0213  0.0213  0.0213  0.0213  0.0212  0.0212
  0.0214  0.0215  0.0214  0.0213  0.0212  0.0212  0.0214  0.0214  0.0214  0.0213  0.0213  0.0213
  0.0218  0.0219  0.0216  0.0219  0.0217  0.0214  0.0218  0.0219  0.0216  0.0217  0.0214  0.0215
  0.0224  0.0225  0.0220  0.0228  0.0228  0.0221  0.0224  0.0227  0.0221  0.0225  0.0216  0.0217
niter,ni,del,rscale     3    3    5.0000    0.6000
parameters
    0.3937   32.3158   -0.8681   -2.0990  -12.3956    1.3864
    3.2866   -2.6641   -0.3354   22.3891    4.2386  -24.5287
eta,q 0.97881  8.82475
  0.0221  0.0219  0.0216  0.0224  0.0222  0.0218  0.0220  0.0223  0.0218  0.0222  0.0214  0.0215
  0.0217  0.0215  0.0214  0.0219  0.0218  0.0216  0.0216  0.0217  0.0215  0.0218  0.0213  0.0213
  0.0214  0.0213  0.0213  0.0215  0.0215  0.0214  0.0213  0.0213  0.0213  0.0214  0.0212  0.0212
  0.0212  0.0212  0.0212  0.0212  0.0212  0.0212  0.0212  0.0212  0.0212  0.0212  0.0212  0.0212
  0.0213  0.0213  0.0213  0.0213  0.0212  0.0211  0.0213  0.0213  0.0213  0.0212  0.0212  0.0212
  0.0216  0.0216  0.0214  0.0217  0.0216  0.0213  0.0216  0.0217  0.0215  0.0215  0.0213  0.0214
  0.0221  0.0219  0.0216  0.0224  0.0223  0.0218  0.0220  0.0223  0.0218  0.0222  0.0214  0.0215
niter,ni,del,rscale     2    3    5.0000    0.5000
parameters
    0.4013   32.3020   -0.9186   -2.0124  -12.2948    1.6262
    3.2983   -2.6844   -0.3187   22.4817    4.2008  -24.6555
eta,q 0.97886  8.83576
  0.0218  0.0217  0.0214  0.0221  0.0219  0.0216  0.0217  0.0219  0.0216  0.0219  0.0213  0.0214
  0.0215  0.0214  0.0213  0.0217  0.0216  0.0214  0.0214  0.0215  0.0213  0.0216  0.0212  0.0212
  0.0213  0.0212  0.0212  0.0213  0.0213  0.0213  0.0212  0.0212  0.0212  0.0213  0.0212  0.0212
  0.0212  0.0212  0.0212  0.0212  0.0212  0.0212  0.0211  0.0211  0.0211  0.0212  0.0211  0.0211
  0.0213  0.0212  0.0212  0.0212  0.0212  0.0211  0.0212  0.0212  0.0212  0.0212  0.0212  0.0212
  0.0215  0.0214  0.0213  0.0215  0.0214  0.0212  0.0214  0.0215  0.0213  0.0214  0.0212  0.0213
  0.0218  0.0217  0.0215  0.0220  0.0220  0.0216  0.0217  0.0219  0.0216  0.0219  0.0213  0.0214
niter,ni,del,rscale     1    3    5.0000    0.4000
parameters
    0.4098   32.2991   -0.9637   -1.9671  -12.2062    1.8312
    3.3063   -2.6996   -0.2993   22.5342    4.1731  -24.7217
eta,q 0.97889  8.84380
  0.0216  0.0215  0.0213  0.0217  0.0216  0.0215  0.0215  0.0216  0.0214  0.0216  0.0212  0.0213
  0.0213  0.0213  0.0212  0.0214  0.0214  0.0213  0.0213  0.0213  0.0212  0.0214  0.0212  0.0212
  0.0212  0.0212  0.0211  0.0212  0.0212  0.0212  0.0212  0.0212  0.0211  0.0212  0.0211  0.0211
  0.0211  0.0211  0.0211  0.0211  0.0211  0.0211  0.0211  0.0211  0.0211  0.0211  0.0211  0.0211
  0.0212  0.0212  0.0212  0.0212  0.0211  0.0211  0.0212  0.0212  0.0211  0.0211  0.0211  0.0211
  0.0213  0.0213  0.0212  0.0214  0.0213  0.0212  0.0213  0.0213  0.0212  0.0213  0.0212  0.0212
  0.0215  0.0215  0.0213  0.0217  0.0216  0.0214  0.0215  0.0216  0.0214  0.0216  0.0212  0.0213
registration optimization eta report
parameter search radius
    0.8000    0.8000    0.8000    2.4000    2.4000    2.4000
    2.4000    2.4000    2.4000    2.4000    2.4000    2.4000
100000*second partial in parameter space
       65.       51.       28.       10.        9.        6.
        7.        9.        5.        9.        2.        3.
  0.0216  0.0215  0.0213  0.0217  0.0216  0.0215  0.0215  0.0216  0.0214  0.0216  0.0212  0.0213
  0.0213  0.0213  0.0212  0.0214  0.0214  0.0213  0.0213  0.0213  0.0212  0.0214  0.0212  0.0212
  0.0212  0.0212  0.0211  0.0212  0.0212  0.0212  0.0212  0.0212  0.0211  0.0212  0.0211  0.0211
  0.0211  0.0211  0.0211  0.0211  0.0211  0.0211  0.0211  0.0211  0.0211  0.0211  0.0211  0.0211
  0.0212  0.0212  0.0212  0.0212  0.0211  0.0211  0.0212  0.0212  0.0211  0.0211  0.0211  0.0211
  0.0213  0.0213  0.0212  0.0214  0.0213  0.0212  0.0213  0.0213  0.0212  0.0213  0.0212  0.0212
  0.0215  0.0215  0.0213  0.0217  0.0216  0.0214  0.0215  0.0216  0.0214  0.0216  0.0212  0.0213
    0.4098   32.2991   -0.9637   -1.9671  -12.2062    1.8312
    3.3063   -2.6996   -0.2993   22.5342    4.1731  -24.7217
eta,q 0.97889  8.84380

---------------------------------------------------------------------
imgreg_4dfp /opt/freesurfer/average/711-2C_as_mni_average_305 /opt/freesurfer/average/711-2B_as_mni_average_305_mask talsrcimg_g11 none talsrcimg_to_711-2C_as_mni_average_305_t4 2311
---------------------------------------------------------------------

freesurfer imgreg_4dfp.c
/opt/freesurfer/average/711-2C_as_mni_average_305.4dfp.img
       256       256       256         1
  1.000000  1.000000  1.000000
orientation T byte_order littleendian
Reading image: /opt/freesurfer/average/711-2C_as_mni_average_305.4dfp.img
dimensions:      256       256       256
mmppix:       1.0000   -1.0000   -1.0000
center:     128.0000 -129.0000 -129.0000
/opt/freesurfer/average/711-2B_as_mni_average_305_mask.4dfp.img
       256       256       256         1
  1.000000  1.000000  1.000000
orientation T byte_order littleendian
Reading mask: /opt/freesurfer/average/711-2B_as_mni_average_305_mask.4dfp.img (2306576 pixels)
talsrcimg_g11.4dfp.img
       256       256       256         1
  1.000000  1.000000  1.000000
orientation T byte_order littleendian
Reading image: talsrcimg_g11.4dfp.img
dimensions:      256       256       256
mmppix:       1.0000   -1.0000   -1.0000
center:     128.0000 -129.0000 -129.0000
fimgreg.f
image alignment mode   2311 decimal      907 hex
parameters
    0.4098   32.2991   -0.9637   -1.9671  -12.2061    1.8312
    3.3063   -2.6996   -0.2993   22.5342    4.1731  -24.7217
eta,q 0.97889  8.84380
niter,ni,del,rscale     5    3    5.0000    0.8000
parameters
    0.4056   32.3027   -0.9850   -2.3679  -12.7557    0.9826
    3.1986   -2.6554   -0.3370   22.3363    4.3098  -24.5282
eta,q 0.97869  8.80310
  0.0227  0.0225  0.0218  0.0228  0.0225  0.0220  0.0226  0.0231  0.0223  0.0227  0.0217  0.0219
  0.0219  0.0217  0.0214  0.0220  0.0219  0.0217  0.0219  0.0221  0.0217  0.0221  0.0215  0.0216
  0.0213  0.0212  0.0212  0.0214  0.0214  0.0214  0.0214  0.0215  0.0214  0.0216  0.0214  0.0214
  0.0211  0.0211  0.0211  0.0211  0.0211  0.0212  0.0213  0.0213  0.0213  0.0213  0.0213  0.0213
  0.0213  0.0213  0.0212  0.0214  0.0213  0.0213  0.0215  0.0215  0.0214  0.0214  0.0213  0.0214
  0.0218  0.0217  0.0215  0.0223  0.0222  0.0220  0.0220  0.0220  0.0218  0.0220  0.0215  0.0215
  0.0228  0.0224  0.0219  0.0237  0.0238  0.0234  0.0227  0.0230  0.0223  0.0232  0.0217  0.0218
niter,ni,del,rscale     4    3    5.0000    0.7000
parameters
    0.3767   32.3604   -0.8392   -2.1817  -12.5633    1.1353
    3.2737   -2.6689   -0.3172   22.3658    4.2857  -24.4927
eta,q 0.97876  8.81277
  0.0224  0.0223  0.0219  0.0228  0.0226  0.0220  0.0224  0.0226  0.0221  0.0225  0.0215  0.0217
  0.0218  0.0217  0.0216  0.0222  0.0221  0.0217  0.0218  0.0219  0.0216  0.0219  0.0214  0.0214
  0.0214  0.0214  0.0214  0.0216  0.0216  0.0215  0.0214  0.0214  0.0213  0.0215  0.0213  0.0213
  0.0213  0.0213  0.0213  0.0213  0.0213  0.0213  0.0212  0.0212  0.0212  0.0212  0.0212  0.0212
  0.0215  0.0214  0.0213  0.0213  0.0212  0.0212  0.0214  0.0214  0.0213  0.0213  0.0213  0.0213
  0.0219  0.0217  0.0214  0.0218  0.0216  0.0213  0.0217  0.0219  0.0216  0.0217  0.0214  0.0214
  0.0225  0.0221  0.0217  0.0227  0.0227  0.0221  0.0223  0.0227  0.0220  0.0226  0.0216  0.0217
niter,ni,del,rscale     3    3    5.0000    0.6000
parameters
    0.3864   32.3312   -0.8796   -2.0810  -12.4297    1.3780
    3.2829   -2.6800   -0.3096   22.4310    4.2233  -24.5800
eta,q 0.97881  8.82477
  0.0221  0.0219  0.0216  0.0224  0.0222  0.0218  0.0220  0.0223  0.0218  0.0222  0.0214  0.0215
  0.0217  0.0215  0.0214  0.0219  0.0218  0.0216  0.0216  0.0217  0.0215  0.0218  0.0213  0.0213
  0.0214  0.0213  0.0213  0.0215  0.0215  0.0214  0.0213  0.0213  0.0213  0.0214  0.0212  0.0212
  0.0212  0.0212  0.0212  0.0212  0.0212  0.0212  0.0212  0.0212  0.0212  0.0212  0.0212  0.0212
  0.0213  0.0213  0.0213  0.0213  0.0212  0.0211  0.0213  0.0213  0.0213  0.0212  0.0212  0.0212
  0.0216  0.0216  0.0214  0.0217  0.0215  0.0213  0.0216  0.0217  0.0215  0.0216  0.0213  0.0213
  0.0221  0.0220  0.0216  0.0224  0.0223  0.0218  0.0220  0.0223  0.0218  0.0222  0.0214  0.0215
niter,ni,del,rscale     2    3    5.0000    0.5000
parameters
    0.3991   32.3121   -0.9252   -2.0035  -12.3109    1.6290
    3.2941   -2.6878   -0.2940   22.5011    4.1814  -24.6888
eta,q 0.97886  8.83596
  0.0218  0.0217  0.0214  0.0221  0.0219  0.0216  0.0217  0.0219  0.0216  0.0219  0.0213  0.0214
  0.0215  0.0214  0.0213  0.0217  0.0216  0.0215  0.0214  0.0215  0.0213  0.0216  0.0212  0.0212
  0.0213  0.0212  0.0212  0.0213  0.0213  0.0213  0.0212  0.0212  0.0212  0.0213  0.0212  0.0212
  0.0212  0.0212  0.0212  0.0212  0.0212  0.0212  0.0211  0.0211  0.0211  0.0211  0.0211  0.0211
  0.0213  0.0212  0.0212  0.0212  0.0212  0.0211  0.0212  0.0212  0.0212  0.0212  0.0212  0.0212
  0.0215  0.0214  0.0213  0.0215  0.0214  0.0212  0.0214  0.0215  0.0213  0.0214  0.0212  0.0213
  0.0218  0.0217  0.0215  0.0220  0.0219  0.0216  0.0217  0.0219  0.0216  0.0219  0.0213  0.0214
niter,ni,del,rscale     1    3    5.0000    0.4000
parameters
    0.4098   32.3052   -0.9711   -1.9611  -12.2046    1.8334
    3.2991   -2.7022   -0.2878   22.5420    4.1356  -24.7491
eta,q 0.97889  8.84412
  0.0216  0.0215  0.0213  0.0217  0.0216  0.0215  0.0215  0.0216  0.0214  0.0216  0.0212  0.0213
  0.0213  0.0213  0.0212  0.0214  0.0214  0.0213  0.0213  0.0213  0.0212  0.0214  0.0212  0.0212
  0.0212  0.0212  0.0211  0.0212  0.0212  0.0212  0.0212  0.0212  0.0211  0.0212  0.0211  0.0211
  0.0211  0.0211  0.0211  0.0211  0.0211  0.0211  0.0211  0.0211  0.0211  0.0211  0.0211  0.0211
  0.0212  0.0212  0.0212  0.0212  0.0211  0.0211  0.0212  0.0212  0.0211  0.0211  0.0211  0.0211
  0.0213  0.0213  0.0212  0.0214  0.0213  0.0212  0.0213  0.0213  0.0212  0.0213  0.0212  0.0212
  0.0215  0.0215  0.0213  0.0217  0.0216  0.0214  0.0215  0.0216  0.0214  0.0216  0.0212  0.0213
registration optimization eta report
parameter search radius
    0.8000    0.8000    0.8000    2.4000    2.4000    2.4000
    2.4000    2.4000    2.4000    2.4000    2.4000    2.4000
100000*second partial in parameter space
       66.       52.       28.       10.        9.        6.
        7.        9.        5.        9.        2.        3.
  0.0216  0.0215  0.0213  0.0217  0.0216  0.0215  0.0215  0.0216  0.0214  0.0216  0.0212  0.0213
  0.0213  0.0213  0.0212  0.0214  0.0214  0.0213  0.0213  0.0213  0.0212  0.0214  0.0212  0.0212
  0.0212  0.0212  0.0211  0.0212  0.0212  0.0212  0.0212  0.0212  0.0211  0.0212  0.0211  0.0211
  0.0211  0.0211  0.0211  0.0211  0.0211  0.0211  0.0211  0.0211  0.0211  0.0211  0.0211  0.0211
  0.0212  0.0212  0.0212  0.0212  0.0211  0.0211  0.0212  0.0212  0.0211  0.0211  0.0211  0.0211
  0.0213  0.0213  0.0212  0.0214  0.0213  0.0212  0.0213  0.0213  0.0212  0.0213  0.0212  0.0212
  0.0215  0.0215  0.0213  0.0217  0.0216  0.0214  0.0215  0.0216  0.0214  0.0216  0.0212  0.0213
    0.4098   32.3052   -0.9711   -1.9611  -12.2046    1.8334
    3.2991   -2.7022   -0.2878   22.5420    4.1356  -24.7491
eta,q 0.97889  8.84412

---------------------------------------------------------------------
compute_vox2vox talsrcimg talsrcimg_to_711-2C_as_mni_average_305_t4 /opt/freesurfer/average/711-2C_as_mni_average_305
---------------------------------------------------------------------

freesurfer compute_vox2vox.c
Reading: talsrcimg.4dfp.ifh
Reading: talsrcimg_to_711-2C_as_mni_average_305_t4
Reading: /opt/freesurfer/average/711-2C_as_mni_average_305.4dfp.ifh
Writing: talsrcimg_to_711-2C_as_mni_average_305_t4_vox2vox.txt

start time Wed Mar 11 20:50:06 CET 2026
end		time Wed Mar 11 20:50:20 CET 2026

mpr2mni305 success

avi2talxfm orig_nu.mgz /opt/freesurfer/average/mni305.cor.mgz talsrcimg_to_711-2C_as_mni_average_305_t4_vox2vox.txt transforms/talairach.auto.xfm
avi2talxfm done
mv -f /out/sourcedata/freesurfer/sub-v1s0x0050653_ses-1/mri/talsrcimg_to_711-2C_as_mni_average_305_t4_vox2vox.txt /out/sourcedata/freesurfer/sub-v1s0x0050653_ses-1/mri/transforms/talsrcimg_to_711-2C_as_mni_average_305_t4_vox2vox.txt
lta_convert --src orig_nu.mgz --trg /opt/freesurfer/average/mni305.cor.mgz --inxfm transforms/talairach.auto.xfm --outlta transforms/talairach.auto.xfm.lta --subject fsaverage
7.3.2

--src: orig_nu.mgz src image (geometry).
--trg: /opt/freesurfer/average/mni305.cor.mgz trg image (geometry).
--inmni: transforms/talairach.auto.xfm input MNI/XFM transform.
--outlta: transforms/talairach.auto.xfm.lta output LTA.
--s: fsaverage subject name
 LTA read, type : 1
 1.01851   0.03341  -0.02885   3.02198;
-0.03817   0.92307   0.26164  -13.30995;
 0.01314  -0.23689   1.07174  -54.06978;
 0.00000   0.00000   0.00000   1.00000;
setting subject to fsaverage
Writing  LTA to file transforms/talairach.auto.xfm.lta...
lta_convert successful.
 
 
Started at Wed Mar 11 20:50:06 CET 2026
Ended   at Wed Mar 11 20:50:20 CET 2026
talairach_avi done
