/out/sourcedata/freesurfer/sub-v1s0x0050654_ses-1/mri
/opt/freesurfer/bin/talairach_avi
--i orig_nu.mgz --xfm transforms/talairach.auto.xfm
talairach_avi 7.3.2
Linux dna013 5.14.0-427.37.1.el9_4.x86_64 #1 SMP PREEMPT_DYNAMIC Fri Sep 13 12:41:50 EDT 2024 x86_64 x86_64 x86_64 GNU/Linux
Wed Mar 11 20:51:57 CET 2026
mri_convert orig_nu.mgz talsrcimg.img 
reading from orig_nu.mgz...
TR=0.00, TE=0.00, TI=0.00, flip angle=0.00
i_ras = (-1, 0, 0)
j_ras = (0, 0, -1)
k_ras = (0, 1, 0)
writing to talsrcimg.img...
Analyze Output Matrix
-1.00000   0.00000   0.00000   130.50000;
 0.00000   0.00000   1.00000  -132.50000;
 0.00000  -1.00000   0.00000   135.00000;
 0.00000   0.00000   0.00000   1.00000;
--------------------
INFO: set hdr.hist.orient to -1
mpr2mni305 talsrcimg
Wed Mar 11 20:51:58 CET 2026
/opt/freesurfer/bin/mpr2mni305 talsrcimg
mpr2mni305 7.3.2
target=711-2C_as_mni_average_305

---------------------------------------------------------------------
analyzeto4dfp talsrcimg -O0 -y
---------------------------------------------------------------------

freesurfer ifh2hdr.c
Wed Mar 11 20:51:58 2026
Writing: talsrcimg.4dfp.hdr
freesurfer analyzeto4dfp.c
Reading: talsrcimg.hdr
header size 348 bytes
hdr.dime.datatype	offset=70	value=2
hdr.dime.bitpix		offset=72	value=8
hdr.hist.orient		offset=252	value=-1
dimensionality     4
dimensions       256       256       256         1
Reading: talsrcimg.img
Writing: talsrcimg.4dfp.img
Writing: talsrcimg.4dfp.ifh
ifh2hdr talsrcimg -r0to249
ori=2

---------------------------------------------------------------------
gauss_4dfp talsrcimg 1.1
---------------------------------------------------------------------

freesurfer gauss_4dfp.c
Reading: talsrcimg.4dfp.img
Writing: talsrcimg_g11.4dfp.img
image dimensions 256 256 256 padded to 288 288 288
processing volume 1freesurfer ifh2hdr.c
Wed Mar 11 20:52:00 2026
Writing: talsrcimg_g11.4dfp.hdr

Writing: talsrcimg_g11.4dfp.ifh
including: talsrcimg.4dfp.img.rec in talsrcimg_g11.4dfp.img.rec

---------------------------------------------------------------------
imgreg_4dfp /opt/freesurfer/average/711-2C_as_mni_average_305 none talsrcimg_g11 none talsrcimg_to_711-2C_as_mni_average_305_t4 4355
---------------------------------------------------------------------

freesurfer imgreg_4dfp.c
/opt/freesurfer/average/711-2C_as_mni_average_305.4dfp.img
       256       256       256         1
  1.000000  1.000000  1.000000
orientation T byte_order littleendian
Reading image: /opt/freesurfer/average/711-2C_as_mni_average_305.4dfp.img
dimensions:      256       256       256
mmppix:       1.0000   -1.0000   -1.0000
center:     128.0000 -129.0000 -129.0000
talsrcimg_g11.4dfp.img
       256       256       256         1
  1.000000  1.000000  1.000000
orientation T byte_order littleendian
Reading image: talsrcimg_g11.4dfp.img
dimensions:      256       256       256
mmppix:       1.0000   -1.0000   -1.0000
center:     128.0000 -129.0000 -129.0000
t4_read: open error in t4_sub.f l:  41 t4_file(1:l)talsrcimg_to_711-2C_as_mni_average_305_t4 
t4_read: transform initialized to I4
rotation matrix determinant  1.000000
image alignment mode   4355 decimal     1103 hex
   -7.5000  -45.0000  -45.0000 7248.0801   12.5848
    0.0000  -45.0000  -45.0000 7565.0220   12.5969
    7.5000  -45.0000  -45.0000 7216.2231   12.5650
   -7.5000  -37.5000  -45.0000 7752.7954   12.3814
    0.0000  -37.5000  -45.0000 8112.1616   12.3883
    7.5000  -37.5000  -45.0000 7718.4756   12.3601
   -7.5000  -30.0000  -45.0000 8587.1855   12.2965
    0.0000  -30.0000  -45.0000 8982.8477   12.2952
    7.5000  -30.0000  -45.0000 8549.6074   12.2769
   -7.5000  -22.5000  -45.0000 9441.0928   12.2927
    0.0000  -22.5000  -45.0000 9868.8740   12.2875
    7.5000  -22.5000  -45.0000 9403.9189   12.2745
   -7.5000  -15.0000  -45.000010276.3721   12.2916
    0.0000  -15.0000  -45.000010734.7275   12.2904
    7.5000  -15.0000  -45.000010215.7520   12.2739
   -7.5000   -7.5000  -45.000011085.4160   12.2967
    0.0000   -7.5000  -45.000011585.8301   12.3035
    7.5000   -7.5000  -45.000011019.5195   12.2785
   -7.5000    0.0000  -45.000011860.1514   12.2998
    0.0000    0.0000  -45.000012358.3076   12.3107
    7.5000    0.0000  -45.000011745.8779   12.2796
   -7.5000    7.5000  -45.000011762.6523   12.2986
    0.0000    7.5000  -45.000012249.0254   12.3053
    7.5000    7.5000  -45.000011638.3350   12.2774
   -7.5000   15.0000  -45.000011391.8516   12.2965
    0.0000   15.0000  -45.000011846.9219   12.2952
    7.5000   15.0000  -45.000011246.0332   12.2769
   -7.5000   22.5000  -45.000010871.3076   12.2910
    0.0000   22.5000  -45.000011310.1279   12.2858
    7.5000   22.5000  -45.000010699.4385   12.2728
   -7.5000   30.0000  -45.000010310.3496   12.1278
    0.0000   30.0000  -45.000010765.5713   12.1267
    7.5000   30.0000  -45.000010149.9824   12.1103
   -7.5000   37.5000  -45.000010089.9854   12.1329
    0.0000   37.5000  -45.000010533.8574   12.1396
    7.5000   37.5000  -45.0000 9898.7051   12.1148
   -7.5000   45.0000  -45.0000 9286.7764   11.8278
    0.0000   45.0000  -45.0000 9719.9453   11.8382
    7.5000   45.0000  -45.0000 9135.8369   11.8083
   -7.5000  -45.0000  -37.5000 7663.2720   12.5082
    0.0000  -45.0000  -37.5000 8017.4692   12.5133
    7.5000  -45.0000  -37.5000 7635.9761   12.4753
   -7.5000  -37.5000  -37.5000 8204.6445   12.3047
    0.0000  -37.5000  -37.5000 8591.7148   12.3070
    7.5000  -37.5000  -37.5000 8176.1167   12.2731
   -7.5000  -30.0000  -37.5000 9108.9717   12.2159
    0.0000  -30.0000  -37.5000 9524.7656   12.2117
    7.5000  -30.0000  -37.5000 9065.9072   12.1868
   -7.5000  -22.5000  -37.500010013.8076   12.2108
    0.0000  -22.5000  -37.500010462.1670   12.2022
    7.5000  -22.5000  -37.5000 9973.6074   12.1814
   -7.5000  -15.0000  -37.500010925.1768   12.2125
    0.0000  -15.0000  -37.500011404.6484   12.2059
    7.5000  -15.0000  -37.500010856.2500   12.1814
   -7.5000   -7.5000  -37.500011766.6436   12.2215
    0.0000   -7.5000  -37.500012280.1299   12.2213
    7.5000   -7.5000  -37.500011689.9766   12.1892
   -7.5000    0.0000  -37.500012589.3672   12.2268
    0.0000    0.0000  -37.500013089.7988   12.2309
    7.5000    0.0000  -37.500012458.2275   12.1939
   -7.5000    7.5000  -37.500012459.4785   12.2229
    0.0000    7.5000  -37.500012951.6475   12.2250
    7.5000    7.5000  -37.500012304.1914   12.1914
   -7.5000   15.0000  -37.500012057.7686   12.2159
    0.0000   15.0000  -37.500012538.6875   12.2116
    7.5000   15.0000  -37.500011881.7080   12.1868
   -7.5000   22.5000  -37.500011468.6094   12.2092
    0.0000   22.5000  -37.500011905.5498   12.2005
    7.5000   22.5000  -37.500011275.3574   12.1797
   -7.5000   30.0000  -37.500010898.2500   12.0497
    0.0000   30.0000  -37.500011349.2236   12.0432
    7.5000   30.0000  -37.500010708.3398   12.0191
   -7.5000   37.5000  -37.500010638.9795   12.0586
    0.0000   37.5000  -37.500011113.7578   12.0584
    7.5000   37.5000  -37.500010468.9463   12.0268
   -7.5000   45.0000  -37.5000 9775.5332   11.7576
    0.0000   45.0000  -37.500010239.9346   11.7615
    7.5000   45.0000  -37.5000 9659.0449   11.7259
   -7.5000  -45.0000  -30.0000 8206.3066   12.9882
    0.0000  -45.0000  -30.0000 8594.4609   12.9889
    7.5000  -45.0000  -30.0000 8161.2236   12.9464
   -7.5000  -37.5000  -30.0000 8821.5654   12.7787
    0.0000  -37.5000  -30.0000 9242.4590   12.7788
    7.5000  -37.5000  -30.0000 8772.6855   12.7406
   -7.5000  -30.0000  -30.0000 9814.6748   12.6837
    0.0000  -30.0000  -30.000010260.4951   12.6790
    7.5000  -30.0000  -30.0000 9752.6436   12.6500
   -7.5000  -22.5000  -30.000010802.7666   12.6746
    0.0000  -22.5000  -30.000011272.7949   12.6655
    7.5000  -22.5000  -30.000010731.4883   12.6407
   -7.5000  -15.0000  -30.000011774.4980   12.6745
    0.0000  -15.0000  -30.000012290.6523   12.6659
    7.5000  -15.0000  -30.000011696.5039   12.6378
   -7.5000   -7.5000  -30.000012688.4004   12.6866
    0.0000   -7.5000  -30.000013228.7012   12.6822
    7.5000   -7.5000  -30.000012579.7764   12.6464
   -7.5000    0.0000  -30.000013537.4629   12.6969
    0.0000    0.0000  -30.000014078.4082   12.6969
    7.5000    0.0000  -30.000013392.2256   12.6555
   -7.5000    7.5000  -30.000013360.7881   12.6940
    0.0000    7.5000  -30.000013893.4883   12.6940
    7.5000    7.5000  -30.000013185.9092   12.6561
   -7.5000   15.0000  -30.000012941.7803   12.6837
    0.0000   15.0000  -30.000013443.5010   12.6790
    7.5000   15.0000  -30.000012753.7031   12.6500
   -7.5000   22.5000  -30.000012286.5557   12.6715
    0.0000   22.5000  -30.000012751.8076   12.6625
    7.5000   22.5000  -30.000012100.4268   12.6377
   -7.5000   30.0000  -30.000011662.9844   12.5068
    0.0000   30.0000  -30.000012138.5518   12.4983
    7.5000   30.0000  -30.000011481.4434   12.4706
   -7.5000   37.5000  -30.000011396.2061   12.5187
    0.0000   37.5000  -30.000011868.4785   12.5144
    7.5000   37.5000  -30.000011229.7373   12.4791
   -7.5000   45.0000  -30.000010490.8936   12.2186
    0.0000   45.0000  -30.000010952.8408   12.2185
    7.5000   45.0000  -30.000010374.1328   12.1787
   -7.5000  -45.0000  -22.5000 8762.4668   13.4297
    0.0000  -45.0000  -22.5000 9181.0215   13.4341
    7.5000  -45.0000  -22.5000 8691.6953   13.3944
   -7.5000  -37.5000  -22.5000 9439.6807   13.2176
    0.0000  -37.5000  -22.5000 9894.1299   13.2209
    7.5000  -37.5000  -22.5000 9371.6338   13.1855
   -7.5000  -30.0000  -22.500010523.6973   13.1222
    0.0000  -30.0000  -22.500011009.4717   13.1210
    7.5000  -30.0000  -22.500010445.5225   13.0959
   -7.5000  -22.5000  -22.500011589.2578   13.1105
    0.0000  -22.5000  -22.500012101.5010   13.1059
    7.5000  -22.5000  -22.500011511.0205   13.0863
   -7.5000  -15.0000  -22.500012637.1104   13.1056
    0.0000  -15.0000  -22.500013189.9082   13.1018
    7.5000  -15.0000  -22.500012541.3496   13.0792
   -7.5000   -7.5000  -22.500013603.7188   13.1157
    0.0000   -7.5000  -22.500014193.8057   13.1158
    7.5000   -7.5000  -22.500013485.3154   13.0841
   -7.5000    0.0000  -22.500014466.5518   13.1285
    0.0000    0.0000  -22.500015049.1113   13.1321
    7.5000    0.0000  -22.500014305.6543   13.0935
   -7.5000    7.5000  -22.500014292.1318   13.1300
    0.0000    7.5000  -22.500014863.1729   13.1332
    7.5000    7.5000  -22.500014102.3740   13.0981
   -7.5000   15.0000  -22.500013859.4072   13.1222
    0.0000   15.0000  -22.500014421.9590   13.1210
    7.5000   15.0000  -22.500013673.8086   13.0958
   -7.5000   22.5000  -22.500013168.1816   13.1065
    0.0000   22.5000  -22.500013683.9102   13.1018
    7.5000   22.5000  -22.500012972.2500   13.0823
   -7.5000   30.0000  -22.500012454.3164   12.9342
    0.0000   30.0000  -22.500012957.3740   12.9304
    7.5000   30.0000  -22.500012266.0508   12.9081
   -7.5000   37.5000  -22.500012150.1494   12.9441
    0.0000   37.5000  -22.500012625.0811   12.9442
    7.5000   37.5000  -22.500011977.3809   12.9130
   -7.5000   45.0000  -22.500011210.6006   12.6434
    0.0000   45.0000  -22.500011665.6475   12.6468
    7.5000   45.0000  -22.500011092.7852   12.6097
   -7.5000  -45.0000  -15.0000 9309.9014   13.7535
    0.0000  -45.0000  -15.0000 9735.9990   13.7660
    7.5000  -45.0000  -15.0000 9222.1426   13.7329
   -7.5000  -37.5000  -15.000010062.9678   13.5392
    0.0000  -37.5000  -15.000010511.0586   13.5481
    7.5000  -37.5000  -15.0000 9962.3584   13.5189
   -7.5000  -30.0000  -15.000011212.5244   13.4474
    0.0000  -30.0000  -15.000011719.7812   13.4500
    7.5000  -30.0000  -15.000011122.7168   13.4320
   -7.5000  -22.5000  -15.000012339.6699   13.4374
    0.0000  -22.5000  -15.000012890.9824   13.4370
    7.5000  -22.5000  -15.000012266.6914   13.4257
   -7.5000  -15.0000  -15.000013464.6719   13.4295
    0.0000  -15.0000  -15.000014073.6562   13.4317
    7.5000  -15.0000  -15.000013381.3398   13.4176
   -7.5000   -7.5000  -15.000014521.0283   13.4348
    0.0000   -7.5000  -15.000015164.7129   13.4428
    7.5000   -7.5000  -15.000014406.1582   13.4186
   -7.5000    0.0000  -15.000015388.8848   13.4448
    0.0000    0.0000  -15.000016028.8408   13.4562
    7.5000    0.0000  -15.000015256.4629   13.4241
   -7.5000    7.5000  -15.000015224.2432   13.4495
    0.0000    7.5000  -15.000015838.4092   13.4582
    7.5000    7.5000  -15.000015063.9375   13.4294
   -7.5000   15.0000  -15.000014796.6982   13.4473
    0.0000   15.0000  -15.000015411.9121   13.4500
    7.5000   15.0000  -15.000014625.2480   13.4320
   -7.5000   22.5000  -15.000014047.8516   13.4326
    0.0000   22.5000  -15.000014641.5723   13.4323
    7.5000   22.5000  -15.000013872.0195   13.4210
   -7.5000   30.0000  -15.000013250.2471   13.2557
    0.0000   30.0000  -15.000013796.8223   13.2579
    7.5000   30.0000  -15.000013068.5918   13.2440
   -7.5000   37.5000  -15.000012878.3008   13.2609
    0.0000   37.5000  -15.000013391.7305   13.2688
    7.5000   37.5000  -15.000012710.4336   13.2450
   -7.5000   45.0000  -15.000011921.7129   12.9558
    0.0000   45.0000  -15.000012397.7510   12.9668
    7.5000   45.0000  -15.000011793.2676   12.9359
   -7.5000  -45.0000   -7.5000 9864.7188   13.9227
    0.0000  -45.0000   -7.500010314.5439   13.9395
    7.5000  -45.0000   -7.5000 9777.9033   13.9087
   -7.5000  -37.5000   -7.500010654.3428   13.7045
    0.0000  -37.5000   -7.500011138.0381   13.7154
    7.5000  -37.5000   -7.500010566.6006   13.6883
   -7.5000  -30.0000   -7.500011892.9189   13.6145
    0.0000  -30.0000   -7.500012423.1221   13.6168
    7.5000  -30.0000   -7.500011812.0928   13.6010
   -7.5000  -22.5000   -7.500013102.4717   13.6083
    0.0000  -22.5000   -7.500013711.1768   13.6070
    7.5000  -22.5000   -7.500013044.5264   13.5979
   -7.5000  -15.0000   -7.500014294.3506   13.6023
    0.0000  -15.0000   -7.500014953.0195   13.6052
    7.5000  -15.0000   -7.500014236.5430   13.5930
   -7.5000   -7.5000   -7.500015502.5732   13.6050
    0.0000   -7.5000   -7.500016218.4072   13.6162
    7.5000   -7.5000   -7.500015413.0000   13.5940
   -7.5000    0.0000   -7.500016410.2070   13.6102
    0.0000    0.0000   -7.500017136.4766   13.6256
    7.5000    0.0000   -7.500016329.1963   13.5956
   -7.5000    7.5000   -7.500016183.5518   13.6136
    0.0000    7.5000   -7.500016880.0234   13.6243
    7.5000    7.5000   -7.500016099.9473   13.5976
   -7.5000   15.0000   -7.500015724.3867   13.6144
    0.0000   15.0000   -7.500016391.5469   13.6168
    7.5000   15.0000   -7.500015611.1445   13.6009
   -7.5000   22.5000   -7.500014964.8223   13.6021
    0.0000   22.5000   -7.500015626.4688   13.6007
    7.5000   22.5000   -7.500014831.2109   13.5917
   -7.5000   30.0000   -7.500014108.1846   13.4259
    0.0000   30.0000   -7.500014746.7012   13.4287
    7.5000   30.0000   -7.500013954.9805   13.4167
   -7.5000   37.5000   -7.500013704.3955   13.4285
    0.0000   37.5000   -7.500014290.4932   13.4397
    7.5000   37.5000   -7.500013517.0107   13.4177
   -7.5000   45.0000   -7.500012713.6865   13.1176
    0.0000   45.0000   -7.500013242.1445   13.1325
    7.5000   45.0000   -7.500012550.7295   13.1036
   -7.5000  -45.0000    0.000010366.4082   13.9571
    0.0000  -45.0000    0.000010845.7100   13.9708
    7.5000  -45.0000    0.000010278.3447   13.9356
   -7.5000  -37.5000    0.000011161.7832   13.7338
    0.0000  -37.5000    0.000011685.4014   13.7416
    7.5000  -37.5000    0.000011089.3516   13.7105
   -7.5000  -30.0000    0.000012429.1934   13.6410
    0.0000  -30.0000    0.000013006.5879   13.6396
    7.5000  -30.0000    0.000012371.3877   13.6193
   -7.5000  -22.5000    0.000013714.3047   13.6372
    0.0000  -22.5000    0.000014378.7031   13.6314
    7.5000  -22.5000    0.000013691.9629   13.6168
   -7.5000  -15.0000    0.000014969.7529   13.6361
    0.0000  -15.0000    0.000015740.7334   13.6347
    7.5000  -15.0000    0.000014975.5400   13.6162
   -7.5000   -7.5000    0.000016316.5400   13.6410
    0.0000   -7.5000    0.000017191.9219   13.6487
    7.5000   -7.5000    0.000016304.1621   13.6209
   -7.5000    0.0000    0.000017424.0176   13.6439
    0.0000    0.0000    0.000018348.3750   13.6562
    7.5000    0.0000    0.000017400.2188   13.6219
   -7.5000    7.5000    0.000017188.2051   13.6427
    0.0000    7.5000    0.000018045.9434   13.6504
    7.5000    7.5000    0.000017143.8613   13.6196
   -7.5000   15.0000    0.000016667.5723   13.6410
    0.0000   15.0000    0.000017432.8711   13.6396
    7.5000   15.0000    0.000016519.6055   13.6192
   -7.5000   22.5000    0.000015908.9854   13.6309
    0.0000   22.5000    0.000016651.1543   13.6251
    7.5000   22.5000    0.000015677.3525   13.6106
   -7.5000   30.0000    0.000015005.6777   13.4596
    0.0000   30.0000    0.000015710.9629   13.4583
    7.5000   30.0000    0.000014676.7217   13.4400
   -7.5000   37.5000    0.000014536.0029   13.4645
    0.0000   37.5000    0.000015231.1611   13.4720
    7.5000   37.5000    0.000014171.3076   13.4446
   -7.5000   45.0000    0.000013446.2529   13.1512
    0.0000   45.0000    0.000014087.3467   13.1630
    7.5000   45.0000    0.000013152.4658   13.1299
   -7.5000  -45.0000    7.500010037.9229   13.9543
    0.0000  -45.0000    7.500010526.3311   13.9599
    7.5000  -45.0000    7.500010007.3213   13.9176
   -7.5000  -37.5000    7.500010796.3828   13.7276
    0.0000  -37.5000    7.500011335.3877   13.7301
    7.5000  -37.5000    7.500010811.4678   13.6923
   -7.5000  -30.0000    7.500012012.2861   13.6288
    0.0000  -30.0000    7.500012605.2031   13.6240
    7.5000  -30.0000    7.500012046.5938   13.5962
   -7.5000  -22.5000    7.500013271.3193   13.6233
    0.0000  -22.5000    7.500013937.4092   13.6137
    7.5000  -22.5000    7.500013319.6221   13.5904
   -7.5000  -15.0000    7.500014511.5391   13.6254
    0.0000  -15.0000    7.500015242.5693   13.6181
    7.5000  -15.0000    7.500014548.7012   13.5907
   -7.5000   -7.5000    7.500015903.6533   13.6355
    0.0000   -7.5000    7.500016819.2051   13.6353
    7.5000   -7.5000    7.500015838.8750   13.5996
   -7.5000    0.0000    7.500017296.3438   13.6413
    0.0000    0.0000    7.500018457.2266   13.6458
    7.5000    0.0000    7.500017016.9277   13.6046
   -7.5000    7.5000    7.500017291.5586   13.6366
    0.0000    7.5000    7.500018450.9648   13.6390
    7.5000    7.5000    7.500016869.3730   13.6015
   -7.5000   15.0000    7.500016716.1035   13.6287
    0.0000   15.0000    7.500017640.4551   13.6240
    7.5000   15.0000    7.500016177.0137   13.5962
   -7.5000   22.5000    7.500015783.8115   13.6171
    0.0000   22.5000    7.500016617.1816   13.6074
    7.5000   22.5000    7.500015228.8750   13.5842
   -7.5000   30.0000    7.500014767.4824   13.4491
    0.0000   30.0000    7.500015525.2793   13.4419
    7.5000   30.0000    7.500014247.8213   13.4149
   -7.5000   37.5000    7.500014223.2930   13.4590
    0.0000   37.5000    7.500014954.0664   13.4588
    7.5000   37.5000    7.500013806.0977   13.4236
   -7.5000   45.0000    7.500013116.6895   13.1486
    0.0000   45.0000    7.500013789.8037   13.1530
    7.5000   45.0000    7.500012821.1289   13.1133
   -7.5000  -45.0000   15.0000 9569.1172   13.9467
    0.0000  -45.0000   15.000010076.4932   13.9475
    7.5000  -45.0000   15.0000 9593.7588   13.9018
   -7.5000  -37.5000   15.000010299.8447   13.7218
    0.0000  -37.5000   15.000010844.2295   13.7219
    7.5000  -37.5000   15.000010341.2344   13.6808
   -7.5000  -30.0000   15.000011516.4238   13.6197
    0.0000  -30.0000   15.000012109.3135   13.6148
    7.5000  -30.0000   15.000011518.8994   13.5836
   -7.5000  -22.5000   15.000012839.3574   13.6099
    0.0000  -22.5000   15.000013468.1475   13.6002
    7.5000  -22.5000   15.000012753.5996   13.5736
   -7.5000  -15.0000   15.000014120.8926   13.6099
    0.0000  -15.0000   15.000014793.6055   13.6006
    7.5000  -15.0000   15.000013933.5938   13.5704
   -7.5000   -7.5000   15.000015479.4785   13.6229
    0.0000   -7.5000   15.000016325.6582   13.6182
    7.5000   -7.5000   15.000015157.2910   13.5797
   -7.5000    0.0000   15.000016784.0059   13.6340
    0.0000    0.0000   15.000017995.3516   13.6339
    7.5000    0.0000   15.000016287.7852   13.5895
   -7.5000    7.5000   15.000016713.9219   13.6308
    0.0000    7.5000   15.000017897.7773   13.6308
    7.5000    7.5000   15.000016144.3535   13.5902
   -7.5000   15.0000   15.000016089.4873   13.6197
    0.0000   15.0000   15.000017079.9707   13.6147
    7.5000   15.0000   15.000015520.0293   13.5835
   -7.5000   22.5000   15.000015150.4541   13.6037
    0.0000   22.5000   15.000016067.0527   13.5939
    7.5000   22.5000   15.000014641.9521   13.5673
   -7.5000   30.0000   15.000014163.4355   13.4337
    0.0000   30.0000   15.000014999.4443   13.4246
    7.5000   30.0000   15.000013712.3242   13.3948
   -7.5000   37.5000   15.000013598.4219   13.4466
    0.0000   37.5000   15.000014381.2656   13.4420
    7.5000   37.5000   15.000013263.1953   13.4040
   -7.5000   45.0000   15.000012528.1162   13.1416
    0.0000   45.0000   15.000013226.6133   13.1415
    7.5000   45.0000   15.000012292.5127   13.0987
   -7.5000  -45.0000   22.5000 9105.1309   13.9411
    0.0000  -45.0000   22.5000 9589.5410   13.9457
    7.5000  -45.0000   22.5000 9030.4961   13.9044
   -7.5000  -37.5000   22.5000 9858.3701   13.7209
    0.0000  -37.5000   22.500010354.2881   13.7244
    7.5000  -37.5000   22.5000 9746.6494   13.6876
   -7.5000  -30.0000   22.500011071.0107   13.6219
    0.0000  -30.0000   22.500011572.4658   13.6207
    7.5000  -30.0000   22.500010889.8789   13.5946
   -7.5000  -22.5000   22.500012317.5322   13.6098
    0.0000  -22.5000   22.500012845.4121   13.6050
    7.5000  -22.5000   22.500012068.4072   13.5846
   -7.5000  -15.0000   22.500013444.4277   13.6047
    0.0000  -15.0000   22.500014036.6533   13.6007
    7.5000  -15.0000   22.500013157.7529   13.5773
   -7.5000   -7.5000   22.500014601.0010   13.6151
    0.0000   -7.5000   22.500015353.2070   13.6152
    7.5000   -7.5000   22.500014294.9922   13.5824
   -7.5000    0.0000   22.500015692.3076   13.6284
    0.0000    0.0000   22.500016686.7109   13.6322
    7.5000    0.0000   22.500015351.4746   13.5921
   -7.5000    7.5000   22.500015428.7803   13.6300
    0.0000    7.5000   22.500016327.3379   13.6333
    7.5000    7.5000   22.500015110.2520   13.5969
   -7.5000   15.0000   22.500014877.5527   13.6219
    0.0000   15.0000   22.500015644.5469   13.6206
    7.5000   15.0000   22.500014569.4111   13.5945
   -7.5000   22.5000   22.500014174.0234   13.6035
    0.0000   22.5000   22.500014921.6279   13.5987
    7.5000   22.5000   22.500013845.8066   13.5784
   -7.5000   30.0000   22.500013366.8555   13.4286
    0.0000   30.0000   22.500014065.3252   13.4247
    7.5000   30.0000   22.500013028.0254   13.4015
   -7.5000   37.5000   22.500012870.7500   13.4389
    0.0000   37.5000   22.500013542.7373   13.4390
    7.5000   37.5000   22.500012571.4287   13.4066
   -7.5000   45.0000   22.500011877.2021   13.1362
    0.0000   45.0000   22.500012501.4463   13.1398
    7.5000   45.0000   22.500011649.7637   13.1012
   -7.5000  -45.0000   30.0000 8529.7471   14.0174
    0.0000  -45.0000   30.0000 8950.7754   14.0301
    7.5000  -45.0000   30.0000 8385.5234   13.9962
   -7.5000  -37.5000   30.0000 9247.7998   13.7980
    0.0000  -37.5000   30.0000 9678.5967   13.8070
    7.5000  -37.5000   30.0000 9076.7012   13.7771
   -7.5000  -30.0000   30.000010330.9443   13.7038
    0.0000  -30.0000   30.000010781.8213   13.7065
    7.5000  -30.0000   30.000010134.8760   13.6880
   -7.5000  -22.5000   30.000011411.8486   13.6934
    0.0000  -22.5000   30.000011888.8496   13.6931
    7.5000  -22.5000   30.000011212.1953   13.6815
   -7.5000  -15.0000   30.000012419.1621   13.6853
    0.0000  -15.0000   30.000012948.6533   13.6876
    7.5000  -15.0000   30.000012238.9775   13.6730
   -7.5000   -7.5000   30.000013470.7188   13.6908
    0.0000   -7.5000   30.000014137.6025   13.6990
    7.5000   -7.5000   30.000013312.5176   13.6741
   -7.5000    0.0000   30.000014426.9883   13.7012
    0.0000    0.0000   30.000015195.4795   13.7128
    7.5000    0.0000   30.000014264.9932   13.6798
   -7.5000    7.5000   30.000014149.0146   13.7061
    0.0000    7.5000   30.000014800.1104   13.7149
    7.5000    7.5000   30.000013969.4912   13.6853
   -7.5000   15.0000   30.000013702.1846   13.7037
    0.0000   15.0000   30.000014298.0547   13.7065
    7.5000   15.0000   30.000013514.8682   13.6880
   -7.5000   22.5000   30.000013119.8135   13.6871
    0.0000   22.5000   30.000013742.6553   13.6868
    7.5000   22.5000   30.000012882.0820   13.6752
   -7.5000   30.0000   30.000012469.7412   13.5082
    0.0000   30.0000   30.000013050.8193   13.5105
    7.5000   30.0000   30.000012204.2578   13.4961
   -7.5000   37.5000   30.000012036.8477   13.5136
    0.0000   37.5000   30.000012594.6152   13.5217
    7.5000   37.5000   30.000011772.0195   13.4971
   -7.5000   45.0000   30.000011096.5342   13.2064
    0.0000   45.0000   30.000011634.3262   13.2175
    7.5000   45.0000   30.000010877.6670   13.1857
   -7.5000  -45.0000   37.5000 8129.9839   14.2072
    0.0000  -45.0000   37.5000 8538.6660   14.2243
    7.5000  -45.0000   37.5000 8042.0078   14.1921
   -7.5000  -37.5000   37.5000 8824.1445   13.9806
    0.0000  -37.5000   37.5000 9243.1045   13.9917
    7.5000  -37.5000   37.5000 8724.6055   13.9634
   -7.5000  -30.0000   37.5000 9841.9873   13.8871
    0.0000  -30.0000   37.500010271.9619   13.8895
    7.5000  -30.0000   37.5000 9743.5195   13.8729
   -7.5000  -22.5000   37.500010865.8994   13.8805
    0.0000  -22.5000   37.500011309.4326   13.8791
    7.5000  -22.5000   37.500010767.3584   13.8696
   -7.5000  -15.0000   37.500011840.3232   13.8741
    0.0000  -15.0000   37.500012328.4336   13.8769
    7.5000  -15.0000   37.500011765.2656   13.8641
   -7.5000   -7.5000   37.500012869.7832   13.8770
    0.0000   -7.5000   37.500013465.8193   13.8884
    7.5000   -7.5000   37.500012816.6787   13.8651
   -7.5000    0.0000   37.500013774.0264   13.8826
    0.0000    0.0000   37.500014404.1504   13.8982
    7.5000    0.0000   37.500013683.0186   13.8669
   -7.5000    7.5000   37.500013498.9131   13.8863
    0.0000    7.5000   37.500014044.8477   13.8971
    7.5000    7.5000   37.500013375.3857   13.8692
   -7.5000   15.0000   37.500013085.9150   13.8870
    0.0000   15.0000   37.500013610.4629   13.8894
    7.5000   15.0000   37.500012944.7568   13.8729
   -7.5000   22.5000   37.500012567.9971   13.8741
    0.0000   22.5000   37.500013109.9678   13.8727
    7.5000   22.5000   37.500012406.4756   13.8632
   -7.5000   30.0000   37.500011997.7148   13.6945
    0.0000   30.0000   37.500012522.9053   13.6973
    7.5000   30.0000   37.500011795.0498   13.6847
   -7.5000   37.5000   37.500011606.8701   13.6974
    0.0000   37.5000   37.500012110.2178   13.7086
    7.5000   37.5000   37.500011386.9209   13.6857
   -7.5000   45.0000   37.500010699.4766   13.3812
    0.0000   45.0000   37.500011186.9258   13.3963
    7.5000   45.0000   37.500010506.5957   13.3661
   -7.5000  -45.0000   45.0000 7394.6919   14.4594
    0.0000  -45.0000   45.0000 7772.9492   14.4743
    7.5000  -45.0000   45.0000 7380.1128   14.4353
   -7.5000  -37.5000   45.0000 8032.2139   14.2189
    0.0000  -37.5000   45.0000 8422.5020   14.2276
    7.5000  -37.5000   45.0000 8011.4033   14.1931
   -7.5000  -30.0000   45.0000 8961.0645   14.1204
    0.0000  -30.0000   45.0000 9354.1230   14.1193
    7.5000  -30.0000   45.0000 8948.0889   14.0963
   -7.5000  -22.5000   45.0000 9919.4766   14.1174
    0.0000  -22.5000   45.000010329.5000   14.1117
    7.5000  -22.5000   45.0000 9906.6631   14.0947
   -7.5000  -15.0000   45.000010844.0332   14.1158
    0.0000  -15.0000   45.000011294.9463   14.1148
    7.5000  -15.0000   45.000010824.3252   14.0935
   -7.5000   -7.5000   45.000011794.7227   14.1194
    0.0000   -7.5000   45.000012319.5977   14.1279
    7.5000   -7.5000   45.000011771.3213   14.0969
   -7.5000    0.0000   45.000012588.9395   14.1213
    0.0000    0.0000   45.000013121.5674   14.1347
    7.5000    0.0000   45.000012537.5391   14.0968
   -7.5000    7.5000   45.000012339.5977   14.1206
    0.0000    7.5000   45.000012824.7646   14.1291
    7.5000    7.5000   45.000012253.2461   14.0950
   -7.5000   15.0000   45.000011975.8857   14.1204
    0.0000   15.0000   45.000012458.1816   14.1193
    7.5000   15.0000   45.000011875.5410   14.0963
   -7.5000   22.5000   45.000011511.4141   14.1109
    0.0000   22.5000   45.000012007.8320   14.1052
    7.5000   22.5000   45.000011406.3906   14.0882
   -7.5000   30.0000   45.000011012.3457   13.9319
    0.0000   30.0000   45.000011482.4473   13.9309
    7.5000   30.0000   45.000010864.9668   13.9099
   -7.5000   37.5000   45.000010678.4531   13.9354
    0.0000   37.5000   45.000011141.1738   13.9439
    7.5000   37.5000   45.000010514.8584   13.9133
   -7.5000   45.0000   45.0000 9830.1973   13.6175
    0.0000   45.0000   45.000010266.3545   13.6304
    7.5000   45.0000   45.0000 9692.8477   13.5938

---------------------------------------------------------------------
imgreg_4dfp /opt/freesurfer/average/711-2C_as_mni_average_305 /opt/freesurfer/average/711-2B_as_mni_average_305_mask talsrcimg_g11 none talsrcimg_to_711-2C_as_mni_average_305_t4 4355
---------------------------------------------------------------------

freesurfer imgreg_4dfp.c
/opt/freesurfer/average/711-2C_as_mni_average_305.4dfp.img
       256       256       256         1
  1.000000  1.000000  1.000000
orientation T byte_order littleendian
Reading image: /opt/freesurfer/average/711-2C_as_mni_average_305.4dfp.img
dimensions:      256       256       256
mmppix:       1.0000   -1.0000   -1.0000
center:     128.0000 -129.0000 -129.0000
/opt/freesurfer/average/711-2B_as_mni_average_305_mask.4dfp.img
       256       256       256         1
  1.000000  1.000000  1.000000
orientation T byte_order littleendian
Reading mask: /opt/freesurfer/average/711-2B_as_mni_average_305_mask.4dfp.img (2306576 pixels)
talsrcimg_g11.4dfp.img
       256       256       256         1
  1.000000  1.000000  1.000000
orientation T byte_order littleendian
Reading image: talsrcimg_g11.4dfp.img
dimensions:      256       256       256
mmppix:       1.0000   -1.0000   -1.0000
center:     128.0000 -129.0000 -129.0000
rotation matrix determinant  1.000000
image alignment mode   4355 decimal     1103 hex
   -7.5000  -45.0000  -37.5000 2096.8645   16.1382
    0.0000  -45.0000  -37.5000 2107.8816   16.2012
    7.5000  -45.0000  -37.5000 2093.6099   16.2152
   -7.5000  -37.5000  -37.5000 2209.2576   14.6217
    0.0000  -37.5000  -37.5000 2220.9033   14.6440
    7.5000  -37.5000  -37.5000 2204.2334   14.6712
   -7.5000  -30.0000  -37.5000 2302.8896   13.3918
    0.0000  -30.0000  -37.5000 2313.3394   13.4161
    7.5000  -30.0000  -37.5000 2296.0725   13.4400
   -7.5000  -22.5000  -37.5000 2375.8945   12.4515
    0.0000  -22.5000  -37.5000 2386.5476   12.4572
    7.5000  -22.5000  -37.5000 2371.4006   12.4930
   -7.5000  -15.0000  -37.5000 2436.8923   11.8124
    0.0000  -15.0000  -37.5000 2447.1101   11.7887
    7.5000  -15.0000  -37.5000 2427.2808   11.8783
   -7.5000   -7.5000  -37.5000 2464.0073   11.4905
    0.0000   -7.5000  -37.5000 2476.4246   11.4694
    7.5000   -7.5000  -37.5000 2458.7002   11.5786
   -7.5000    0.0000  -37.5000 2481.6426   11.3746
    0.0000    0.0000  -37.5000 2495.3562   11.3205
    7.5000    0.0000  -37.5000 2474.1003   11.4481
   -7.5000    7.5000  -37.5000 2487.9858   11.4895
    0.0000    7.5000  -37.5000 2498.0444   11.3920
    7.5000    7.5000  -37.5000 2480.9583   11.5209
   -7.5000   15.0000  -37.5000 2482.5039   11.7591
    0.0000   15.0000  -37.5000 2494.7932   11.6706
    7.5000   15.0000  -37.5000 2476.4055   11.7905
   -7.5000   22.5000  -37.5000 2457.0188   12.1903
    0.0000   22.5000  -37.5000 2467.4602   12.1197
    7.5000   22.5000  -37.5000 2448.6704   12.2320
   -7.5000   30.0000  -37.5000 2408.5417   12.8168
    0.0000   30.0000  -37.5000 2426.7346   12.7456
    7.5000   30.0000  -37.5000 2400.9749   12.8357
   -7.5000   37.5000  -37.5000 2340.5088   13.6114
    0.0000   37.5000  -37.5000 2360.2634   13.5882
    7.5000   37.5000  -37.5000 2337.2930   13.6550
   -7.5000   45.0000  -37.5000 2254.6924   14.6715
    0.0000   45.0000  -37.5000 2275.6238   14.6735
    7.5000   45.0000  -37.5000 2251.6882   14.7186
   -7.5000  -45.0000  -30.0000 2201.8875   15.7689
    0.0000  -45.0000  -30.0000 2213.9282   15.7803
    7.5000  -45.0000  -30.0000 2190.0061   15.8243
   -7.5000  -37.5000  -30.0000 2328.0012   14.2666
    0.0000  -37.5000  -30.0000 2341.2703   14.2545
    7.5000  -37.5000  -30.0000 2314.3879   14.3067
   -7.5000  -30.0000  -30.0000 2431.3894   13.0542
    0.0000  -30.0000  -30.0000 2445.5310   13.0304
    7.5000  -30.0000  -30.0000 2420.1609   13.0803
   -7.5000  -22.5000  -30.0000 2507.9414   12.0897
    0.0000  -22.5000  -30.0000 2523.0200   12.0440
    7.5000  -22.5000  -30.0000 2503.9607   12.1241
   -7.5000  -15.0000  -30.0000 2574.9492   11.4063
    0.0000  -15.0000  -30.0000 2591.8350   11.3355
    7.5000  -15.0000  -30.0000 2574.9736   11.4240
   -7.5000   -7.5000  -30.0000 2610.2734   11.0048
    0.0000   -7.5000  -30.0000 2621.0042   10.9557
    7.5000   -7.5000  -30.0000 2608.1995   11.0753
   -7.5000    0.0000  -30.0000 2636.4915   10.8698
    0.0000    0.0000  -30.0000 2645.4873   10.7867
    7.5000    0.0000  -30.0000 2630.3215   10.9289
   -7.5000    7.5000  -30.0000 2639.3591   10.9765
    0.0000    7.5000  -30.0000 2646.4197   10.8820
    7.5000    7.5000  -30.0000 2636.2563   10.9973
   -7.5000   15.0000  -30.0000 2628.6714   11.2330
    0.0000   15.0000  -30.0000 2640.1675   11.1348
    7.5000   15.0000  -30.0000 2626.3455   11.2522
   -7.5000   22.5000  -30.0000 2602.2334   11.6159
    0.0000   22.5000  -30.0000 2613.3630   11.5085
    7.5000   22.5000  -30.0000 2599.8970   11.6536
   -7.5000   30.0000  -30.0000 2556.3159   12.1761
    0.0000   30.0000  -30.0000 2575.4924   12.0783
    7.5000   30.0000  -30.0000 2554.1885   12.2263
   -7.5000   37.5000  -30.0000 2488.8459   12.9177
    0.0000   37.5000  -30.0000 2508.5327   12.8676
    7.5000   37.5000  -30.0000 2487.5940   12.9767
   -7.5000   45.0000  -30.0000 2398.4187   13.9521
    0.0000   45.0000  -30.0000 2416.0110   13.9068
    7.5000   45.0000  -30.0000 2394.8640   13.9972
   -7.5000  -45.0000  -22.5000 2275.3728   15.3589
    0.0000  -45.0000  -22.5000 2286.7544   15.3757
    7.5000  -45.0000  -22.5000 2262.2253   15.3992
   -7.5000  -37.5000  -22.5000 2408.4697   13.8835
    0.0000  -37.5000  -22.5000 2421.9543   13.8692
    7.5000  -37.5000  -22.5000 2394.2605   13.9122
   -7.5000  -30.0000  -22.5000 2522.8777   12.6673
    0.0000  -30.0000  -22.5000 2536.0195   12.6214
    7.5000  -30.0000  -22.5000 2505.1599   12.7216
   -7.5000  -22.5000  -22.5000 2604.8411   11.6661
    0.0000  -22.5000  -22.5000 2619.3159   11.5977
    7.5000  -22.5000  -22.5000 2599.4556   11.7242
   -7.5000  -15.0000  -22.5000 2679.4646   10.9571
    0.0000  -15.0000  -22.5000 2691.7944   10.8799
    7.5000  -15.0000  -22.5000 2675.6426   11.0007
   -7.5000   -7.5000  -22.5000 2721.0469   10.4694
    0.0000   -7.5000  -22.5000 2735.2820   10.4038
    7.5000   -7.5000  -22.5000 2718.8540   10.5274
   -7.5000    0.0000  -22.5000 2757.3049   10.2612
    0.0000    0.0000  -22.5000 2765.4968   10.1907
    7.5000    0.0000  -22.5000 2745.7715   10.3257
   -7.5000    7.5000  -22.5000 2764.1211   10.3554
    0.0000    7.5000  -22.5000 2769.4675   10.3065
    7.5000    7.5000  -22.5000 2754.6458   10.4334
   -7.5000   15.0000  -22.5000 2750.7896   10.6269
    0.0000   15.0000  -22.5000 2760.4758   10.5493
    7.5000   15.0000  -22.5000 2748.7539   10.6903
   -7.5000   22.5000  -22.5000 2727.7073   11.0161
    0.0000   22.5000  -22.5000 2737.3301   10.8791
    7.5000   22.5000  -22.5000 2726.2319   11.0686
   -7.5000   30.0000  -22.5000 2681.6555   11.5249
    0.0000   30.0000  -22.5000 2696.7122   11.3963
    7.5000   30.0000  -22.5000 2677.7727   11.5970
   -7.5000   37.5000  -22.5000 2611.2192   12.2280
    0.0000   37.5000  -22.5000 2624.2957   12.1344
    7.5000   37.5000  -22.5000 2604.5676   12.2830
   -7.5000   45.0000  -22.5000 2509.4854   13.2299
    0.0000   45.0000  -22.5000 2524.6790   13.1333
    7.5000   45.0000  -22.5000 2504.5664   13.2724
   -7.5000  -45.0000  -15.0000 2312.7849   14.9872
    0.0000  -45.0000  -15.0000 2323.8787   14.9947
    7.5000  -45.0000  -15.0000 2301.5881   15.0904
   -7.5000  -37.5000  -15.0000 2448.3379   13.5227
    0.0000  -37.5000  -15.0000 2457.4661   13.5049
    7.5000  -37.5000  -15.0000 2438.3772   13.5754
   -7.5000  -30.0000  -15.0000 2562.2043   12.3089
    0.0000  -30.0000  -15.0000 2575.7737   12.2689
    7.5000  -30.0000  -15.0000 2553.7170   12.3680
   -7.5000  -22.5000  -15.0000 2654.4399   11.2919
    0.0000  -22.5000  -15.0000 2666.9070   11.2284
    7.5000  -22.5000  -15.0000 2651.6538   11.3607
   -7.5000  -15.0000  -15.0000 2736.3005   10.5344
    0.0000  -15.0000  -15.0000 2748.4580   10.4665
    7.5000  -15.0000  -15.0000 2731.7898   10.6120
   -7.5000   -7.5000  -15.0000 2794.7625    9.9945
    0.0000   -7.5000  -15.0000 2805.8958    9.9364
    7.5000   -7.5000  -15.0000 2788.2573   10.0753
   -7.5000    0.0000  -15.0000 2828.2581    9.7348
    0.0000    0.0000  -15.0000 2840.3975    9.6663
    7.5000    0.0000  -15.0000 2822.0542    9.8343
   -7.5000    7.5000  -15.0000 2850.9185    9.7851
    0.0000    7.5000  -15.0000 2859.5254    9.7345
    7.5000    7.5000  -15.0000 2842.1560    9.8820
   -7.5000   15.0000  -15.0000 2845.2771   10.0647
    0.0000   15.0000  -15.0000 2852.9409    9.9866
    7.5000   15.0000  -15.0000 2841.4810   10.1570
   -7.5000   22.5000  -15.0000 2822.1238   10.4662
    0.0000   22.5000  -15.0000 2831.5964   10.3401
    7.5000   22.5000  -15.0000 2823.0762   10.5353
   -7.5000   30.0000  -15.0000 2770.8342   10.9621
    0.0000   30.0000  -15.0000 2784.5227   10.8114
    7.5000   30.0000  -15.0000 2771.1648   11.0175
   -7.5000   37.5000  -15.0000 2699.0237   11.6399
    0.0000   37.5000  -15.0000 2710.8311   11.5150
    7.5000   37.5000  -15.0000 2694.4065   11.6945
   -7.5000   45.0000  -15.0000 2596.1436   12.6047
    0.0000   45.0000  -15.0000 2606.5027   12.4929
    7.5000   45.0000  -15.0000 2589.1396   12.6573
   -7.5000  -45.0000   -7.5000 2325.5127   14.7029
    0.0000  -45.0000   -7.5000 2337.1858   14.6898
    7.5000  -45.0000   -7.5000 2315.9373   14.7962
   -7.5000  -37.5000   -7.5000 2459.3682   13.2177
    0.0000  -37.5000   -7.5000 2472.3623   13.1820
    7.5000  -37.5000   -7.5000 2452.1187   13.2937
   -7.5000  -30.0000   -7.5000 2573.2498   11.9979
    0.0000  -30.0000   -7.5000 2590.1416   11.9435
    7.5000  -30.0000   -7.5000 2572.2681   12.0752
   -7.5000  -22.5000   -7.5000 2670.5469   10.9919
    0.0000  -22.5000   -7.5000 2689.4055   10.9131
    7.5000  -22.5000   -7.5000 2673.4084   11.0728
   -7.5000  -15.0000   -7.5000 2756.9333   10.1975
    0.0000  -15.0000   -7.5000 2773.0381   10.1306
    7.5000  -15.0000   -7.5000 2761.2791   10.2934
   -7.5000   -7.5000   -7.5000 2833.5542    9.6566
    0.0000   -7.5000   -7.5000 2847.6504    9.5810
    7.5000   -7.5000   -7.5000 2836.5024    9.7508
   -7.5000    0.0000   -7.5000 2869.0044    9.3600
    0.0000    0.0000   -7.5000 2885.6653    9.2817
    7.5000    0.0000   -7.5000 2875.2273    9.4782
   -7.5000    7.5000   -7.5000 2898.3638    9.3398
    0.0000    7.5000   -7.5000 2914.4932    9.2560
    7.5000    7.5000   -7.5000 2899.9653    9.4572
   -7.5000   15.0000   -7.5000 2910.4150    9.5958
    0.0000   15.0000   -7.5000 2915.4707    9.4964
    7.5000   15.0000   -7.5000 2905.0649    9.7069
   -7.5000   22.5000   -7.5000 2889.3818   10.0143
    0.0000   22.5000   -7.5000 2902.3909    9.8827
    7.5000   22.5000   -7.5000 2888.6589   10.0789
   -7.5000   30.0000   -7.5000 2838.0994   10.5005
    0.0000   30.0000   -7.5000 2854.7810   10.3589
    7.5000   30.0000   -7.5000 2841.2058   10.5518
   -7.5000   37.5000   -7.5000 2761.7717   11.1314
    0.0000   37.5000   -7.5000 2778.0259   11.0155
    7.5000   37.5000   -7.5000 2761.3889   11.2078
   -7.5000   45.0000   -7.5000 2657.6460   12.0674
    0.0000   45.0000   -7.5000 2668.4797   11.9616
    7.5000   45.0000   -7.5000 2651.9446   12.1462
   -7.5000  -45.0000    0.0000 2321.0208   14.6162
    0.0000  -45.0000    0.0000 2333.6384   14.5498
    7.5000  -45.0000    0.0000 2316.8582   14.6726
   -7.5000  -37.5000    0.0000 2448.6589   13.0543
    0.0000  -37.5000    0.0000 2464.2424   12.9929
    7.5000  -37.5000    0.0000 2450.9121   13.1288
   -7.5000  -30.0000    0.0000 2561.7041   11.7979
    0.0000  -30.0000    0.0000 2575.3296   11.7421
    7.5000  -30.0000    0.0000 2564.2737   11.8850
   -7.5000  -22.5000    0.0000 2663.6292   10.7971
    0.0000  -22.5000    0.0000 2682.6660   10.7428
    7.5000  -22.5000    0.0000 2673.8264   10.8904
   -7.5000  -15.0000    0.0000 2753.3345   10.0077
    0.0000  -15.0000    0.0000 2772.8987    9.9491
    7.5000  -15.0000    0.0000 2771.2344   10.0939
   -7.5000   -7.5000    0.0000 2838.8862    9.5009
    0.0000   -7.5000    0.0000 2858.2107    9.4448
    7.5000   -7.5000    0.0000 2858.5354    9.5760
   -7.5000    0.0000    0.0000 2891.3594    9.2373
    0.0000    0.0000    0.0000 2911.9390    9.1949
    7.5000    0.0000    0.0000 2911.3835    9.3137
   -7.5000    7.5000    0.0000 2932.7974    9.1438
    0.0000    7.5000    0.0000 2950.9771    9.0927
    7.5000    7.5000    0.0000 2945.6716    9.2656
   -7.5000   15.0000    0.0000 2953.6775    9.3185
    0.0000   15.0000    0.0000 2961.3130    9.2403
    7.5000   15.0000    0.0000 2946.4551    9.4218
   -7.5000   22.5000    0.0000 2935.4773    9.7163
    0.0000   22.5000    0.0000 2946.3271    9.6438
    7.5000   22.5000    0.0000 2926.7219    9.7324
   -7.5000   30.0000    0.0000 2888.7292   10.1762
    0.0000   30.0000    0.0000 2904.4370   10.0839
    7.5000   30.0000    0.0000 2882.8730   10.1631
   -7.5000   37.5000    0.0000 2808.2842   10.8027
    0.0000   37.5000    0.0000 2827.1089   10.7165
    7.5000   37.5000    0.0000 2805.0728   10.7986
   -7.5000   45.0000    0.0000 2700.4006   11.7346
    0.0000   45.0000    0.0000 2717.1047   11.6467
    7.5000   45.0000    0.0000 2693.6296   11.7323
   -7.5000  -45.0000    7.5000 2298.2651   14.7179
    0.0000  -45.0000    7.5000 2315.1633   14.6508
    7.5000  -45.0000    7.5000 2305.3503   14.8079
   -7.5000  -37.5000    7.5000 2420.3577   13.0773
    0.0000  -37.5000    7.5000 2439.5837   13.0346
    7.5000  -37.5000    7.5000 2434.8337   13.2263
   -7.5000  -30.0000    7.5000 2530.4258   11.7714
    0.0000  -30.0000    7.5000 2544.7451   11.7277
    7.5000  -30.0000    7.5000 2545.1462   11.9197
   -7.5000  -22.5000    7.5000 2638.1235   10.7634
    0.0000  -22.5000    7.5000 2657.8923   10.7132
    7.5000  -22.5000    7.5000 2660.2261   10.8939
   -7.5000  -15.0000    7.5000 2736.4043   10.0221
    0.0000  -15.0000    7.5000 2756.0286    9.9674
    7.5000  -15.0000    7.5000 2766.7305   10.1107
   -7.5000   -7.5000    7.5000 2836.2283    9.5566
    0.0000   -7.5000    7.5000 2859.5010    9.5083
    7.5000   -7.5000    7.5000 2864.5613    9.5792
   -7.5000    0.0000    7.5000 2911.2375    9.3416
    0.0000    0.0000    7.5000 2940.0259    9.3281
    7.5000    0.0000    7.5000 2930.5388    9.2885
   -7.5000    7.5000    7.5000 2968.9277    9.2851
    0.0000    7.5000    7.5000 3007.1252    9.3106
    7.5000    7.5000    7.5000 2975.4119    9.2186
   -7.5000   15.0000    7.5000 2991.5676    9.3247
    0.0000   15.0000    7.5000 3010.6467    9.3100
    7.5000   15.0000    7.5000 2973.7837    9.2852
   -7.5000   22.5000    7.5000 2971.5571    9.5560
    0.0000   22.5000    7.5000 2990.3330    9.5081
    7.5000   22.5000    7.5000 2948.3262    9.5079
   -7.5000   30.0000    7.5000 2919.5527    9.9697
    0.0000   30.0000    7.5000 2937.4961    9.9215
    7.5000   30.0000    7.5000 2902.5864    9.9368
   -7.5000   37.5000    7.5000 2837.4102   10.6357
    0.0000   37.5000    7.5000 2855.2068   10.5651
    7.5000   37.5000    7.5000 2828.9790   10.6040
   -7.5000   45.0000    7.5000 2724.3689   11.5802
    0.0000   45.0000    7.5000 2740.5383   11.5056
    7.5000   45.0000    7.5000 2716.1428   11.5669
   -7.5000  -45.0000   15.0000 2263.8728   14.9651
    0.0000  -45.0000   15.0000 2285.8110   14.9283
    7.5000  -45.0000   15.0000 2285.0078   15.1418
   -7.5000  -37.5000   15.0000 2375.1592   13.3195
    0.0000  -37.5000   15.0000 2398.4158   13.2738
    7.5000  -37.5000   15.0000 2404.3896   13.4972
   -7.5000  -30.0000   15.0000 2487.5522   12.0592
    0.0000  -30.0000   15.0000 2508.2148   12.0031
    7.5000  -30.0000   15.0000 2514.1919   12.1678
   -7.5000  -22.5000   15.0000 2608.5776   11.1024
    0.0000  -22.5000   15.0000 2626.6516   11.0545
    7.5000  -22.5000   15.0000 2630.8635   11.1515
   -7.5000  -15.0000   15.0000 2718.0562   10.3571
    0.0000  -15.0000   15.0000 2737.7256   10.3144
    7.5000  -15.0000   15.0000 2737.1355   10.3611
   -7.5000   -7.5000   15.0000 2826.7107    9.8277
    0.0000   -7.5000   15.0000 2847.7427    9.7993
    7.5000   -7.5000   15.0000 2833.7844    9.7827
   -7.5000    0.0000   15.0000 2918.8594    9.5198
    0.0000    0.0000   15.0000 2949.0398    9.5465
    7.5000    0.0000   15.0000 2917.3718    9.4207
   -7.5000    7.5000   15.0000 2985.6987    9.3835
    0.0000    7.5000   15.0000 3025.1516    9.4510
    7.5000    7.5000   15.0000 2975.2700    9.2921
   -7.5000   15.0000   15.0000 3002.6785    9.3995
    0.0000   15.0000   15.0000 3030.2515    9.3959
    7.5000   15.0000   15.0000 2981.4341    9.3217
   -7.5000   22.5000   15.0000 2974.8706    9.5658
    0.0000   22.5000   15.0000 3001.4031    9.5262
    7.5000   22.5000   15.0000 2948.5969    9.5322
   -7.5000   30.0000   15.0000 2915.2810   10.0060
    0.0000   30.0000   15.0000 2938.5444    9.9563
    7.5000   30.0000   15.0000 2893.8152    9.9921
   -7.5000   37.5000   15.0000 2830.6663   10.6574
    0.0000   37.5000   15.0000 2846.9609   10.6193
    7.5000   37.5000   15.0000 2820.2146   10.6440
   -7.5000   45.0000   15.0000 2720.5593   11.5803
    0.0000   45.0000   15.0000 2735.4746   11.5198
    7.5000   45.0000   15.0000 2716.0723   11.5604
   -7.5000  -45.0000   22.5000 2226.8015   15.6152
    0.0000  -45.0000   22.5000 2254.6885   15.5852
    7.5000  -45.0000   22.5000 2252.7214   15.7206
   -7.5000  -37.5000   22.5000 2347.1365   13.9616
    0.0000  -37.5000   22.5000 2368.1582   13.9148
    7.5000  -37.5000   22.5000 2360.8423   14.0311
   -7.5000  -30.0000   22.5000 2464.2954   12.6498
    0.0000  -30.0000   22.5000 2478.8591   12.5992
    7.5000  -30.0000   22.5000 2472.1560   12.6891
   -7.5000  -22.5000   22.5000 2584.9775   11.6213
    0.0000  -22.5000   22.5000 2599.3503   11.5671
    7.5000  -22.5000   22.5000 2593.3474   11.6068
   -7.5000  -15.0000   22.5000 2692.2993   10.7734
    0.0000  -15.0000   22.5000 2709.4434   10.7172
    7.5000  -15.0000   22.5000 2702.3645   10.7367
   -7.5000   -7.5000   22.5000 2799.7095   10.1119
    0.0000   -7.5000   22.5000 2821.4912   10.0920
    7.5000   -7.5000   22.5000 2806.8271   10.0851
   -7.5000    0.0000   22.5000 2895.9272    9.7083
    0.0000    0.0000   22.5000 2924.4858    9.7361
    7.5000    0.0000   22.5000 2895.4292    9.6672
   -7.5000    7.5000   22.5000 2958.6777    9.4762
    0.0000    7.5000   22.5000 2996.6519    9.5059
    7.5000    7.5000   22.5000 2951.7163    9.4743
   -7.5000   15.0000   22.5000 2986.5842    9.4163
    0.0000   15.0000   22.5000 3010.3972    9.3464
    7.5000   15.0000   22.5000 2969.8401    9.4433
   -7.5000   22.5000   22.5000 2963.2173    9.6810
    0.0000   22.5000   22.5000 2984.2126    9.5798
    7.5000   22.5000   22.5000 2942.3650    9.7013
   -7.5000   30.0000   22.5000 2899.8469   10.2027
    0.0000   30.0000   22.5000 2919.5574   10.1217
    7.5000   30.0000   22.5000 2879.6553   10.2077
   -7.5000   37.5000   22.5000 2802.5959   10.9277
    0.0000   37.5000   22.5000 2816.2573   10.8666
    7.5000   37.5000   22.5000 2792.6233   10.9150
   -7.5000   45.0000   22.5000 2693.7922   11.8393
    0.0000   45.0000   22.5000 2704.3191   11.7636
    7.5000   45.0000   22.5000 2690.7446   11.7978
   -7.5000  -45.0000   30.0000 2188.9434   16.5088
    0.0000  -45.0000   30.0000 2215.8728   16.4893
    7.5000  -45.0000   30.0000 2203.2957   16.5399
   -7.5000  -37.5000   30.0000 2311.2029   14.7173
    0.0000  -37.5000   30.0000 2334.4956   14.6638
    7.5000  -37.5000   30.0000 2319.7712   14.7493
   -7.5000  -30.0000   30.0000 2426.2222   13.2829
    0.0000  -30.0000   30.0000 2446.0918   13.2202
    7.5000  -30.0000   30.0000 2429.8025   13.3072
   -7.5000  -22.5000   30.0000 2542.5510   12.1406
    0.0000  -22.5000   30.0000 2563.3330   12.0560
    7.5000  -22.5000   30.0000 2549.1436   12.1419
   -7.5000  -15.0000   30.0000 2654.9509   11.1908
    0.0000  -15.0000   30.0000 2673.5042   11.1084
    7.5000  -15.0000   30.0000 2665.9077   11.2052
   -7.5000   -7.5000   30.0000 2760.2424   10.4782
    0.0000   -7.5000   30.0000 2780.0325   10.4394
    7.5000   -7.5000   30.0000 2770.2600   10.5116
   -7.5000    0.0000   30.0000 2848.0205   10.0453
    0.0000    0.0000   30.0000 2872.5520   10.0359
    7.5000    0.0000   30.0000 2858.2476   10.0714
   -7.5000    7.5000   30.0000 2903.3447    9.7623
    0.0000    7.5000   30.0000 2933.0054    9.7124
    7.5000    7.5000   30.0000 2903.1318    9.8015
   -7.5000   15.0000   30.0000 2929.0032    9.7321
    0.0000   15.0000   30.0000 2949.4197    9.6164
    7.5000   15.0000   30.0000 2923.9258    9.7784
   -7.5000   22.5000   30.0000 2915.2212   10.0084
    0.0000   22.5000   30.0000 2936.9785    9.9088
    7.5000   22.5000   30.0000 2898.6821   10.0326
   -7.5000   30.0000   30.0000 2857.7029   10.5395
    0.0000   30.0000   30.0000 2879.1602   10.4382
    7.5000   30.0000   30.0000 2843.2268   10.5439
   -7.5000   37.5000   30.0000 2762.4976   11.2813
    0.0000   37.5000   30.0000 2775.6370   11.1861
    7.5000   37.5000   30.0000 2755.8208   11.2693
   -7.5000   45.0000   30.0000 2646.5020   12.2177
    0.0000   45.0000   30.0000 2659.8464   12.1327
    7.5000   45.0000   30.0000 2647.2170   12.1784
   -7.5000  -45.0000   37.5000 2134.0588   17.4811
    0.0000  -45.0000   37.5000 2160.4365   17.4316
    7.5000  -45.0000   37.5000 2151.7073   17.5153
   -7.5000  -37.5000   37.5000 2264.6992   15.4994
    0.0000  -37.5000   37.5000 2287.7373   15.4327
    7.5000  -37.5000   37.5000 2275.6770   15.5709
   -7.5000  -30.0000   37.5000 2381.5911   13.9511
    0.0000  -30.0000   37.5000 2402.8584   13.8307
    7.5000  -30.0000   37.5000 2389.5386   14.0240
   -7.5000  -22.5000   37.5000 2502.5447   12.7156
    0.0000  -22.5000   37.5000 2519.4565   12.5820
    7.5000  -22.5000   37.5000 2506.0520   12.7835
   -7.5000  -15.0000   37.5000 2609.8569   11.7156
    0.0000  -15.0000   37.5000 2624.4084   11.5996
    7.5000  -15.0000   37.5000 2617.2944   11.8078
   -7.5000   -7.5000   37.5000 2714.0889   11.0199
    0.0000   -7.5000   37.5000 2726.4187   10.9044
    7.5000   -7.5000   37.5000 2723.7639   11.0767
   -7.5000    0.0000   37.5000 2793.5461   10.5400
    0.0000    0.0000   37.5000 2811.7688   10.4583
    7.5000    0.0000   37.5000 2801.1509   10.5540
   -7.5000    7.5000   37.5000 2839.3796   10.2450
    0.0000    7.5000   37.5000 2859.4075   10.1121
    7.5000    7.5000   37.5000 2839.9746   10.2693
   -7.5000   15.0000   37.5000 2852.7593   10.2465
    0.0000   15.0000   37.5000 2868.5793   10.1157
    7.5000   15.0000   37.5000 2854.2812   10.2541
   -7.5000   22.5000   37.5000 2836.0352   10.5144
    0.0000   22.5000   37.5000 2858.0461   10.4179
    7.5000   22.5000   37.5000 2837.2109   10.5068
   -7.5000   30.0000   37.5000 2791.6917   11.0272
    0.0000   30.0000   37.5000 2809.4041   10.9320
    7.5000   30.0000   37.5000 2782.7756   11.0290
   -7.5000   37.5000   37.5000 2704.7224   11.7573
    0.0000   37.5000   37.5000 2718.7708   11.6664
    7.5000   37.5000   37.5000 2697.4180   11.7465
   -7.5000   45.0000   37.5000 2594.6599   12.7010
    0.0000   45.0000   37.5000 2608.5967   12.6157
    7.5000   45.0000   37.5000 2594.9487   12.6843
   -7.5000  -45.0000   45.0000 2070.8999   18.5344
    0.0000  -45.0000   45.0000 2094.8970   18.3753
    7.5000  -45.0000   45.0000 2096.1218   18.5927
   -7.5000  -37.5000   45.0000 2208.4934   16.4056
    0.0000  -37.5000   45.0000 2229.1606   16.2062
    7.5000  -37.5000   45.0000 2225.6226   16.4597
   -7.5000  -30.0000   45.0000 2326.2061   14.7300
    0.0000  -30.0000   45.0000 2345.6099   14.5278
    7.5000  -30.0000   45.0000 2339.6436   14.8217
   -7.5000  -22.5000   45.0000 2449.0798   13.4124
    0.0000  -22.5000   45.0000 2465.5247   13.2012
    7.5000  -22.5000   45.0000 2456.8477   13.5250
   -7.5000  -15.0000   45.0000 2553.2537   12.4192
    0.0000  -15.0000   45.0000 2567.2561   12.2258
    7.5000  -15.0000   45.0000 2561.1272   12.5104
   -7.5000   -7.5000   45.0000 2651.7822   11.6962
    0.0000   -7.5000   45.0000 2667.1021   11.5397
    7.5000   -7.5000   45.0000 2658.3313   11.7548
   -7.5000    0.0000   45.0000 2722.2080   11.1768
    0.0000    0.0000   45.0000 2741.1343   11.0037
    7.5000    0.0000   45.0000 2728.8252   11.2038
   -7.5000    7.5000   45.0000 2763.9392   10.8718
    0.0000    7.5000   45.0000 2778.2869   10.7149
    7.5000    7.5000   45.0000 2764.0906   10.8914
   -7.5000   15.0000   45.0000 2765.4312   10.8922
    0.0000   15.0000   45.0000 2780.1853   10.7478
    7.5000   15.0000   45.0000 2770.1814   10.8836
   -7.5000   22.5000   45.0000 2740.8755   11.1779
    0.0000   22.5000   45.0000 2764.6135   11.0526
    7.5000   22.5000   45.0000 2750.5972   11.1398
   -7.5000   30.0000   45.0000 2702.9624   11.6698
    0.0000   30.0000   45.0000 2719.3850   11.5480
    7.5000   30.0000   45.0000 2698.1641   11.6413
   -7.5000   37.5000   45.0000 2629.2144   12.3934
    0.0000   37.5000   45.0000 2641.6982   12.2756
    7.5000   37.5000   45.0000 2624.9456   12.3617
   -7.5000   45.0000   45.0000 2529.0334   13.3049
    0.0000   45.0000   45.0000 2538.4883   13.2136
    7.5000   45.0000   45.0000 2529.6338   13.2783
   -7.5000  -45.0000   52.5000 2008.4535   19.7924
    0.0000  -45.0000   52.5000 2031.8800   19.5097
    7.5000  -45.0000   52.5000 2034.0948   19.8543
   -7.5000  -37.5000   52.5000 2148.9648   17.4167
    0.0000  -37.5000   52.5000 2168.9529   17.1626
    7.5000  -37.5000   52.5000 2169.7939   17.5224
   -7.5000  -30.0000   52.5000 2267.2712   15.6419
    0.0000  -30.0000   52.5000 2286.5889   15.3616
    7.5000  -30.0000   52.5000 2282.4961   15.7527
   -7.5000  -22.5000   52.5000 2385.4580   14.2868
    0.0000  -22.5000   52.5000 2401.4653   14.0121
    7.5000  -22.5000   52.5000 2399.6011   14.3848
   -7.5000  -15.0000   52.5000 2484.3950   13.2775
    0.0000  -15.0000   52.5000 2498.3711   13.0322
    7.5000  -15.0000   52.5000 2497.7622   13.3417
   -7.5000   -7.5000   52.5000 2576.9463   12.5175
    0.0000   -7.5000   52.5000 2592.6799   12.2956
    7.5000   -7.5000   52.5000 2584.3513   12.5440
   -7.5000    0.0000   52.5000 2638.3313   11.9589
    0.0000    0.0000   52.5000 2658.8723   11.7406
    7.5000    0.0000   52.5000 2642.4529   11.9748
   -7.5000    7.5000   52.5000 2675.8958   11.6571
    0.0000    7.5000   52.5000 2689.5686   11.5037
    7.5000    7.5000   52.5000 2674.8494   11.6584
   -7.5000   15.0000   52.5000 2673.1887   11.6801
    0.0000   15.0000   52.5000 2689.7000   11.5363
    7.5000   15.0000   52.5000 2677.9932   11.6507
   -7.5000   22.5000   52.5000 2648.7336   11.9550
    0.0000   22.5000   52.5000 2670.3674   11.8468
    7.5000   22.5000   52.5000 2658.7061   11.9267
   -7.5000   30.0000   52.5000 2608.1743   12.4410
    0.0000   30.0000   52.5000 2628.2200   12.3179
    7.5000   30.0000   52.5000 2612.0139   12.4248
   -7.5000   37.5000   52.5000 2548.0852   13.1133
    0.0000   37.5000   52.5000 2565.5962   12.9913
    7.5000   37.5000   52.5000 2544.5237   13.0907
   -7.5000   45.0000   52.5000 2451.1611   14.0494
    0.0000   45.0000   52.5000 2464.5720   13.9473
    7.5000   45.0000   52.5000 2450.0435   14.0124

---------------------------------------------------------------------
imgreg_4dfp /opt/freesurfer/average/711-2C_as_mni_average_305 /opt/freesurfer/average/711-2B_as_mni_average_305_mask talsrcimg_g11 none talsrcimg_to_711-2C_as_mni_average_305_t4 1283
---------------------------------------------------------------------

freesurfer imgreg_4dfp.c
/opt/freesurfer/average/711-2C_as_mni_average_305.4dfp.img
       256       256       256         1
  1.000000  1.000000  1.000000
orientation T byte_order littleendian
Reading image: /opt/freesurfer/average/711-2C_as_mni_average_305.4dfp.img
dimensions:      256       256       256
mmppix:       1.0000   -1.0000   -1.0000
center:     128.0000 -129.0000 -129.0000
/opt/freesurfer/average/711-2B_as_mni_average_305_mask.4dfp.img
       256       256       256         1
  1.000000  1.000000  1.000000
orientation T byte_order littleendian
Reading mask: /opt/freesurfer/average/711-2B_as_mni_average_305_mask.4dfp.img (2306576 pixels)
talsrcimg_g11.4dfp.img
       256       256       256         1
  1.000000  1.000000  1.000000
orientation T byte_order littleendian
Reading image: talsrcimg_g11.4dfp.img
dimensions:      256       256       256
mmppix:       1.0000   -1.0000   -1.0000
center:     128.0000 -129.0000 -129.0000
rotation matrix determinant  1.000000
fimgreg.f
image alignment mode   1283 decimal      503 hex
parameters
    0.0000   15.0000   15.0000    0.0000    0.0000    0.0000
eta,q 0.95173  9.41287
niter,ni,del,rscale     5    3   12.0000    1.2000
parameter  4  1.215931 ->  0.500000 qaram    1.1500
parameters
   -0.9372   12.3728   14.1427   -3.4500    0.9539   -0.4901
eta,q 0.95798  9.34300
  0.0559  0.0489  0.0492  0.0407  0.0490  0.0452
  0.0517  0.0464  0.0471  0.0422  0.0456  0.0435
  0.0485  0.0454  0.0455  0.0433  0.0435  0.0422
  0.0483  0.0478  0.0453  0.0451  0.0425  0.0421
  0.0513  0.0510  0.0465  0.0474  0.0422  0.0428
  0.0564  0.0525  0.0489  0.0506  0.0436  0.0441
  0.0619  0.0563  0.0525  0.0550  0.0458  0.0466
niter,ni,del,rscale     5    3   12.0000    1.2000
parameter  4  1.679367 ->  0.500000 qaram    1.3225
parameters
   -1.1677   13.4122   14.1024   -7.4175    1.7474   -0.8073
eta,q 0.96160  9.30231
  0.0524  0.0532  0.0481  0.0371  0.0469  0.0429
  0.0486  0.0466  0.0452  0.0379  0.0431  0.0406
  0.0445  0.0434  0.0428  0.0401  0.0398  0.0389
  0.0420  0.0421  0.0420  0.0420  0.0384  0.0384
  0.0442  0.0424  0.0432  0.0439  0.0387  0.0393
  0.0494  0.0442  0.0453  0.0469  0.0404  0.0414
  0.0546  0.0466  0.0482  0.0507  0.0435  0.0438
niter,ni,del,rscale     5    3   12.0000    1.2000
parameters
   -1.6185   14.7038   13.7048  -10.6741    2.3462   -1.1376
eta,q 0.96387  9.34627
  0.0499  0.0522  0.0435  0.0400  0.0441  0.0408
  0.0446  0.0454  0.0409  0.0361  0.0405  0.0385
  0.0400  0.0404  0.0391  0.0369  0.0382  0.0367
  0.0384  0.0384  0.0383  0.0384  0.0365  0.0362
  0.0411  0.0384  0.0388  0.0407  0.0362  0.0371
  0.0477  0.0401  0.0415  0.0442  0.0385  0.0390
  0.0535  0.0437  0.0459  0.0481  0.0421  0.0421
niter,ni,del,rscale     4    3   12.0000    1.2000
parameters
   -1.8593   15.7297   13.2466  -11.0869    2.4545   -1.1794
eta,q 0.96348  9.35719
  0.0498  0.0522  0.0419  0.0445  0.0425  0.0404
  0.0436  0.0422  0.0391  0.0381  0.0397  0.0384
  0.0381  0.0364  0.0373  0.0357  0.0382  0.0371
  0.0361  0.0361  0.0368  0.0368  0.0366  0.0365
  0.0393  0.0374  0.0379  0.0383  0.0365  0.0369
  0.0455  0.0385  0.0402  0.0404  0.0392  0.0382
  0.0517  0.0422  0.0439  0.0447  0.0428  0.0408
niter,ni,del,rscale     3    3   12.0000    1.2000
parameters
   -1.9103   15.8385   13.2131  -11.1489    2.4944   -1.1849
eta,q 0.96347  9.35804
  0.0503  0.0476  0.0426  0.0454  0.0424  0.0403
  0.0441  0.0383  0.0395  0.0388  0.0397  0.0384
  0.0387  0.0353  0.0374  0.0355  0.0382  0.0372
  0.0365  0.0365  0.0366  0.0366  0.0366  0.0365
  0.0392  0.0376  0.0375  0.0381  0.0366  0.0368
  0.0448  0.0398  0.0395  0.0400  0.0393  0.0381
  0.0504  0.0447  0.0428  0.0441  0.0429  0.0407
niter,ni,del,rscale     2    3   12.0000    1.2000
parameters
   -1.9262   15.8455   13.2049  -11.1550    2.5074   -1.1841
eta,q 0.96348  9.35791
  0.0505  0.0471  0.0427  0.0455  0.0423  0.0403
  0.0442  0.0380  0.0395  0.0389  0.0397  0.0384
  0.0388  0.0353  0.0373  0.0354  0.0382  0.0372
  0.0365  0.0365  0.0365  0.0365  0.0365  0.0365
  0.0392  0.0376  0.0374  0.0381  0.0366  0.0368
  0.0447  0.0400  0.0395  0.0399  0.0394  0.0381
  0.0503  0.0449  0.0427  0.0440  0.0430  0.0406
registration optimization eta report
parameter search radius
    6.0000    6.0000    6.0000    7.9350    6.0000    6.0000
100000*second partial in parameter space
       37.       28.       17.       14.       17.       11.
  0.0505  0.0471  0.0427  0.0455  0.0423  0.0403
  0.0442  0.0380  0.0395  0.0389  0.0397  0.0384
  0.0388  0.0353  0.0373  0.0354  0.0382  0.0372
  0.0365  0.0365  0.0365  0.0365  0.0365  0.0365
  0.0392  0.0376  0.0374  0.0381  0.0366  0.0368
  0.0447  0.0400  0.0395  0.0399  0.0394  0.0381
  0.0503  0.0449  0.0427  0.0440  0.0430  0.0406
   -1.9262   15.8455   13.2049  -11.1550    2.5074   -1.1841
eta,q 0.96348  9.35791

---------------------------------------------------------------------
imgreg_4dfp /opt/freesurfer/average/711-2C_as_mni_average_305 /opt/freesurfer/average/711-2B_as_mni_average_305_mask talsrcimg_g11 none talsrcimg_to_711-2C_as_mni_average_305_t4 3335
---------------------------------------------------------------------

freesurfer imgreg_4dfp.c
/opt/freesurfer/average/711-2C_as_mni_average_305.4dfp.img
       256       256       256         1
  1.000000  1.000000  1.000000
orientation T byte_order littleendian
Reading image: /opt/freesurfer/average/711-2C_as_mni_average_305.4dfp.img
dimensions:      256       256       256
mmppix:       1.0000   -1.0000   -1.0000
center:     128.0000 -129.0000 -129.0000
/opt/freesurfer/average/711-2B_as_mni_average_305_mask.4dfp.img
       256       256       256         1
  1.000000  1.000000  1.000000
orientation T byte_order littleendian
Reading mask: /opt/freesurfer/average/711-2B_as_mni_average_305_mask.4dfp.img (2306576 pixels)
talsrcimg_g11.4dfp.img
       256       256       256         1
  1.000000  1.000000  1.000000
orientation T byte_order littleendian
Reading image: talsrcimg_g11.4dfp.img
dimensions:      256       256       256
mmppix:       1.0000   -1.0000   -1.0000
center:     128.0000 -129.0000 -129.0000
fimgreg.f
image alignment mode   3335 decimal      D07 hex
parameters
   -1.9262   15.8455   13.2049   -0.1171   -1.9277   -1.9832
    2.8737   -3.8915   -2.0646   19.4309    4.3749  -19.3278
eta,q 0.96588  9.43424
niter,ni,del,rscale     5    3    5.0000    1.2000
parameter  4  1.154599 ->  0.500000 qaram    1.1500
parameter  5  2.390114 ->  0.500000 qaram    1.1500
parameter  6  0.591929 ->  0.500000 qaram    1.1500
parameters
   -1.8328   16.5606   13.0314   -4.2571   -6.0677   -6.1232
    2.9172   -2.3372   -1.4280   17.9407    7.7887  -21.7565
eta,q 0.97589  9.19483
  0.0376  0.0368  0.0351  0.0291  0.0242  0.0251  0.0275  0.0301  0.0271  0.0267  0.0260  0.0248
  0.0357  0.0357  0.0344  0.0298  0.0251  0.0247  0.0260  0.0274  0.0258  0.0255  0.0253  0.0243
  0.0346  0.0348  0.0340  0.0312  0.0272  0.0248  0.0250  0.0256  0.0249  0.0246  0.0248  0.0241
  0.0341  0.0341  0.0339  0.0339  0.0301  0.0256  0.0247  0.0247  0.0245  0.0245  0.0245  0.0243
  0.0344  0.0339  0.0341  0.0379  0.0337  0.0269  0.0250  0.0245  0.0246  0.0252  0.0243  0.0248
  0.0355  0.0342  0.0347  0.0425  0.0369  0.0286  0.0259  0.0252  0.0252  0.0275  0.0243  0.0255
  0.0370  0.0349  0.0356  0.0469  0.0396  0.0310  0.0274  0.0268  0.0263  0.0304  0.0245  0.0265
niter,ni,del,rscale     7    3    5.0000    1.2000
parameters
   -1.5539   16.0854   12.2006   -7.6488   -9.7356   -6.2767
    3.2488   -2.7280   -1.1203   18.6828    7.9277  -24.8599
eta,q 0.97786  9.01982
  0.0277  0.0257  0.0244  0.0243  0.0238  0.0250  0.0253  0.0255  0.0246  0.0256  0.0234  0.0226
  0.0259  0.0245  0.0239  0.0234  0.0229  0.0238  0.0239  0.0238  0.0235  0.0241  0.0229  0.0222
  0.0247  0.0240  0.0238  0.0232  0.0225  0.0230  0.0229  0.0228  0.0228  0.0231  0.0225  0.0222
  0.0241  0.0241  0.0239  0.0238  0.0232  0.0225  0.0226  0.0225  0.0225  0.0225  0.0224  0.0224
  0.0242  0.0248  0.0245  0.0253  0.0252  0.0229  0.0227  0.0231  0.0227  0.0225  0.0225  0.0230
  0.0250  0.0260  0.0253  0.0283  0.0285  0.0240  0.0235  0.0244  0.0233  0.0231  0.0228  0.0238
  0.0264  0.0277  0.0265  0.0329  0.0321  0.0252  0.0248  0.0261  0.0243  0.0247  0.0233  0.0248
niter,ni,del,rscale     6    3    5.0000    1.2000
parameters
   -1.5021   16.2948   12.1279   -7.5574  -10.7342   -5.8200
    3.2717   -2.8154   -0.9388   19.3273    7.8082  -25.6249
eta,q 0.97791  9.02594
  0.0252  0.0249  0.0235  0.0252  0.0252  0.0251  0.0247  0.0254  0.0241  0.0251  0.0231  0.0233
  0.0236  0.0235  0.0228  0.0238  0.0235  0.0237  0.0233  0.0237  0.0231  0.0237  0.0226  0.0226
  0.0225  0.0226  0.0223  0.0227  0.0225  0.0227  0.0225  0.0225  0.0224  0.0227  0.0222  0.0222
  0.0221  0.0221  0.0221  0.0221  0.0221  0.0222  0.0222  0.0222  0.0222  0.0222  0.0221  0.0221
  0.0224  0.0223  0.0223  0.0223  0.0226  0.0225  0.0224  0.0227  0.0223  0.0222  0.0222  0.0224
  0.0234  0.0229  0.0228  0.0232  0.0245  0.0235  0.0233  0.0239  0.0229  0.0229  0.0226  0.0230
  0.0249  0.0241  0.0237  0.0256  0.0278  0.0245  0.0247  0.0255  0.0239  0.0244  0.0231  0.0238
niter,ni,del,rscale     5    3    5.0000    1.2000
parameters
   -1.4986   16.3515   12.1309   -7.4051  -11.0110   -5.5080
    3.2528   -2.8269   -0.8663   19.4556    7.7836  -25.8255
eta,q 0.97790  9.03904
  0.0250  0.0245  0.0236  0.0252  0.0257  0.0249  0.0246  0.0254  0.0240  0.0247  0.0231  0.0235
  0.0234  0.0232  0.0228  0.0238  0.0239  0.0236  0.0233  0.0237  0.0230  0.0234  0.0226  0.0227
  0.0224  0.0224  0.0223  0.0227  0.0227  0.0226  0.0224  0.0225  0.0223  0.0225  0.0222  0.0222
  0.0221  0.0221  0.0221  0.0221  0.0221  0.0221  0.0221  0.0221  0.0221  0.0221  0.0221  0.0221
  0.0224  0.0223  0.0222  0.0222  0.0223  0.0225  0.0224  0.0226  0.0223  0.0223  0.0222  0.0223
  0.0234  0.0230  0.0228  0.0232  0.0238  0.0235  0.0233  0.0238  0.0229  0.0231  0.0226  0.0228
  0.0250  0.0243  0.0237  0.0255  0.0268  0.0244  0.0246  0.0254  0.0239  0.0248  0.0231  0.0236
niter,ni,del,rscale     4    3    5.0000    1.2000
parameters
   -1.4958   16.3600   12.1538   -7.3814  -11.0918   -5.4183
    3.2391   -2.8284   -0.8453   19.4884    7.7859  -25.8500
eta,q 0.97790  9.04144
  0.0250  0.0244  0.0237  0.0252  0.0259  0.0248  0.0246  0.0254  0.0240  0.0247  0.0231  0.0236
  0.0234  0.0231  0.0229  0.0238  0.0240  0.0235  0.0233  0.0237  0.0230  0.0234  0.0226  0.0228
  0.0224  0.0224  0.0223  0.0226  0.0227  0.0225  0.0224  0.0225  0.0223  0.0225  0.0222  0.0223
  0.0221  0.0221  0.0221  0.0221  0.0221  0.0221  0.0221  0.0221  0.0221  0.0221  0.0221  0.0221
  0.0224  0.0223  0.0222  0.0223  0.0222  0.0226  0.0224  0.0226  0.0223  0.0223  0.0222  0.0223
  0.0234  0.0231  0.0228  0.0232  0.0236  0.0236  0.0233  0.0238  0.0229  0.0231  0.0226  0.0228
  0.0250  0.0244  0.0237  0.0256  0.0266  0.0245  0.0246  0.0254  0.0240  0.0248  0.0231  0.0236
niter,ni,del,rscale     3    3    5.0000    1.2000
parameters
   -1.4973   16.3612   12.1668   -7.3700  -11.1124   -5.3940
    3.2376   -2.8297   -0.8361   19.4929    7.7770  -25.8374
eta,q 0.97790  9.04207
  0.0250  0.0244  0.0237  0.0252  0.0259  0.0248  0.0246  0.0254  0.0240  0.0247  0.0231  0.0236
  0.0234  0.0231  0.0229  0.0238  0.0240  0.0235  0.0233  0.0237  0.0230  0.0234  0.0226  0.0228
  0.0224  0.0224  0.0223  0.0226  0.0228  0.0225  0.0224  0.0225  0.0223  0.0225  0.0222  0.0223
  0.0221  0.0221  0.0221  0.0221  0.0221  0.0221  0.0221  0.0221  0.0221  0.0221  0.0221  0.0221
  0.0224  0.0224  0.0223  0.0223  0.0222  0.0226  0.0224  0.0226  0.0223  0.0223  0.0222  0.0223
  0.0234  0.0231  0.0228  0.0233  0.0235  0.0236  0.0233  0.0238  0.0229  0.0231  0.0226  0.0228
  0.0250  0.0244  0.0237  0.0257  0.0265  0.0246  0.0246  0.0254  0.0240  0.0249  0.0231  0.0236
registration optimization eta report
parameter search radius
    2.4000    2.4000    2.4000    8.2800    8.2800    8.2800
    7.2000    7.2000    7.2000    7.2000    7.2000    7.2000
100000*second partial in parameter space
       50.       39.       28.        5.        6.        4.
        5.        6.        4.        5.        2.        3.
  0.0250  0.0244  0.0237  0.0252  0.0259  0.0248  0.0246  0.0254  0.0240  0.0247  0.0231  0.0236
  0.0234  0.0231  0.0229  0.0238  0.0240  0.0235  0.0233  0.0237  0.0230  0.0234  0.0226  0.0228
  0.0224  0.0224  0.0223  0.0226  0.0228  0.0225  0.0224  0.0225  0.0223  0.0225  0.0222  0.0223
  0.0221  0.0221  0.0221  0.0221  0.0221  0.0221  0.0221  0.0221  0.0221  0.0221  0.0221  0.0221
  0.0224  0.0224  0.0223  0.0223  0.0222  0.0226  0.0224  0.0226  0.0223  0.0223  0.0222  0.0223
  0.0234  0.0231  0.0228  0.0233  0.0235  0.0236  0.0233  0.0238  0.0229  0.0231  0.0226  0.0228
  0.0250  0.0244  0.0237  0.0257  0.0265  0.0246  0.0246  0.0254  0.0240  0.0249  0.0231  0.0236
   -1.4973   16.3612   12.1668   -7.3700  -11.1124   -5.3940
    3.2376   -2.8297   -0.8361   19.4929    7.7770  -25.8374
eta,q 0.97790  9.04207

---------------------------------------------------------------------
imgreg_4dfp /opt/freesurfer/average/711-2C_as_mni_average_305 /opt/freesurfer/average/711-2B_as_mni_average_305_mask talsrcimg_g11 none talsrcimg_to_711-2C_as_mni_average_305_t4 2311
---------------------------------------------------------------------

freesurfer imgreg_4dfp.c
/opt/freesurfer/average/711-2C_as_mni_average_305.4dfp.img
       256       256       256         1
  1.000000  1.000000  1.000000
orientation T byte_order littleendian
Reading image: /opt/freesurfer/average/711-2C_as_mni_average_305.4dfp.img
dimensions:      256       256       256
mmppix:       1.0000   -1.0000   -1.0000
center:     128.0000 -129.0000 -129.0000
/opt/freesurfer/average/711-2B_as_mni_average_305_mask.4dfp.img
       256       256       256         1
  1.000000  1.000000  1.000000
orientation T byte_order littleendian
Reading mask: /opt/freesurfer/average/711-2B_as_mni_average_305_mask.4dfp.img (2306576 pixels)
talsrcimg_g11.4dfp.img
       256       256       256         1
  1.000000  1.000000  1.000000
orientation T byte_order littleendian
Reading image: talsrcimg_g11.4dfp.img
dimensions:      256       256       256
mmppix:       1.0000   -1.0000   -1.0000
center:     128.0000 -129.0000 -129.0000
fimgreg.f
image alignment mode   2311 decimal      907 hex
parameters
   -1.4973   16.3612   12.1668   -7.3700  -11.1124   -5.3940
    3.2376   -2.8297   -0.8361   19.4929    7.7770  -25.8374
eta,q 0.97790  9.04207
niter,ni,del,rscale     5    3    5.0000    0.8000
parameters
   -1.4960   16.3636   12.2031   -6.7545  -10.4653   -5.5799
    3.2517   -2.8538   -0.8597   19.6980    7.7874  -25.5101
eta,q 0.97799  9.07970
  0.0234  0.0231  0.0229  0.0235  0.0236  0.0231  0.0232  0.0236  0.0229  0.0233  0.0225  0.0228
  0.0227  0.0226  0.0225  0.0228  0.0229  0.0226  0.0226  0.0228  0.0224  0.0226  0.0222  0.0224
  0.0223  0.0222  0.0222  0.0223  0.0224  0.0222  0.0222  0.0222  0.0221  0.0222  0.0221  0.0221
  0.0221  0.0221  0.0221  0.0221  0.0221  0.0220  0.0220  0.0220  0.0220  0.0220  0.0220  0.0220
  0.0223  0.0222  0.0222  0.0221  0.0220  0.0222  0.0221  0.0222  0.0221  0.0221  0.0221  0.0221
  0.0227  0.0226  0.0224  0.0224  0.0223  0.0227  0.0225  0.0228  0.0224  0.0224  0.0222  0.0223
  0.0234  0.0231  0.0228  0.0229  0.0230  0.0233  0.0232  0.0236  0.0229  0.0231  0.0225  0.0226
niter,ni,del,rscale     4    3    5.0000    0.7000
parameters
   -1.4998   16.3641   12.1153   -6.7951  -10.2869   -5.6359
    3.2624   -2.8531   -0.8961   19.7463    7.8085  -25.5470
eta,q 0.97801  9.08349
  0.0230  0.0228  0.0225  0.0229  0.0231  0.0229  0.0229  0.0233  0.0227  0.0229  0.0224  0.0225
  0.0225  0.0224  0.0222  0.0224  0.0226  0.0224  0.0224  0.0226  0.0223  0.0224  0.0222  0.0222
  0.0221  0.0221  0.0221  0.0221  0.0222  0.0221  0.0221  0.0221  0.0221  0.0221  0.0220  0.0220
  0.0220  0.0220  0.0220  0.0220  0.0220  0.0220  0.0220  0.0220  0.0220  0.0220  0.0220  0.0220
  0.0221  0.0221  0.0221  0.0221  0.0220  0.0221  0.0221  0.0222  0.0221  0.0221  0.0220  0.0221
  0.0225  0.0224  0.0223  0.0224  0.0223  0.0225  0.0224  0.0226  0.0223  0.0224  0.0222  0.0222
  0.0231  0.0228  0.0227  0.0229  0.0230  0.0230  0.0229  0.0232  0.0227  0.0229  0.0224  0.0225
niter,ni,del,rscale     3    3    5.0000    0.6000
parameters
   -1.4997   16.3561   12.0951   -6.8136  -10.1682   -5.6404
    3.2803   -2.8637   -0.9103   19.8212    7.8150  -25.5376
eta,q 0.97802  9.08768
  0.0228  0.0226  0.0224  0.0226  0.0228  0.0227  0.0227  0.0229  0.0225  0.0227  0.0223  0.0224
  0.0223  0.0223  0.0222  0.0223  0.0224  0.0223  0.0223  0.0224  0.0222  0.0223  0.0221  0.0222
  0.0221  0.0221  0.0220  0.0221  0.0221  0.0221  0.0221  0.0221  0.0220  0.0221  0.0220  0.0220
  0.0220  0.0220  0.0220  0.0220  0.0220  0.0220  0.0220  0.0220  0.0220  0.0220  0.0220  0.0220
  0.0221  0.0221  0.0220  0.0221  0.0220  0.0221  0.0221  0.0221  0.0220  0.0221  0.0220  0.0220
  0.0223  0.0223  0.0222  0.0223  0.0223  0.0223  0.0223  0.0224  0.0222  0.0223  0.0221  0.0221
  0.0228  0.0226  0.0224  0.0226  0.0228  0.0227  0.0227  0.0229  0.0225  0.0227  0.0223  0.0224
niter,ni,del,rscale     2    3    5.0000    0.5000
parameters
   -1.5013   16.3570   12.0870   -6.8337  -10.0458   -5.6285
    3.2964   -2.8660   -0.9110   19.8803    7.8167  -25.5012
eta,q 0.97802  9.09209
  0.0225  0.0224  0.0223  0.0224  0.0225  0.0225  0.0225  0.0227  0.0223  0.0225  0.0222  0.0222
  0.0222  0.0222  0.0221  0.0222  0.0223  0.0222  0.0222  0.0223  0.0221  0.0222  0.0221  0.0221
  0.0221  0.0220  0.0220  0.0220  0.0221  0.0221  0.0220  0.0221  0.0220  0.0221  0.0220  0.0220
  0.0220  0.0220  0.0220  0.0220  0.0220  0.0220  0.0220  0.0220  0.0220  0.0220  0.0220  0.0220
  0.0220  0.0220  0.0220  0.0220  0.0220  0.0220  0.0220  0.0221  0.0220  0.0220  0.0220  0.0220
  0.0222  0.0222  0.0221  0.0222  0.0222  0.0222  0.0222  0.0223  0.0221  0.0222  0.0221  0.0221
  0.0225  0.0224  0.0223  0.0224  0.0225  0.0225  0.0225  0.0227  0.0223  0.0224  0.0222  0.0222
niter,ni,del,rscale     1    3    5.0000    0.4000
parameters
   -1.5004   16.3506   12.0828   -6.8705   -9.9387   -5.5979
    3.3110   -2.8642   -0.9073   19.9123    7.7980  -25.4616
eta,q 0.97803  9.09567
  0.0223  0.0223  0.0222  0.0223  0.0223  0.0223  0.0223  0.0224  0.0222  0.0223  0.0221  0.0222
  0.0221  0.0221  0.0221  0.0221  0.0222  0.0221  0.0221  0.0222  0.0221  0.0221  0.0220  0.0221
  0.0220  0.0220  0.0220  0.0220  0.0220  0.0220  0.0220  0.0220  0.0220  0.0220  0.0220  0.0220
  0.0220  0.0220  0.0220  0.0220  0.0220  0.0220  0.0220  0.0220  0.0220  0.0220  0.0220  0.0220
  0.0220  0.0220  0.0220  0.0220  0.0220  0.0220  0.0220  0.0220  0.0220  0.0220  0.0220  0.0220
  0.0221  0.0221  0.0221  0.0221  0.0221  0.0221  0.0221  0.0222  0.0221  0.0221  0.0220  0.0220
  0.0223  0.0223  0.0222  0.0223  0.0223  0.0223  0.0223  0.0224  0.0222  0.0223  0.0221  0.0221
registration optimization eta report
parameter search radius
    0.8000    0.8000    0.8000    2.4000    2.4000    2.4000
    2.4000    2.4000    2.4000    2.4000    2.4000    2.4000
100000*second partial in parameter space
       54.       43.       29.        5.        6.        6.
        5.        8.        4.        5.        2.        3.
  0.0223  0.0223  0.0222  0.0223  0.0223  0.0223  0.0223  0.0224  0.0222  0.0223  0.0221  0.0222
  0.0221  0.0221  0.0221  0.0221  0.0222  0.0221  0.0221  0.0222  0.0221  0.0221  0.0220  0.0221
  0.0220  0.0220  0.0220  0.0220  0.0220  0.0220  0.0220  0.0220  0.0220  0.0220  0.0220  0.0220
  0.0220  0.0220  0.0220  0.0220  0.0220  0.0220  0.0220  0.0220  0.0220  0.0220  0.0220  0.0220
  0.0220  0.0220  0.0220  0.0220  0.0220  0.0220  0.0220  0.0220  0.0220  0.0220  0.0220  0.0220
  0.0221  0.0221  0.0221  0.0221  0.0221  0.0221  0.0221  0.0222  0.0221  0.0221  0.0220  0.0220
  0.0223  0.0223  0.0222  0.0223  0.0223  0.0223  0.0223  0.0224  0.0222  0.0223  0.0221  0.0221
   -1.5004   16.3506   12.0828   -6.8705   -9.9387   -5.5979
    3.3110   -2.8642   -0.9073   19.9123    7.7980  -25.4616
eta,q 0.97803  9.09567

---------------------------------------------------------------------
imgreg_4dfp /opt/freesurfer/average/711-2C_as_mni_average_305 /opt/freesurfer/average/711-2B_as_mni_average_305_mask talsrcimg_g11 none talsrcimg_to_711-2C_as_mni_average_305_t4 2311
---------------------------------------------------------------------

freesurfer imgreg_4dfp.c
/opt/freesurfer/average/711-2C_as_mni_average_305.4dfp.img
       256       256       256         1
  1.000000  1.000000  1.000000
orientation T byte_order littleendian
Reading image: /opt/freesurfer/average/711-2C_as_mni_average_305.4dfp.img
dimensions:      256       256       256
mmppix:       1.0000   -1.0000   -1.0000
center:     128.0000 -129.0000 -129.0000
/opt/freesurfer/average/711-2B_as_mni_average_305_mask.4dfp.img
       256       256       256         1
  1.000000  1.000000  1.000000
orientation T byte_order littleendian
Reading mask: /opt/freesurfer/average/711-2B_as_mni_average_305_mask.4dfp.img (2306576 pixels)
talsrcimg_g11.4dfp.img
       256       256       256         1
  1.000000  1.000000  1.000000
orientation T byte_order littleendian
Reading image: talsrcimg_g11.4dfp.img
dimensions:      256       256       256
mmppix:       1.0000   -1.0000   -1.0000
center:     128.0000 -129.0000 -129.0000
fimgreg.f
image alignment mode   2311 decimal      907 hex
parameters
   -1.5004   16.3506   12.0828   -6.8705   -9.9387   -5.5979
    3.3110   -2.8642   -0.9073   19.9123    7.7980  -25.4616
eta,q 0.97803  9.09567
niter,ni,del,rscale     5    3    5.0000    0.8000
parameters
   -1.4990   16.3407   12.0646   -6.9050  -10.3835   -5.6154
    3.2771   -2.8580   -0.8937   19.6787    7.8217  -25.6251
eta,q 0.97800  9.07715
  0.0233  0.0231  0.0227  0.0231  0.0231  0.0232  0.0232  0.0236  0.0229  0.0231  0.0225  0.0226
  0.0226  0.0225  0.0223  0.0225  0.0225  0.0226  0.0225  0.0228  0.0224  0.0225  0.0222  0.0223
  0.0221  0.0221  0.0221  0.0221  0.0222  0.0222  0.0221  0.0222  0.0221  0.0221  0.0221  0.0221
  0.0220  0.0220  0.0220  0.0220  0.0220  0.0220  0.0220  0.0220  0.0220  0.0220  0.0220  0.0220
  0.0221  0.0221  0.0221  0.0221  0.0221  0.0222  0.0221  0.0222  0.0221  0.0221  0.0221  0.0221
  0.0226  0.0225  0.0223  0.0225  0.0227  0.0226  0.0225  0.0228  0.0224  0.0226  0.0222  0.0223
  0.0233  0.0231  0.0227  0.0232  0.0239  0.0232  0.0232  0.0236  0.0229  0.0234  0.0225  0.0227
niter,ni,del,rscale     4    3    5.0000    0.7000
parameters
   -1.4977   16.3519   12.1008   -6.8121  -10.3072   -5.6445
    3.2786   -2.8612   -0.8895   19.7622    7.7926  -25.5726
eta,q 0.97801  9.08230
  0.0230  0.0228  0.0226  0.0229  0.0230  0.0229  0.0229  0.0233  0.0227  0.0229  0.0224  0.0225
  0.0225  0.0224  0.0223  0.0224  0.0225  0.0225  0.0224  0.0226  0.0223  0.0225  0.0222  0.0222
  0.0221  0.0221  0.0221  0.0221  0.0222  0.0221  0.0221  0.0221  0.0221  0.0221  0.0220  0.0221
  0.0220  0.0220  0.0220  0.0220  0.0220  0.0220  0.0220  0.0220  0.0220  0.0220  0.0220  0.0220
  0.0221  0.0221  0.0220  0.0221  0.0220  0.0221  0.0221  0.0222  0.0221  0.0221  0.0220  0.0221
  0.0225  0.0224  0.0222  0.0224  0.0224  0.0225  0.0224  0.0226  0.0223  0.0224  0.0222  0.0222
  0.0230  0.0228  0.0225  0.0228  0.0231  0.0230  0.0229  0.0233  0.0227  0.0229  0.0224  0.0225
niter,ni,del,rscale     3    3    5.0000    0.6000
parameters
   -1.4983   16.3590   12.0910   -6.8118  -10.1729   -5.6344
    3.2876   -2.8653   -0.9052   19.8234    7.8042  -25.5402
eta,q 0.97802  9.08796
  0.0228  0.0226  0.0224  0.0226  0.0228  0.0227  0.0227  0.0229  0.0225  0.0227  0.0223  0.0224
  0.0223  0.0223  0.0222  0.0223  0.0224  0.0223  0.0223  0.0224  0.0222  0.0223  0.0221  0.0222
  0.0221  0.0221  0.0220  0.0221  0.0221  0.0221  0.0221  0.0221  0.0220  0.0221  0.0220  0.0220
  0.0220  0.0220  0.0220  0.0220  0.0220  0.0220  0.0220  0.0220  0.0220  0.0220  0.0220  0.0220
  0.0221  0.0221  0.0220  0.0221  0.0220  0.0221  0.0221  0.0221  0.0220  0.0221  0.0220  0.0220
  0.0223  0.0223  0.0222  0.0223  0.0222  0.0223  0.0223  0.0224  0.0222  0.0223  0.0221  0.0221
  0.0228  0.0226  0.0224  0.0226  0.0227  0.0227  0.0227  0.0229  0.0225  0.0227  0.0223  0.0224
niter,ni,del,rscale     2    3    5.0000    0.5000
parameters
   -1.4993   16.3570   12.0875   -6.8391  -10.0425   -5.6242
    3.2926   -2.8645   -0.9114   19.8818    7.8023  -25.5094
eta,q 0.97802  9.09218
  0.0225  0.0224  0.0223  0.0224  0.0225  0.0225  0.0225  0.0227  0.0223  0.0225  0.0222  0.0222
  0.0222  0.0222  0.0221  0.0222  0.0223  0.0222  0.0222  0.0223  0.0221  0.0222  0.0221  0.0221
  0.0220  0.0220  0.0220  0.0220  0.0221  0.0221  0.0220  0.0221  0.0220  0.0221  0.0220  0.0220
  0.0220  0.0220  0.0220  0.0220  0.0220  0.0220  0.0220  0.0220  0.0220  0.0220  0.0220  0.0220
  0.0220  0.0220  0.0220  0.0220  0.0220  0.0220  0.0220  0.0221  0.0220  0.0220  0.0220  0.0220
  0.0222  0.0222  0.0221  0.0222  0.0222  0.0222  0.0222  0.0223  0.0221  0.0222  0.0221  0.0221
  0.0225  0.0224  0.0223  0.0224  0.0225  0.0225  0.0225  0.0227  0.0224  0.0225  0.0222  0.0222
niter,ni,del,rscale     1    3    5.0000    0.4000
parameters
   -1.5006   16.3494   12.0847   -6.8659   -9.9367   -5.5975
    3.3176   -2.8623   -0.9191   19.9142    7.7958  -25.4594
eta,q 0.97802  9.09590
  0.0223  0.0223  0.0222  0.0223  0.0223  0.0223  0.0223  0.0224  0.0222  0.0223  0.0221  0.0222
  0.0221  0.0221  0.0221  0.0221  0.0222  0.0221  0.0221  0.0222  0.0221  0.0221  0.0220  0.0221
  0.0220  0.0220  0.0220  0.0220  0.0220  0.0220  0.0220  0.0220  0.0220  0.0220  0.0220  0.0220
  0.0220  0.0220  0.0220  0.0220  0.0220  0.0220  0.0220  0.0220  0.0220  0.0220  0.0220  0.0220
  0.0220  0.0220  0.0220  0.0220  0.0220  0.0220  0.0220  0.0220  0.0220  0.0220  0.0220  0.0220
  0.0221  0.0221  0.0221  0.0221  0.0221  0.0221  0.0221  0.0222  0.0221  0.0221  0.0220  0.0220
  0.0223  0.0223  0.0222  0.0223  0.0223  0.0223  0.0223  0.0224  0.0222  0.0223  0.0221  0.0221
registration optimization eta report
parameter search radius
    0.8000    0.8000    0.8000    2.4000    2.4000    2.4000
    2.4000    2.4000    2.4000    2.4000    2.4000    2.4000
100000*second partial in parameter space
       54.       44.       28.        5.        6.        6.
        5.        8.        4.        5.        2.        3.
  0.0223  0.0223  0.0222  0.0223  0.0223  0.0223  0.0223  0.0224  0.0222  0.0223  0.0221  0.0222
  0.0221  0.0221  0.0221  0.0221  0.0222  0.0221  0.0221  0.0222  0.0221  0.0221  0.0220  0.0221
  0.0220  0.0220  0.0220  0.0220  0.0220  0.0220  0.0220  0.0220  0.0220  0.0220  0.0220  0.0220
  0.0220  0.0220  0.0220  0.0220  0.0220  0.0220  0.0220  0.0220  0.0220  0.0220  0.0220  0.0220
  0.0220  0.0220  0.0220  0.0220  0.0220  0.0220  0.0220  0.0220  0.0220  0.0220  0.0220  0.0220
  0.0221  0.0221  0.0221  0.0221  0.0221  0.0221  0.0221  0.0222  0.0221  0.0221  0.0220  0.0220
  0.0223  0.0223  0.0222  0.0223  0.0223  0.0223  0.0223  0.0224  0.0222  0.0223  0.0221  0.0221
   -1.5006   16.3494   12.0847   -6.8659   -9.9367   -5.5975
    3.3176   -2.8623   -0.9191   19.9142    7.7958  -25.4594
eta,q 0.97802  9.09590

---------------------------------------------------------------------
compute_vox2vox talsrcimg talsrcimg_to_711-2C_as_mni_average_305_t4 /opt/freesurfer/average/711-2C_as_mni_average_305
---------------------------------------------------------------------

freesurfer compute_vox2vox.c
Reading: talsrcimg.4dfp.ifh
Reading: talsrcimg_to_711-2C_as_mni_average_305_t4
Reading: /opt/freesurfer/average/711-2C_as_mni_average_305.4dfp.ifh
Writing: talsrcimg_to_711-2C_as_mni_average_305_t4_vox2vox.txt

start time Wed Mar 11 20:51:58 CET 2026
end		time Wed Mar 11 20:53:24 CET 2026

mpr2mni305 success

avi2talxfm orig_nu.mgz /opt/freesurfer/average/mni305.cor.mgz talsrcimg_to_711-2C_as_mni_average_305_t4_vox2vox.txt transforms/talairach.auto.xfm
avi2talxfm done
mv -f /out/sourcedata/freesurfer/sub-v1s0x0050654_ses-1/mri/talsrcimg_to_711-2C_as_mni_average_305_t4_vox2vox.txt /out/sourcedata/freesurfer/sub-v1s0x0050654_ses-1/mri/transforms/talsrcimg_to_711-2C_as_mni_average_305_t4_vox2vox.txt
lta_convert --src orig_nu.mgz --trg /opt/freesurfer/average/mni305.cor.mgz --inxfm transforms/talairach.auto.xfm --outlta transforms/talairach.auto.xfm.lta --subject fsaverage
7.3.2

--src: orig_nu.mgz src image (geometry).
--trg: /opt/freesurfer/average/mni305.cor.mgz trg image (geometry).
--inmni: transforms/talairach.auto.xfm input MNI/XFM transform.
--outlta: transforms/talairach.auto.xfm.lta output LTA.
--s: fsaverage subject name
 LTA read, type : 1
 1.07022   0.03847  -0.02855   0.34685;
-0.08063   0.99678   0.28474  -14.92416;
 0.02875  -0.22001   1.04708  -21.73282;
 0.00000   0.00000   0.00000   1.00000;
setting subject to fsaverage
Writing  LTA to file transforms/talairach.auto.xfm.lta...
lta_convert successful.
 
 
Started at Wed Mar 11 20:51:57 CET 2026
Ended   at Wed Mar 11 20:53:24 CET 2026
talairach_avi done
