/out/sourcedata/freesurfer/sub-v1s0x0050659_ses-1/mri
/opt/freesurfer/bin/talairach_avi
--i orig_nu.mgz --xfm transforms/talairach.auto.xfm
talairach_avi 7.3.2
Linux dna056 5.14.0-427.37.1.el9_4.x86_64 #1 SMP PREEMPT_DYNAMIC Fri Sep 13 12:41:50 EDT 2024 x86_64 x86_64 x86_64 GNU/Linux
Wed Mar 11 20:58:04 CET 2026
mri_convert orig_nu.mgz talsrcimg.img 
reading from orig_nu.mgz...
TR=0.00, TE=0.00, TI=0.00, flip angle=0.00
i_ras = (-1, 0, 0)
j_ras = (0, 0, -1)
k_ras = (0, 1, 0)
writing to talsrcimg.img...
Analyze Output Matrix
-1.00000   0.00000   0.00000   127.50000;
 0.00000   0.00000   1.00000  -128.00000;
 0.00000  -1.00000   0.00000   130.00000;
 0.00000   0.00000   0.00000   1.00000;
--------------------
INFO: set hdr.hist.orient to -1
mpr2mni305 talsrcimg
Wed Mar 11 20:58:05 CET 2026
/opt/freesurfer/bin/mpr2mni305 talsrcimg
mpr2mni305 7.3.2
target=711-2C_as_mni_average_305

---------------------------------------------------------------------
analyzeto4dfp talsrcimg -O0 -y
---------------------------------------------------------------------

freesurfer ifh2hdr.c
Wed Mar 11 20:58:05 2026
Writing: talsrcimg.4dfp.hdr
freesurfer analyzeto4dfp.c
Reading: talsrcimg.hdr
header size 348 bytes
hdr.dime.datatype	offset=70	value=2
hdr.dime.bitpix		offset=72	value=8
hdr.hist.orient		offset=252	value=-1
dimensionality     4
dimensions       256       256       256         1
Reading: talsrcimg.img
Writing: talsrcimg.4dfp.img
Writing: talsrcimg.4dfp.ifh
ifh2hdr talsrcimg -r0to255
ori=2

---------------------------------------------------------------------
gauss_4dfp talsrcimg 1.1
---------------------------------------------------------------------

freesurfer gauss_4dfp.c
Reading: talsrcimg.4dfp.img
Writing: talsrcimg_g11.4dfp.img
image dimensions 256 256 256 padded to 288 288 288
processing volume 1freesurfer ifh2hdr.c
Wed Mar 11 20:58:07 2026
Writing: talsrcimg_g11.4dfp.hdr

Writing: talsrcimg_g11.4dfp.ifh
including: talsrcimg.4dfp.img.rec in talsrcimg_g11.4dfp.img.rec

---------------------------------------------------------------------
imgreg_4dfp /opt/freesurfer/average/711-2C_as_mni_average_305 none talsrcimg_g11 none talsrcimg_to_711-2C_as_mni_average_305_t4 4355
---------------------------------------------------------------------

freesurfer imgreg_4dfp.c
/opt/freesurfer/average/711-2C_as_mni_average_305.4dfp.img
       256       256       256         1
  1.000000  1.000000  1.000000
orientation T byte_order littleendian
Reading image: /opt/freesurfer/average/711-2C_as_mni_average_305.4dfp.img
dimensions:      256       256       256
mmppix:       1.0000   -1.0000   -1.0000
center:     128.0000 -129.0000 -129.0000
talsrcimg_g11.4dfp.img
       256       256       256         1
  1.000000  1.000000  1.000000
orientation T byte_order littleendian
Reading image: talsrcimg_g11.4dfp.img
dimensions:      256       256       256
mmppix:       1.0000   -1.0000   -1.0000
center:     128.0000 -129.0000 -129.0000
t4_read: open error in t4_sub.f l:  41 t4_file(1:l)talsrcimg_to_711-2C_as_mni_average_305_t4 
t4_read: transform initialized to I4
rotation matrix determinant  1.000000
image alignment mode   4355 decimal     1103 hex
   -7.5000  -45.0000  -45.0000 7866.2271   10.4076
    0.0000  -45.0000  -45.0000 8195.4590   10.4081
    7.5000  -45.0000  -45.0000 7740.8809   10.4065
   -7.5000  -37.5000  -45.0000 8397.6455   10.2138
    0.0000  -37.5000  -45.0000 8748.8838   10.2119
    7.5000  -37.5000  -45.0000 8276.7100   10.2070
   -7.5000  -30.0000  -45.0000 9273.1367   10.1305
    0.0000  -30.0000  -45.0000 9648.4219   10.1289
    7.5000  -30.0000  -45.0000 9144.0518   10.1205
   -7.5000  -22.5000  -45.000010158.4746   10.1141
    0.0000  -22.5000  -45.000010564.2305   10.1152
    7.5000  -22.5000  -45.000010008.9775   10.1059
   -7.5000  -15.0000  -45.000011050.7773   10.0994
    0.0000  -15.0000  -45.000011494.5225   10.1030
    7.5000  -15.0000  -45.000010874.7393   10.0958
   -7.5000   -7.5000  -45.000011959.9102   10.0956
    0.0000   -7.5000  -45.000012430.9697   10.0987
    7.5000   -7.5000  -45.000011754.1904   10.0952
   -7.5000    0.0000  -45.000012818.6279   10.1034
    0.0000    0.0000  -45.000013310.0137   10.1039
    7.5000    0.0000  -45.000012582.8398   10.1018
   -7.5000    7.5000  -45.000012561.6992   10.1133
    0.0000    7.5000  -45.000013039.7344   10.1115
    7.5000    7.5000  -45.000012309.0137   10.1066
   -7.5000   15.0000  -45.000012070.0117   10.1152
    0.0000   15.0000  -45.000012526.4873   10.1136
    7.5000   15.0000  -45.000011826.9229   10.1052
   -7.5000   22.5000  -45.000011483.8203   10.1045
    0.0000   22.5000  -45.000011892.5928   10.1057
    7.5000   22.5000  -45.000011232.1279   10.0963
   -7.5000   30.0000  -45.000010834.8174    9.9612
    0.0000   30.0000  -45.000011225.7002    9.9648
    7.5000   30.0000  -45.000010602.8115    9.9576
   -7.5000   37.5000  -45.000010544.2109    9.9606
    0.0000   37.5000  -45.000010929.0938    9.9636
    7.5000   37.5000  -45.000010356.5635    9.9602
   -7.5000   45.0000  -45.0000 9794.2461    9.7157
    0.0000   45.0000  -45.000010152.6807    9.7161
    7.5000   45.0000  -45.0000 9657.0244    9.7141
   -7.5000  -45.0000  -37.5000 8200.8408   10.3679
    0.0000  -45.0000  -37.5000 8537.5664   10.3671
    7.5000  -45.0000  -37.5000 8083.9238   10.3662
   -7.5000  -37.5000  -37.5000 8778.3672   10.1822
    0.0000  -37.5000  -37.5000 9126.3359   10.1779
    7.5000  -37.5000  -37.5000 8649.8486   10.1721
   -7.5000  -30.0000  -37.5000 9704.6201   10.1030
    0.0000  -30.0000  -37.500010083.7217   10.0985
    7.5000  -30.0000  -37.5000 9557.9883   10.0891
   -7.5000  -22.5000  -37.500010622.4160   10.0824
    0.0000  -22.5000  -37.500011033.3652   10.0817
    7.5000  -22.5000  -37.500010453.9082   10.0728
   -7.5000  -15.0000  -37.500011550.0723   10.0606
    0.0000  -15.0000  -37.500011993.4639   10.0636
    7.5000  -15.0000  -37.500011361.2412   10.0584
   -7.5000   -7.5000  -37.500012504.2754   10.0541
    0.0000   -7.5000  -37.500012991.0488   10.0569
    7.5000   -7.5000  -37.500012291.2666   10.0556
   -7.5000    0.0000  -37.500013393.3096   10.0656
    0.0000    0.0000  -37.500013903.5078   10.0649
    7.5000    0.0000  -37.500013164.8174   10.0636
   -7.5000    7.5000  -37.500013142.2627   10.0822
    0.0000    7.5000  -37.500013650.4111   10.0782
    7.5000    7.5000  -37.500012904.1484   10.0724
   -7.5000   15.0000  -37.500012650.0605   10.0877
    0.0000   15.0000  -37.500013126.3301   10.0833
    7.5000   15.0000  -37.500012417.7148   10.0739
   -7.5000   22.5000  -37.500012022.1943   10.0729
    0.0000   22.5000  -37.500012461.2285   10.0722
    7.5000   22.5000  -37.500011811.1904   10.0633
   -7.5000   30.0000  -37.500011317.8779    9.9229
    0.0000   30.0000  -37.500011732.1318    9.9259
    7.5000   30.0000  -37.500011145.6416    9.9208
   -7.5000   37.5000  -37.500011037.7354    9.9196
    0.0000   37.5000  -37.500011432.5332    9.9224
    7.5000   37.5000  -37.500010890.7959    9.9211
   -7.5000   45.0000  -37.500010284.7002    9.6793
    0.0000   45.0000  -37.500010648.1543    9.6786
    7.5000   45.0000  -37.500010175.6816    9.6774
   -7.5000  -45.0000  -30.0000 8654.3398   10.7978
    0.0000  -45.0000  -30.0000 9002.7822   10.7942
    7.5000  -45.0000  -30.0000 8520.1992   10.7924
   -7.5000  -37.5000  -30.0000 9287.5273   10.6079
    0.0000  -37.5000  -30.0000 9653.7334   10.6004
    7.5000  -37.5000  -30.0000 9155.9014   10.5925
   -7.5000  -30.0000  -30.000010306.1426   10.5281
    0.0000  -30.0000  -30.000010710.8574   10.5200
    7.5000  -30.0000  -30.000010163.1035   10.5079
   -7.5000  -22.5000  -30.000011312.7246   10.5065
    0.0000  -22.5000  -30.000011760.4600   10.5020
    7.5000  -22.5000  -30.000011150.9668   10.4910
   -7.5000  -15.0000  -30.000012293.8662   10.4806
    0.0000  -15.0000  -30.000012780.9932   10.4804
    7.5000  -15.0000  -30.000012119.0283   10.4741
   -7.5000   -7.5000  -30.000013274.5732   10.4706
    0.0000   -7.5000  -30.000013811.4297   10.4707
    7.5000   -7.5000  -30.000013074.1191   10.4692
   -7.5000    0.0000  -30.000014188.0342   10.4829
    0.0000    0.0000  -30.000014760.2207   10.4796
    7.5000    0.0000  -30.000013972.5879   10.4776
   -7.5000    7.5000  -30.000013945.0303   10.5038
    0.0000    7.5000  -30.000014532.8184   10.4964
    7.5000    7.5000  -30.000013738.8262   10.4887
   -7.5000   15.0000  -30.000013462.2988   10.5122
    0.0000   15.0000  -30.000014002.9346   10.5041
    7.5000   15.0000  -30.000013267.3135   10.4920
   -7.5000   22.5000  -30.000012817.7676   10.4955
    0.0000   22.5000  -30.000013314.6084   10.4910
    7.5000   22.5000  -30.000012638.6670   10.4800
   -7.5000   30.0000  -30.000012064.1396   10.3382
    0.0000   30.0000  -30.000012537.7129   10.3380
    7.5000   30.0000  -30.000011929.1895   10.3318
   -7.5000   37.5000  -30.000011758.7939   10.3315
    0.0000   37.5000  -30.000012177.1221   10.3317
    7.5000   37.5000  -30.000011616.8057   10.3301
   -7.5000   45.0000  -30.000010977.8066   10.0879
    0.0000   45.0000  -30.000011359.3770   10.0848
    7.5000   45.0000  -30.000010865.4678   10.0829
   -7.5000  -45.0000  -22.5000 9055.1445   11.1673
    0.0000  -45.0000  -22.5000 9416.9141   11.1622
    7.5000  -45.0000  -22.5000 8930.9951   11.1585
   -7.5000  -37.5000  -22.5000 9741.0693   10.9666
    0.0000  -37.5000  -22.500010138.7861   10.9583
    7.5000  -37.5000  -22.5000 9614.6377   10.9491
   -7.5000  -30.0000  -22.500010863.6885   10.8822
    0.0000  -30.0000  -22.500011304.1514   10.8733
    7.5000  -30.0000  -22.500010721.5771   10.8594
   -7.5000  -22.5000  -22.500011977.8291   10.8644
    0.0000  -22.5000  -22.500012466.6865   10.8578
    7.5000  -22.5000  -22.500011804.5254   10.8439
   -7.5000  -15.0000  -22.500013050.9121   10.8433
    0.0000  -15.0000  -22.500013599.4521   10.8398
    7.5000  -15.0000  -22.500012845.6367   10.8300
   -7.5000   -7.5000  -22.500014071.6240   10.8330
    0.0000   -7.5000  -22.500014694.9795   10.8306
    7.5000   -7.5000  -22.500013846.8027   10.8260
   -7.5000    0.0000  -22.500015004.5273   10.8420
    0.0000    0.0000  -22.500015682.7461   10.8374
    7.5000    0.0000  -22.500014772.9180   10.8334
   -7.5000    7.5000  -22.500014728.4805   10.8589
    0.0000    7.5000  -22.500015418.4854   10.8509
    7.5000    7.5000  -22.500014543.0771   10.8417
   -7.5000   15.0000  -22.500014263.4336   10.8657
    0.0000   15.0000  -22.500014919.9863   10.8568
    7.5000   15.0000  -22.500014086.1514   10.8430
   -7.5000   22.5000  -22.500013605.4209   10.8523
    0.0000   22.5000  -22.500014231.5771   10.8456
    7.5000   22.5000  -22.500013442.9102   10.8318
   -7.5000   30.0000  -22.500012826.6084   10.6976
    0.0000   30.0000  -22.500013389.6230   10.6941
    7.5000   30.0000  -22.500012680.1143   10.6845
   -7.5000   37.5000  -22.500012508.8320   10.6908
    0.0000   37.5000  -22.500012995.4658   10.6884
    7.5000   37.5000  -22.500012322.5908   10.6839
   -7.5000   45.0000  -22.500011697.8027   10.4414
    0.0000   45.0000  -22.500012091.5713   10.4369
    7.5000   45.0000  -22.500011518.2754   10.4331
   -7.5000  -45.0000  -15.0000 9437.9355   11.4376
    0.0000  -45.0000  -15.0000 9813.8564   11.4332
    7.5000  -45.0000  -15.0000 9299.6885   11.4281
   -7.5000  -37.5000  -15.000010173.0996   11.2240
    0.0000  -37.5000  -15.000010544.1133   11.2171
    7.5000  -37.5000  -15.000010028.6826   11.2083
   -7.5000  -30.0000  -15.000011360.9570   11.1329
    0.0000  -30.0000  -15.000011767.4629   11.1260
    7.5000  -30.0000  -15.000011192.7314   11.1130
   -7.5000  -22.5000  -15.000012602.5156   11.1193
    0.0000  -22.5000  -15.000013055.4805   11.1145
    7.5000  -22.5000  -15.000012376.3379   11.1001
   -7.5000  -15.0000  -15.000013797.2822   11.1065
    0.0000  -15.0000  -15.000014342.7549   11.1039
    7.5000  -15.0000  -15.000013498.9385   11.0918
   -7.5000   -7.5000  -15.000014963.1914   11.0996
    0.0000   -7.5000  -15.000015618.9863   11.0977
    7.5000   -7.5000  -15.000014624.5078   11.0903
   -7.5000    0.0000  -15.000015927.9814   11.1048
    0.0000    0.0000  -15.000016669.1191   11.1009
    7.5000    0.0000  -15.000015597.0850   11.0955
   -7.5000    7.5000  -15.000015580.1025   11.1138
    0.0000    7.5000  -15.000016330.5186   11.1072
    7.5000    7.5000  -15.000015319.0615   11.0984
   -7.5000   15.0000  -15.000015123.0029   11.1160
    0.0000   15.0000  -15.000015855.1807   11.1092
    7.5000   15.0000  -15.000014856.7930   11.0962
   -7.5000   22.5000  -15.000014526.5879   11.1064
    0.0000   22.5000  -15.000015196.3086   11.1016
    7.5000   22.5000  -15.000014228.3535   11.0872
   -7.5000   30.0000  -15.000013739.3545   10.9588
    0.0000   30.0000  -15.000014304.1084   10.9562
    7.5000   30.0000  -15.000013422.6475   10.9443
   -7.5000   37.5000  -15.000013374.9971   10.9555
    0.0000   37.5000  -15.000013854.3457   10.9536
    7.5000   37.5000  -15.000013044.3945   10.9463
   -7.5000   45.0000  -15.000012504.9199   10.7010
    0.0000   45.0000  -15.000012889.9932   10.6972
    7.5000   45.0000  -15.000012178.7959   10.6919
   -7.5000  -45.0000   -7.5000 9807.6436   11.5740
    0.0000  -45.0000   -7.500010183.8633   11.5724
    7.5000  -45.0000   -7.5000 9665.2881   11.5685
   -7.5000  -37.5000   -7.500010573.4121   11.3548
    0.0000  -37.5000   -7.500010948.1064   11.3510
    7.5000  -37.5000   -7.500010422.1963   11.3441
   -7.5000  -30.0000   -7.500011802.6729   11.2608
    0.0000  -30.0000   -7.500012224.4775   11.2576
    7.5000  -30.0000   -7.500011653.9463   11.2469
   -7.5000  -22.5000   -7.500013088.3994   11.2474
    0.0000  -22.5000   -7.500013572.8174   11.2469
    7.5000  -22.5000   -7.500012909.2314   11.2344
   -7.5000  -15.0000   -7.500014465.1191   11.2370
    0.0000  -15.0000   -7.500015005.9043   11.2385
    7.5000  -15.0000   -7.500014146.1309   11.2275
   -7.5000   -7.5000   -7.500015964.3730   11.2327
    0.0000   -7.5000   -7.500016590.8613   11.2339
    7.5000   -7.5000   -7.500015406.2598   11.2271
   -7.5000    0.0000   -7.500017219.0664   11.2374
    0.0000    0.0000   -7.500017956.5000   11.2359
    7.5000    0.0000   -7.500016503.2266   11.2316
   -7.5000    7.5000   -7.500016879.4180   11.2434
    0.0000    7.5000   -7.500017600.6309   11.2398
    7.5000    7.5000   -7.500016205.9639   11.2330
   -7.5000   15.0000   -7.500016319.8330   11.2437
    0.0000   15.0000   -7.500017001.4355   11.2406
    7.5000   15.0000   -7.500015666.7637   11.2300
   -7.5000   22.5000   -7.500015611.6738   11.2331
    0.0000   22.5000   -7.500016262.1045   11.2326
    7.5000   22.5000   -7.500014990.4297   11.2201
   -7.5000   30.0000   -7.500014694.4434   11.0873
    0.0000   30.0000   -7.500015284.7324   11.0888
    7.5000   30.0000   -7.500014175.8867   11.0780
   -7.5000   37.5000   -7.500014214.9453   11.0865
    0.0000   37.5000   -7.500014765.9971   11.0876
    7.5000   37.5000   -7.500013796.1865   11.0810
   -7.5000   45.0000   -7.500013220.0723   10.8307
    0.0000   45.0000   -7.500013684.2158   10.8293
    7.5000   45.0000   -7.500012868.9756   10.8251
   -7.5000  -45.0000    0.000010083.2041   11.5981
    0.0000  -45.0000    0.000010477.2139   11.5987
    7.5000  -45.0000    0.0000 9973.6699   11.5970
   -7.5000  -37.5000    0.000010882.0391   11.3829
    0.0000  -37.5000    0.000011270.8965   11.3808
    7.5000  -37.5000    0.000010755.0469   11.3753
   -7.5000  -30.0000    0.000012179.0166   11.2906
    0.0000  -30.0000    0.000012592.5156   11.2889
    7.5000  -30.0000    0.000012005.8066   11.2795
   -7.5000  -22.5000    0.000013493.6211   11.2726
    0.0000  -22.5000    0.000013980.9160   11.2740
    7.5000  -22.5000    0.000013312.1758   11.2636
   -7.5000  -15.0000    0.000014920.9336   11.2565
    0.0000  -15.0000    0.000015496.7129   11.2606
    7.5000  -15.0000    0.000014640.6123   11.2527
   -7.5000   -7.5000    0.000016630.5488   11.2521
    0.0000   -7.5000    0.000017278.7988   11.2557
    7.5000   -7.5000    0.000016010.2754   11.2519
   -7.5000    0.0000    0.000018273.0273   11.2605
    0.0000    0.0000    0.000019085.9258   11.2611
    7.5000    0.0000    0.000017322.1602   11.2588
   -7.5000    7.5000    0.000018030.9141   11.2713
    0.0000    7.5000    0.000018960.9902   11.2694
    7.5000    7.5000    0.000017145.6484   11.2639
   -7.5000   15.0000    0.000017217.6250   11.2735
    0.0000   15.0000    0.000018149.1484   11.2719
    7.5000   15.0000    0.000016499.1523   11.2625
   -7.5000   22.5000    0.000016273.5312   11.2583
    0.0000   22.5000    0.000017149.0312   11.2598
    7.5000   22.5000    0.000015700.9072   11.2494
   -7.5000   30.0000    0.000015257.3809   11.1068
    0.0000   30.0000    0.000016054.1543   11.1109
    7.5000   30.0000    0.000014838.9238   11.1031
   -7.5000   37.5000    0.000014742.7168   11.1060
    0.0000   37.5000    0.000015480.5508   11.1095
    7.5000   37.5000    0.000014437.2754   11.1057
   -7.5000   45.0000    0.000013692.6426   10.8538
    0.0000   45.0000    0.000014348.6494   10.8544
    7.5000   45.0000    0.000013462.1582   10.8522
   -7.5000  -45.0000    7.5000 9575.9111   11.6006
    0.0000  -45.0000    7.5000 9956.0312   11.5997
    7.5000  -45.0000    7.5000 9461.2559   11.5988
   -7.5000  -37.5000    7.500010375.2881   11.3929
    0.0000  -37.5000    7.500010755.5635   11.3881
    7.5000  -37.5000    7.500010229.9639   11.3816
   -7.5000  -30.0000    7.500011650.8730   11.3042
    0.0000  -30.0000    7.500012074.5547   11.2992
    7.5000  -30.0000    7.500011448.4287   11.2887
   -7.5000  -22.5000    7.500012994.1934   11.2811
    0.0000  -22.5000    7.500013528.2725   11.2803
    7.5000  -22.5000    7.500012764.1377   11.2703
   -7.5000  -15.0000    7.500014345.1133   11.2567
    0.0000  -15.0000    7.500015004.9072   11.2601
    7.5000  -15.0000    7.500014081.7324   11.2543
   -7.5000   -7.5000    7.500015786.5205   11.2494
    0.0000   -7.5000    7.500016585.6152   11.2526
    7.5000   -7.5000    7.500015419.6680   11.2512
   -7.5000    0.0000    7.500017211.1641   11.2624
    0.0000    0.0000    7.500018334.8438   11.2616
    7.5000    0.0000    7.500016779.8730   11.2602
   -7.5000    7.5000    7.500016991.6836   11.2811
    0.0000    7.5000    7.500018314.9199   11.2765
    7.5000    7.5000    7.500016666.4219   11.2701
   -7.5000   15.0000    7.500016230.8232   11.2871
    0.0000   15.0000    7.500017431.8711   11.2822
    7.5000   15.0000    7.500015988.7344   11.2717
   -7.5000   22.5000    7.500015382.5234   11.2668
    0.0000   22.5000    7.500016438.3340   11.2660
    7.5000   22.5000    7.500015198.6309   11.2561
   -7.5000   30.0000    7.500014499.5889   11.1070
    0.0000   30.0000    7.500015426.8730   11.1103
    7.5000   30.0000    7.500014363.1270   11.1046
   -7.5000   37.5000    7.500014084.2109   11.1033
    0.0000   37.5000    7.500014930.7441   11.1064
    7.5000   37.5000    7.500013969.2441   11.1050
   -7.5000   45.0000    7.500013075.4170   10.8557
    0.0000   45.0000    7.500013819.5068   10.8549
    7.5000   45.0000    7.500012991.8555   10.8535
   -7.5000  -45.0000   15.0000 9006.7002   11.6133
    0.0000  -45.0000   15.0000 9395.0195   11.6093
    7.5000  -45.0000   15.0000 8877.8066   11.6075
   -7.5000  -37.5000   15.0000 9784.4570   11.4089
    0.0000  -37.5000   15.000010193.7920   11.4006
    7.5000  -37.5000   15.0000 9637.3965   11.3922
   -7.5000  -30.0000   15.000011025.9004   11.3229
    0.0000  -30.0000   15.000011503.3896   11.3141
    7.5000  -30.0000   15.000010850.3721   11.3011
   -7.5000  -22.5000   15.000012278.0107   11.2995
    0.0000  -22.5000   15.000012864.7471   11.2946
    7.5000  -22.5000   15.000012105.2119   11.2828
   -7.5000  -15.0000   15.000013469.9795   11.2717
    0.0000  -15.0000   15.000014163.4795   11.2713
    7.5000  -15.0000   15.000013315.6387   11.2647
   -7.5000   -7.5000   15.000014710.5742   11.2608
    0.0000   -7.5000   15.000015550.3711   11.2609
    7.5000   -7.5000   15.000014593.7100   11.2593
   -7.5000    0.0000   15.000015917.9727   11.2741
    0.0000    0.0000   15.000017100.3672   11.2705
    7.5000    0.0000   15.000015832.1924   11.2684
   -7.5000    7.5000   15.000015665.4141   11.2967
    0.0000    7.5000   15.000016865.5273   11.2887
    7.5000    7.5000   15.000015602.7842   11.2804
   -7.5000   15.0000   15.000014989.1035   11.3057
    0.0000   15.0000   15.000015976.3086   11.2970
    7.5000   15.0000   15.000014913.0068   11.2840
   -7.5000   22.5000   15.000014297.7373   11.2852
    0.0000   22.5000   15.000015195.4434   11.2803
    7.5000   22.5000   15.000014245.0283   11.2685
   -7.5000   30.0000   15.000013565.2891   11.1217
    0.0000   30.0000   15.000014416.6973   11.1215
    7.5000   30.0000   15.000013556.0000   11.1149
   -7.5000   37.5000   15.000013177.2842   11.1146
    0.0000   37.5000   15.000013998.2480   11.1146
    7.5000   37.5000   15.000013190.5137   11.1130
   -7.5000   45.0000   15.000012223.6357   10.8670
    0.0000   45.0000   15.000012944.1836   10.8634
    7.5000   45.0000   15.000012242.6602   10.8614
   -7.5000  -45.0000   22.5000 8424.8906   11.7844
    0.0000  -45.0000   22.5000 8843.7607   11.7782
    7.5000  -45.0000   22.5000 8337.1523   11.7742
   -7.5000  -37.5000   22.5000 9145.3643   11.5693
    0.0000  -37.5000   22.5000 9579.8916   11.5599
    7.5000  -37.5000   22.5000 9045.3418   11.5499
   -7.5000  -30.0000   22.500010283.0381   11.4789
    0.0000  -30.0000   22.500010757.2041   11.4689
    7.5000  -30.0000   22.500010183.7314   11.4539
   -7.5000  -22.5000   22.500011423.9062   11.4595
    0.0000  -22.5000   22.500011977.0625   11.4519
    7.5000  -22.5000   22.500011347.3408   11.4372
   -7.5000  -15.0000   22.500012511.6240   11.4367
    0.0000  -15.0000   22.500013162.5146   11.4323
    7.5000  -15.0000   22.500012483.8799   11.4220
   -7.5000   -7.5000   22.500013624.7314   11.4258
    0.0000   -7.5000   22.500014385.0625   11.4225
    7.5000   -7.5000   22.500013615.8789   11.4176
   -7.5000    0.0000   22.500014696.0850   11.4356
    0.0000    0.0000   22.500015682.1348   11.4300
    7.5000    0.0000   22.500014705.3779   11.4257
   -7.5000    7.5000   22.500014476.0254   11.4539
    0.0000    7.5000   22.500015362.8408   11.4447
    7.5000    7.5000   22.500014435.4014   11.4349
   -7.5000   15.0000   22.500013946.1182   11.4612
    0.0000   15.0000   22.500014640.9775   11.4513
    7.5000   15.0000   22.500013850.6230   11.4363
   -7.5000   22.5000   22.500013393.4902   11.4449
    0.0000   22.5000   22.500014075.0518   11.4373
    7.5000   22.5000   22.500013331.2529   11.4225
   -7.5000   30.0000   22.500012735.4355   11.2845
    0.0000   30.0000   22.500013413.5273   11.2802
    7.5000   30.0000   22.500012700.6602   11.2700
   -7.5000   37.5000   22.500012373.7285   11.2774
    0.0000   37.5000   22.500013055.2979   11.2741
    7.5000   37.5000   22.500012362.8252   11.2693
   -7.5000   45.0000   22.500011458.7441   11.0226
    0.0000   45.0000   22.500012081.7119   11.0172
    7.5000   45.0000   22.500011466.7510   11.0131
   -7.5000  -45.0000   30.0000 7710.1377   12.0449
    0.0000  -45.0000   30.0000 8119.0596   12.0397
    7.5000  -45.0000   30.0000 7683.0479   12.0346
   -7.5000  -37.5000   30.0000 8377.4795   11.8119
    0.0000  -37.5000   30.0000 8783.4844   11.8043
    7.5000  -37.5000   30.0000 8324.7812   11.7951
   -7.5000  -30.0000   30.0000 9422.9121   11.7125
    0.0000  -30.0000   30.0000 9861.8730   11.7048
    7.5000  -30.0000   30.0000 9380.2559   11.6908
   -7.5000  -22.5000   30.000010481.3057   11.6971
    0.0000  -22.5000   30.000010981.4336   11.6912
    7.5000  -22.5000   30.000010465.0801   11.6758
   -7.5000  -15.0000   30.000011489.9570   11.6827
    0.0000  -15.0000   30.000012047.9932   11.6790
    7.5000  -15.0000   30.000011495.3750   11.6660
   -7.5000   -7.5000   30.000012520.8789   11.6753
    0.0000   -7.5000   30.000013148.7578   11.6724
    7.5000   -7.5000   30.000012540.2383   11.6647
   -7.5000    0.0000   30.000013486.4971   11.6813
    0.0000    0.0000   30.000014243.7793   11.6766
    7.5000    0.0000   30.000013520.0986   11.6712
   -7.5000    7.5000   30.000013320.2920   11.6915
    0.0000    7.5000   30.000013943.4404   11.6842
    7.5000    7.5000   30.000013268.2227   11.6751
   -7.5000   15.0000   30.000012859.7148   11.6940
    0.0000   15.0000   30.000013402.1006   11.6864
    7.5000   15.0000   30.000012792.3262   11.6725
   -7.5000   22.5000   30.000012378.1191   11.6819
    0.0000   22.5000   30.000012937.3467   11.6761
    7.5000   22.5000   30.000012332.0146   11.6606
   -7.5000   30.0000   30.000011808.4727   11.5272
    0.0000   30.0000   30.000012351.2705   11.5235
    7.5000   30.0000   30.000011756.2949   11.5107
   -7.5000   37.5000   30.000011517.3447   11.5236
    0.0000   37.5000   30.000012066.9160   11.5207
    7.5000   37.5000   30.000011476.1855   11.5132
   -7.5000   45.0000   30.000010672.5098   11.2594
    0.0000   45.0000   30.000011187.7832   11.2549
    7.5000   45.0000   30.000010639.7783   11.2497
   -7.5000  -45.0000   37.5000 7304.3857   12.4340
    0.0000  -45.0000   37.5000 7670.9136   12.4320
    7.5000  -45.0000   37.5000 7306.6118   12.4283
   -7.5000  -37.5000   37.5000 7971.6982   12.1823
    0.0000  -37.5000   37.5000 8341.4766   12.1780
    7.5000  -37.5000   37.5000 7955.6201   12.1708
   -7.5000  -30.0000   37.5000 8983.4805   12.0729
    0.0000  -30.0000   37.5000 9382.8496   12.0696
    7.5000  -30.0000   37.5000 8969.6084   12.0582
   -7.5000  -22.5000   37.500010004.0859   12.0555
    0.0000  -22.5000   37.500010450.2021   12.0551
    7.5000  -22.5000   37.5000 9993.2119   12.0420
   -7.5000  -15.0000   37.500010994.8369   12.0430
    0.0000  -15.0000   37.500011464.8330   12.0447
    7.5000  -15.0000   37.500010981.4229   12.0334
   -7.5000   -7.5000   37.500012011.8770   12.0396
    0.0000   -7.5000   37.500012539.1074   12.0407
    7.5000   -7.5000   37.500012009.3750   12.0341
   -7.5000    0.0000   37.500012923.3008   12.0471
    0.0000    0.0000   37.500013525.2207   12.0452
    7.5000    0.0000   37.500012919.9580   12.0410
   -7.5000    7.5000   37.500012745.1172   12.0545
    0.0000    7.5000   37.500013250.8213   12.0504
    7.5000    7.5000   37.500012677.4512   12.0432
   -7.5000   15.0000   37.500012318.2500   12.0534
    0.0000   15.0000   37.500012804.2754   12.0501
    7.5000   15.0000   37.500012260.3486   12.0387
   -7.5000   22.5000   37.500011858.2783   12.0395
    0.0000   22.5000   37.500012355.6143   12.0392
    7.5000   22.5000   37.500011822.5127   12.0261
   -7.5000   30.0000   37.500011328.2627   11.8825
    0.0000   30.0000   37.500011814.8789   11.8842
    7.5000   30.0000   37.500011279.6152   11.8731
   -7.5000   37.5000   37.500011097.0254   11.8832
    0.0000   37.5000   37.500011575.3213   11.8843
    7.5000   37.5000   37.500011049.3857   11.8778
   -7.5000   45.0000   37.500010299.7549   11.6120
    0.0000   45.0000   37.500010749.3340   11.6102
    7.5000   45.0000   37.500010261.8486   11.6061
   -7.5000  -45.0000   45.0000 6673.3496   12.8760
    0.0000  -45.0000   45.0000 6992.5664   12.8720
    7.5000  -45.0000   45.0000 6679.9775   12.8667
   -7.5000  -37.5000   45.0000 7290.4087   12.6097
    0.0000  -37.5000   45.0000 7622.5864   12.6025
    7.5000  -37.5000   45.0000 7286.5503   12.5926
   -7.5000  -30.0000   45.0000 8223.0791   12.4952
    0.0000  -30.0000   45.0000 8585.9941   12.4892
    7.5000  -30.0000   45.0000 8218.8096   12.4751
   -7.5000  -22.5000   45.0000 9150.1436   12.4722
    0.0000  -22.5000   45.0000 9527.2598   12.4710
    7.5000  -22.5000   45.0000 9132.2051   12.4561
   -7.5000  -15.0000   45.000010099.1113   12.4520
    0.0000  -15.0000   45.000010488.2334   12.4543
    7.5000  -15.0000   45.000010055.8330   12.4425
   -7.5000   -7.5000   45.000011047.1592   12.4473
    0.0000   -7.5000   45.000011498.4043   12.4481
    7.5000   -7.5000   45.000011038.6104   12.4410
   -7.5000    0.0000   45.000011867.4941   12.4586
    0.0000    0.0000   45.000012363.6006   12.4548
    7.5000    0.0000   45.000011846.3730   12.4490
   -7.5000    7.5000   45.000011701.3682   12.4720
    0.0000    7.5000   45.000012144.6377   12.4650
    7.5000    7.5000   45.000011619.6338   12.4554
   -7.5000   15.0000   45.000011337.1670   12.4742
    0.0000   15.0000   45.000011778.5752   12.4683
    7.5000   15.0000   45.000011268.0840   12.4542
   -7.5000   22.5000   45.000010915.9785   12.4553
    0.0000   22.5000   45.000011358.0059   12.4541
    7.5000   22.5000   45.000010874.3457   12.4391
   -7.5000   30.0000   45.000010428.0000   12.2849
    0.0000   30.0000   45.000010845.7441   12.2871
    7.5000   30.0000   45.000010389.5195   12.2755
   -7.5000   37.5000   45.000010218.8682   12.2845
    0.0000   37.5000   45.000010636.2236   12.2853
    7.5000   37.5000   45.000010175.2930   12.2783
   -7.5000   45.0000   45.0000 9503.9736   12.0141
    0.0000   45.0000   45.0000 9909.9678   12.0104
    7.5000   45.0000   45.0000 9472.7266   12.0049

---------------------------------------------------------------------
imgreg_4dfp /opt/freesurfer/average/711-2C_as_mni_average_305 /opt/freesurfer/average/711-2B_as_mni_average_305_mask talsrcimg_g11 none talsrcimg_to_711-2C_as_mni_average_305_t4 4355
---------------------------------------------------------------------

freesurfer imgreg_4dfp.c
/opt/freesurfer/average/711-2C_as_mni_average_305.4dfp.img
       256       256       256         1
  1.000000  1.000000  1.000000
orientation T byte_order littleendian
Reading image: /opt/freesurfer/average/711-2C_as_mni_average_305.4dfp.img
dimensions:      256       256       256
mmppix:       1.0000   -1.0000   -1.0000
center:     128.0000 -129.0000 -129.0000
/opt/freesurfer/average/711-2B_as_mni_average_305_mask.4dfp.img
       256       256       256         1
  1.000000  1.000000  1.000000
orientation T byte_order littleendian
Reading mask: /opt/freesurfer/average/711-2B_as_mni_average_305_mask.4dfp.img (2306576 pixels)
talsrcimg_g11.4dfp.img
       256       256       256         1
  1.000000  1.000000  1.000000
orientation T byte_order littleendian
Reading image: talsrcimg_g11.4dfp.img
dimensions:      256       256       256
mmppix:       1.0000   -1.0000   -1.0000
center:     128.0000 -129.0000 -129.0000
rotation matrix determinant  1.000000
image alignment mode   4355 decimal     1103 hex
   -7.5000  -45.0000  -45.0000 2197.2659   13.5761
    0.0000  -45.0000  -45.0000 2198.6528   13.6816
    7.5000  -45.0000  -45.0000 2173.2087   13.8607
   -7.5000  -37.5000  -45.0000 2306.0955   12.3441
    0.0000  -37.5000  -45.0000 2304.1089   12.4207
    7.5000  -37.5000  -45.0000 2280.9070   12.5930
   -7.5000  -30.0000  -45.0000 2391.7131   11.3438
    0.0000  -30.0000  -45.0000 2387.4602   11.3990
    7.5000  -30.0000  -45.0000 2368.2341   11.5762
   -7.5000  -22.5000  -45.0000 2467.8259   10.5940
    0.0000  -22.5000  -45.0000 2462.8936   10.6288
    7.5000  -22.5000  -45.0000 2445.1394   10.8202
   -7.5000  -15.0000  -45.0000 2523.2734   10.1435
    0.0000  -15.0000  -45.0000 2522.9075   10.1590
    7.5000  -15.0000  -45.0000 2500.1506   10.3568
   -7.5000   -7.5000  -45.0000 2561.2798    9.9161
    0.0000   -7.5000  -45.0000 2558.1570    9.9292
    7.5000   -7.5000  -45.0000 2535.6526   10.1429
   -7.5000    0.0000  -45.0000 2578.8484    9.8633
    0.0000    0.0000  -45.0000 2578.2131    9.8600
    7.5000    0.0000  -45.0000 2554.8025   10.0364
   -7.5000    7.5000  -45.0000 2580.2671    9.9506
    0.0000    7.5000  -45.0000 2577.0479    9.9209
    7.5000    7.5000  -45.0000 2554.7283   10.1093
   -7.5000   15.0000  -45.0000 2562.4971   10.1411
    0.0000   15.0000  -45.0000 2563.3665   10.1317
    7.5000   15.0000  -45.0000 2536.0095   10.2997
   -7.5000   22.5000  -45.0000 2531.8831   10.4890
    0.0000   22.5000  -45.0000 2527.8284   10.4652
    7.5000   22.5000  -45.0000 2502.8594   10.6510
   -7.5000   30.0000  -45.0000 2476.6086   10.9667
    0.0000   30.0000  -45.0000 2478.9929   10.9517
    7.5000   30.0000  -45.0000 2447.7056   11.1307
   -7.5000   37.5000  -45.0000 2406.7993   11.6134
    0.0000   37.5000  -45.0000 2409.2021   11.6118
    7.5000   37.5000  -45.0000 2382.6294   11.7761
   -7.5000   45.0000  -45.0000 2318.0935   12.4969
    0.0000   45.0000  -45.0000 2320.6565   12.4879
    7.5000   45.0000  -45.0000 2297.7356   12.6493
   -7.5000  -45.0000  -37.5000 2244.0986   13.0574
    0.0000  -45.0000  -37.5000 2248.9817   13.1472
    7.5000  -45.0000  -37.5000 2222.5735   13.3895
   -7.5000  -37.5000  -37.5000 2358.7490   11.8399
    0.0000  -37.5000  -37.5000 2361.1392   11.8865
    7.5000  -37.5000  -37.5000 2337.3896   12.1137
   -7.5000  -30.0000  -37.5000 2451.2400   10.8363
    0.0000  -30.0000  -37.5000 2448.9670   10.8812
    7.5000  -30.0000  -37.5000 2430.2502   11.1015
   -7.5000  -22.5000  -37.5000 2531.6770   10.1156
    0.0000  -22.5000  -37.5000 2526.9875   10.1392
    7.5000  -22.5000  -37.5000 2510.3799   10.3287
   -7.5000  -15.0000  -37.5000 2596.4807    9.5644
    0.0000  -15.0000  -37.5000 2593.9604    9.5688
    7.5000  -15.0000  -37.5000 2576.2683    9.7570
   -7.5000   -7.5000  -37.5000 2641.0527    9.2944
    0.0000   -7.5000  -37.5000 2642.2969    9.2879
    7.5000   -7.5000  -37.5000 2620.0647    9.4687
   -7.5000    0.0000  -37.5000 2664.1692    9.2061
    0.0000    0.0000  -37.5000 2665.5020    9.1944
    7.5000    0.0000  -37.5000 2642.2144    9.3822
   -7.5000    7.5000  -37.5000 2663.5605    9.2721
    0.0000    7.5000  -37.5000 2662.3862    9.2542
    7.5000    7.5000  -37.5000 2643.4082    9.4646
   -7.5000   15.0000  -37.5000 2651.7402    9.4534
    0.0000   15.0000  -37.5000 2652.6577    9.4366
    7.5000   15.0000  -37.5000 2630.7905    9.6464
   -7.5000   22.5000  -37.5000 2616.3523    9.7550
    0.0000   22.5000  -37.5000 2617.3813    9.7285
    7.5000   22.5000  -37.5000 2600.8071    9.9555
   -7.5000   30.0000  -37.5000 2563.3396   10.1700
    0.0000   30.0000  -37.5000 2569.3379   10.1567
    7.5000   30.0000  -37.5000 2548.0891   10.3690
   -7.5000   37.5000  -37.5000 2495.2812   10.7662
    0.0000   37.5000  -37.5000 2500.4863   10.7408
    7.5000   37.5000  -37.5000 2482.1213   10.9427
   -7.5000   45.0000  -37.5000 2406.4900   11.5779
    0.0000   45.0000  -37.5000 2413.1265   11.5397
    7.5000   45.0000  -37.5000 2394.4771   11.7344
   -7.5000  -45.0000  -30.0000 2318.9016   13.0516
    0.0000  -45.0000  -30.0000 2319.1038   13.0729
    7.5000  -45.0000  -30.0000 2295.7307   13.3166
   -7.5000  -37.5000  -30.0000 2443.0457   11.8143
    0.0000  -37.5000  -30.0000 2445.9038   11.8305
    7.5000  -37.5000  -30.0000 2424.6775   12.0711
   -7.5000  -30.0000  -30.0000 2546.7590   10.8091
    0.0000  -30.0000  -30.0000 2547.5767   10.8418
    7.5000  -30.0000  -30.0000 2528.3027   11.0641
   -7.5000  -22.5000  -30.0000 2632.0784   10.0038
    0.0000  -22.5000  -30.0000 2632.4243   10.0482
    7.5000  -22.5000  -30.0000 2611.9666   10.2520
   -7.5000  -15.0000  -30.0000 2705.5913    9.3823
    0.0000  -15.0000  -30.0000 2707.0166    9.4134
    7.5000  -15.0000  -30.0000 2684.9131    9.6105
   -7.5000   -7.5000  -30.0000 2755.1323    9.0079
    0.0000   -7.5000  -30.0000 2755.1802    9.0195
    7.5000   -7.5000  -30.0000 2732.8545    9.2104
   -7.5000    0.0000  -30.0000 2783.9805    8.8784
    0.0000    0.0000  -30.0000 2786.1160    8.8751
    7.5000    0.0000  -30.0000 2763.8491    9.0792
   -7.5000    7.5000  -30.0000 2784.4460    8.9282
    0.0000    7.5000  -30.0000 2788.7969    8.9179
    7.5000    7.5000  -30.0000 2773.6455    9.1324
   -7.5000   15.0000  -30.0000 2777.1138    9.1275
    0.0000   15.0000  -30.0000 2783.7029    9.0953
    7.5000   15.0000  -30.0000 2766.8130    9.3434
   -7.5000   22.5000  -30.0000 2749.2192    9.4181
    0.0000   22.5000  -30.0000 2758.2729    9.3892
    7.5000   22.5000  -30.0000 2742.7017    9.6359
   -7.5000   30.0000  -30.0000 2695.6187    9.8216
    0.0000   30.0000  -30.0000 2708.2954    9.7930
    7.5000   30.0000  -30.0000 2689.1687   10.0207
   -7.5000   37.5000  -30.0000 2624.4858   10.3699
    0.0000   37.5000  -30.0000 2634.2151   10.3413
    7.5000   37.5000  -30.0000 2615.0317   10.5666
   -7.5000   45.0000  -30.0000 2531.5198   11.1596
    0.0000   45.0000  -30.0000 2542.1365   11.1077
    7.5000   45.0000  -30.0000 2521.5420   11.3152
   -7.5000  -45.0000  -22.5000 2352.8804   13.0094
    0.0000  -45.0000  -22.5000 2354.8955   12.9767
    7.5000  -45.0000  -22.5000 2336.7314   13.2681
   -7.5000  -37.5000  -22.5000 2483.1389   11.7433
    0.0000  -37.5000  -22.5000 2488.2646   11.7226
    7.5000  -37.5000  -22.5000 2472.4297   12.0102
   -7.5000  -30.0000  -22.5000 2597.1338   10.7233
    0.0000  -30.0000  -22.5000 2602.5728   10.7528
    7.5000  -30.0000  -22.5000 2588.6731   10.9792
   -7.5000  -22.5000  -22.5000 2683.8855    9.8597
    0.0000  -22.5000  -22.5000 2690.7063    9.9118
    7.5000  -22.5000  -22.5000 2675.1240   10.1151
   -7.5000  -15.0000  -22.5000 2762.6731    9.1936
    0.0000  -15.0000  -22.5000 2769.0337    9.2506
    7.5000  -15.0000  -22.5000 2751.5920    9.4126
   -7.5000   -7.5000  -22.5000 2826.0166    8.7329
    0.0000   -7.5000  -22.5000 2834.6833    8.7688
    7.5000   -7.5000  -22.5000 2811.7979    8.9287
   -7.5000    0.0000  -22.5000 2857.5110    8.5241
    0.0000    0.0000  -22.5000 2867.8938    8.5487
    7.5000    0.0000  -22.5000 2845.7295    8.7348
   -7.5000    7.5000  -22.5000 2872.2651    8.5254
    0.0000    7.5000  -22.5000 2883.5132    8.5320
    7.5000    7.5000  -22.5000 2865.0239    8.7447
   -7.5000   15.0000  -22.5000 2867.8250    8.7361
    0.0000   15.0000  -22.5000 2880.4980    8.7159
    7.5000   15.0000  -22.5000 2861.4006    8.9469
   -7.5000   22.5000  -22.5000 2841.0508    9.0498
    0.0000   22.5000  -22.5000 2861.6831    9.0377
    7.5000   22.5000  -22.5000 2839.3074    9.2396
   -7.5000   30.0000  -22.5000 2791.5398    9.4628
    0.0000   30.0000  -22.5000 2810.3425    9.4602
    7.5000   30.0000  -22.5000 2789.5930    9.6496
   -7.5000   37.5000  -22.5000 2725.7742    9.9958
    0.0000   37.5000  -22.5000 2735.5134    9.9701
    7.5000   37.5000  -22.5000 2718.0215   10.1685
   -7.5000   45.0000  -22.5000 2630.2407   10.7334
    0.0000   45.0000  -22.5000 2640.0605   10.6890
    7.5000   45.0000  -22.5000 2622.0063   10.8919
   -7.5000  -45.0000  -15.0000 2351.2480   13.0739
    0.0000  -45.0000  -15.0000 2358.6838   13.0296
    7.5000  -45.0000  -15.0000 2342.9092   13.3545
   -7.5000  -37.5000  -15.0000 2486.0349   11.7687
    0.0000  -37.5000  -15.0000 2491.9185   11.7081
    7.5000  -37.5000  -15.0000 2480.3936   12.0149
   -7.5000  -30.0000  -15.0000 2601.9607   10.7026
    0.0000  -30.0000  -15.0000 2603.6038   10.6660
    7.5000  -30.0000  -15.0000 2597.1768   10.9180
   -7.5000  -22.5000  -15.0000 2695.7502    9.8172
    0.0000  -22.5000  -15.0000 2696.2744    9.8099
    7.5000  -22.5000  -15.0000 2690.3203   10.0123
   -7.5000  -15.0000  -15.0000 2770.3403    9.1372
    0.0000  -15.0000  -15.0000 2775.2827    9.1514
    7.5000  -15.0000  -15.0000 2769.3601    9.2893
   -7.5000   -7.5000  -15.0000 2847.7256    8.6305
    0.0000   -7.5000  -15.0000 2857.3337    8.6468
    7.5000   -7.5000  -15.0000 2845.4941    8.7468
   -7.5000    0.0000  -15.0000 2887.3811    8.3325
    0.0000    0.0000  -15.0000 2898.4619    8.3590
    7.5000    0.0000  -15.0000 2884.0637    8.4973
   -7.5000    7.5000  -15.0000 2911.2974    8.2293
    0.0000    7.5000  -15.0000 2921.0337    8.2607
    7.5000    7.5000  -15.0000 2904.6628    8.4429
   -7.5000   15.0000  -15.0000 2923.2031    8.4331
    0.0000   15.0000  -15.0000 2931.6479    8.4410
    7.5000   15.0000  -15.0000 2913.8362    8.6298
   -7.5000   22.5000  -15.0000 2908.3079    8.7757
    0.0000   22.5000  -15.0000 2924.1543    8.7704
    7.5000   22.5000  -15.0000 2897.5042    8.9072
   -7.5000   30.0000  -15.0000 2867.7957    9.1985
    0.0000   30.0000  -15.0000 2879.4143    9.1513
    7.5000   30.0000  -15.0000 2858.5889    9.2983
   -7.5000   37.5000  -15.0000 2802.5381    9.7322
    0.0000   37.5000  -15.0000 2809.0015    9.6471
    7.5000   37.5000  -15.0000 2792.0452    9.8129
   -7.5000   45.0000  -15.0000 2708.4648   10.4546
    0.0000   45.0000  -15.0000 2713.4001   10.3430
    7.5000   45.0000  -15.0000 2694.9111   10.5113
   -7.5000  -45.0000   -7.5000 2328.6228   13.2082
    0.0000  -45.0000   -7.5000 2330.8904   13.1484
    7.5000  -45.0000   -7.5000 2325.0159   13.4578
   -7.5000  -37.5000   -7.5000 2462.0410   11.8330
    0.0000  -37.5000   -7.5000 2462.7441   11.7790
    7.5000  -37.5000   -7.5000 2459.1687   12.0715
   -7.5000  -30.0000   -7.5000 2578.3345   10.7125
    0.0000  -30.0000   -7.5000 2577.9282   10.6784
    7.5000  -30.0000   -7.5000 2575.4705   10.9308
   -7.5000  -22.5000   -7.5000 2677.8772    9.8034
    0.0000  -22.5000   -7.5000 2679.4834    9.7996
    7.5000  -22.5000   -7.5000 2680.4023    9.9979
   -7.5000  -15.0000   -7.5000 2760.8489    9.1325
    0.0000  -15.0000   -7.5000 2767.2803    9.1402
    7.5000  -15.0000   -7.5000 2772.3826    9.2618
   -7.5000   -7.5000   -7.5000 2846.8469    8.6833
    0.0000   -7.5000   -7.5000 2856.1123    8.6939
    7.5000   -7.5000   -7.5000 2854.0503    8.7270
   -7.5000    0.0000   -7.5000 2914.1216    8.4641
    0.0000    0.0000   -7.5000 2925.2722    8.4652
    7.5000    0.0000   -7.5000 2907.7566    8.4405
   -7.5000    7.5000   -7.5000 2946.2876    8.2775
    0.0000    7.5000   -7.5000 2954.4553    8.2820
    7.5000    7.5000   -7.5000 2934.3403    8.3237
   -7.5000   15.0000   -7.5000 2967.6904    8.3281
    0.0000   15.0000   -7.5000 2965.3999    8.3209
    7.5000   15.0000   -7.5000 2943.0867    8.3793
   -7.5000   22.5000   -7.5000 2950.2515    8.5912
    0.0000   22.5000   -7.5000 2963.3433    8.5461
    7.5000   22.5000   -7.5000 2935.1851    8.6084
   -7.5000   30.0000   -7.5000 2909.9917    8.9531
    0.0000   30.0000   -7.5000 2929.3599    8.8974
    7.5000   30.0000   -7.5000 2905.1277    8.9795
   -7.5000   37.5000   -7.5000 2845.6404    9.4759
    0.0000   37.5000   -7.5000 2864.6733    9.4042
    7.5000   37.5000   -7.5000 2842.3904    9.5075
   -7.5000   45.0000   -7.5000 2752.6143   10.1949
    0.0000   45.0000   -7.5000 2764.0515   10.0758
    7.5000   45.0000   -7.5000 2742.9346   10.2105
   -7.5000  -45.0000    0.0000 2290.4719   13.4931
    0.0000  -45.0000    0.0000 2290.9626   13.4450
    7.5000  -45.0000    0.0000 2294.0598   13.7515
   -7.5000  -37.5000    0.0000 2417.8948   12.0155
    0.0000  -37.5000    0.0000 2418.5947   11.9812
    7.5000  -37.5000    0.0000 2424.2625   12.2697
   -7.5000  -30.0000    0.0000 2537.8506   10.8425
    0.0000  -30.0000    0.0000 2532.9285   10.8236
    7.5000  -30.0000    0.0000 2542.6887   11.0532
   -7.5000  -22.5000    0.0000 2644.1545    9.9441
    0.0000  -22.5000    0.0000 2641.1370    9.9478
    7.5000  -22.5000    0.0000 2654.2383   10.0945
   -7.5000  -15.0000    0.0000 2740.7817    9.3112
    0.0000  -15.0000    0.0000 2740.3840    9.3364
    7.5000  -15.0000    0.0000 2749.0857    9.3922
   -7.5000   -7.5000    0.0000 2840.3088    8.9283
    0.0000   -7.5000    0.0000 2843.1643    8.9697
    7.5000   -7.5000    0.0000 2835.2659    8.8995
   -7.5000    0.0000    0.0000 2926.2488    8.7129
    0.0000    0.0000    0.0000 2939.2756    8.7559
    7.5000    0.0000    0.0000 2908.1282    8.5700
   -7.5000    7.5000    0.0000 2970.1216    8.5173
    0.0000    7.5000    0.0000 2990.6392    8.5629
    7.5000    7.5000    0.0000 2944.9917    8.4011
   -7.5000   15.0000    0.0000 2982.4807    8.3464
    0.0000   15.0000    0.0000 2998.2559    8.3979
    7.5000   15.0000    0.0000 2960.8298    8.3311
   -7.5000   22.5000    0.0000 2964.2312    8.4690
    0.0000   22.5000    0.0000 2984.3262    8.4886
    7.5000   22.5000    0.0000 2952.8745    8.4710
   -7.5000   30.0000    0.0000 2927.8394    8.7857
    0.0000   30.0000    0.0000 2955.8057    8.7696
    7.5000   30.0000    0.0000 2930.0234    8.8051
   -7.5000   37.5000    0.0000 2867.2246    9.3071
    0.0000   37.5000    0.0000 2893.5767    9.2515
    7.5000   37.5000    0.0000 2874.3137    9.3300
   -7.5000   45.0000    0.0000 2774.9629   10.0489
    0.0000   45.0000    0.0000 2794.3958    9.9528
    7.5000   45.0000    0.0000 2776.5576   10.0684
   -7.5000  -45.0000    7.5000 2242.0481   13.9502
    0.0000  -45.0000    7.5000 2244.2510   13.8943
    7.5000  -45.0000    7.5000 2250.1104   14.1718
   -7.5000  -37.5000    7.5000 2370.1462   12.4656
    0.0000  -37.5000    7.5000 2368.7698   12.4342
    7.5000  -37.5000    7.5000 2377.5645   12.6364
   -7.5000  -30.0000    7.5000 2494.5459   11.2896
    0.0000  -30.0000    7.5000 2486.8108   11.2939
    7.5000  -30.0000    7.5000 2492.1387   11.4061
   -7.5000  -22.5000    7.5000 2610.3276   10.4026
    0.0000  -22.5000    7.5000 2607.0300   10.4542
    7.5000  -22.5000    7.5000 2609.3252   10.4747
   -7.5000  -15.0000    7.5000 2721.8064    9.7078
    0.0000  -15.0000    7.5000 2725.2793    9.7758
    7.5000  -15.0000    7.5000 2718.0835    9.7382
   -7.5000   -7.5000    7.5000 2815.0068    9.1739
    0.0000   -7.5000    7.5000 2829.0146    9.2749
    7.5000   -7.5000    7.5000 2809.8921    9.1837
   -7.5000    0.0000    7.5000 2897.8918    8.8126
    0.0000    0.0000    7.5000 2923.7258    8.9329
    7.5000    0.0000    7.5000 2894.3237    8.7799
   -7.5000    7.5000    7.5000 2954.8777    8.5863
    0.0000    7.5000    7.5000 2993.7092    8.7209
    7.5000    7.5000    7.5000 2947.8064    8.5426
   -7.5000   15.0000    7.5000 2978.2493    8.3945
    0.0000   15.0000    7.5000 3012.3345    8.4860
    7.5000   15.0000    7.5000 2970.4216    8.4114
   -7.5000   22.5000    7.5000 2969.6990    8.4722
    0.0000   22.5000    7.5000 3000.4133    8.5195
    7.5000   22.5000    7.5000 2962.7217    8.5060
   -7.5000   30.0000    7.5000 2931.4270    8.8155
    0.0000   30.0000    7.5000 2963.9243    8.7830
    7.5000   30.0000    7.5000 2937.8069    8.8245
   -7.5000   37.5000    7.5000 2869.7139    9.3671
    0.0000   37.5000    7.5000 2902.6450    9.2966
    7.5000   37.5000    7.5000 2883.2600    9.3760
   -7.5000   45.0000    7.5000 2780.2644   10.0956
    0.0000   45.0000    7.5000 2804.1829   10.0219
    7.5000   45.0000    7.5000 2785.7239   10.1250
   -7.5000  -45.0000   15.0000 2198.8320   14.7310
    0.0000  -45.0000   15.0000 2204.7832   14.7145
    7.5000  -45.0000   15.0000 2195.9436   14.8582
   -7.5000  -37.5000   15.0000 2329.6714   13.2337
    0.0000  -37.5000   15.0000 2329.2285   13.2361
    7.5000  -37.5000   15.0000 2324.7314   13.3203
   -7.5000  -30.0000   15.0000 2453.5684   12.0022
    0.0000  -30.0000   15.0000 2454.5969   12.0373
    7.5000  -30.0000   15.0000 2447.3538   12.0673
   -7.5000  -22.5000   15.0000 2568.3445   10.9589
    0.0000  -22.5000   15.0000 2576.1084   11.0284
    7.5000  -22.5000   15.0000 2567.7190   11.0114
   -7.5000  -15.0000   15.0000 2676.5085   10.1113
    0.0000  -15.0000   15.0000 2688.4348   10.2069
    7.5000  -15.0000   15.0000 2677.5657   10.1557
   -7.5000   -7.5000   15.0000 2772.0669    9.4630
    0.0000   -7.5000   15.0000 2787.7437    9.5617
    7.5000   -7.5000   15.0000 2773.5164    9.5135
   -7.5000    0.0000   15.0000 2860.3572    9.0368
    0.0000    0.0000   15.0000 2882.7717    9.1409
    7.5000    0.0000   15.0000 2860.6431    9.0575
   -7.5000    7.5000   15.0000 2922.5706    8.7169
    0.0000    7.5000   15.0000 2961.4822    8.8632
    7.5000    7.5000   15.0000 2930.1062    8.7359
   -7.5000   15.0000   15.0000 2952.6821    8.5125
    0.0000   15.0000   15.0000 2988.3306    8.5355
    7.5000   15.0000   15.0000 2952.0955    8.5334
   -7.5000   22.5000   15.0000 2956.5676    8.5950
    0.0000   22.5000   15.0000 2986.1086    8.5264
    7.5000   22.5000   15.0000 2955.0854    8.5985
   -7.5000   30.0000   15.0000 2925.1155    8.9553
    0.0000   30.0000   15.0000 2958.4185    8.8741
    7.5000   30.0000   15.0000 2937.1179    8.9467
   -7.5000   37.5000   15.0000 2861.8726    9.5138
    0.0000   37.5000   15.0000 2894.4329    9.4328
    7.5000   37.5000   15.0000 2880.0994    9.5305
   -7.5000   45.0000   15.0000 2765.9819   10.2868
    0.0000   45.0000   15.0000 2789.4485   10.2151
    7.5000   45.0000   15.0000 2777.1423   10.3237
   -7.5000  -45.0000   22.5000 2154.2188   15.8088
    0.0000  -45.0000   22.5000 2168.6157   15.8827
    7.5000  -45.0000   22.5000 2143.8220   15.9359
   -7.5000  -37.5000   22.5000 2284.3093   14.1232
    0.0000  -37.5000   22.5000 2290.5398   14.1898
    7.5000  -37.5000   22.5000 2273.4458   14.2384
   -7.5000  -30.0000   22.5000 2403.9021   12.7048
    0.0000  -30.0000   22.5000 2407.5796   12.7397
    7.5000  -30.0000   22.5000 2399.1865   12.8044
   -7.5000  -22.5000   22.5000 2519.3584   11.4960
    0.0000  -22.5000   22.5000 2523.7930   11.5322
    7.5000  -22.5000   22.5000 2518.8652   11.5780
   -7.5000  -15.0000   22.5000 2627.2642   10.5632
    0.0000  -15.0000   22.5000 2633.2859   10.6167
    7.5000  -15.0000   22.5000 2632.4980   10.6323
   -7.5000   -7.5000   22.5000 2721.6611    9.8539
    0.0000   -7.5000   22.5000 2733.4360    9.9059
    7.5000   -7.5000   22.5000 2727.2979    9.8987
   -7.5000    0.0000   22.5000 2814.5413    9.3764
    0.0000    0.0000   22.5000 2830.2061    9.4289
    7.5000    0.0000   22.5000 2817.3779    9.4041
   -7.5000    7.5000   22.5000 2881.1885    9.0141
    0.0000    7.5000   22.5000 2907.8403    9.0723
    7.5000    7.5000   22.5000 2888.0310    9.0334
   -7.5000   15.0000   22.5000 2913.6038    8.8334
    0.0000   15.0000   22.5000 2933.0723    8.7506
    7.5000   15.0000   22.5000 2909.3923    8.8266
   -7.5000   22.5000   22.5000 2930.3970    8.8950
    0.0000   22.5000   22.5000 2954.5730    8.7917
    7.5000   22.5000   22.5000 2933.1760    8.8892
   -7.5000   30.0000   22.5000 2901.2100    9.2473
    0.0000   30.0000   22.5000 2926.9287    9.1644
    7.5000   30.0000   22.5000 2910.0942    9.2531
   -7.5000   37.5000   22.5000 2836.7676    9.8075
    0.0000   37.5000   22.5000 2865.6082    9.7062
    7.5000   37.5000   22.5000 2852.5986    9.8263
   -7.5000   45.0000   22.5000 2741.2437   10.5706
    0.0000   45.0000   22.5000 2762.6211   10.4565
    7.5000   45.0000   22.5000 2755.4976   10.5978
   -7.5000  -45.0000   30.0000 2096.6479   16.9525
    0.0000  -45.0000   30.0000 2107.7656   17.0138
    7.5000  -45.0000   30.0000 2085.2158   17.1110
   -7.5000  -37.5000   30.0000 2228.8398   15.0329
    0.0000  -37.5000   30.0000 2230.9900   15.0620
    7.5000  -37.5000   30.0000 2213.3577   15.1567
   -7.5000  -30.0000   30.0000 2346.7922   13.4594
    0.0000  -30.0000   30.0000 2346.6494   13.4241
    7.5000  -30.0000   30.0000 2340.6792   13.5510
   -7.5000  -22.5000   30.0000 2462.5881   12.1473
    0.0000  -22.5000   30.0000 2461.1226   12.1017
    7.5000  -22.5000   30.0000 2462.4937   12.2168
   -7.5000  -15.0000   30.0000 2566.3445   11.1250
    0.0000  -15.0000   30.0000 2570.9470   11.0982
    7.5000  -15.0000   30.0000 2573.8701   11.1774
   -7.5000   -7.5000   30.0000 2665.8010   10.3336
    0.0000   -7.5000   30.0000 2674.9258   10.3232
    7.5000   -7.5000   30.0000 2673.4636   10.3850
   -7.5000    0.0000   30.0000 2753.8792    9.8287
    0.0000    0.0000   30.0000 2767.2019    9.8272
    7.5000    0.0000   30.0000 2761.1216    9.8512
   -7.5000    7.5000   30.0000 2820.9094    9.4501
    0.0000    7.5000   30.0000 2839.5466    9.3788
    7.5000    7.5000   30.0000 2830.0459    9.4238
   -7.5000   15.0000   30.0000 2854.6963    9.3002
    0.0000   15.0000   30.0000 2876.7454    9.1387
    7.5000   15.0000   30.0000 2861.3311    9.2346
   -7.5000   22.5000   30.0000 2871.3279    9.3719
    0.0000   22.5000   30.0000 2898.9395    9.2659
    7.5000   22.5000   30.0000 2879.6016    9.3485
   -7.5000   30.0000   30.0000 2844.2686    9.7200
    0.0000   30.0000   30.0000 2865.5012    9.6423
    7.5000   30.0000   30.0000 2854.6694    9.7186
   -7.5000   37.5000   30.0000 2783.8945   10.2445
    0.0000   37.5000   30.0000 2806.3284   10.1517
    7.5000   37.5000   30.0000 2798.6980   10.2702
   -7.5000   45.0000   30.0000 2693.9517   10.9770
    0.0000   45.0000   30.0000 2715.1580   10.8588
    7.5000   45.0000   30.0000 2708.6580   11.0018
   -7.5000  -45.0000   37.5000 2028.2240   18.2072
    0.0000  -45.0000   37.5000 2036.8035   18.1457
    7.5000  -45.0000   37.5000 2022.5299   18.2917
   -7.5000  -37.5000   37.5000 2163.6960   16.0483
    0.0000  -37.5000   37.5000 2163.2000   15.9415
    7.5000  -37.5000   37.5000 2154.2776   16.1114
   -7.5000  -30.0000   37.5000 2285.5491   14.3349
    0.0000  -30.0000   37.5000 2280.6418   14.1941
    7.5000  -30.0000   37.5000 2278.6084   14.3820
   -7.5000  -22.5000   37.5000 2399.0693   12.9259
    0.0000  -22.5000   37.5000 2394.4783   12.7834
    7.5000  -22.5000   37.5000 2398.3384   12.9296
   -7.5000  -15.0000   37.5000 2506.9932   11.7963
    0.0000  -15.0000   37.5000 2507.8992   11.6749
    7.5000  -15.0000   37.5000 2513.3159   11.8043
   -7.5000   -7.5000   37.5000 2607.9717   10.9850
    0.0000   -7.5000   37.5000 2612.3298   10.8779
    7.5000   -7.5000   37.5000 2614.4026   10.9783
   -7.5000    0.0000   37.5000 2692.3413   10.4058
    0.0000    0.0000   37.5000 2703.3779   10.3046
    7.5000    0.0000   37.5000 2701.3252   10.3835
   -7.5000    7.5000   37.5000 2754.4470   10.0166
    0.0000    7.5000   37.5000 2771.0232    9.8493
    7.5000    7.5000   37.5000 2763.3469    9.9578
   -7.5000   15.0000   37.5000 2788.4980    9.8524
    0.0000   15.0000   37.5000 2809.5854    9.6766
    7.5000   15.0000   37.5000 2799.1882    9.7852
   -7.5000   22.5000   37.5000 2794.3958    9.9719
    0.0000   22.5000   37.5000 2818.2629    9.8433
    7.5000   22.5000   37.5000 2807.1323    9.9241
   -7.5000   30.0000   37.5000 2768.7769   10.2900
    0.0000   30.0000   37.5000 2789.3606   10.2045
    7.5000   30.0000   37.5000 2781.2068   10.2676
   -7.5000   37.5000   37.5000 2716.4819   10.8126
    0.0000   37.5000   37.5000 2735.2075   10.6822
    7.5000   37.5000   37.5000 2730.1970   10.7982
   -7.5000   45.0000   37.5000 2630.3965   11.5051
    0.0000   45.0000   37.5000 2647.0784   11.3648
    7.5000   45.0000   37.5000 2645.6946   11.5121
   -7.5000  -45.0000   45.0000 1957.4241   19.5853
    0.0000  -45.0000   45.0000 1960.0903   19.4545
    7.5000  -45.0000   45.0000 1955.9200   19.6044
   -7.5000  -37.5000   45.0000 2094.3323   17.2233
    0.0000  -37.5000   45.0000 2091.4929   16.9962
    7.5000  -37.5000   45.0000 2088.0435   17.2182
   -7.5000  -30.0000   45.0000 2216.5896   15.3342
    0.0000  -30.0000   45.0000 2212.4490   15.1100
    7.5000  -30.0000   45.0000 2212.2339   15.3304
   -7.5000  -22.5000   45.0000 2327.0281   13.7851
    0.0000  -22.5000   45.0000 2324.1416   13.5564
    7.5000  -22.5000   45.0000 2327.7292   13.7678
   -7.5000  -15.0000   45.0000 2442.7546   12.5961
    0.0000  -15.0000   45.0000 2440.9019   12.3695
    7.5000  -15.0000   45.0000 2444.7434   12.5419
   -7.5000   -7.5000   45.0000 2544.2764   11.7556
    0.0000   -7.5000   45.0000 2546.3286   11.5641
    7.5000   -7.5000   45.0000 2551.0696   11.6845
   -7.5000    0.0000   45.0000 2621.6733   11.1348
    0.0000    0.0000   45.0000 2632.4441   10.9414
    7.5000    0.0000   45.0000 2632.6934   11.0517
   -7.5000    7.5000   45.0000 2676.2957   10.7219
    0.0000    7.5000   45.0000 2691.5437   10.5257
    7.5000    7.5000   45.0000 2680.0950   10.6522
   -7.5000   15.0000   45.0000 2709.2468   10.5433
    0.0000   15.0000   45.0000 2726.6016   10.3745
    7.5000   15.0000   45.0000 2716.5820   10.4651
   -7.5000   22.5000   45.0000 2708.0129   10.6721
    0.0000   22.5000   45.0000 2729.6956   10.5213
    7.5000   22.5000   45.0000 2723.3979   10.5954
   -7.5000   30.0000   45.0000 2681.1128   10.9840
    0.0000   30.0000   45.0000 2698.3562   10.8383
    7.5000   30.0000   45.0000 2696.6721   10.9437
   -7.5000   37.5000   45.0000 2631.0813   11.4780
    0.0000   37.5000   45.0000 2647.8496   11.3035
    7.5000   37.5000   45.0000 2647.6030   11.4267
   -7.5000   45.0000   45.0000 2550.4485   12.1324
    0.0000   45.0000   45.0000 2572.3733   11.9713
    7.5000   45.0000   45.0000 2572.1677   12.0901

---------------------------------------------------------------------
imgreg_4dfp /opt/freesurfer/average/711-2C_as_mni_average_305 /opt/freesurfer/average/711-2B_as_mni_average_305_mask talsrcimg_g11 none talsrcimg_to_711-2C_as_mni_average_305_t4 1283
---------------------------------------------------------------------

freesurfer imgreg_4dfp.c
/opt/freesurfer/average/711-2C_as_mni_average_305.4dfp.img
       256       256       256         1
  1.000000  1.000000  1.000000
orientation T byte_order littleendian
Reading image: /opt/freesurfer/average/711-2C_as_mni_average_305.4dfp.img
dimensions:      256       256       256
mmppix:       1.0000   -1.0000   -1.0000
center:     128.0000 -129.0000 -129.0000
/opt/freesurfer/average/711-2B_as_mni_average_305_mask.4dfp.img
       256       256       256         1
  1.000000  1.000000  1.000000
orientation T byte_order littleendian
Reading mask: /opt/freesurfer/average/711-2B_as_mni_average_305_mask.4dfp.img (2306576 pixels)
talsrcimg_g11.4dfp.img
       256       256       256         1
  1.000000  1.000000  1.000000
orientation T byte_order littleendian
Reading image: talsrcimg_g11.4dfp.img
dimensions:      256       256       256
mmppix:       1.0000   -1.0000   -1.0000
center:     128.0000 -129.0000 -129.0000
rotation matrix determinant  1.000000
fimgreg.f
image alignment mode   1283 decimal      503 hex
parameters
    0.0000   15.0000    7.5000    0.0000    0.0000    0.0000
eta,q 0.94415  8.50806
niter,ni,del,rscale     5    3   12.0000    1.2000
parameter  4-18.007391 ->  0.500000 qaram    1.1500
parameters
   -0.5157   15.3407    7.1628   -3.4500   -1.4924   -0.2677
eta,q 0.95004  8.42900
  0.0663  0.0605  0.0594  0.0462  0.0536  0.0534
  0.0606  0.0576  0.0560  0.0491  0.0518  0.0518
  0.0562  0.0560  0.0543  0.0523  0.0502  0.0506
  0.0557  0.0551  0.0547  0.0546  0.0499  0.0499
  0.0591  0.0551  0.0560  0.0563  0.0524  0.0505
  0.0645  0.0564  0.0573  0.0587  0.0561  0.0520
  0.0689  0.0598  0.0596  0.0622  0.0598  0.0544
niter,ni,del,rscale     5    3   12.0000    1.2000
parameter  4 40.940796 ->  0.500000 qaram    1.3225
parameters
   -0.3935   15.9550    7.5428   -7.4175   -2.1123   -0.5901
eta,q 0.95618  8.42823
  0.0634  0.0563  0.0543  0.0418  0.0507  0.0478
  0.0570  0.0537  0.0522  0.0430  0.0470  0.0457
  0.0522  0.0509  0.0509  0.0462  0.0446  0.0443
  0.0500  0.0499  0.0502  0.0501  0.0438  0.0439
  0.0523  0.0513  0.0497  0.0536  0.0454  0.0448
  0.0577  0.0524  0.0507  0.0560  0.0495  0.0463
  0.0613  0.0539  0.0540  0.0583  0.0543  0.0486
niter,ni,del,rscale     5    3   12.0000    1.2000
parameter  4  1.206117 ->  0.500000 qaram    1.5209
parameters
   -0.3449   16.1047    6.1817  -11.9801   -2.6654   -1.1543
eta,q 0.95989  8.49210
  0.0593  0.0522  0.0471  0.0403  0.0461  0.0433
  0.0523  0.0477  0.0457  0.0402  0.0430  0.0416
  0.0464  0.0450  0.0443  0.0407  0.0407  0.0405
  0.0438  0.0438  0.0439  0.0440  0.0401  0.0401
  0.0466  0.0462  0.0452  0.0488  0.0414  0.0406
  0.0531  0.0497  0.0489  0.0525  0.0447  0.0425
  0.0580  0.0496  0.0537  0.0549  0.0489  0.0452
niter,ni,del,rscale     5    3   12.0000    1.2000
parameters
   -0.0981   16.7089    3.8885  -16.1346   -3.2869   -1.8144
eta,q 0.96393  8.53219
  0.0560  0.0512  0.0420  0.0410  0.0424  0.0391
  0.0495  0.0441  0.0398  0.0366  0.0396  0.0373
  0.0432  0.0401  0.0389  0.0362  0.0370  0.0364
  0.0401  0.0400  0.0402  0.0389  0.0359  0.0360
  0.0418  0.0406  0.0430  0.0436  0.0374  0.0364
  0.0476  0.0436  0.0467  0.0487  0.0414  0.0383
  0.0541  0.0458  0.0508  0.0527  0.0463  0.0413
niter,ni,del,rscale     4    3   12.0000    1.2000
parameters
    0.0622   18.0385    2.7630  -17.7082   -3.4095   -1.5443
eta,q 0.96656  8.50628
  0.0545  0.0492  0.0406  0.0433  0.0425  0.0397
  0.0462  0.0435  0.0365  0.0388  0.0389  0.0369
  0.0390  0.0386  0.0347  0.0336  0.0355  0.0348
  0.0361  0.0361  0.0353  0.0346  0.0335  0.0335
  0.0389  0.0352  0.0378  0.0389  0.0345  0.0338
  0.0455  0.0376  0.0411  0.0451  0.0387  0.0358
  0.0522  0.0414  0.0455  0.0499  0.0443  0.0391
niter,ni,del,rscale     3    3   12.0000    1.2000
parameters
    0.1135   18.5904    2.0966  -18.3453   -3.5883   -1.4902
eta,q 0.96744  8.48695
  0.0533  0.0456  0.0411  0.0455  0.0422  0.0394
  0.0439  0.0407  0.0361  0.0407  0.0382  0.0363
  0.0361  0.0362  0.0334  0.0340  0.0344  0.0340
  0.0334  0.0335  0.0332  0.0329  0.0325  0.0326
  0.0372  0.0342  0.0359  0.0371  0.0339  0.0331
  0.0449  0.0386  0.0399  0.0431  0.0384  0.0357
  0.0513  0.0420  0.0441  0.0489  0.0441  0.0397
niter,ni,del,rscale     2    3   12.0000    1.2000
parameters
    0.2007   18.7139    1.8364  -18.6104   -3.7111   -1.5305
eta,q 0.96759  8.48517
  0.0529  0.0443  0.0424  0.0464  0.0422  0.0392
  0.0437  0.0396  0.0368  0.0417  0.0381  0.0361
  0.0356  0.0349  0.0334  0.0348  0.0344  0.0338
  0.0326  0.0326  0.0325  0.0325  0.0324  0.0324
  0.0362  0.0348  0.0347  0.0363  0.0336  0.0331
  0.0441  0.0396  0.0389  0.0421  0.0382  0.0358
  0.0507  0.0431  0.0433  0.0482  0.0437  0.0400
niter,ni,del,rscale     1    3   12.0000    1.2000
parameters
    0.2453   18.7314    1.7196  -18.7258   -3.7690   -1.5658
eta,q 0.96759  8.48551
  0.0524  0.0441  0.0430  0.0467  0.0423  0.0392
  0.0432  0.0394  0.0372  0.0421  0.0383  0.0361
  0.0353  0.0346  0.0335  0.0352  0.0345  0.0337
  0.0324  0.0324  0.0324  0.0324  0.0324  0.0324
  0.0362  0.0350  0.0344  0.0361  0.0335  0.0330
  0.0441  0.0399  0.0386  0.0417  0.0379  0.0358
  0.0507  0.0435  0.0430  0.0478  0.0435  0.0400
registration optimization eta report
parameter search radius
    6.0000    6.0000    6.0000    9.1253    6.0000    6.0000
100000*second partial in parameter space
       51.       30.       29.       17.       28.       20.
  0.0524  0.0441  0.0430  0.0467  0.0423  0.0392
  0.0432  0.0394  0.0372  0.0421  0.0383  0.0361
  0.0353  0.0346  0.0335  0.0352  0.0345  0.0337
  0.0324  0.0324  0.0324  0.0324  0.0324  0.0324
  0.0362  0.0350  0.0344  0.0361  0.0335  0.0330
  0.0441  0.0399  0.0386  0.0417  0.0379  0.0358
  0.0507  0.0435  0.0430  0.0478  0.0435  0.0400
    0.2453   18.7314    1.7196  -18.7258   -3.7690   -1.5658
eta,q 0.96759  8.48551

---------------------------------------------------------------------
imgreg_4dfp /opt/freesurfer/average/711-2C_as_mni_average_305 /opt/freesurfer/average/711-2B_as_mni_average_305_mask talsrcimg_g11 none talsrcimg_to_711-2C_as_mni_average_305_t4 3335
---------------------------------------------------------------------

freesurfer imgreg_4dfp.c
/opt/freesurfer/average/711-2C_as_mni_average_305.4dfp.img
       256       256       256         1
  1.000000  1.000000  1.000000
orientation T byte_order littleendian
Reading image: /opt/freesurfer/average/711-2C_as_mni_average_305.4dfp.img
dimensions:      256       256       256
mmppix:       1.0000   -1.0000   -1.0000
center:     128.0000 -129.0000 -129.0000
/opt/freesurfer/average/711-2B_as_mni_average_305_mask.4dfp.img
       256       256       256         1
  1.000000  1.000000  1.000000
orientation T byte_order littleendian
Reading mask: /opt/freesurfer/average/711-2B_as_mni_average_305_mask.4dfp.img (2306576 pixels)
talsrcimg_g11.4dfp.img
       256       256       256         1
  1.000000  1.000000  1.000000
orientation T byte_order littleendian
Reading image: talsrcimg_g11.4dfp.img
dimensions:      256       256       256
mmppix:       1.0000   -1.0000   -1.0000
center:     128.0000 -129.0000 -129.0000
fimgreg.f
image alignment mode   3335 decimal      D07 hex
parameters
    0.2453   18.7314    1.7196   -0.2535   -5.2711   -5.4983
    0.4783    7.1003   -2.7266   31.9219   -6.5734  -32.0346
eta,q 0.96435  8.54550
niter,ni,del,rscale     5    3    5.0000    1.2000
parameter  4  0.507324 ->  0.500000 qaram    1.1500
parameter  5  6.146154 ->  0.500000 qaram    1.1500
parameter 12 -0.709555 -> -0.500000 qaram    1.1500
parameters
    0.0903   17.5414    1.7064   -4.3935   -9.4111   -4.0729
   -0.4187    7.9986   -2.3564   33.4178   -3.8275  -27.8946
eta,q 0.97300  8.56110
  0.0386  0.0357  0.0366  0.0351  0.0261  0.0308  0.0304  0.0327  0.0303  0.0327  0.0297  0.0329
  0.0368  0.0353  0.0358  0.0346  0.0278  0.0298  0.0292  0.0303  0.0292  0.0307  0.0289  0.0309
  0.0358  0.0353  0.0354  0.0345  0.0308  0.0290  0.0284  0.0288  0.0286  0.0291  0.0284  0.0292
  0.0357  0.0356  0.0353  0.0353  0.0346  0.0285  0.0284  0.0283  0.0283  0.0283  0.0281  0.0280
  0.0362  0.0360  0.0354  0.0376  0.0386  0.0283  0.0289  0.0284  0.0284  0.0281  0.0280  0.0272
  0.0375  0.0364  0.0359  0.0415  0.0417  0.0284  0.0301  0.0293  0.0290  0.0286  0.0280  0.0270
  0.0394  0.0369  0.0366  0.0462  0.0446  0.0297  0.0317  0.0308  0.0299  0.0303  0.0283  0.0271
niter,ni,del,rscale     7    3    5.0000    1.2000
parameter  5  0.620312 ->  0.500000 qaram    1.3225
parameter  6 -0.762975 -> -0.500000 qaram    1.1500
parameters
    0.4477   18.2403    2.0686   -4.0058  -14.1721    0.0671
    0.3908    8.5153   -1.3019   32.6039   -3.7184  -28.6794
eta,q 0.97690  8.55330
  0.0300  0.0314  0.0281  0.0298  0.0257  0.0274  0.0263  0.0279  0.0257  0.0264  0.0242  0.0252
  0.0285  0.0295  0.0274  0.0287  0.0248  0.0263  0.0249  0.0252  0.0244  0.0247  0.0236  0.0237
  0.0275  0.0279  0.0269  0.0277  0.0246  0.0254  0.0238  0.0237  0.0236  0.0235  0.0232  0.0231
  0.0270  0.0269  0.0266  0.0266  0.0264  0.0246  0.0233  0.0232  0.0232  0.0232  0.0232  0.0232
  0.0270  0.0266  0.0266  0.0259  0.0306  0.0237  0.0233  0.0235  0.0232  0.0238  0.0233  0.0238
  0.0276  0.0270  0.0269  0.0270  0.0357  0.0232  0.0240  0.0246  0.0236  0.0257  0.0236  0.0246
  0.0286  0.0283  0.0274  0.0305  0.0399  0.0241  0.0253  0.0266  0.0246  0.0287  0.0240  0.0256
niter,ni,del,rscale     7    3    5.0000    1.2000
parameters
    0.4472   19.1475    2.4625   -2.8306  -16.4923   -1.2750
    0.0484    8.2329   -1.2110   33.1131   -4.0359  -30.8612
eta,q 0.97773  8.52678
  0.0255  0.0275  0.0248  0.0270  0.0264  0.0249  0.0248  0.0256  0.0244  0.0255  0.0233  0.0236
  0.0242  0.0256  0.0237  0.0257  0.0243  0.0238  0.0236  0.0238  0.0234  0.0241  0.0228  0.0225
  0.0234  0.0241  0.0229  0.0242  0.0225  0.0230  0.0228  0.0228  0.0228  0.0231  0.0225  0.0223
  0.0231  0.0231  0.0226  0.0226  0.0220  0.0222  0.0226  0.0226  0.0226  0.0226  0.0225  0.0225
  0.0233  0.0226  0.0227  0.0216  0.0243  0.0223  0.0229  0.0230  0.0227  0.0226  0.0227  0.0232
  0.0241  0.0228  0.0230  0.0226  0.0295  0.0246  0.0238  0.0242  0.0233  0.0233  0.0230  0.0242
  0.0255  0.0238  0.0237  0.0263  0.0358  0.0299  0.0253  0.0261  0.0244  0.0250  0.0234  0.0252
niter,ni,del,rscale     6    3    5.0000    1.2000
parameters
    0.4029   19.6755    2.6173   -2.5106  -17.5730   -1.4868
   -0.2671    8.1783   -1.2727   33.8721   -4.1925  -31.8600
eta,q 0.97780  8.52254
  0.0247  0.0256  0.0235  0.0266  0.0275  0.0253  0.0247  0.0255  0.0241  0.0251  0.0231  0.0241
  0.0234  0.0241  0.0228  0.0252  0.0254  0.0241  0.0234  0.0236  0.0231  0.0236  0.0226  0.0227
  0.0226  0.0230  0.0223  0.0237  0.0234  0.0231  0.0226  0.0226  0.0226  0.0228  0.0223  0.0222
  0.0223  0.0223  0.0221  0.0221  0.0220  0.0223  0.0223  0.0223  0.0223  0.0223  0.0223  0.0223
  0.0226  0.0221  0.0222  0.0215  0.0228  0.0218  0.0227  0.0227  0.0225  0.0224  0.0224  0.0228
  0.0235  0.0226  0.0225  0.0232  0.0265  0.0231  0.0237  0.0238  0.0232  0.0229  0.0227  0.0237
  0.0250  0.0237  0.0232  0.0274  0.0325  0.0270  0.0252  0.0255  0.0242  0.0242  0.0232  0.0248
niter,ni,del,rscale     5    3    5.0000    1.2000
parameters
    0.3741   19.9513    2.5503   -2.4046  -18.1602   -1.5549
   -0.3542    8.1609   -1.3289   34.3330   -4.1473  -32.4927
eta,q 0.97773  8.52083
  0.0247  0.0248  0.0233  0.0265  0.0279  0.0255  0.0248  0.0255  0.0240  0.0248  0.0232  0.0244
  0.0233  0.0235  0.0226  0.0252  0.0258  0.0243  0.0235  0.0237  0.0231  0.0234  0.0227  0.0229
  0.0225  0.0227  0.0223  0.0237  0.0237  0.0232  0.0227  0.0226  0.0226  0.0227  0.0224  0.0223
  0.0222  0.0222  0.0222  0.0222  0.0221  0.0223  0.0224  0.0224  0.0224  0.0224  0.0223  0.0223
  0.0225  0.0222  0.0223  0.0217  0.0224  0.0217  0.0226  0.0227  0.0225  0.0224  0.0225  0.0228
  0.0234  0.0228  0.0227  0.0236  0.0256  0.0231  0.0235  0.0238  0.0231  0.0229  0.0227  0.0237
  0.0249  0.0239  0.0234  0.0279  0.0313  0.0270  0.0250  0.0255  0.0241  0.0243  0.0232  0.0247
niter,ni,del,rscale     4    3    5.0000    1.2000
parameters
    0.3452   20.0794    2.4483   -2.3653  -18.4979   -1.6547
   -0.3545    8.1339   -1.3139   34.6835   -4.0158  -32.8796
eta,q 0.97764  8.51950
  0.0248  0.0245  0.0233  0.0266  0.0281  0.0256  0.0249  0.0256  0.0241  0.0246  0.0233  0.0246
  0.0234  0.0233  0.0227  0.0253  0.0260  0.0244  0.0236  0.0237  0.0231  0.0234  0.0228  0.0230
  0.0226  0.0226  0.0224  0.0238  0.0239  0.0233  0.0227  0.0227  0.0226  0.0227  0.0225  0.0224
  0.0223  0.0223  0.0223  0.0223  0.0223  0.0224  0.0224  0.0224  0.0224  0.0224  0.0224  0.0224
  0.0226  0.0224  0.0224  0.0218  0.0222  0.0218  0.0227  0.0228  0.0226  0.0224  0.0225  0.0229
  0.0234  0.0230  0.0228  0.0238  0.0252  0.0232  0.0235  0.0238  0.0231  0.0230  0.0228  0.0237
  0.0249  0.0241  0.0236  0.0281  0.0307  0.0272  0.0250  0.0255  0.0241  0.0244  0.0232  0.0247
niter,ni,del,rscale     3    3    5.0000    1.2000
parameters
    0.3197   20.1590    2.3508   -2.3532  -18.6967   -1.7443
   -0.3441    8.0947   -1.2778   34.9365   -3.8996  -33.1426
eta,q 0.97757  8.51864
  0.0248  0.0244  0.0234  0.0266  0.0282  0.0257  0.0250  0.0256  0.0241  0.0246  0.0234  0.0248
  0.0235  0.0233  0.0228  0.0254  0.0261  0.0244  0.0236  0.0237  0.0232  0.0234  0.0228  0.0231
  0.0227  0.0226  0.0225  0.0239  0.0241  0.0234  0.0228  0.0227  0.0227  0.0227  0.0225  0.0224
  0.0224  0.0224  0.0224  0.0224  0.0224  0.0224  0.0225  0.0225  0.0225  0.0225  0.0225  0.0225
  0.0226  0.0225  0.0225  0.0219  0.0222  0.0218  0.0227  0.0228  0.0226  0.0225  0.0226  0.0229
  0.0235  0.0231  0.0229  0.0239  0.0250  0.0233  0.0236  0.0239  0.0231  0.0230  0.0228  0.0237
  0.0250  0.0242  0.0236  0.0282  0.0304  0.0273  0.0250  0.0256  0.0241  0.0244  0.0233  0.0247
niter,ni,del,rscale     2    3    5.0000    1.2000
parameters
    0.2971   20.2113    2.2774   -2.3495  -18.8276   -1.8142
   -0.3452    8.0578   -1.2371   35.1202   -3.8259  -33.3178
eta,q 0.97752  8.51804
  0.0249  0.0244  0.0235  0.0267  0.0283  0.0257  0.0250  0.0256  0.0241  0.0245  0.0234  0.0249
  0.0235  0.0233  0.0229  0.0254  0.0262  0.0245  0.0237  0.0238  0.0232  0.0234  0.0228  0.0232
  0.0227  0.0227  0.0225  0.0239  0.0242  0.0235  0.0228  0.0228  0.0227  0.0228  0.0226  0.0225
  0.0224  0.0224  0.0224  0.0224  0.0224  0.0225  0.0225  0.0225  0.0225  0.0225  0.0225  0.0225
  0.0227  0.0226  0.0226  0.0220  0.0222  0.0219  0.0228  0.0229  0.0226  0.0225  0.0226  0.0230
  0.0236  0.0232  0.0230  0.0240  0.0250  0.0233  0.0236  0.0239  0.0232  0.0230  0.0229  0.0237
  0.0250  0.0243  0.0236  0.0282  0.0303  0.0273  0.0251  0.0256  0.0241  0.0245  0.0233  0.0247
niter,ni,del,rscale     1    3    5.0000    1.2000
parameters
    0.2806   20.2473    2.2216   -2.3535  -18.9235   -1.8726
   -0.3501    8.0289   -1.2010   35.2550   -3.7775  -33.4486
eta,q 0.97748  8.51732
  0.0249  0.0243  0.0236  0.0267  0.0283  0.0258  0.0250  0.0256  0.0241  0.0245  0.0234  0.0249
  0.0236  0.0233  0.0229  0.0254  0.0262  0.0246  0.0237  0.0238  0.0232  0.0234  0.0229  0.0233
  0.0228  0.0227  0.0226  0.0240  0.0242  0.0235  0.0229  0.0228  0.0227  0.0228  0.0226  0.0225
  0.0225  0.0225  0.0225  0.0225  0.0225  0.0225  0.0225  0.0225  0.0225  0.0225  0.0225  0.0225
  0.0227  0.0226  0.0226  0.0220  0.0223  0.0219  0.0228  0.0229  0.0227  0.0225  0.0226  0.0230
  0.0236  0.0232  0.0230  0.0240  0.0249  0.0233  0.0236  0.0239  0.0232  0.0231  0.0229  0.0238
  0.0250  0.0243  0.0237  0.0283  0.0303  0.0273  0.0251  0.0256  0.0241  0.0246  0.0233  0.0247
registration optimization eta report
parameter search radius
    2.4000    2.4000    2.4000    8.2800    9.5220    8.2800
    7.2000    7.2000    7.2000    7.2000    7.2000    8.2800
100000*second partial in parameter space
       43.       32.       20.        7.        8.        6.
        5.        6.        3.        4.        2.        3.
  0.0249  0.0243  0.0236  0.0267  0.0283  0.0258  0.0250  0.0256  0.0241  0.0245  0.0234  0.0249
  0.0236  0.0233  0.0229  0.0254  0.0262  0.0246  0.0237  0.0238  0.0232  0.0234  0.0229  0.0233
  0.0228  0.0227  0.0226  0.0240  0.0242  0.0235  0.0229  0.0228  0.0227  0.0228  0.0226  0.0225
  0.0225  0.0225  0.0225  0.0225  0.0225  0.0225  0.0225  0.0225  0.0225  0.0225  0.0225  0.0225
  0.0227  0.0226  0.0226  0.0220  0.0223  0.0219  0.0228  0.0229  0.0227  0.0225  0.0226  0.0230
  0.0236  0.0232  0.0230  0.0240  0.0249  0.0233  0.0236  0.0239  0.0232  0.0231  0.0229  0.0238
  0.0250  0.0243  0.0237  0.0283  0.0303  0.0273  0.0251  0.0256  0.0241  0.0246  0.0233  0.0247
    0.2806   20.2473    2.2216   -2.3535  -18.9235   -1.8726
   -0.3501    8.0289   -1.2010   35.2550   -3.7775  -33.4486
eta,q 0.97748  8.51732

---------------------------------------------------------------------
imgreg_4dfp /opt/freesurfer/average/711-2C_as_mni_average_305 /opt/freesurfer/average/711-2B_as_mni_average_305_mask talsrcimg_g11 none talsrcimg_to_711-2C_as_mni_average_305_t4 2311
---------------------------------------------------------------------

freesurfer imgreg_4dfp.c
/opt/freesurfer/average/711-2C_as_mni_average_305.4dfp.img
       256       256       256         1
  1.000000  1.000000  1.000000
orientation T byte_order littleendian
Reading image: /opt/freesurfer/average/711-2C_as_mni_average_305.4dfp.img
dimensions:      256       256       256
mmppix:       1.0000   -1.0000   -1.0000
center:     128.0000 -129.0000 -129.0000
/opt/freesurfer/average/711-2B_as_mni_average_305_mask.4dfp.img
       256       256       256         1
  1.000000  1.000000  1.000000
orientation T byte_order littleendian
Reading mask: /opt/freesurfer/average/711-2B_as_mni_average_305_mask.4dfp.img (2306576 pixels)
talsrcimg_g11.4dfp.img
       256       256       256         1
  1.000000  1.000000  1.000000
orientation T byte_order littleendian
Reading image: talsrcimg_g11.4dfp.img
dimensions:      256       256       256
mmppix:       1.0000   -1.0000   -1.0000
center:     128.0000 -129.0000 -129.0000
fimgreg.f
image alignment mode   2311 decimal      907 hex
parameters
    0.2806   20.2473    2.2216   -2.3535  -18.9235   -1.8726
   -0.3501    8.0289   -1.2010   35.2550   -3.7775  -33.4486
eta,q 0.97748  8.51732
niter,ni,del,rscale     5    3    5.0000    0.8000
parameters
    0.2869   20.3256    2.2152   -0.7059  -17.8223   -0.6798
   -0.6438    8.3102   -1.3919   35.5836   -3.3042  -32.9108
eta,q 0.97862  8.58517
  0.0236  0.0234  0.0230  0.0251  0.0247  0.0235  0.0229  0.0239  0.0224  0.0231  0.0222  0.0228
  0.0230  0.0229  0.0227  0.0243  0.0237  0.0229  0.0220  0.0225  0.0218  0.0222  0.0217  0.0220
  0.0227  0.0226  0.0226  0.0233  0.0228  0.0223  0.0215  0.0217  0.0215  0.0217  0.0215  0.0215
  0.0225  0.0225  0.0225  0.0225  0.0220  0.0218  0.0214  0.0214  0.0214  0.0214  0.0214  0.0214
  0.0226  0.0226  0.0226  0.0220  0.0217  0.0213  0.0217  0.0216  0.0216  0.0214  0.0214  0.0215
  0.0230  0.0228  0.0227  0.0222  0.0221  0.0215  0.0223  0.0222  0.0219  0.0218  0.0216  0.0218
  0.0236  0.0232  0.0230  0.0233  0.0233  0.0226  0.0233  0.0233  0.0225  0.0228  0.0219  0.0222
niter,ni,del,rscale     4    3    5.0000    0.7000
parameters
    0.2226   19.9040    2.1168   -0.9275  -17.3490   -0.3722
   -0.3698    8.1813   -1.3364   35.1699   -3.1572  -32.5397
eta,q 0.97882  8.59068
  0.0225  0.0217  0.0218  0.0232  0.0234  0.0229  0.0226  0.0228  0.0220  0.0222  0.0217  0.0222
  0.0219  0.0214  0.0215  0.0224  0.0226  0.0223  0.0219  0.0219  0.0216  0.0216  0.0214  0.0216
  0.0215  0.0213  0.0213  0.0217  0.0218  0.0218  0.0214  0.0213  0.0213  0.0213  0.0212  0.0213
  0.0214  0.0214  0.0213  0.0213  0.0213  0.0213  0.0212  0.0212  0.0212  0.0212  0.0212  0.0212
  0.0216  0.0217  0.0214  0.0215  0.0213  0.0211  0.0213  0.0214  0.0213  0.0214  0.0212  0.0212
  0.0220  0.0221  0.0216  0.0224  0.0218  0.0216  0.0216  0.0220  0.0215  0.0219  0.0214  0.0215
  0.0227  0.0228  0.0220  0.0240  0.0229  0.0228  0.0223  0.0230  0.0220  0.0228  0.0216  0.0218
niter,ni,del,rscale     3    3    5.0000    0.6000
parameters
    0.1994   19.7549    2.1929   -0.8608  -17.0617   -0.0894
   -0.3579    8.1441   -1.2612   34.8984   -3.1304  -32.2148
eta,q 0.97893  8.59550
  0.0220  0.0217  0.0217  0.0228  0.0227  0.0225  0.0220  0.0224  0.0217  0.0220  0.0215  0.0218
  0.0216  0.0214  0.0214  0.0221  0.0221  0.0220  0.0215  0.0216  0.0214  0.0215  0.0212  0.0214
  0.0213  0.0212  0.0212  0.0215  0.0215  0.0215  0.0212  0.0212  0.0212  0.0212  0.0211  0.0211
  0.0212  0.0212  0.0212  0.0212  0.0212  0.0211  0.0211  0.0211  0.0211  0.0211  0.0211  0.0211
  0.0213  0.0213  0.0212  0.0212  0.0212  0.0211  0.0212  0.0212  0.0211  0.0212  0.0211  0.0211
  0.0216  0.0216  0.0213  0.0218  0.0216  0.0214  0.0215  0.0217  0.0213  0.0216  0.0212  0.0213
  0.0221  0.0220  0.0216  0.0229  0.0224  0.0224  0.0220  0.0224  0.0217  0.0223  0.0215  0.0215
niter,ni,del,rscale     2    3    5.0000    0.5000
parameters
    0.1898   19.6742    2.2612   -0.7817  -16.8767    0.1363
   -0.3776    8.1344   -1.2213   34.6993   -3.1315  -31.9710
eta,q 0.97899  8.59862
  0.0217  0.0215  0.0214  0.0223  0.0222  0.0221  0.0217  0.0220  0.0215  0.0217  0.0213  0.0215
  0.0213  0.0212  0.0212  0.0217  0.0217  0.0217  0.0213  0.0214  0.0212  0.0213  0.0211  0.0212
  0.0211  0.0211  0.0211  0.0213  0.0213  0.0213  0.0211  0.0211  0.0211  0.0211  0.0210  0.0211
  0.0211  0.0211  0.0211  0.0211  0.0211  0.0210  0.0210  0.0210  0.0210  0.0210  0.0210  0.0210
  0.0211  0.0212  0.0211  0.0211  0.0211  0.0210  0.0211  0.0211  0.0211  0.0211  0.0211  0.0210
  0.0214  0.0213  0.0212  0.0215  0.0214  0.0213  0.0213  0.0215  0.0212  0.0214  0.0211  0.0212
  0.0217  0.0217  0.0214  0.0223  0.0220  0.0220  0.0217  0.0220  0.0215  0.0219  0.0213  0.0214
niter,ni,del,rscale     1    3    5.0000    0.4000
parameters
    0.1877   19.6250    2.3094   -0.7098  -16.7506    0.3145
   -0.3824    8.1405   -1.2097   34.5542   -3.1546  -31.7801
eta,q 0.97901  8.60071
  0.0214  0.0213  0.0213  0.0218  0.0218  0.0217  0.0214  0.0216  0.0213  0.0214  0.0212  0.0213
  0.0212  0.0211  0.0211  0.0214  0.0214  0.0214  0.0212  0.0213  0.0211  0.0212  0.0211  0.0211
  0.0211  0.0210  0.0210  0.0212  0.0211  0.0212  0.0210  0.0210  0.0210  0.0210  0.0210  0.0210
  0.0210  0.0210  0.0210  0.0210  0.0210  0.0210  0.0210  0.0210  0.0210  0.0210  0.0210  0.0210
  0.0211  0.0211  0.0210  0.0211  0.0210  0.0210  0.0210  0.0211  0.0210  0.0211  0.0210  0.0210
  0.0212  0.0212  0.0211  0.0213  0.0213  0.0212  0.0212  0.0213  0.0211  0.0213  0.0211  0.0211
  0.0214  0.0214  0.0212  0.0218  0.0217  0.0216  0.0214  0.0216  0.0213  0.0216  0.0212  0.0212
registration optimization eta report
parameter search radius
    0.8000    0.8000    0.8000    2.4000    2.4000    2.4000
    2.4000    2.4000    2.4000    2.4000    2.4000    2.4000
100000*second partial in parameter space
       65.       52.       35.       14.       13.       12.
        8.       11.        5.        9.        3.        5.
  0.0214  0.0213  0.0213  0.0218  0.0218  0.0217  0.0214  0.0216  0.0213  0.0214  0.0212  0.0213
  0.0212  0.0211  0.0211  0.0214  0.0214  0.0214  0.0212  0.0213  0.0211  0.0212  0.0211  0.0211
  0.0211  0.0210  0.0210  0.0212  0.0211  0.0212  0.0210  0.0210  0.0210  0.0210  0.0210  0.0210
  0.0210  0.0210  0.0210  0.0210  0.0210  0.0210  0.0210  0.0210  0.0210  0.0210  0.0210  0.0210
  0.0211  0.0211  0.0210  0.0211  0.0210  0.0210  0.0210  0.0211  0.0210  0.0211  0.0210  0.0210
  0.0212  0.0212  0.0211  0.0213  0.0213  0.0212  0.0212  0.0213  0.0211  0.0213  0.0211  0.0211
  0.0214  0.0214  0.0212  0.0218  0.0217  0.0216  0.0214  0.0216  0.0213  0.0216  0.0212  0.0212
    0.1877   19.6250    2.3094   -0.7098  -16.7506    0.3145
   -0.3824    8.1405   -1.2097   34.5542   -3.1546  -31.7801
eta,q 0.97901  8.60071

---------------------------------------------------------------------
imgreg_4dfp /opt/freesurfer/average/711-2C_as_mni_average_305 /opt/freesurfer/average/711-2B_as_mni_average_305_mask talsrcimg_g11 none talsrcimg_to_711-2C_as_mni_average_305_t4 2311
---------------------------------------------------------------------

freesurfer imgreg_4dfp.c
/opt/freesurfer/average/711-2C_as_mni_average_305.4dfp.img
       256       256       256         1
  1.000000  1.000000  1.000000
orientation T byte_order littleendian
Reading image: /opt/freesurfer/average/711-2C_as_mni_average_305.4dfp.img
dimensions:      256       256       256
mmppix:       1.0000   -1.0000   -1.0000
center:     128.0000 -129.0000 -129.0000
/opt/freesurfer/average/711-2B_as_mni_average_305_mask.4dfp.img
       256       256       256         1
  1.000000  1.000000  1.000000
orientation T byte_order littleendian
Reading mask: /opt/freesurfer/average/711-2B_as_mni_average_305_mask.4dfp.img (2306576 pixels)
talsrcimg_g11.4dfp.img
       256       256       256         1
  1.000000  1.000000  1.000000
orientation T byte_order littleendian
Reading image: talsrcimg_g11.4dfp.img
dimensions:      256       256       256
mmppix:       1.0000   -1.0000   -1.0000
center:     128.0000 -129.0000 -129.0000
fimgreg.f
image alignment mode   2311 decimal      907 hex
parameters
    0.1877   19.6250    2.3094   -0.7098  -16.7506    0.3145
   -0.3824    8.1405   -1.2097   34.5542   -3.1546  -31.7801
eta,q 0.97901  8.60072
niter,ni,del,rscale     5    3    5.0000    0.8000
parameters
    0.1857   19.5591    2.3857   -1.2002  -16.9715   -0.1685
   -0.3045    8.0929   -1.1632   34.3836   -3.3869  -31.7708
eta,q 0.97885  8.58580
  0.0227  0.0222  0.0220  0.0232  0.0232  0.0227  0.0227  0.0233  0.0222  0.0227  0.0217  0.0222
  0.0217  0.0215  0.0214  0.0222  0.0223  0.0221  0.0219  0.0221  0.0216  0.0219  0.0214  0.0215
  0.0212  0.0211  0.0211  0.0214  0.0215  0.0215  0.0214  0.0214  0.0213  0.0214  0.0212  0.0212
  0.0210  0.0210  0.0210  0.0210  0.0210  0.0211  0.0212  0.0212  0.0212  0.0212  0.0212  0.0212
  0.0212  0.0212  0.0211  0.0213  0.0213  0.0212  0.0213  0.0214  0.0213  0.0214  0.0213  0.0213
  0.0217  0.0217  0.0213  0.0227  0.0222  0.0223  0.0218  0.0222  0.0216  0.0220  0.0215  0.0216
  0.0227  0.0225  0.0218  0.0249  0.0241  0.0242  0.0227  0.0233  0.0222  0.0230  0.0218  0.0221
niter,ni,del,rscale     4    3    5.0000    0.7000
parameters
    0.2271   19.6499    2.3366   -1.0323  -16.8616   -0.1615
   -0.4070    8.1919   -1.2118   34.4859   -3.4159  -31.7684
eta,q 0.97891  8.59043
  0.0224  0.0222  0.0217  0.0233  0.0231  0.0226  0.0223  0.0229  0.0219  0.0225  0.0216  0.0219
  0.0217  0.0217  0.0214  0.0224  0.0222  0.0221  0.0216  0.0219  0.0215  0.0218  0.0213  0.0214
  0.0213  0.0213  0.0212  0.0216  0.0215  0.0215  0.0212  0.0213  0.0212  0.0213  0.0211  0.0211
  0.0211  0.0212  0.0211  0.0211  0.0211  0.0211  0.0211  0.0211  0.0211  0.0211  0.0211  0.0211
  0.0213  0.0212  0.0212  0.0211  0.0212  0.0211  0.0213  0.0213  0.0212  0.0212  0.0212  0.0212
  0.0216  0.0215  0.0215  0.0218  0.0218  0.0217  0.0217  0.0218  0.0215  0.0216  0.0213  0.0215
  0.0223  0.0220  0.0218  0.0233  0.0231  0.0230  0.0224  0.0227  0.0220  0.0224  0.0216  0.0218
niter,ni,del,rscale     3    3    5.0000    0.6000
parameters
    0.2294   19.6336    2.3162   -0.9045  -16.7584    0.0259
   -0.4059    8.2158   -1.2451   34.4957   -3.3422  -31.7099
eta,q 0.97896  8.59533
  0.0220  0.0218  0.0215  0.0228  0.0226  0.0223  0.0220  0.0224  0.0217  0.0221  0.0214  0.0217
  0.0215  0.0214  0.0213  0.0221  0.0219  0.0219  0.0215  0.0216  0.0213  0.0215  0.0212  0.0213
  0.0212  0.0212  0.0211  0.0214  0.0214  0.0214  0.0211  0.0212  0.0211  0.0212  0.0211  0.0211
  0.0211  0.0211  0.0211  0.0211  0.0211  0.0211  0.0210  0.0210  0.0210  0.0210  0.0210  0.0210
  0.0212  0.0212  0.0212  0.0211  0.0211  0.0210  0.0211  0.0212  0.0211  0.0211  0.0211  0.0211
  0.0215  0.0214  0.0213  0.0217  0.0216  0.0214  0.0215  0.0216  0.0213  0.0215  0.0212  0.0213
  0.0220  0.0218  0.0216  0.0228  0.0226  0.0223  0.0220  0.0223  0.0217  0.0221  0.0214  0.0216
niter,ni,del,rscale     2    3    5.0000    0.5000
parameters
    0.2189   19.6059    2.3269   -0.8080  -16.6872    0.2084
   -0.3739    8.2031   -1.2549   34.4525   -3.2766  -31.6480
eta,q 0.97900  8.59844
  0.0217  0.0215  0.0214  0.0223  0.0221  0.0220  0.0217  0.0220  0.0215  0.0217  0.0213  0.0214
  0.0213  0.0213  0.0212  0.0217  0.0216  0.0216  0.0213  0.0214  0.0212  0.0213  0.0211  0.0212
  0.0211  0.0211  0.0211  0.0213  0.0212  0.0213  0.0211  0.0211  0.0210  0.0211  0.0210  0.0210
  0.0210  0.0210  0.0210  0.0210  0.0210  0.0210  0.0210  0.0210  0.0210  0.0210  0.0210  0.0210
  0.0211  0.0211  0.0211  0.0211  0.0211  0.0210  0.0211  0.0211  0.0210  0.0211  0.0210  0.0210
  0.0213  0.0213  0.0212  0.0215  0.0214  0.0213  0.0213  0.0214  0.0212  0.0214  0.0211  0.0212
  0.0217  0.0216  0.0214  0.0223  0.0221  0.0220  0.0217  0.0220  0.0215  0.0218  0.0213  0.0214
niter,ni,del,rscale     1    3    5.0000    0.4000
parameters
    0.2101   19.5818    2.3504   -0.7356  -16.6259    0.3634
   -0.3710    8.1924   -1.2477   34.4070   -3.2378  -31.5823
eta,q 0.97902  8.60067
  0.0214  0.0213  0.0212  0.0218  0.0217  0.0217  0.0214  0.0216  0.0213  0.0215  0.0212  0.0213
  0.0212  0.0211  0.0211  0.0214  0.0214  0.0214  0.0212  0.0212  0.0211  0.0212  0.0211  0.0211
  0.0210  0.0210  0.0210  0.0211  0.0211  0.0212  0.0210  0.0210  0.0210  0.0210  0.0210  0.0210
  0.0210  0.0210  0.0210  0.0210  0.0210  0.0210  0.0210  0.0210  0.0210  0.0210  0.0210  0.0210
  0.0211  0.0210  0.0210  0.0210  0.0210  0.0210  0.0210  0.0211  0.0210  0.0210  0.0210  0.0210
  0.0212  0.0212  0.0211  0.0213  0.0213  0.0212  0.0212  0.0213  0.0211  0.0212  0.0211  0.0211
  0.0214  0.0214  0.0212  0.0218  0.0217  0.0216  0.0214  0.0216  0.0213  0.0215  0.0211  0.0212
registration optimization eta report
parameter search radius
    0.8000    0.8000    0.8000    2.4000    2.4000    2.4000
    2.4000    2.4000    2.4000    2.4000    2.4000    2.4000
100000*second partial in parameter space
       65.       53.       34.       14.       13.       12.
        8.       11.        5.        9.        3.        5.
  0.0214  0.0213  0.0212  0.0218  0.0217  0.0217  0.0214  0.0216  0.0213  0.0215  0.0212  0.0213
  0.0212  0.0211  0.0211  0.0214  0.0214  0.0214  0.0212  0.0212  0.0211  0.0212  0.0211  0.0211
  0.0210  0.0210  0.0210  0.0211  0.0211  0.0212  0.0210  0.0210  0.0210  0.0210  0.0210  0.0210
  0.0210  0.0210  0.0210  0.0210  0.0210  0.0210  0.0210  0.0210  0.0210  0.0210  0.0210  0.0210
  0.0211  0.0210  0.0210  0.0210  0.0210  0.0210  0.0210  0.0211  0.0210  0.0210  0.0210  0.0210
  0.0212  0.0212  0.0211  0.0213  0.0213  0.0212  0.0212  0.0213  0.0211  0.0212  0.0211  0.0211
  0.0214  0.0214  0.0212  0.0218  0.0217  0.0216  0.0214  0.0216  0.0213  0.0215  0.0211  0.0212
    0.2101   19.5818    2.3504   -0.7356  -16.6259    0.3634
   -0.3710    8.1924   -1.2477   34.4070   -3.2378  -31.5823
eta,q 0.97902  8.60067

---------------------------------------------------------------------
compute_vox2vox talsrcimg talsrcimg_to_711-2C_as_mni_average_305_t4 /opt/freesurfer/average/711-2C_as_mni_average_305
---------------------------------------------------------------------

freesurfer compute_vox2vox.c
Reading: talsrcimg.4dfp.ifh
Reading: talsrcimg_to_711-2C_as_mni_average_305_t4
Reading: /opt/freesurfer/average/711-2C_as_mni_average_305.4dfp.ifh
Writing: talsrcimg_to_711-2C_as_mni_average_305_t4_vox2vox.txt

start time Wed Mar 11 20:58:05 CET 2026
end		time Wed Mar 11 20:59:32 CET 2026

mpr2mni305 success

avi2talxfm orig_nu.mgz /opt/freesurfer/average/mni305.cor.mgz talsrcimg_to_711-2C_as_mni_average_305_t4_vox2vox.txt transforms/talairach.auto.xfm
avi2talxfm done
mv -f /out/sourcedata/freesurfer/sub-v1s0x0050659_ses-1/mri/talsrcimg_to_711-2C_as_mni_average_305_t4_vox2vox.txt /out/sourcedata/freesurfer/sub-v1s0x0050659_ses-1/mri/transforms/talsrcimg_to_711-2C_as_mni_average_305_t4_vox2vox.txt
lta_convert --src orig_nu.mgz --trg /opt/freesurfer/average/mni305.cor.mgz --inxfm transforms/talairach.auto.xfm --outlta transforms/talairach.auto.xfm.lta --subject fsaverage
7.3.2

--src: orig_nu.mgz src image (geometry).
--trg: /opt/freesurfer/average/mni305.cor.mgz trg image (geometry).
--inmni: transforms/talairach.auto.xfm input MNI/XFM transform.
--outlta: transforms/talairach.auto.xfm.lta output LTA.
--s: fsaverage subject name
 LTA read, type : 1
 1.00470  -0.07394  -0.02354   1.95422;
 0.03288   0.87944   0.33328  -9.88416;
 0.00147  -0.36404   1.06152  -20.99051;
 0.00000   0.00000   0.00000   1.00000;
setting subject to fsaverage
Writing  LTA to file transforms/talairach.auto.xfm.lta...
lta_convert successful.
 
 
Started at Wed Mar 11 20:58:04 CET 2026
Ended   at Wed Mar 11 20:59:32 CET 2026
talairach_avi done
