status file for recon-all
Wed Mar 11 23:37:44 CET 2026
#@# Tessellate rh Wed Mar 11 23:37:44 CET 2026
#@# Smooth1 rh Wed Mar 11 23:37:49 CET 2026
#@# Inflation1 rh Wed Mar 11 23:37:52 CET 2026
#@# QSphere rh Wed Mar 11 23:38:06 CET 2026
#@# Fix Topology rh Wed Mar 11 23:39:09 CET 2026
#@# Smooth2 rh Wed Mar 11 23:45:49 CET 2026
#@# Inflation2 rh Wed Mar 11 23:45:53 CET 2026
#@# Curv .H and .K rh Wed Mar 11 23:46:08 CET 2026
#@# Sphere rh Wed Mar 11 23:46:59 CET 2026
#@# Surf Reg rh Wed Mar 11 23:49:33 CET 2026
#@# Jacobian white rh Wed Mar 11 23:53:40 CET 2026
#@# AvgCurv rh Wed Mar 11 23:53:41 CET 2026
#@# Cortical Parc rh Wed Mar 11 23:53:42 CET 2026
#@# white curv rh Thu Mar 12 00:01:24 CET 2026
#@# white area rh Thu Mar 12 00:01:26 CET 2026
#@# pial curv rh Thu Mar 12 00:01:26 CET 2026
#@# pial area rh Thu Mar 12 00:01:28 CET 2026
#@# thickness rh Thu Mar 12 00:01:29 CET 2026
#@# area and vertex vol rh Thu Mar 12 00:02:02 CET 2026
#@# Curvature Stats rh Thu Mar 12 00:02:03 CET 2026
#@# Cortical Parc 2 rh Thu Mar 12 00:02:06 CET 2026
#@# Cortical Parc 3 rh Thu Mar 12 00:02:21 CET 2026
#@# WM/GM Contrast rh Thu Mar 12 00:02:32 CET 2026
recon-all -s sub-v1s0x0050663_ses-1 finished without error at Thu Mar 12 00:02:35 CET 2026



#New# invocation of recon-all 



status file for recon-all
Thu Mar 12 00:11:23 CET 2026
#@# white curv rh Thu Mar 12 00:11:23 CET 2026
#@# white area rh Thu Mar 12 00:11:23 CET 2026
#@# pial curv rh Thu Mar 12 00:11:23 CET 2026
#@# pial area rh Thu Mar 12 00:11:23 CET 2026
#@# thickness rh Thu Mar 12 00:11:23 CET 2026
#@# area and vertex vol rh Thu Mar 12 00:11:23 CET 2026
#@# Parcellation Stats rh Thu Mar 12 00:11:23 CET 2026
#@# Parcellation Stats 2 rh Thu Mar 12 00:11:45 CET 2026
#@# Parcellation Stats 3 rh Thu Mar 12 00:11:56 CET 2026
#@# BA_exvivo Labels rh Thu Mar 12 00:12:08 CET 2026
recon-all -s sub-v1s0x0050663_ses-1 finished without error at Thu Mar 12 00:14:58 CET 2026
