status file for recon-all
Wed Mar 11 23:00:00 CET 2026
#@# Tessellate lh Wed Mar 11 23:00:00 CET 2026
#@# Smooth1 lh Wed Mar 11 23:00:04 CET 2026
#@# Inflation1 lh Wed Mar 11 23:00:07 CET 2026
#@# QSphere lh Wed Mar 11 23:00:19 CET 2026
#@# Fix Topology lh Wed Mar 11 23:01:22 CET 2026
#@# Smooth2 lh Wed Mar 11 23:22:25 CET 2026
#@# Inflation2 lh Wed Mar 11 23:22:28 CET 2026
#@# Curv .H and .K lh Wed Mar 11 23:22:43 CET 2026
#@# Sphere lh Wed Mar 11 23:23:36 CET 2026
#@# Surf Reg lh Wed Mar 11 23:25:55 CET 2026
#@# Jacobian white lh Wed Mar 11 23:29:52 CET 2026
#@# AvgCurv lh Wed Mar 11 23:29:53 CET 2026
#@# Cortical Parc lh Wed Mar 11 23:29:54 CET 2026
#@# white curv lh Wed Mar 11 23:36:32 CET 2026
#@# white area lh Wed Mar 11 23:36:34 CET 2026
#@# pial curv lh Wed Mar 11 23:36:35 CET 2026
#@# pial area lh Wed Mar 11 23:36:37 CET 2026
#@# thickness lh Wed Mar 11 23:36:37 CET 2026
#@# area and vertex vol lh Wed Mar 11 23:37:10 CET 2026
#@# Curvature Stats lh Wed Mar 11 23:37:12 CET 2026
#@# Cortical Parc 2 lh Wed Mar 11 23:37:14 CET 2026
#@# Cortical Parc 3 lh Wed Mar 11 23:37:28 CET 2026
#@# WM/GM Contrast lh Wed Mar 11 23:37:39 CET 2026
recon-all -s sub-v1s0x0050663_ses-1 finished without error at Wed Mar 11 23:37:43 CET 2026



#New# invocation of recon-all 



status file for recon-all
Thu Mar 12 00:07:51 CET 2026
#@# white curv lh Thu Mar 12 00:07:51 CET 2026
#@# white area lh Thu Mar 12 00:07:51 CET 2026
#@# pial curv lh Thu Mar 12 00:07:51 CET 2026
#@# pial area lh Thu Mar 12 00:07:51 CET 2026
#@# thickness lh Thu Mar 12 00:07:51 CET 2026
#@# area and vertex vol lh Thu Mar 12 00:07:51 CET 2026
#@# Parcellation Stats lh Thu Mar 12 00:07:51 CET 2026
#@# Parcellation Stats 2 lh Thu Mar 12 00:08:12 CET 2026
#@# Parcellation Stats 3 lh Thu Mar 12 00:08:22 CET 2026
#@# BA_exvivo Labels lh Thu Mar 12 00:08:33 CET 2026
recon-all -s sub-v1s0x0050663_ses-1 finished without error at Thu Mar 12 00:11:21 CET 2026
