/out/sourcedata/freesurfer/sub-v1s0x0050664_ses-1/mri
/opt/freesurfer/bin/talairach_avi
--i orig_nu.mgz --xfm transforms/talairach.auto.xfm
talairach_avi 7.3.2
Linux dna069 5.14.0-427.37.1.el9_4.x86_64 #1 SMP PREEMPT_DYNAMIC Fri Sep 13 12:41:50 EDT 2024 x86_64 x86_64 x86_64 GNU/Linux
Wed Mar 11 21:16:51 CET 2026
mri_convert orig_nu.mgz talsrcimg.img 
reading from orig_nu.mgz...
TR=0.00, TE=0.00, TI=0.00, flip angle=0.00
i_ras = (-1, 0, 0)
j_ras = (0, 0, -1)
k_ras = (0, 1, 0)
writing to talsrcimg.img...
Analyze Output Matrix
-1.00000   0.00000   0.00000   136.73729;
 0.00000   0.00000   1.00000  -142.00000;
 0.00000  -1.00000   0.00000   156.21065;
 0.00000   0.00000   0.00000   1.00000;
--------------------
INFO: set hdr.hist.orient to -1
mpr2mni305 talsrcimg
Wed Mar 11 21:16:51 CET 2026
/opt/freesurfer/bin/mpr2mni305 talsrcimg
mpr2mni305 7.3.2
target=711-2C_as_mni_average_305

---------------------------------------------------------------------
analyzeto4dfp talsrcimg -O0 -y
---------------------------------------------------------------------

freesurfer ifh2hdr.c
Wed Mar 11 21:16:52 2026
Writing: talsrcimg.4dfp.hdr
freesurfer analyzeto4dfp.c
Reading: talsrcimg.hdr
header size 348 bytes
hdr.dime.datatype	offset=70	value=2
hdr.dime.bitpix		offset=72	value=8
hdr.hist.orient		offset=252	value=-1
dimensionality     4
dimensions       256       256       256         1
Reading: talsrcimg.img
Writing: talsrcimg.4dfp.img
Writing: talsrcimg.4dfp.ifh
ifh2hdr talsrcimg -r0to242
ori=2

---------------------------------------------------------------------
gauss_4dfp talsrcimg 1.1
---------------------------------------------------------------------

freesurfer gauss_4dfp.c
Reading: talsrcimg.4dfp.img
Writing: talsrcimg_g11.4dfp.img
image dimensions 256 256 256 padded to 288 288 288
processing volume 1freesurfer ifh2hdr.c
Wed Mar 11 21:16:53 2026
Writing: talsrcimg_g11.4dfp.hdr

Writing: talsrcimg_g11.4dfp.ifh
including: talsrcimg.4dfp.img.rec in talsrcimg_g11.4dfp.img.rec

---------------------------------------------------------------------
imgreg_4dfp /opt/freesurfer/average/711-2C_as_mni_average_305 none talsrcimg_g11 none talsrcimg_to_711-2C_as_mni_average_305_t4 4355
---------------------------------------------------------------------

freesurfer imgreg_4dfp.c
/opt/freesurfer/average/711-2C_as_mni_average_305.4dfp.img
       256       256       256         1
  1.000000  1.000000  1.000000
orientation T byte_order littleendian
Reading image: /opt/freesurfer/average/711-2C_as_mni_average_305.4dfp.img
dimensions:      256       256       256
mmppix:       1.0000   -1.0000   -1.0000
center:     128.0000 -129.0000 -129.0000
talsrcimg_g11.4dfp.img
       256       256       256         1
  1.000000  1.000000  1.000000
orientation T byte_order littleendian
Reading image: talsrcimg_g11.4dfp.img
dimensions:      256       256       256
mmppix:       1.0000   -1.0000   -1.0000
center:     128.0000 -129.0000 -129.0000
t4_read: open error in t4_sub.f l:  41 t4_file(1:l)talsrcimg_to_711-2C_as_mni_average_305_t4 
t4_read: transform initialized to I4
rotation matrix determinant  1.000000
image alignment mode   4355 decimal     1103 hex
   -7.5000  -45.0000  -45.0000 6953.1040   14.2206
    0.0000  -45.0000  -45.0000 7299.3560   14.2122
    7.5000  -45.0000  -45.0000 6970.6597   14.2055
   -7.5000  -37.5000  -45.0000 7507.7651   13.9631
    0.0000  -37.5000  -45.0000 7882.0649   13.9585
    7.5000  -37.5000  -45.0000 7519.3579   13.9506
   -7.5000  -30.0000  -45.0000 8383.4033   13.8472
    0.0000  -30.0000  -45.0000 8801.5088   13.8429
    7.5000  -30.0000  -45.0000 8399.2598   13.8354
   -7.5000  -22.5000  -45.0000 9308.9941   13.8408
    0.0000  -22.5000  -45.0000 9743.2480   13.8339
    7.5000  -22.5000  -45.0000 9311.5947   13.8291
   -7.5000  -15.0000  -45.000010183.5625   13.8562
    0.0000  -15.0000  -45.000010659.7227   13.8463
    7.5000  -15.0000  -45.000010158.8564   13.8436
   -7.5000   -7.5000  -45.000011062.1250   13.8820
    0.0000   -7.5000  -45.000011570.2520   13.8712
    7.5000   -7.5000  -45.000011013.4688   13.8668
   -7.5000    0.0000  -45.000011787.7012   13.8885
    0.0000    0.0000  -45.000012335.9307   13.8803
    7.5000    0.0000  -45.000011728.0137   13.8734
   -7.5000    7.5000  -45.000011614.6562   13.8691
    0.0000    7.5000  -45.000012132.0381   13.8643
    7.5000    7.5000  -45.000011578.9102   13.8563
   -7.5000   15.0000  -45.000011396.1494   13.8472
    0.0000   15.0000  -45.000011913.5527   13.8428
    7.5000   15.0000  -45.000011349.1016   13.8354
   -7.5000   22.5000  -45.000011031.0566   13.8389
    0.0000   22.5000  -45.000011543.3545   13.8320
    7.5000   22.5000  -45.000010947.2178   13.8272
   -7.5000   30.0000  -45.000010505.6787   13.6716
    0.0000   30.0000  -45.000010985.3730   13.6618
    7.5000   30.0000  -45.000010368.6230   13.6591
   -7.5000   37.5000  -45.000010313.8828   13.6970
    0.0000   37.5000  -45.000010837.7031   13.6864
    7.5000   37.5000  -45.000010201.1504   13.6820
   -7.5000   45.0000  -45.0000 9702.3809   13.3555
    0.0000   45.0000  -45.000010237.0410   13.3476
    7.5000   45.0000  -45.0000 9621.5342   13.3409
   -7.5000  -45.0000  -37.5000 7321.0039   14.1848
    0.0000  -45.0000  -37.5000 7683.7627   14.1745
    7.5000  -45.0000  -37.5000 7333.4561   14.1705
   -7.5000  -37.5000  -37.5000 7901.1465   13.9247
    0.0000  -37.5000  -37.5000 8281.6094   13.9201
    7.5000  -37.5000  -37.5000 7911.0986   13.9139
   -7.5000  -30.0000  -37.5000 8847.5225   13.8046
    0.0000  -30.0000  -37.5000 9276.9541   13.8021
    7.5000  -30.0000  -37.5000 8852.1133   13.7941
   -7.5000  -22.5000  -37.5000 9828.4463   13.7984
    0.0000  -22.5000  -37.500010286.6904   13.7930
    7.5000  -22.5000  -37.5000 9822.4883   13.7867
   -7.5000  -15.0000  -37.500010731.9131   13.8183
    0.0000  -15.0000  -37.500011241.7520   13.8079
    7.5000  -15.0000  -37.500010711.1113   13.8042
   -7.5000   -7.5000  -37.500011662.8594   13.8475
    0.0000   -7.5000  -37.500012202.4199   13.8350
    7.5000   -7.5000  -37.500011609.1230   13.8317
   -7.5000    0.0000  -37.500012444.5879   13.8544
    0.0000    0.0000  -37.500013000.9600   13.8444
    7.5000    0.0000  -37.500012371.1377   13.8402
   -7.5000    7.5000  -37.500012267.5645   13.8313
    0.0000    7.5000  -37.500012800.1338   13.8265
    7.5000    7.5000  -37.500012218.5898   13.8201
   -7.5000   15.0000  -37.500012048.5869   13.8046
    0.0000   15.0000  -37.500012563.1357   13.8021
    7.5000   15.0000  -37.500011966.5986   13.7941
   -7.5000   22.5000  -37.500011668.0586   13.7965
    0.0000   22.5000  -37.500012182.9316   13.7911
    7.5000   22.5000  -37.500011555.0166   13.7848
   -7.5000   30.0000  -37.500011062.9229   13.6341
    0.0000   30.0000  -37.500011568.4385   13.6239
    7.5000   30.0000  -37.500010921.8027   13.6202
   -7.5000   37.5000  -37.500010837.1836   13.6630
    0.0000   37.5000  -37.500011381.1875   13.6506
    7.5000   37.5000  -37.500010719.3477   13.6473
   -7.5000   45.0000  -37.500010199.8164   13.3226
    0.0000   45.0000  -37.500010750.4043   13.3131
    7.5000   45.0000  -37.500010134.5479   13.3090
   -7.5000  -45.0000  -30.0000 7788.1089   14.7651
    0.0000  -45.0000  -30.0000 8171.2402   14.7514
    7.5000  -45.0000  -30.0000 7797.1958   14.7482
   -7.5000  -37.5000  -30.0000 8448.7451   14.5028
    0.0000  -37.5000  -30.0000 8875.6514   14.4963
    7.5000  -37.5000  -30.0000 8449.8125   14.4896
   -7.5000  -30.0000  -30.0000 9498.0898   14.3765
    0.0000  -30.0000  -30.0000 9963.1357   14.3730
    7.5000  -30.0000  -30.0000 9463.9346   14.3639
   -7.5000  -22.5000  -30.000010537.0703   14.3606
    0.0000  -22.5000  -30.000011035.9141   14.3531
    7.5000  -22.5000  -30.000010508.6230   14.3467
   -7.5000  -15.0000  -30.000011496.2520   14.3742
    0.0000  -15.0000  -30.000012019.5518   14.3601
    7.5000  -15.0000  -30.000011461.7559   14.3572
   -7.5000   -7.5000  -30.000012478.0869   14.4063
    0.0000   -7.5000  -30.000013049.4854   14.3898
    7.5000   -7.5000  -30.000012424.2188   14.3878
   -7.5000    0.0000  -30.000013333.4141   14.4217
    0.0000    0.0000  -30.000013914.1729   14.4086
    7.5000    0.0000  -30.000013232.2744   14.4054
   -7.5000    7.5000  -30.000013147.4316   14.4056
    0.0000    7.5000  -30.000013719.9248   14.3989
    7.5000    7.5000  -30.000013046.6094   14.3920
   -7.5000   15.0000  -30.000012901.2148   14.3765
    0.0000   15.0000  -30.000013459.9893   14.3730
    7.5000   15.0000  -30.000012772.3340   14.3639
   -7.5000   22.5000  -30.000012496.8857   14.3571
    0.0000   22.5000  -30.000013043.5498   14.3496
    7.5000   22.5000  -30.000012354.2090   14.3433
   -7.5000   30.0000  -30.000011818.2842   14.1840
    0.0000   30.0000  -30.000012354.0410   14.1701
    7.5000   30.0000  -30.000011675.3545   14.1672
   -7.5000   37.5000  -30.000011567.4082   14.2157
    0.0000   37.5000  -30.000012122.5410   14.1994
    7.5000   37.5000  -30.000011446.4941   14.1974
   -7.5000   45.0000  -30.000010911.4658   13.8784
    0.0000   45.0000  -30.000011443.1807   13.8658
    7.5000   45.0000  -30.000010807.1982   13.8626
   -7.5000  -45.0000  -22.5000 8267.7422   15.2422
    0.0000  -45.0000  -22.5000 8691.2959   15.2262
    7.5000  -45.0000  -22.5000 8277.4268   15.2219
   -7.5000  -37.5000  -22.5000 9010.6494   14.9841
    0.0000  -37.5000  -22.5000 9468.6064   14.9752
    7.5000  -37.5000  -22.5000 9010.2695   14.9666
   -7.5000  -30.0000  -22.500010154.5918   14.8573
    0.0000  -30.0000  -22.500010639.4424   14.8509
    7.5000  -30.0000  -22.500010119.6982   14.8414
   -7.5000  -22.5000  -22.500011276.5107   14.8311
    0.0000  -22.5000  -22.500011800.2373   14.8199
    7.5000  -22.5000  -22.500011243.9863   14.8155
   -7.5000  -15.0000  -22.500012311.4639   14.8331
    0.0000  -15.0000  -22.500012871.6143   14.8156
    7.5000  -15.0000  -22.500012255.2520   14.8157
   -7.5000   -7.5000  -22.500013320.1582   14.8644
    0.0000   -7.5000  -22.500013927.6787   14.8453
    7.5000   -7.5000  -22.500013228.1230   14.8446
   -7.5000    0.0000  -22.500014213.7881   14.8887
    0.0000    0.0000  -22.500014843.5752   14.8735
    7.5000    0.0000  -22.500014066.6738   14.8691
   -7.5000    7.5000  -22.500014012.5654   14.8838
    0.0000    7.5000  -22.500014622.8262   14.8747
    7.5000    7.5000  -22.500013832.8799   14.8660
   -7.5000   15.0000  -22.500013753.3848   14.8573
    0.0000   15.0000  -22.500014343.9463   14.8508
    7.5000   15.0000  -22.500013562.9014   14.8414
   -7.5000   22.5000  -22.500013348.2402   14.8265
    0.0000   22.5000  -22.500013917.8994   14.8153
    7.5000   22.5000  -22.500013137.5576   14.8110
   -7.5000   30.0000  -22.500012613.9258   14.6391
    0.0000   30.0000  -22.500013169.8760   14.6218
    7.5000   30.0000  -22.500012429.0381   14.6219
   -7.5000   37.5000  -22.500012321.9453   14.6700
    0.0000   37.5000  -22.500012894.2910   14.6511
    7.5000   37.5000  -22.500012161.9014   14.6505
   -7.5000   45.0000  -22.500011576.2881   14.3385
    0.0000   45.0000  -22.500012107.4717   14.3239
    7.5000   45.0000  -22.500011398.2324   14.3197
   -7.5000  -45.0000  -15.0000 8729.9443   15.5933
    0.0000  -45.0000  -15.0000 9176.5918   15.5783
    7.5000  -45.0000  -15.0000 8739.8467   15.5715
   -7.5000  -37.5000  -15.0000 9535.5947   15.3313
    0.0000  -37.5000  -15.000010015.3643   15.3223
    7.5000  -37.5000  -15.0000 9527.0059   15.3124
   -7.5000  -30.0000  -15.000010760.1484   15.2044
    0.0000  -30.0000  -15.000011276.4023   15.1961
    7.5000  -30.0000  -15.000010743.8770   15.1875
   -7.5000  -22.5000  -15.000011992.3477   15.1772
    0.0000  -22.5000  -15.000012522.9316   15.1641
    7.5000  -22.5000  -15.000011943.3984   15.1616
   -7.5000  -15.0000  -15.000013126.2373   15.1766
    0.0000  -15.0000  -15.000013693.4443   15.1583
    7.5000  -15.0000  -15.000013045.2041   15.1597
   -7.5000   -7.5000  -15.000014146.6230   15.2069
    0.0000   -7.5000  -15.000014788.7529   15.1884
    7.5000   -7.5000  -15.000014036.0254   15.1867
   -7.5000    0.0000  -15.000015072.2412   15.2320
    0.0000    0.0000  -15.000015738.7959   15.2177
    7.5000    0.0000  -15.000014887.2588   15.2108
   -7.5000    7.5000  -15.000014840.8174   15.2287
    0.0000    7.5000  -15.000015444.4482   15.2196
    7.5000    7.5000  -15.000014582.7129   15.2097
   -7.5000   15.0000  -15.000014579.9004   15.2044
    0.0000   15.0000  -15.000015144.3291   15.1961
    7.5000   15.0000  -15.000014314.3672   15.1875
   -7.5000   22.5000  -15.000014146.2334   15.1718
    0.0000   22.5000  -15.000014721.0430   15.1588
    7.5000   22.5000  -15.000013900.8506   15.1563
   -7.5000   30.0000  -15.000013416.8545   14.9801
    0.0000   30.0000  -15.000013980.2109   14.9621
    7.5000   30.0000  -15.000013177.3809   14.9635
   -7.5000   37.5000  -15.000013098.0713   15.0101
    0.0000   37.5000  -15.000013663.4609   14.9918
    7.5000   37.5000  -15.000012855.2402   14.9902
   -7.5000   45.0000  -15.000012246.2568   14.6780
    0.0000   45.0000  -15.000012768.4277   14.6642
    7.5000   45.0000  -15.000011968.8379   14.6576
   -7.5000  -45.0000   -7.5000 9233.8740   15.7919
    0.0000  -45.0000   -7.5000 9672.5322   15.7807
    7.5000  -45.0000   -7.5000 9209.3594   15.7718
   -7.5000  -37.5000   -7.500010057.7871   15.5172
    0.0000  -37.5000   -7.500010539.9844   15.5102
    7.5000  -37.5000   -7.500010030.9492   15.4999
   -7.5000  -30.0000   -7.500011336.3438   15.3895
    0.0000  -30.0000   -7.500011871.8105   15.3819
    7.5000  -30.0000   -7.500011314.0205   15.3736
   -7.5000  -22.5000   -7.500012662.1611   15.3723
    0.0000  -22.5000   -7.500013245.1592   15.3607
    7.5000  -22.5000   -7.500012596.9141   15.3573
   -7.5000  -15.0000   -7.500013905.4512   15.3798
    0.0000  -15.0000   -7.500014549.4893   15.3648
    7.5000  -15.0000   -7.500013797.8496   15.3639
   -7.5000   -7.5000   -7.500015022.5244   15.4091
    0.0000   -7.5000   -7.500015752.7549   15.3944
    7.5000   -7.5000   -7.500014875.0645   15.3899
   -7.5000    0.0000   -7.500015983.7578   15.4254
    0.0000    0.0000   -7.500016714.2383   15.4146
    7.5000    0.0000   -7.500015748.3633   15.4055
   -7.5000    7.5000   -7.500015686.4893   15.4132
    0.0000    7.5000   -7.500016289.9814   15.4061
    7.5000    7.5000   -7.500015375.2529   15.3958
   -7.5000   15.0000   -7.500015396.1104   15.3895
    0.0000   15.0000   -7.500015933.2490   15.3819
    7.5000   15.0000   -7.500015073.1299   15.3736
   -7.5000   22.5000   -7.500014982.4756   15.3652
    0.0000   22.5000   -7.500015542.4072   15.3536
    7.5000   22.5000   -7.500014671.9004   15.3502
   -7.5000   30.0000   -7.500014295.9834   15.1804
    0.0000   30.0000   -7.500014865.5146   15.1656
    7.5000   30.0000   -7.500013957.6924   15.1647
   -7.5000   37.5000   -7.500013964.3262   15.2093
    0.0000   37.5000   -7.500014524.2432   15.1947
    7.5000   37.5000   -7.500013599.8252   15.1904
   -7.5000   45.0000   -7.500013040.3691   14.8672
    0.0000   45.0000   -7.500013570.1582   14.8567
    7.5000   45.0000   -7.500012623.8740   14.8480
   -7.5000  -45.0000    0.0000 9614.4990   15.8537
    0.0000  -45.0000    0.000010075.2705   15.8442
    7.5000  -45.0000    0.0000 9588.8594   15.8368
   -7.5000  -37.5000    0.000010450.9443   15.5670
    0.0000  -37.5000    0.000010969.7041   15.5617
    7.5000  -37.5000    0.000010446.1133   15.5528
   -7.5000  -30.0000    0.000011786.6865   15.4377
    0.0000  -30.0000    0.000012366.3096   15.4326
    7.5000  -30.0000    0.000011769.8164   15.4240
   -7.5000  -22.5000    0.000013151.7217   15.4307
    0.0000  -22.5000    0.000013785.0762   15.4228
    7.5000  -22.5000    0.000013090.8906   15.4172
   -7.5000  -15.0000    0.000014485.4736   15.4484
    0.0000  -15.0000    0.000015185.7754   15.4372
    7.5000  -15.0000    0.000014366.4961   15.4340
   -7.5000   -7.5000    0.000015761.4512   15.4775
    0.0000   -7.5000    0.000016575.3926   15.4655
    7.5000   -7.5000    0.000015597.1357   15.4605
   -7.5000    0.0000    0.000016882.4551   15.4848
    0.0000    0.0000    0.000017724.1055   15.4756
    7.5000    0.0000    0.000016626.8555   15.4679
   -7.5000    7.5000    0.000016630.0430   15.4626
    0.0000    7.5000    0.000017326.1719   15.4571
    7.5000    7.5000    0.000016279.7803   15.4481
   -7.5000   15.0000    0.000016350.8486   15.4376
    0.0000   15.0000    0.000016904.4316   15.4326
    7.5000   15.0000    0.000015926.0947   15.4240
   -7.5000   22.5000    0.000015911.7314   15.4236
    0.0000   22.5000    0.000016492.0410   15.4157
    7.5000   22.5000    0.000015473.3291   15.4101
   -7.5000   30.0000    0.000015178.8750   15.2484
    0.0000   30.0000    0.000015794.3037   15.2374
    7.5000   30.0000    0.000014710.3584   15.2343
   -7.5000   37.5000    0.000014768.0117   15.2772
    0.0000   37.5000    0.000015398.9629   15.2653
    7.5000   37.5000    0.000014270.6514   15.2605
   -7.5000   45.0000    0.000013711.2686   14.9256
    0.0000   45.0000    0.000014318.0195   14.9167
    7.5000   45.0000    0.000013213.9893   14.9093
   -7.5000  -45.0000    7.5000 9219.2314   15.8699
    0.0000  -45.0000    7.5000 9676.7705   15.8584
    7.5000  -45.0000    7.5000 9221.6426   15.8539
   -7.5000  -37.5000    7.500010077.0986   15.5792
    0.0000  -37.5000    7.500010566.6855   15.5740
    7.5000  -37.5000    7.500010070.8506   15.5671
   -7.5000  -30.0000    7.500011371.3809   15.4451
    0.0000  -30.0000    7.500011910.6406   15.4422
    7.5000  -30.0000    7.500011354.4844   15.4333
   -7.5000  -22.5000    7.500012677.3389   15.4380
    0.0000  -22.5000    7.500013255.6182   15.4320
    7.5000  -22.5000    7.500012606.3145   15.4250
   -7.5000  -15.0000    7.500013914.8779   15.4600
    0.0000  -15.0000    7.500014530.9297   15.4484
    7.5000  -15.0000    7.500013806.0137   15.4442
   -7.5000   -7.5000    7.500015144.9355   15.4926
    0.0000   -7.5000    7.500015917.8721   15.4786
    7.5000   -7.5000    7.500015020.3828   15.4748
   -7.5000    0.0000    7.500016433.1328   15.5003
    0.0000    0.0000    7.500017403.0273   15.4892
    7.5000    0.0000    7.500016167.8594   15.4844
   -7.5000    7.5000    7.500016474.0410   15.4747
    0.0000    7.5000    7.500017408.1680   15.4693
    7.5000    7.5000    7.500016058.7578   15.4622
   -7.5000   15.0000    7.500016101.5557   15.4450
    0.0000   15.0000    7.500016918.5566   15.4422
    7.5000   15.0000    7.500015672.6230   15.4333
   -7.5000   22.5000    7.500015529.2383   15.4309
    0.0000   22.5000    7.500016300.2471   15.4249
    7.5000   22.5000    7.500015120.1758   15.4179
   -7.5000   30.0000    7.500014715.5742   15.2600
    0.0000   30.0000    7.500015433.9287   15.2485
    7.5000   30.0000    7.500014305.2031   15.2444
   -7.5000   37.5000    7.500014318.7715   15.2921
    0.0000   37.5000    7.500014949.9629   15.2783
    7.5000   37.5000    7.500013888.6328   15.2746
   -7.5000   45.0000    7.500013263.4580   14.9405
    0.0000   45.0000    7.500013808.9258   14.9298
    7.5000   45.0000    7.500012842.0693   14.9252
   -7.5000  -45.0000   15.0000 8728.0283   15.8553
    0.0000  -45.0000   15.0000 9164.7207   15.8405
    7.5000  -45.0000   15.0000 8714.0830   15.8372
   -7.5000  -37.5000   15.0000 9573.1455   15.5736
    0.0000  -37.5000   15.000010032.6475   15.5666
    7.5000  -37.5000   15.0000 9522.8135   15.5594
   -7.5000  -30.0000   15.000010805.9551   15.4380
    0.0000  -30.0000   15.000011301.2764   15.4342
    7.5000  -30.0000   15.000010743.9590   15.4245
   -7.5000  -22.5000   15.000012062.7812   15.4209
    0.0000  -22.5000   15.000012585.6729   15.4128
    7.5000  -22.5000   15.000011966.4023   15.4060
   -7.5000  -15.0000   15.000013279.6523   15.4356
    0.0000  -15.0000   15.000013861.8389   15.4204
    7.5000  -15.0000   15.000013166.1475   15.4173
   -7.5000   -7.5000   15.000014547.4922   15.4700
    0.0000   -7.5000   15.000015247.2979   15.4523
    7.5000   -7.5000   15.000014373.5850   15.4501
   -7.5000    0.0000   15.000015770.4619   15.4866
    0.0000    0.0000   15.000016598.8027   15.4725
    7.5000    0.0000   15.000015481.3066   15.4690
   -7.5000    7.5000   15.000015648.8213   15.4692
    0.0000    7.5000   15.000016443.6504   15.4620
    7.5000    7.5000   15.000015402.4131   15.4546
   -7.5000   15.0000   15.000015204.8828   15.4379
    0.0000   15.0000   15.000015933.2969   15.4342
    7.5000   15.0000   15.000015032.7881   15.4245
   -7.5000   22.5000   15.000014671.7793   15.4138
    0.0000   22.5000   15.000015382.6270   15.4057
    7.5000   22.5000   15.000014512.8760   15.3989
   -7.5000   30.0000   15.000013913.8623   15.2358
    0.0000   30.0000   15.000014588.9150   15.2208
    7.5000   30.0000   15.000013706.8965   15.2178
   -7.5000   37.5000   15.000013569.3652   15.2698
    0.0000   37.5000   15.000014173.8340   15.2523
    7.5000   37.5000   15.000013298.3467   15.2502
   -7.5000   45.0000   15.000012538.5098   14.9273
    0.0000   45.0000   15.000013069.9150   14.9137
    7.5000   45.0000   15.000012249.2803   14.9103
   -7.5000  -45.0000   22.5000 8147.0547   15.8236
    0.0000  -45.0000   22.5000 8569.1074   15.8069
    7.5000  -45.0000   22.5000 8115.0776   15.8025
   -7.5000  -37.5000   22.5000 8987.1484   15.5556
    0.0000  -37.5000   22.5000 9430.0410   15.5463
    7.5000  -37.5000   22.5000 8904.7891   15.5375
   -7.5000  -30.0000   22.500010160.6191   15.4240
    0.0000  -30.0000   22.500010634.8008   15.4173
    7.5000  -30.0000   22.500010067.8584   15.4074
   -7.5000  -22.5000   22.500011392.0488   15.3967
    0.0000  -22.5000   22.500011902.9697   15.3851
    7.5000  -22.5000   22.500011262.8311   15.3806
   -7.5000  -15.0000   22.500012557.3877   15.3989
    0.0000  -15.0000   22.500013104.5117   15.3806
    7.5000  -15.0000   22.500012422.4805   15.3808
   -7.5000   -7.5000   22.500013677.3418   15.4314
    0.0000   -7.5000   22.500014326.8691   15.4115
    7.5000   -7.5000   22.500013536.4609   15.4108
   -7.5000    0.0000   22.500014672.6289   15.4565
    0.0000    0.0000   22.500015397.2021   15.4408
    7.5000    0.0000   22.500014546.3359   15.4362
   -7.5000    7.5000   22.500014412.0498   15.4514
    0.0000    7.5000   22.500015050.8115   15.4420
    7.5000    7.5000   22.500014397.7383   15.4330
   -7.5000   15.0000   22.500013971.6455   15.4240
    0.0000   15.0000   22.500014549.9736   15.4172
    7.5000   15.0000   22.500013998.5459   15.4074
   -7.5000   22.5000   22.500013577.5898   15.3896
    0.0000   22.5000   22.500014156.5195   15.3780
    7.5000   22.5000   22.500013570.7373   15.3735
   -7.5000   30.0000   22.500012930.0996   15.1996
    0.0000   30.0000   22.500013482.8125   15.1816
    7.5000   30.0000   22.500012874.0137   15.1817
   -7.5000   37.5000   22.500012678.1465   15.2317
    0.0000   37.5000   22.500013174.1436   15.2120
    7.5000   37.5000   22.500012536.7178   15.2113
   -7.5000   45.0000   22.500011741.0557   14.8983
    0.0000   45.0000   22.500012184.5693   14.8831
    7.5000   45.0000   22.500011541.5703   14.8787
   -7.5000  -45.0000   30.0000 7547.0298   15.9748
    0.0000  -45.0000   30.0000 7942.3652   15.9593
    7.5000  -45.0000   30.0000 7510.7290   15.9524
   -7.5000  -37.5000   30.0000 8348.0195   15.7035
    0.0000  -37.5000   30.0000 8780.5234   15.6941
    7.5000  -37.5000   30.0000 8280.2510   15.6839
   -7.5000  -30.0000   30.0000 9463.8506   15.5723
    0.0000  -30.0000   30.0000 9945.8760   15.5637
    7.5000  -30.0000   30.0000 9390.5410   15.5548
   -7.5000  -22.5000   30.000010590.6484   15.5446
    0.0000  -22.5000   30.000011111.0752   15.5312
    7.5000  -22.5000   30.000010501.0967   15.5285
   -7.5000  -15.0000   30.000011623.8711   15.5441
    0.0000  -15.0000   30.000012170.0234   15.5254
    7.5000  -15.0000   30.000011540.9707   15.5268
   -7.5000   -7.5000   30.000012611.3096   15.5754
    0.0000   -7.5000   30.000013245.7842   15.5563
    7.5000   -7.5000   30.000012543.4541   15.5546
   -7.5000    0.0000   30.000013498.8818   15.6009
    0.0000    0.0000   30.000014145.8164   15.5861
    7.5000    0.0000   30.000013480.5244   15.5791
   -7.5000    7.5000   30.000013247.3857   15.5973
    0.0000    7.5000   30.000013791.8193   15.5878
    7.5000    7.5000   30.000013291.2012   15.5776
   -7.5000   15.0000   30.000012886.9756   15.5722
    0.0000   15.0000   30.000013375.0869   15.5637
    7.5000   15.0000   30.000012902.7910   15.5547
   -7.5000   22.5000   30.000012505.4404   15.5374
    0.0000   22.5000   30.000012985.7461   15.5240
    7.5000   22.5000   30.000012494.2773   15.5213
   -7.5000   30.0000   30.000011909.9551   15.3430
    0.0000   30.0000   30.000012365.6445   15.3245
    7.5000   30.0000   30.000011887.2920   15.3259
   -7.5000   37.5000   30.000011723.5596   15.3738
    0.0000   37.5000   30.000012163.1934   15.3549
    7.5000   37.5000   30.000011659.9287   15.3533
   -7.5000   45.0000   30.000010898.5059   15.0374
    0.0000   45.0000   30.000011317.5596   15.0232
    7.5000   45.0000   30.000010775.1064   15.0164
   -7.5000  -45.0000   37.5000 7207.1367   16.2681
    0.0000  -45.0000   37.5000 7559.5586   16.2567
    7.5000  -45.0000   37.5000 7179.3335   16.2486
   -7.5000  -37.5000   37.5000 7973.4224   15.9774
    0.0000  -37.5000   37.5000 8359.5439   15.9703
    7.5000  -37.5000   37.5000 7932.6416   15.9605
   -7.5000  -30.0000   37.5000 9056.4482   15.8427
    0.0000  -30.0000   37.5000 9479.8135   15.8348
    7.5000  -30.0000   37.5000 9002.5244   15.8270
   -7.5000  -22.5000   37.500010104.3496   15.8245
    0.0000  -22.5000   37.500010567.3916   15.8126
    7.5000  -22.5000   37.500010049.4912   15.8100
   -7.5000  -15.0000   37.500011103.5566   15.8323
    0.0000  -15.0000   37.500011590.5879   15.8170
    7.5000  -15.0000   37.500011049.3193   15.8172
   -7.5000   -7.5000   37.500012063.3740   15.8631
    0.0000   -7.5000   37.500012624.4531   15.8481
    7.5000   -7.5000   37.500012039.6709   15.8447
   -7.5000    0.0000   37.500012917.2666   15.8802
    0.0000    0.0000   37.500013494.3086   15.8692
    7.5000    0.0000   37.500012927.3340   15.8609
   -7.5000    7.5000   37.500012705.3516   15.8675
    0.0000    7.5000   37.500013209.4893   15.8602
    7.5000    7.5000   37.500012718.9346   15.8504
   -7.5000   15.0000   37.500012354.0840   15.8426
    0.0000   15.0000   37.500012826.9434   15.8348
    7.5000   15.0000   37.500012353.3604   15.8270
   -7.5000   22.5000   37.500011950.6123   15.8172
    0.0000   22.5000   37.500012409.4590   15.8053
    7.5000   22.5000   37.500011921.5918   15.8027
   -7.5000   30.0000   37.500011376.1143   15.6274
    0.0000   30.0000   37.500011809.3867   15.6123
    7.5000   30.0000   37.500011338.1445   15.6125
   -7.5000   37.5000   37.500011231.8320   15.6578
    0.0000   37.5000   37.500011664.3086   15.6430
    7.5000   37.5000   37.500011160.7393   15.6396
   -7.5000   45.0000   37.500010481.1377   15.3067
    0.0000   45.0000   37.500010902.5000   15.2961
    7.5000   45.0000   37.500010369.5039   15.2880
   -7.5000  -45.0000   45.0000 6521.5010   16.6100
    0.0000  -45.0000   45.0000 6799.0967   16.5996
    7.5000  -45.0000   45.0000 6492.3037   16.5936
   -7.5000  -37.5000   45.0000 7234.4692   16.2939
    0.0000  -37.5000   45.0000 7551.6479   16.2882
    7.5000  -37.5000   45.0000 7198.2969   16.2807
   -7.5000  -30.0000   45.0000 8214.0078   16.1520
    0.0000  -30.0000   45.0000 8581.6875   16.1471
    7.5000  -30.0000   45.0000 8189.3804   16.1401
   -7.5000  -22.5000   45.0000 9159.7910   16.1447
    0.0000  -22.5000   45.0000 9579.5703   16.1369
    7.5000  -22.5000   45.0000 9140.8760   16.1331
   -7.5000  -15.0000   45.000010089.1064   16.1639
    0.0000  -15.0000   45.000010540.3535   16.1524
    7.5000  -15.0000   45.000010068.5283   16.1512
   -7.5000   -7.5000   45.000011027.1152   16.1954
    0.0000   -7.5000   45.000011545.9238   16.1824
    7.5000   -7.5000   45.000011002.4102   16.1791
   -7.5000    0.0000   45.000011797.0684   16.2029
    0.0000    0.0000   45.000012339.7734   16.1928
    7.5000    0.0000   45.000011797.1865   16.1864
   -7.5000    7.5000   45.000011608.6387   16.1788
    0.0000    7.5000   45.000012082.2324   16.1729
    7.5000    7.5000   45.000011598.2500   16.1653
   -7.5000   15.0000   45.000011295.8965   16.1520
    0.0000   15.0000   45.000011749.6572   16.1471
    7.5000   15.0000   45.000011268.1094   16.1400
   -7.5000   22.5000   45.000010924.8125   16.1372
    0.0000   22.5000   45.000011353.3887   16.1294
    7.5000   22.5000   45.000010879.4775   16.1256
   -7.5000   30.0000   45.000010424.9941   15.9533
    0.0000   30.0000   45.000010842.4180   15.9419
    7.5000   30.0000   45.000010394.3242   15.9408
   -7.5000   37.5000   45.000010297.2246   15.9844
    0.0000   37.5000   45.000010730.2012   15.9716
    7.5000   37.5000   45.000010252.0732   15.9683
   -7.5000   45.0000   45.0000 9622.3428   15.6248
    0.0000   45.0000   45.000010033.7920   15.6151
    7.5000   45.0000   45.0000 9540.2549   15.6089

---------------------------------------------------------------------
imgreg_4dfp /opt/freesurfer/average/711-2C_as_mni_average_305 /opt/freesurfer/average/711-2B_as_mni_average_305_mask talsrcimg_g11 none talsrcimg_to_711-2C_as_mni_average_305_t4 4355
---------------------------------------------------------------------

freesurfer imgreg_4dfp.c
/opt/freesurfer/average/711-2C_as_mni_average_305.4dfp.img
       256       256       256         1
  1.000000  1.000000  1.000000
orientation T byte_order littleendian
Reading image: /opt/freesurfer/average/711-2C_as_mni_average_305.4dfp.img
dimensions:      256       256       256
mmppix:       1.0000   -1.0000   -1.0000
center:     128.0000 -129.0000 -129.0000
/opt/freesurfer/average/711-2B_as_mni_average_305_mask.4dfp.img
       256       256       256         1
  1.000000  1.000000  1.000000
orientation T byte_order littleendian
Reading mask: /opt/freesurfer/average/711-2B_as_mni_average_305_mask.4dfp.img (2306576 pixels)
talsrcimg_g11.4dfp.img
       256       256       256         1
  1.000000  1.000000  1.000000
orientation T byte_order littleendian
Reading image: talsrcimg_g11.4dfp.img
dimensions:      256       256       256
mmppix:       1.0000   -1.0000   -1.0000
center:     128.0000 -129.0000 -129.0000
rotation matrix determinant  1.000000
image alignment mode   4355 decimal     1103 hex
   -7.5000  -45.0000  -45.0000 1936.1949   19.6676
    0.0000  -45.0000  -45.0000 1945.2141   19.7666
    7.5000  -45.0000  -45.0000 1935.2008   19.7061
   -7.5000  -37.5000  -45.0000 2050.2239   17.4653
    0.0000  -37.5000  -45.0000 2058.7959   17.5442
    7.5000  -37.5000  -45.0000 2049.1523   17.4522
   -7.5000  -30.0000  -45.0000 2154.3293   15.7342
    0.0000  -30.0000  -45.0000 2163.2070   15.7885
    7.5000  -30.0000  -45.0000 2153.4990   15.7296
   -7.5000  -22.5000  -45.0000 2255.6165   14.4317
    0.0000  -22.5000  -45.0000 2260.7356   14.4545
    7.5000  -22.5000  -45.0000 2252.4229   14.4505
   -7.5000  -15.0000  -45.0000 2327.4900   13.4929
    0.0000  -15.0000  -45.0000 2332.2529   13.4919
    7.5000  -15.0000  -45.0000 2320.8721   13.5248
   -7.5000   -7.5000  -45.0000 2380.7146   12.9240
    0.0000   -7.5000  -45.0000 2389.5095   12.8604
    7.5000   -7.5000  -45.0000 2371.2109   12.9280
   -7.5000    0.0000  -45.0000 2399.6082   12.6445
    0.0000    0.0000  -45.0000 2412.5801   12.5685
    7.5000    0.0000  -45.0000 2390.8538   12.6543
   -7.5000    7.5000  -45.0000 2400.2595   12.6171
    0.0000    7.5000  -45.0000 2413.2610   12.5150
    7.5000    7.5000  -45.0000 2398.8477   12.6168
   -7.5000   15.0000  -45.0000 2388.6997   12.7728
    0.0000   15.0000  -45.0000 2402.2261   12.6515
    7.5000   15.0000  -45.0000 2385.8384   12.7700
   -7.5000   22.5000  -45.0000 2371.8008   13.1053
    0.0000   22.5000  -45.0000 2384.7239   13.0106
    7.5000   22.5000  -45.0000 2363.7227   13.1052
   -7.5000   30.0000  -45.0000 2327.6140   13.6844
    0.0000   30.0000  -45.0000 2343.4097   13.6183
    7.5000   30.0000  -45.0000 2320.1809   13.6992
   -7.5000   37.5000  -45.0000 2264.4976   14.5569
    0.0000   37.5000  -45.0000 2279.9312   14.5213
    7.5000   37.5000  -45.0000 2256.1660   14.5879
   -7.5000   45.0000  -45.0000 2183.2385   15.6918
    0.0000   45.0000  -45.0000 2195.9619   15.6696
    7.5000   45.0000  -45.0000 2176.2913   15.7530
   -7.5000  -45.0000  -37.5000 1981.6534   18.6730
    0.0000  -45.0000  -37.5000 1988.6803   18.7470
    7.5000  -45.0000  -37.5000 1980.3101   18.6528
   -7.5000  -37.5000  -37.5000 2105.0156   16.5628
    0.0000  -37.5000  -37.5000 2114.9590   16.5935
    7.5000  -37.5000  -37.5000 2103.4329   16.5624
   -7.5000  -30.0000  -37.5000 2221.0872   14.9045
    0.0000  -30.0000  -37.5000 2232.3264   14.9027
    7.5000  -30.0000  -37.5000 2216.7905   14.9062
   -7.5000  -22.5000  -37.5000 2328.5332   13.6069
    0.0000  -22.5000  -37.5000 2339.1826   13.5998
    7.5000  -22.5000  -37.5000 2322.2583   13.6172
   -7.5000  -15.0000  -37.5000 2404.4900   12.6305
    0.0000  -15.0000  -37.5000 2417.8184   12.6052
    7.5000  -15.0000  -37.5000 2397.3000   12.6634
   -7.5000   -7.5000  -37.5000 2472.4746   12.0341
    0.0000   -7.5000  -37.5000 2484.3364   11.9664
    7.5000   -7.5000  -37.5000 2462.9143   12.0338
   -7.5000    0.0000  -37.5000 2495.9189   11.7779
    0.0000    0.0000  -37.5000 2505.0349   11.6838
    7.5000    0.0000  -37.5000 2485.1912   11.7631
   -7.5000    7.5000  -37.5000 2502.6768   11.6912
    0.0000    7.5000  -37.5000 2510.2349   11.5574
    7.5000    7.5000  -37.5000 2498.2832   11.6897
   -7.5000   15.0000  -37.5000 2492.2390   11.8265
    0.0000   15.0000  -37.5000 2501.3276   11.7128
    7.5000   15.0000  -37.5000 2486.2007   11.8211
   -7.5000   22.5000  -37.5000 2471.4912   12.1021
    0.0000   22.5000  -37.5000 2484.9656   12.0162
    7.5000   22.5000  -37.5000 2463.1118   12.1090
   -7.5000   30.0000  -37.5000 2428.4985   12.6206
    0.0000   30.0000  -37.5000 2445.7998   12.5356
    7.5000   30.0000  -37.5000 2417.9580   12.6528
   -7.5000   37.5000  -37.5000 2362.1389   13.3801
    0.0000   37.5000  -37.5000 2382.4143   13.3306
    7.5000   37.5000  -37.5000 2355.8472   13.4412
   -7.5000   45.0000  -37.5000 2275.2622   14.3817
    0.0000   45.0000  -37.5000 2294.7632   14.3533
    7.5000   45.0000  -37.5000 2271.4502   14.4777
   -7.5000  -45.0000  -30.0000 2056.1599   18.3465
    0.0000  -45.0000  -30.0000 2062.5972   18.3556
    7.5000  -45.0000  -30.0000 2054.2727   18.3693
   -7.5000  -37.5000  -30.0000 2191.1067   16.2801
    0.0000  -37.5000  -30.0000 2206.1780   16.2413
    7.5000  -37.5000  -30.0000 2189.4407   16.2837
   -7.5000  -30.0000  -30.0000 2318.3259   14.6319
    0.0000  -30.0000  -30.0000 2335.7871   14.5665
    7.5000  -30.0000  -30.0000 2313.7944   14.6256
   -7.5000  -22.5000  -30.0000 2434.2690   13.3199
    0.0000  -22.5000  -30.0000 2450.1731   13.2636
    7.5000  -22.5000  -30.0000 2428.7175   13.3130
   -7.5000  -15.0000  -30.0000 2516.4937   12.2862
    0.0000  -15.0000  -30.0000 2530.4463   12.2187
    7.5000  -15.0000  -30.0000 2510.9739   12.2942
   -7.5000   -7.5000  -30.0000 2600.0066   11.6314
    0.0000   -7.5000  -30.0000 2610.5149   11.5252
    7.5000   -7.5000  -30.0000 2591.0972   11.6037
   -7.5000    0.0000  -30.0000 2632.4961   11.2996
    0.0000    0.0000  -30.0000 2641.2734   11.1826
    7.5000    0.0000  -30.0000 2622.8516   11.2548
   -7.5000    7.5000  -30.0000 2648.8535   11.1693
    0.0000    7.5000  -30.0000 2653.8506   11.0516
    7.5000    7.5000  -30.0000 2644.2822   11.1330
   -7.5000   15.0000  -30.0000 2639.9780   11.2986
    0.0000   15.0000  -30.0000 2647.6487   11.2083
    7.5000   15.0000  -30.0000 2631.7588   11.2828
   -7.5000   22.5000  -30.0000 2617.8750   11.5770
    0.0000   22.5000  -30.0000 2628.1416   11.4949
    7.5000   22.5000  -30.0000 2608.1035   11.6088
   -7.5000   30.0000  -30.0000 2572.3701   12.0580
    0.0000   30.0000  -30.0000 2589.2312   11.9503
    7.5000   30.0000  -30.0000 2565.6621   12.0933
   -7.5000   37.5000  -30.0000 2507.4023   12.7783
    0.0000   37.5000  -30.0000 2526.6379   12.6762
    7.5000   37.5000  -30.0000 2501.5339   12.8386
   -7.5000   45.0000  -30.0000 2418.1670   13.7391
    0.0000   45.0000  -30.0000 2433.5886   13.6628
    7.5000   45.0000  -30.0000 2413.4988   13.8105
   -7.5000  -45.0000  -22.5000 2109.4712   17.9069
    0.0000  -45.0000  -22.5000 2119.8665   17.9023
    7.5000  -45.0000  -22.5000 2104.2861   17.9493
   -7.5000  -37.5000  -22.5000 2248.8860   15.8785
    0.0000  -37.5000  -22.5000 2264.4856   15.8173
    7.5000  -37.5000  -22.5000 2249.8186   15.8853
   -7.5000  -30.0000  -22.5000 2386.8650   14.2553
    0.0000  -30.0000  -22.5000 2401.2781   14.1480
    7.5000  -30.0000  -22.5000 2384.5120   14.2239
   -7.5000  -22.5000  -22.5000 2506.6045   12.9028
    0.0000  -22.5000  -22.5000 2523.4746   12.7982
    7.5000  -22.5000  -22.5000 2509.4045   12.8994
   -7.5000  -15.0000  -22.5000 2600.5347   11.8668
    0.0000  -15.0000  -22.5000 2615.9109   11.7642
    7.5000  -15.0000  -22.5000 2601.7253   11.8607
   -7.5000   -7.5000  -22.5000 2686.3132   11.1624
    0.0000   -7.5000  -22.5000 2699.5554   11.0459
    7.5000   -7.5000  -22.5000 2682.7949   11.1276
   -7.5000    0.0000  -22.5000 2736.6223   10.7173
    0.0000    0.0000  -22.5000 2750.7820   10.5946
    7.5000    0.0000  -22.5000 2732.8074   10.6615
   -7.5000    7.5000  -22.5000 2759.2349   10.5746
    0.0000    7.5000  -22.5000 2771.5308   10.4462
    7.5000    7.5000  -22.5000 2754.7297   10.5212
   -7.5000   15.0000  -22.5000 2755.7893   10.6777
    0.0000   15.0000  -22.5000 2768.4790   10.5784
    7.5000   15.0000  -22.5000 2754.8794   10.6698
   -7.5000   22.5000  -22.5000 2741.5857   10.9805
    0.0000   22.5000  -22.5000 2753.7043   10.8678
    7.5000   22.5000  -22.5000 2734.5779   10.9952
   -7.5000   30.0000  -22.5000 2699.0413   11.4567
    0.0000   30.0000  -22.5000 2712.3010   11.3249
    7.5000   30.0000  -22.5000 2693.1313   11.4898
   -7.5000   37.5000  -22.5000 2628.9246   12.1359
    0.0000   37.5000  -22.5000 2644.4436   12.0067
    7.5000   37.5000  -22.5000 2623.2412   12.1715
   -7.5000   45.0000  -22.5000 2529.9592   13.0437
    0.0000   45.0000  -22.5000 2544.2703   12.9543
    7.5000   45.0000  -22.5000 2522.4382   13.1091
   -7.5000  -45.0000  -15.0000 2127.5325   17.5901
    0.0000  -45.0000  -15.0000 2137.2520   17.5757
    7.5000  -45.0000  -15.0000 2128.3257   17.6542
   -7.5000  -37.5000  -15.0000 2269.0229   15.5646
    0.0000  -37.5000  -15.0000 2281.5820   15.4850
    7.5000  -37.5000  -15.0000 2268.7241   15.5552
   -7.5000  -30.0000  -15.0000 2407.5261   13.9043
    0.0000  -30.0000  -15.0000 2420.8774   13.7687
    7.5000  -30.0000  -15.0000 2407.7705   13.8666
   -7.5000  -22.5000  -15.0000 2536.0146   12.5634
    0.0000  -22.5000  -15.0000 2551.2217   12.4265
    7.5000  -22.5000  -15.0000 2541.1804   12.5431
   -7.5000  -15.0000  -15.0000 2642.3396   11.5279
    0.0000  -15.0000  -15.0000 2655.5598   11.3746
    7.5000  -15.0000  -15.0000 2646.8396   11.5190
   -7.5000   -7.5000  -15.0000 2727.2522   10.7560
    0.0000   -7.5000  -15.0000 2744.2227   10.6174
    7.5000   -7.5000  -15.0000 2728.2861   10.7385
   -7.5000    0.0000  -15.0000 2798.0823   10.2368
    0.0000    0.0000  -15.0000 2817.6565   10.0899
    7.5000    0.0000  -15.0000 2797.2769   10.1980
   -7.5000    7.5000  -15.0000 2831.9800   10.0027
    0.0000    7.5000  -15.0000 2848.0571    9.8538
    7.5000    7.5000  -15.0000 2826.4697    9.9672
   -7.5000   15.0000  -15.0000 2843.7417   10.1070
    0.0000   15.0000  -15.0000 2852.0942    9.9531
    7.5000   15.0000  -15.0000 2839.3376   10.0731
   -7.5000   22.5000  -15.0000 2835.1536   10.4239
    0.0000   22.5000  -15.0000 2844.6099   10.2816
    7.5000   22.5000  -15.0000 2827.1233   10.4231
   -7.5000   30.0000  -15.0000 2790.8333   10.9456
    0.0000   30.0000  -15.0000 2803.0823   10.7936
    7.5000   30.0000  -15.0000 2781.4048   10.9415
   -7.5000   37.5000  -15.0000 2714.3794   11.5906
    0.0000   37.5000  -15.0000 2729.5232   11.4580
    7.5000   37.5000  -15.0000 2705.2644   11.6224
   -7.5000   45.0000  -15.0000 2610.2739   12.4511
    0.0000   45.0000  -15.0000 2623.8005   12.3492
    7.5000   45.0000  -15.0000 2600.5356   12.5362
   -7.5000  -45.0000   -7.5000 2127.7334   17.5362
    0.0000  -45.0000   -7.5000 2137.2400   17.4212
    7.5000  -45.0000   -7.5000 2128.3362   17.5349
   -7.5000  -37.5000   -7.5000 2267.6191   15.4163
    0.0000  -37.5000   -7.5000 2277.9258   15.2683
    7.5000  -37.5000   -7.5000 2268.0491   15.3757
   -7.5000  -30.0000   -7.5000 2405.3647   13.6784
    0.0000  -30.0000   -7.5000 2414.9163   13.5129
    7.5000  -30.0000   -7.5000 2410.7007   13.6317
   -7.5000  -22.5000   -7.5000 2541.7576   12.3251
    0.0000  -22.5000   -7.5000 2550.0562   12.1831
    7.5000  -22.5000   -7.5000 2546.4141   12.2983
   -7.5000  -15.0000   -7.5000 2654.0830   11.2994
    0.0000  -15.0000   -7.5000 2666.2505   11.1652
    7.5000  -15.0000   -7.5000 2656.6624   11.2805
   -7.5000   -7.5000   -7.5000 2744.9038   10.4948
    0.0000   -7.5000   -7.5000 2758.8059   10.3787
    7.5000   -7.5000   -7.5000 2748.6099   10.4813
   -7.5000    0.0000   -7.5000 2830.0029    9.9305
    0.0000    0.0000   -7.5000 2847.0513    9.7857
    7.5000    0.0000   -7.5000 2829.5933    9.8959
   -7.5000    7.5000   -7.5000 2883.2239    9.5903
    0.0000    7.5000   -7.5000 2892.9214    9.4309
    7.5000    7.5000   -7.5000 2872.4465    9.5657
   -7.5000   15.0000   -7.5000 2903.2888    9.6421
    0.0000   15.0000   -7.5000 2910.1982    9.4536
    7.5000   15.0000   -7.5000 2891.6699    9.6150
   -7.5000   22.5000   -7.5000 2900.3179    9.9992
    0.0000   22.5000   -7.5000 2910.4099    9.8471
    7.5000   22.5000   -7.5000 2886.6055   10.0080
   -7.5000   30.0000   -7.5000 2862.7021   10.5533
    0.0000   30.0000   -7.5000 2872.3403   10.4021
    7.5000   30.0000   -7.5000 2841.2383   10.5571
   -7.5000   37.5000   -7.5000 2784.9907   11.1810
    0.0000   37.5000   -7.5000 2794.0215   11.0514
    7.5000   37.5000   -7.5000 2764.7751   11.2185
   -7.5000   45.0000   -7.5000 2675.2979   12.0070
    0.0000   45.0000   -7.5000 2685.1609   11.8915
    7.5000   45.0000   -7.5000 2655.3330   12.0757
   -7.5000  -45.0000    0.0000 2115.9761   17.6539
    0.0000  -45.0000    0.0000 2124.9302   17.4719
    7.5000  -45.0000    0.0000 2116.7510   17.5675
   -7.5000  -37.5000    0.0000 2244.7373   15.3783
    0.0000  -37.5000    0.0000 2259.7739   15.2300
    7.5000  -37.5000    0.0000 2253.3623   15.3447
   -7.5000  -30.0000    0.0000 2382.4092   13.5860
    0.0000  -30.0000    0.0000 2396.0637   13.4475
    7.5000  -30.0000    0.0000 2393.4424   13.5848
   -7.5000  -22.5000    0.0000 2523.0059   12.2251
    0.0000  -22.5000    0.0000 2533.6333   12.0909
    7.5000  -22.5000    0.0000 2528.4792   12.2185
   -7.5000  -15.0000    0.0000 2641.2974   11.1990
    0.0000  -15.0000    0.0000 2651.7405   11.0832
    7.5000  -15.0000    0.0000 2642.4678   11.1946
   -7.5000   -7.5000    0.0000 2743.3164   10.4266
    0.0000   -7.5000    0.0000 2753.7649   10.3097
    7.5000   -7.5000    0.0000 2744.0781   10.3961
   -7.5000    0.0000    0.0000 2836.8918    9.8736
    0.0000    0.0000    0.0000 2849.0317    9.7430
    7.5000    0.0000    0.0000 2834.9395    9.8118
   -7.5000    7.5000    0.0000 2906.9014    9.4909
    0.0000    7.5000    0.0000 2920.5791    9.3396
    7.5000    7.5000    0.0000 2895.7539    9.4514
   -7.5000   15.0000    0.0000 2951.4600    9.4762
    0.0000   15.0000    0.0000 2958.9485    9.3216
    7.5000   15.0000    0.0000 2929.2546    9.4679
   -7.5000   22.5000    0.0000 2948.8337    9.8304
    0.0000   22.5000    0.0000 2963.8894    9.6902
    7.5000   22.5000    0.0000 2925.8459    9.8153
   -7.5000   30.0000    0.0000 2909.1560   10.3201
    0.0000   30.0000    0.0000 2923.0671   10.2060
    7.5000   30.0000    0.0000 2876.9639   10.3103
   -7.5000   37.5000    0.0000 2824.3689   10.9272
    0.0000   37.5000    0.0000 2838.5264   10.8105
    7.5000   37.5000    0.0000 2794.4565   10.9378
   -7.5000   45.0000    0.0000 2709.6992   11.7470
    0.0000   45.0000    0.0000 2723.3809   11.6598
    7.5000   45.0000    0.0000 2687.6602   11.7944
   -7.5000  -45.0000    7.5000 2087.3545   17.8969
    0.0000  -45.0000    7.5000 2099.2788   17.7368
    7.5000  -45.0000    7.5000 2090.0759   17.9164
   -7.5000  -37.5000    7.5000 2222.9187   15.5660
    0.0000  -37.5000    7.5000 2234.3225   15.3841
    7.5000  -37.5000    7.5000 2231.7473   15.6070
   -7.5000  -30.0000    7.5000 2358.7246   13.7250
    0.0000  -30.0000    7.5000 2369.0112   13.5404
    7.5000  -30.0000    7.5000 2367.5896   13.7691
   -7.5000  -22.5000    7.5000 2492.4238   12.3144
    0.0000  -22.5000    7.5000 2499.4910   12.1362
    7.5000  -22.5000    7.5000 2498.6953   12.3405
   -7.5000  -15.0000    7.5000 2612.9177   11.2735
    0.0000  -15.0000    7.5000 2614.7344   11.1071
    7.5000  -15.0000    7.5000 2615.1956   11.2765
   -7.5000   -7.5000    7.5000 2724.0725   10.4786
    0.0000   -7.5000    7.5000 2725.7134   10.3402
    7.5000   -7.5000    7.5000 2722.5525   10.4906
   -7.5000    0.0000    7.5000 2820.8853    9.9773
    0.0000    0.0000    7.5000 2829.4487    9.8863
    7.5000    0.0000    7.5000 2813.2275    9.9700
   -7.5000    7.5000    7.5000 2914.0662    9.6773
    0.0000    7.5000    7.5000 2937.3298    9.6403
    7.5000    7.5000    7.5000 2892.2090    9.6604
   -7.5000   15.0000    7.5000 2965.5027    9.5847
    0.0000   15.0000    7.5000 2988.6719    9.4979
    7.5000   15.0000    7.5000 2935.4634    9.5688
   -7.5000   22.5000    7.5000 2974.3242    9.7528
    0.0000   22.5000    7.5000 2996.6038    9.6554
    7.5000   22.5000    7.5000 2943.8909    9.7462
   -7.5000   30.0000    7.5000 2932.5325   10.1376
    0.0000   30.0000    7.5000 2946.5828   10.0442
    7.5000   30.0000    7.5000 2896.3074   10.1656
   -7.5000   37.5000    7.5000 2843.5908   10.8055
    0.0000   37.5000    7.5000 2850.5518   10.6876
    7.5000   37.5000    7.5000 2810.5735   10.8316
   -7.5000   45.0000    7.5000 2722.5518   11.6906
    0.0000   45.0000    7.5000 2730.8188   11.5669
    7.5000   45.0000    7.5000 2701.9297   11.7297
   -7.5000  -45.0000   15.0000 2049.4241   18.2802
    0.0000  -45.0000   15.0000 2061.3352   18.1333
    7.5000  -45.0000   15.0000 2052.4622   18.4221
   -7.5000  -37.5000   15.0000 2192.3867   15.9250
    0.0000  -37.5000   15.0000 2200.7017   15.7363
    7.5000  -37.5000   15.0000 2194.8901   15.9645
   -7.5000  -30.0000   15.0000 2321.2664   14.0593
    0.0000  -30.0000   15.0000 2329.7034   13.8639
    7.5000  -30.0000   15.0000 2326.7888   14.0984
   -7.5000  -22.5000   15.0000 2456.1331   12.6399
    0.0000  -22.5000   15.0000 2454.3296   12.4610
    7.5000  -22.5000   15.0000 2453.9304   12.6922
   -7.5000  -15.0000   15.0000 2576.2603   11.5797
    0.0000  -15.0000   15.0000 2573.1672   11.4520
    7.5000  -15.0000   15.0000 2567.2524   11.6464
   -7.5000   -7.5000   15.0000 2689.6160   10.8180
    0.0000   -7.5000   15.0000 2688.9941   10.7176
    7.5000   -7.5000   15.0000 2676.1382   10.8928
   -7.5000    0.0000   15.0000 2793.6624   10.2757
    0.0000    0.0000   15.0000 2798.8157   10.1857
    7.5000    0.0000   15.0000 2777.9272   10.3281
   -7.5000    7.5000   15.0000 2891.2117    9.9269
    0.0000    7.5000   15.0000 2909.2261    9.8542
    7.5000    7.5000   15.0000 2867.9482    9.9606
   -7.5000   15.0000   15.0000 2949.3696    9.7462
    0.0000   15.0000   15.0000 2963.7246    9.6412
    7.5000   15.0000   15.0000 2916.0266    9.8243
   -7.5000   22.5000   15.0000 2959.3235    9.8342
    0.0000   22.5000   15.0000 2974.8679    9.7520
    7.5000   22.5000   15.0000 2927.8174    9.9415
   -7.5000   30.0000   15.0000 2920.5208   10.2093
    0.0000   30.0000   15.0000 2934.9280   10.1154
    7.5000   30.0000   15.0000 2885.8643   10.2921
   -7.5000   37.5000   15.0000 2834.3838   10.8840
    0.0000   37.5000   15.0000 2843.3005   10.7711
    7.5000   37.5000   15.0000 2800.2764   10.9340
   -7.5000   45.0000   15.0000 2709.0718   11.7715
    0.0000   45.0000   15.0000 2716.0139   11.6686
    7.5000   45.0000   15.0000 2687.7859   11.8225
   -7.5000  -45.0000   22.5000 2003.2054   18.9929
    0.0000  -45.0000   22.5000 2006.3086   18.8856
    7.5000  -45.0000   22.5000 2004.4990   19.1197
   -7.5000  -37.5000   22.5000 2153.2292   16.5773
    0.0000  -37.5000   22.5000 2154.9321   16.4610
    7.5000  -37.5000   22.5000 2148.8420   16.6279
   -7.5000  -30.0000   22.5000 2283.9316   14.6497
    0.0000  -30.0000   22.5000 2284.2393   14.5421
    7.5000  -30.0000   22.5000 2277.2524   14.7366
   -7.5000  -22.5000   22.5000 2416.6025   13.2168
    0.0000  -22.5000   22.5000 2416.9792   13.1053
    7.5000  -22.5000   22.5000 2405.6631   13.3207
   -7.5000  -15.0000   22.5000 2532.9976   12.1115
    0.0000  -15.0000   22.5000 2536.5520   12.0139
    7.5000  -15.0000   22.5000 2519.9810   12.2470
   -7.5000   -7.5000   22.5000 2644.2168   11.2509
    0.0000   -7.5000   22.5000 2650.2339   11.1539
    7.5000   -7.5000   22.5000 2630.9824   11.3860
   -7.5000    0.0000   22.5000 2748.8535   10.6266
    0.0000    0.0000   22.5000 2756.4114   10.5428
    7.5000    0.0000   22.5000 2731.4536   10.7519
   -7.5000    7.5000   22.5000 2840.9304   10.2185
    0.0000    7.5000   22.5000 2854.3833   10.1427
    7.5000    7.5000   22.5000 2816.2842   10.3820
   -7.5000   15.0000   22.5000 2891.8967    9.9553
    0.0000   15.0000   22.5000 2902.1912    9.8338
    7.5000   15.0000   22.5000 2866.5662   10.1492
   -7.5000   22.5000   22.5000 2911.4265   10.1068
    0.0000   22.5000   22.5000 2925.9377    9.9862
    7.5000   22.5000   22.5000 2887.8367   10.2468
   -7.5000   30.0000   22.5000 2870.6809   10.5226
    0.0000   30.0000   22.5000 2887.6831   10.3987
    7.5000   30.0000   22.5000 2848.3926   10.6172
   -7.5000   37.5000   22.5000 2793.4875   11.2015
    0.0000   37.5000   22.5000 2802.5571   11.0794
    7.5000   37.5000   22.5000 2765.6526   11.2697
   -7.5000   45.0000   22.5000 2678.4302   12.0470
    0.0000   45.0000   22.5000 2681.1738   11.9377
    7.5000   45.0000   22.5000 2651.1995   12.1115
   -7.5000  -45.0000   30.0000 1946.5510   20.0771
    0.0000  -45.0000   30.0000 1948.9983   20.0637
    7.5000  -45.0000   30.0000 1940.2666   20.2325
   -7.5000  -37.5000   30.0000 2100.0227   17.5326
    0.0000  -37.5000   30.0000 2104.6445   17.4847
    7.5000  -37.5000   30.0000 2089.7866   17.6162
   -7.5000  -30.0000   30.0000 2231.6594   15.5032
    0.0000  -30.0000   30.0000 2239.9866   15.4494
    7.5000  -30.0000   30.0000 2225.2122   15.6504
   -7.5000  -22.5000   30.0000 2362.4941   13.9425
    0.0000  -22.5000   30.0000 2372.1414   13.8761
    7.5000  -22.5000   30.0000 2352.7830   14.1191
   -7.5000  -15.0000   30.0000 2480.1580   12.7180
    0.0000  -15.0000   30.0000 2490.7422   12.6408
    7.5000  -15.0000   30.0000 2467.1631   12.9146
   -7.5000   -7.5000   30.0000 2592.2031   11.7712
    0.0000   -7.5000   30.0000 2599.2009   11.6953
    7.5000   -7.5000   30.0000 2573.7324   11.9856
   -7.5000    0.0000   30.0000 2691.4915   11.1229
    0.0000    0.0000   30.0000 2697.2146   11.0457
    7.5000    0.0000   30.0000 2673.3984   11.3142
   -7.5000    7.5000   30.0000 2774.4053   10.6532
    0.0000    7.5000   30.0000 2780.8831   10.5480
    7.5000    7.5000   30.0000 2750.2292   10.8935
   -7.5000   15.0000   30.0000 2826.4629   10.3983
    0.0000   15.0000   30.0000 2828.5894   10.2745
    7.5000   15.0000   30.0000 2799.4368   10.6046
   -7.5000   22.5000   30.0000 2832.3870   10.5768
    0.0000   22.5000   30.0000 2841.9993   10.4455
    7.5000   22.5000   30.0000 2811.8928   10.7150
   -7.5000   30.0000   30.0000 2793.6667   10.9945
    0.0000   30.0000   30.0000 2803.5854   10.8751
    7.5000   30.0000   30.0000 2779.1018   11.1129
   -7.5000   37.5000   30.0000 2723.0576   11.6625
    0.0000   37.5000   30.0000 2730.3682   11.5575
    7.5000   37.5000   30.0000 2706.5544   11.7693
   -7.5000   45.0000   30.0000 2624.9429   12.4881
    0.0000   45.0000   30.0000 2629.9099   12.4056
    7.5000   45.0000   30.0000 2596.6797   12.5881
   -7.5000  -45.0000   37.5000 1879.0109   21.6499
    0.0000  -45.0000   37.5000 1885.2551   21.6789
    7.5000  -45.0000   37.5000 1877.9548   21.8280
   -7.5000  -37.5000   37.5000 2039.5330   18.7179
    0.0000  -37.5000   37.5000 2046.8845   18.6894
    7.5000  -37.5000   37.5000 2030.5983   18.9233
   -7.5000  -30.0000   37.5000 2175.8796   16.4953
    0.0000  -30.0000   37.5000 2186.0869   16.4165
    7.5000  -30.0000   37.5000 2169.1897   16.7221
   -7.5000  -22.5000   37.5000 2302.7400   14.8110
    0.0000  -22.5000   37.5000 2314.1633   14.7161
    7.5000  -22.5000   37.5000 2291.7043   15.0436
   -7.5000  -15.0000   37.5000 2425.6758   13.4979
    0.0000  -15.0000   37.5000 2433.2537   13.4096
    7.5000  -15.0000   37.5000 2408.0640   13.7536
   -7.5000   -7.5000   37.5000 2537.4680   12.4948
    0.0000   -7.5000   37.5000 2540.4724   12.4064
    7.5000   -7.5000   37.5000 2515.5398   12.7513
   -7.5000    0.0000   37.5000 2629.7903   11.8119
    0.0000    0.0000   37.5000 2636.7117   11.7073
    7.5000    0.0000   37.5000 2606.6301   12.0544
   -7.5000    7.5000   37.5000 2705.6296   11.2780
    0.0000    7.5000   37.5000 2709.7898   11.1486
    7.5000    7.5000   37.5000 2678.8135   11.5148
   -7.5000   15.0000   37.5000 2745.4688   11.0534
    0.0000   15.0000   37.5000 2747.5400   10.9361
    7.5000   15.0000   37.5000 2722.3145   11.2288
   -7.5000   22.5000   37.5000 2744.9795   11.1868
    0.0000   22.5000   37.5000 2750.3120   11.0604
    7.5000   22.5000   37.5000 2722.6780   11.3246
   -7.5000   30.0000   37.5000 2702.9348   11.6168
    0.0000   30.0000   37.5000 2709.8728   11.5054
    7.5000   30.0000   37.5000 2689.2600   11.7262
   -7.5000   37.5000   37.5000 2642.0894   12.2652
    0.0000   37.5000   37.5000 2650.9314   12.1513
    7.5000   37.5000   37.5000 2625.2927   12.3667
   -7.5000   45.0000   37.5000 2553.4346   13.0853
    0.0000   45.0000   37.5000 2560.8708   13.0164
    7.5000   45.0000   37.5000 2526.2856   13.2062
   -7.5000  -45.0000   45.0000 1801.9813   23.4691
    0.0000  -45.0000   45.0000 1810.1306   23.4416
    7.5000  -45.0000   45.0000 1802.0458   23.7398
   -7.5000  -37.5000   45.0000 1968.2872   20.1618
    0.0000  -37.5000   45.0000 1977.8041   20.0927
    7.5000  -37.5000   45.0000 1963.8516   20.4057
   -7.5000  -30.0000   45.0000 2108.2129   17.7246
    0.0000  -30.0000   45.0000 2120.6553   17.6221
    7.5000  -30.0000   45.0000 2103.6555   17.9859
   -7.5000  -22.5000   45.0000 2234.8093   15.8756
    0.0000  -22.5000   45.0000 2247.9177   15.7767
    7.5000  -22.5000   45.0000 2223.4570   16.1386
   -7.5000  -15.0000   45.0000 2355.7983   14.4320
    0.0000  -15.0000   45.0000 2367.4592   14.3576
    7.5000  -15.0000   45.0000 2338.0901   14.7422
   -7.5000   -7.5000   45.0000 2471.6155   13.4284
    0.0000   -7.5000   45.0000 2480.2678   13.3397
    7.5000   -7.5000   45.0000 2444.6160   13.7082
   -7.5000    0.0000   45.0000 2551.8767   12.6850
    0.0000    0.0000   45.0000 2567.7712   12.5683
    7.5000    0.0000   45.0000 2526.8894   12.9277
   -7.5000    7.5000   45.0000 2620.9514   12.1134
    0.0000    7.5000   45.0000 2627.4175   12.0038
    7.5000    7.5000   45.0000 2593.3779   12.3409
   -7.5000   15.0000   45.0000 2650.2349   11.8956
    0.0000   15.0000   45.0000 2656.4263   11.8006
    7.5000   15.0000   45.0000 2625.0181   12.0829
   -7.5000   22.5000   45.0000 2647.6414   11.9637
    0.0000   22.5000   45.0000 2653.4238   11.8530
    7.5000   22.5000   45.0000 2623.9722   12.1028
   -7.5000   30.0000   45.0000 2607.2495   12.3814
    0.0000   30.0000   45.0000 2617.2466   12.2807
    7.5000   30.0000   45.0000 2594.7905   12.4934
   -7.5000   37.5000   45.0000 2554.7878   13.0333
    0.0000   37.5000   45.0000 2564.2273   12.9272
    7.5000   37.5000   45.0000 2537.9883   13.1195
   -7.5000   45.0000   45.0000 2473.3623   13.8333
    0.0000   45.0000   45.0000 2483.5327   13.7641
    7.5000   45.0000   45.0000 2449.1653   13.9826

---------------------------------------------------------------------
imgreg_4dfp /opt/freesurfer/average/711-2C_as_mni_average_305 /opt/freesurfer/average/711-2B_as_mni_average_305_mask talsrcimg_g11 none talsrcimg_to_711-2C_as_mni_average_305_t4 1283
---------------------------------------------------------------------

freesurfer imgreg_4dfp.c
/opt/freesurfer/average/711-2C_as_mni_average_305.4dfp.img
       256       256       256         1
  1.000000  1.000000  1.000000
orientation T byte_order littleendian
Reading image: /opt/freesurfer/average/711-2C_as_mni_average_305.4dfp.img
dimensions:      256       256       256
mmppix:       1.0000   -1.0000   -1.0000
center:     128.0000 -129.0000 -129.0000
/opt/freesurfer/average/711-2B_as_mni_average_305_mask.4dfp.img
       256       256       256         1
  1.000000  1.000000  1.000000
orientation T byte_order littleendian
Reading mask: /opt/freesurfer/average/711-2B_as_mni_average_305_mask.4dfp.img (2306576 pixels)
talsrcimg_g11.4dfp.img
       256       256       256         1
  1.000000  1.000000  1.000000
orientation T byte_order littleendian
Reading image: talsrcimg_g11.4dfp.img
dimensions:      256       256       256
mmppix:       1.0000   -1.0000   -1.0000
center:     128.0000 -129.0000 -129.0000
rotation matrix determinant  1.000000
fimgreg.f
image alignment mode   1283 decimal      503 hex
parameters
    0.0000   22.5000    7.5000    0.0000    0.0000    0.0000
eta,q 0.93948  9.67818
niter,ni,del,rscale     5    3   12.0000    1.2000
parameter  4  1.879599 ->  0.500000 qaram    1.1500
parameters
   -1.3746   19.5372    8.4622   -3.4500    0.5309    1.5914
eta,q 0.94931  9.49103
  0.0650  0.0599  0.0610  0.0491  0.0554  0.0577
  0.0618  0.0562  0.0579  0.0506  0.0536  0.0554
  0.0597  0.0563  0.0563  0.0530  0.0522  0.0529
  0.0599  0.0592  0.0558  0.0556  0.0512  0.0511
  0.0628  0.0631  0.0555  0.0597  0.0514  0.0508
  0.0670  0.0672  0.0561  0.0640  0.0528  0.0518
  0.0731  0.0727  0.0583  0.0677  0.0543  0.0536
niter,ni,del,rscale     5    3   12.0000    1.2000
parameter  4  0.915327 ->  0.500000 qaram    1.3225
parameters
   -1.6040   20.2116    7.1085   -7.4175    0.4258    1.7239
eta,q 0.95310  9.41237
  0.0612  0.0628  0.0535  0.0477  0.0512  0.0514
  0.0561  0.0568  0.0514  0.0468  0.0489  0.0497
  0.0520  0.0529  0.0509  0.0480  0.0474  0.0479
  0.0507  0.0506  0.0507  0.0508  0.0469  0.0469
  0.0528  0.0519  0.0515  0.0545  0.0475  0.0476
  0.0570  0.0546  0.0544  0.0586  0.0495  0.0491
  0.0630  0.0581  0.0596  0.0626  0.0513  0.0513
niter,ni,del,rscale     5    3   12.0000    1.2000
parameters
   -1.8011   21.1162    6.6662   -9.6231    0.9900    1.5514
eta,q 0.95413  9.36559
  0.0579  0.0572  0.0536  0.0507  0.0517  0.0495
  0.0525  0.0534  0.0498  0.0466  0.0490  0.0476
  0.0481  0.0498  0.0473  0.0461  0.0471  0.0461
  0.0469  0.0469  0.0467  0.0467  0.0460  0.0459
  0.0490  0.0473  0.0479  0.0494  0.0464  0.0466
  0.0532  0.0495  0.0512  0.0535  0.0483  0.0476
  0.0595  0.0532  0.0562  0.0584  0.0497  0.0499
niter,ni,del,rscale     4    3   12.0000    1.2000
parameters
   -2.2309   22.1089    5.8647  -11.2992    1.6128    1.1674
eta,q 0.95541  9.32950
  0.0557  0.0553  0.0518  0.0504  0.0519  0.0485
  0.0503  0.0516  0.0474  0.0450  0.0485  0.0462
  0.0465  0.0487  0.0452  0.0450  0.0458  0.0448
  0.0459  0.0456  0.0452  0.0451  0.0447  0.0447
  0.0483  0.0457  0.0471  0.0474  0.0455  0.0457
  0.0524  0.0480  0.0514  0.0513  0.0473  0.0470
  0.0586  0.0513  0.0554  0.0562  0.0492  0.0493
niter,ni,del,rscale     3    3   12.0000    1.2000
parameters
   -2.5178   22.9119    5.3492  -12.3069    1.9360    0.9729
eta,q 0.95579  9.32308
  0.0558  0.0539  0.0519  0.0514  0.0511  0.0486
  0.0490  0.0498  0.0476  0.0452  0.0473  0.0461
  0.0450  0.0467  0.0449  0.0438  0.0449  0.0446
  0.0446  0.0444  0.0443  0.0443  0.0442  0.0442
  0.0471  0.0448  0.0462  0.0460  0.0451  0.0451
  0.0511  0.0467  0.0503  0.0497  0.0468  0.0465
  0.0573  0.0504  0.0543  0.0548  0.0494  0.0490
niter,ni,del,rscale     2    3   12.0000    1.2000
parameters
   -2.6273   23.2777    5.0814  -12.7223    1.9847    1.0009
eta,q 0.95603  9.32365
  0.0563  0.0532  0.0522  0.0525  0.0504  0.0489
  0.0487  0.0481  0.0477  0.0469  0.0466  0.0463
  0.0444  0.0452  0.0448  0.0428  0.0445  0.0445
  0.0442  0.0441  0.0440  0.0440  0.0440  0.0440
  0.0467  0.0442  0.0454  0.0455  0.0450  0.0447
  0.0500  0.0469  0.0491  0.0486  0.0469  0.0462
  0.0560  0.0512  0.0535  0.0536  0.0497  0.0488
niter,ni,del,rscale     1    3   12.0000    1.2000
parameters
   -2.6601   23.3929    5.0081  -12.8544    1.9815    1.0187
eta,q 0.95613  9.32496
  0.0564  0.0526  0.0526  0.0531  0.0502  0.0490
  0.0486  0.0472  0.0478  0.0478  0.0465  0.0463
  0.0442  0.0449  0.0447  0.0426  0.0444  0.0445
  0.0440  0.0439  0.0439  0.0439  0.0439  0.0439
  0.0465  0.0442  0.0450  0.0452  0.0449  0.0447
  0.0497  0.0474  0.0483  0.0481  0.0469  0.0462
  0.0554  0.0517  0.0529  0.0530  0.0498  0.0489
registration optimization eta report
parameter search radius
    6.0000    6.0000    6.0000    7.9350    6.0000    6.0000
100000*second partial in parameter space
       33.       23.       25.       16.       17.       14.
  0.0564  0.0526  0.0526  0.0531  0.0502  0.0490
  0.0486  0.0472  0.0478  0.0478  0.0465  0.0463
  0.0442  0.0449  0.0447  0.0426  0.0444  0.0445
  0.0440  0.0439  0.0439  0.0439  0.0439  0.0439
  0.0465  0.0442  0.0450  0.0452  0.0449  0.0447
  0.0497  0.0474  0.0483  0.0481  0.0469  0.0462
  0.0554  0.0517  0.0529  0.0530  0.0498  0.0489
   -2.6601   23.3929    5.0081  -12.8544    1.9815    1.0187
eta,q 0.95613  9.32496

---------------------------------------------------------------------
imgreg_4dfp /opt/freesurfer/average/711-2C_as_mni_average_305 /opt/freesurfer/average/711-2B_as_mni_average_305_mask talsrcimg_g11 none talsrcimg_to_711-2C_as_mni_average_305_t4 3335
---------------------------------------------------------------------

freesurfer imgreg_4dfp.c
/opt/freesurfer/average/711-2C_as_mni_average_305.4dfp.img
       256       256       256         1
  1.000000  1.000000  1.000000
orientation T byte_order littleendian
Reading image: /opt/freesurfer/average/711-2C_as_mni_average_305.4dfp.img
dimensions:      256       256       256
mmppix:       1.0000   -1.0000   -1.0000
center:     128.0000 -129.0000 -129.0000
/opt/freesurfer/average/711-2B_as_mni_average_305_mask.4dfp.img
       256       256       256         1
  1.000000  1.000000  1.000000
orientation T byte_order littleendian
Reading mask: /opt/freesurfer/average/711-2B_as_mni_average_305_mask.4dfp.img (2306576 pixels)
talsrcimg_g11.4dfp.img
       256       256       256         1
  1.000000  1.000000  1.000000
orientation T byte_order littleendian
Reading image: talsrcimg_g11.4dfp.img
dimensions:      256       256       256
mmppix:       1.0000   -1.0000   -1.0000
center:     128.0000 -129.0000 -129.0000
fimgreg.f
image alignment mode   3335 decimal      D07 hex
parameters
   -2.6601   23.3929    5.0081   -0.0756   -2.5079   -2.5644
   -0.9641   -3.7660    1.7767   22.1840    3.4577  -22.2341
eta,q 0.95660  9.50391
niter,ni,del,rscale     5    3    5.0000    1.2000
parameter  2 -0.898372 -> -0.500000 qaram    1.1500
parameter  4  1.041153 ->  0.500000 qaram    1.1500
parameter  5  4.096845 ->  0.500000 qaram    1.1500
parameter  6  0.688435 ->  0.500000 qaram    1.1500
parameters
   -2.8539   24.7729    5.6302   -4.2156   -6.6479   -6.7044
   -0.7602   -3.3040    2.2620   22.1063    1.4971  -20.4931
eta,q 0.96685  9.26233
  0.0456  0.0457  0.0454  0.0390  0.0315  0.0329  0.0353  0.0374  0.0352  0.0365  0.0337  0.0351
  0.0443  0.0448  0.0441  0.0392  0.0340  0.0331  0.0342  0.0353  0.0342  0.0350  0.0334  0.0342
  0.0435  0.0440  0.0432  0.0404  0.0364  0.0338  0.0336  0.0339  0.0336  0.0339  0.0332  0.0336
  0.0434  0.0434  0.0426  0.0425  0.0394  0.0346  0.0333  0.0333  0.0333  0.0333  0.0333  0.0332
  0.0438  0.0429  0.0425  0.0455  0.0429  0.0364  0.0335  0.0336  0.0334  0.0334  0.0336  0.0332
  0.0448  0.0426  0.0429  0.0493  0.0463  0.0396  0.0341  0.0346  0.0338  0.0350  0.0340  0.0334
  0.0464  0.0428  0.0435  0.0531  0.0498  0.0441  0.0351  0.0365  0.0347  0.0368  0.0347  0.0339
niter,ni,del,rscale     7    3    5.0000    1.2000
parameter  5  2.778348 ->  0.500000 qaram    1.3225
parameters
   -2.6031   23.9958    6.1250   -7.1839  -11.4089   -8.4757
   -0.8912   -3.5200    1.7989   21.9849    1.6499  -20.1505
eta,q 0.97198  9.04732
  0.0365  0.0341  0.0347  0.0339  0.0256  0.0293  0.0300  0.0309  0.0295  0.0309  0.0287  0.0293
  0.0349  0.0332  0.0339  0.0331  0.0275  0.0285  0.0289  0.0294  0.0286  0.0294  0.0283  0.0286
  0.0337  0.0329  0.0333  0.0326  0.0301  0.0281  0.0282  0.0284  0.0281  0.0283  0.0281  0.0282
  0.0332  0.0331  0.0329  0.0328  0.0326  0.0281  0.0280  0.0280  0.0280  0.0280  0.0280  0.0280
  0.0333  0.0338  0.0328  0.0343  0.0357  0.0285  0.0283  0.0284  0.0283  0.0284  0.0281  0.0281
  0.0340  0.0349  0.0331  0.0368  0.0396  0.0294  0.0290  0.0296  0.0289  0.0293  0.0282  0.0285
  0.0354  0.0364  0.0337  0.0403  0.0429  0.0320  0.0301  0.0313  0.0299  0.0312  0.0286  0.0290
niter,ni,del,rscale     7    3    5.0000    1.2000
parameter  5  0.909916 ->  0.500000 qaram    1.5209
parameters
   -2.3640   23.6213    6.4398   -7.1259  -16.8841   -6.4585
   -0.6028   -3.7404    1.7851   23.1999    1.4427  -22.3083
eta,q 0.97555  9.04692
  0.0311  0.0297  0.0294  0.0311  0.0249  0.0271  0.0276  0.0275  0.0268  0.0286  0.0251  0.0251
  0.0295  0.0287  0.0287  0.0297  0.0246  0.0259  0.0261  0.0260  0.0257  0.0268  0.0248  0.0246
  0.0285  0.0281  0.0282  0.0286  0.0255  0.0250  0.0251  0.0250  0.0250  0.0255  0.0246  0.0244
  0.0280  0.0280  0.0280  0.0279  0.0279  0.0247  0.0247  0.0247  0.0247  0.0247  0.0246  0.0246
  0.0281  0.0284  0.0280  0.0280  0.0308  0.0248  0.0250  0.0251  0.0250  0.0246  0.0246  0.0250
  0.0288  0.0295  0.0283  0.0293  0.0342  0.0249  0.0259  0.0262  0.0257  0.0253  0.0248  0.0256
  0.0301  0.0311  0.0289  0.0314  0.0384  0.0254  0.0272  0.0279  0.0268  0.0268  0.0252  0.0264
niter,ni,del,rscale     7    3    5.0000    1.2000
parameters
   -2.3008   23.8751    6.8936   -5.9721  -20.1078   -5.5666
   -0.4474   -3.7762    1.5044   24.1778    0.3638  -23.2675
eta,q 0.97624  9.03553
  0.0275  0.0285  0.0260  0.0288  0.0269  0.0260  0.0267  0.0270  0.0259  0.0269  0.0243  0.0248
  0.0259  0.0264  0.0252  0.0271  0.0251  0.0249  0.0252  0.0252  0.0248  0.0254  0.0240  0.0241
  0.0248  0.0250  0.0247  0.0255  0.0239  0.0241  0.0242  0.0242  0.0241  0.0243  0.0238  0.0238
  0.0244  0.0244  0.0244  0.0244  0.0241  0.0239  0.0239  0.0239  0.0239  0.0239  0.0238  0.0238
  0.0247  0.0246  0.0244  0.0241  0.0264  0.0239  0.0242  0.0242  0.0242  0.0239  0.0240  0.0241
  0.0257  0.0256  0.0246  0.0252  0.0300  0.0239  0.0251  0.0253  0.0250  0.0244  0.0243  0.0247
  0.0272  0.0273  0.0252  0.0273  0.0342  0.0255  0.0265  0.0270  0.0262  0.0257  0.0247  0.0254
niter,ni,del,rscale     6    3    5.0000    1.2000
parameters
   -2.3483   24.0815    6.7530   -5.2551  -20.9413   -5.7519
   -0.2806   -3.6935    1.4779   24.6460    0.1815  -23.7593
eta,q 0.97632  9.03088
  0.0268  0.0274  0.0248  0.0282  0.0284  0.0256  0.0266  0.0271  0.0258  0.0261  0.0244  0.0249
  0.0251  0.0255  0.0242  0.0265  0.0263  0.0246  0.0251  0.0251  0.0247  0.0248  0.0240  0.0242
  0.0241  0.0243  0.0239  0.0249  0.0246  0.0239  0.0241  0.0240  0.0240  0.0240  0.0238  0.0238
  0.0238  0.0238  0.0237  0.0237  0.0236  0.0237  0.0237  0.0237  0.0237  0.0237  0.0237  0.0237
  0.0242  0.0239  0.0239  0.0237  0.0242  0.0235  0.0240  0.0241  0.0240  0.0238  0.0238  0.0240
  0.0253  0.0249  0.0244  0.0250  0.0271  0.0240  0.0250  0.0251  0.0247  0.0244  0.0241  0.0245
  0.0271  0.0265  0.0252  0.0274  0.0308  0.0265  0.0264  0.0268  0.0258  0.0256  0.0245  0.0252
niter,ni,del,rscale     5    3    5.0000    1.2000
parameters
   -2.3752   24.1488    6.5972   -5.0950  -21.1709   -5.7959
   -0.2210   -3.6740    1.5046   24.9175    0.1253  -24.0500
eta,q 0.97630  9.03331
  0.0269  0.0268  0.0247  0.0278  0.0287  0.0256  0.0265  0.0271  0.0257  0.0259  0.0245  0.0250
  0.0252  0.0251  0.0242  0.0262  0.0267  0.0246  0.0250  0.0251  0.0247  0.0247  0.0240  0.0242
  0.0240  0.0241  0.0238  0.0247  0.0249  0.0240  0.0241  0.0240  0.0240  0.0239  0.0238  0.0238
  0.0237  0.0237  0.0237  0.0237  0.0237  0.0237  0.0237  0.0237  0.0237  0.0237  0.0237  0.0237
  0.0241  0.0240  0.0238  0.0239  0.0239  0.0234  0.0240  0.0241  0.0239  0.0239  0.0238  0.0239
  0.0253  0.0250  0.0243  0.0255  0.0264  0.0239  0.0250  0.0252  0.0247  0.0244  0.0241  0.0244
  0.0271  0.0265  0.0252  0.0281  0.0300  0.0264  0.0264  0.0269  0.0257  0.0256  0.0245  0.0251
niter,ni,del,rscale     4    3    5.0000    1.2000
parameters
   -2.3769   24.1896    6.5052   -5.0510  -21.2725   -5.8616
   -0.2092   -3.6682    1.5260   25.0740    0.0920  -24.1954
eta,q 0.97629  9.03276
  0.0270  0.0267  0.0248  0.0278  0.0288  0.0256  0.0265  0.0270  0.0257  0.0258  0.0245  0.0250
  0.0252  0.0251  0.0242  0.0262  0.0268  0.0246  0.0250  0.0251  0.0247  0.0246  0.0240  0.0243
  0.0241  0.0241  0.0238  0.0247  0.0250  0.0240  0.0241  0.0240  0.0240  0.0239  0.0238  0.0238
  0.0237  0.0237  0.0237  0.0237  0.0237  0.0237  0.0237  0.0237  0.0237  0.0237  0.0237  0.0237
  0.0241  0.0240  0.0238  0.0240  0.0238  0.0234  0.0241  0.0241  0.0240  0.0239  0.0238  0.0239
  0.0252  0.0250  0.0243  0.0256  0.0263  0.0239  0.0251  0.0252  0.0247  0.0244  0.0241  0.0244
  0.0270  0.0265  0.0251  0.0283  0.0299  0.0264  0.0265  0.0269  0.0257  0.0257  0.0245  0.0251
niter,ni,del,rscale     3    3    5.0000    1.2000
parameters
   -2.3751   24.2226    6.4583   -5.0388  -21.3278   -5.8966
   -0.2072   -3.6664    1.5321   25.1642    0.0664  -24.2842
eta,q 0.97627  9.03217
  0.0270  0.0267  0.0248  0.0278  0.0288  0.0256  0.0265  0.0270  0.0257  0.0257  0.0245  0.0251
  0.0252  0.0250  0.0243  0.0262  0.0268  0.0246  0.0250  0.0251  0.0247  0.0246  0.0240  0.0243
  0.0241  0.0241  0.0239  0.0247  0.0250  0.0240  0.0241  0.0240  0.0240  0.0239  0.0238  0.0239
  0.0237  0.0237  0.0237  0.0237  0.0237  0.0237  0.0237  0.0237  0.0237  0.0237  0.0237  0.0237
  0.0241  0.0240  0.0238  0.0240  0.0238  0.0234  0.0241  0.0242  0.0240  0.0239  0.0238  0.0239
  0.0253  0.0250  0.0243  0.0257  0.0262  0.0239  0.0251  0.0252  0.0247  0.0244  0.0241  0.0244
  0.0270  0.0265  0.0250  0.0283  0.0298  0.0264  0.0265  0.0269  0.0257  0.0257  0.0245  0.0251
niter,ni,del,rscale     2    3    5.0000    1.2000
parameters
   -2.3746   24.2424    6.4345   -5.0399  -21.3605   -5.9153
   -0.2055   -3.6696    1.5435   25.2166    0.0600  -24.3212
eta,q 0.97626  9.03154
  0.0270  0.0266  0.0249  0.0278  0.0289  0.0256  0.0265  0.0270  0.0257  0.0257  0.0245  0.0251
  0.0253  0.0250  0.0243  0.0262  0.0268  0.0247  0.0251  0.0251  0.0247  0.0246  0.0241  0.0243
  0.0241  0.0241  0.0239  0.0248  0.0250  0.0240  0.0241  0.0240  0.0240  0.0239  0.0238  0.0239
  0.0237  0.0237  0.0237  0.0237  0.0237  0.0237  0.0237  0.0237  0.0237  0.0237  0.0237  0.0237
  0.0241  0.0241  0.0238  0.0241  0.0238  0.0234  0.0241  0.0242  0.0240  0.0239  0.0238  0.0239
  0.0253  0.0250  0.0243  0.0257  0.0262  0.0239  0.0251  0.0252  0.0247  0.0244  0.0241  0.0244
  0.0270  0.0265  0.0250  0.0284  0.0298  0.0264  0.0265  0.0269  0.0257  0.0257  0.0245  0.0251
registration optimization eta report
parameter search radius
    2.4000    2.7600    2.4000    8.2800   10.9503    8.2800
    7.2000    7.2000    7.2000    7.2000    7.2000    7.2000
100000*second partial in parameter space
       57.       37.       21.        6.        5.        4.
        5.        6.        4.        4.        1.        3.
  0.0270  0.0266  0.0249  0.0278  0.0289  0.0256  0.0265  0.0270  0.0257  0.0257  0.0245  0.0251
  0.0253  0.0250  0.0243  0.0262  0.0268  0.0247  0.0251  0.0251  0.0247  0.0246  0.0241  0.0243
  0.0241  0.0241  0.0239  0.0248  0.0250  0.0240  0.0241  0.0240  0.0240  0.0239  0.0238  0.0239
  0.0237  0.0237  0.0237  0.0237  0.0237  0.0237  0.0237  0.0237  0.0237  0.0237  0.0237  0.0237
  0.0241  0.0241  0.0238  0.0241  0.0238  0.0234  0.0241  0.0242  0.0240  0.0239  0.0238  0.0239
  0.0253  0.0250  0.0243  0.0257  0.0262  0.0239  0.0251  0.0252  0.0247  0.0244  0.0241  0.0244
  0.0270  0.0265  0.0250  0.0284  0.0298  0.0264  0.0265  0.0269  0.0257  0.0257  0.0245  0.0251
   -2.3746   24.2424    6.4345   -5.0399  -21.3605   -5.9153
   -0.2055   -3.6696    1.5435   25.2166    0.0600  -24.3212
eta,q 0.97626  9.03154

---------------------------------------------------------------------
imgreg_4dfp /opt/freesurfer/average/711-2C_as_mni_average_305 /opt/freesurfer/average/711-2B_as_mni_average_305_mask talsrcimg_g11 none talsrcimg_to_711-2C_as_mni_average_305_t4 2311
---------------------------------------------------------------------

freesurfer imgreg_4dfp.c
/opt/freesurfer/average/711-2C_as_mni_average_305.4dfp.img
       256       256       256         1
  1.000000  1.000000  1.000000
orientation T byte_order littleendian
Reading image: /opt/freesurfer/average/711-2C_as_mni_average_305.4dfp.img
dimensions:      256       256       256
mmppix:       1.0000   -1.0000   -1.0000
center:     128.0000 -129.0000 -129.0000
/opt/freesurfer/average/711-2B_as_mni_average_305_mask.4dfp.img
       256       256       256         1
  1.000000  1.000000  1.000000
orientation T byte_order littleendian
Reading mask: /opt/freesurfer/average/711-2B_as_mni_average_305_mask.4dfp.img (2306576 pixels)
talsrcimg_g11.4dfp.img
       256       256       256         1
  1.000000  1.000000  1.000000
orientation T byte_order littleendian
Reading image: talsrcimg_g11.4dfp.img
dimensions:      256       256       256
mmppix:       1.0000   -1.0000   -1.0000
center:     128.0000 -129.0000 -129.0000
fimgreg.f
image alignment mode   2311 decimal      907 hex
parameters
   -2.3746   24.2424    6.4345   -5.0399  -21.3605   -5.9153
   -0.2055   -3.6696    1.5435   25.2166    0.0600  -24.3212
eta,q 0.97626  9.03154
niter,ni,del,rscale     5    3    5.0000    0.8000
parameter  6 -0.623414 -> -0.500000 qaram    1.1500
parameters
   -2.3789   24.2389    6.5106   -4.4742  -20.0689   -3.1553
   -0.1189   -3.5826    1.6886   25.2130    0.2104  -24.4429
eta,q 0.97678  9.17172
  0.0253  0.0247  0.0243  0.0258  0.0255  0.0243  0.0248  0.0254  0.0244  0.0247  0.0238  0.0240
  0.0244  0.0242  0.0240  0.0250  0.0247  0.0239  0.0240  0.0241  0.0238  0.0239  0.0235  0.0235
  0.0239  0.0239  0.0238  0.0242  0.0241  0.0237  0.0234  0.0234  0.0234  0.0234  0.0233  0.0233
  0.0237  0.0237  0.0237  0.0237  0.0237  0.0235  0.0232  0.0232  0.0232  0.0232  0.0232  0.0232
  0.0239  0.0239  0.0238  0.0237  0.0235  0.0233  0.0234  0.0235  0.0233  0.0233  0.0233  0.0233
  0.0244  0.0242  0.0239  0.0243  0.0237  0.0232  0.0239  0.0241  0.0237  0.0238  0.0234  0.0236
  0.0253  0.0247  0.0242  0.0252  0.0243  0.0234  0.0247  0.0251  0.0243  0.0247  0.0237  0.0240
niter,ni,del,rscale     5    3    5.0000    0.8000
parameters
   -2.4628   23.8750    6.2182   -4.4062  -20.1490   -4.4452
   -0.1262   -3.6853    1.8463   25.1643    0.0884  -24.5152
eta,q 0.97670  9.13893
  0.0248  0.0239  0.0236  0.0253  0.0246  0.0239  0.0247  0.0250  0.0244  0.0245  0.0237  0.0240
  0.0239  0.0234  0.0233  0.0244  0.0239  0.0237  0.0240  0.0240  0.0238  0.0238  0.0235  0.0236
  0.0234  0.0232  0.0231  0.0235  0.0234  0.0234  0.0235  0.0234  0.0234  0.0234  0.0233  0.0234
  0.0232  0.0232  0.0232  0.0231  0.0231  0.0231  0.0233  0.0233  0.0233  0.0233  0.0233  0.0233
  0.0235  0.0235  0.0233  0.0233  0.0232  0.0233  0.0235  0.0236  0.0234  0.0234  0.0234  0.0234
  0.0241  0.0241  0.0237  0.0241  0.0238  0.0244  0.0240  0.0242  0.0237  0.0238  0.0235  0.0236
  0.0251  0.0250  0.0242  0.0253  0.0249  0.0266  0.0248  0.0251  0.0243  0.0246  0.0237  0.0240
niter,ni,del,rscale     4    3    5.0000    0.7000
parameters
   -2.4313   23.9496    6.2538   -4.3533  -19.9794   -4.3679
   -0.1974   -3.7182    1.8514   25.2362    0.0011  -24.5642
eta,q 0.97673  9.14615
  0.0246  0.0242  0.0238  0.0250  0.0245  0.0240  0.0244  0.0247  0.0241  0.0242  0.0236  0.0238
  0.0239  0.0237  0.0235  0.0242  0.0240  0.0237  0.0238  0.0238  0.0236  0.0237  0.0234  0.0235
  0.0235  0.0234  0.0234  0.0236  0.0235  0.0235  0.0234  0.0234  0.0234  0.0234  0.0233  0.0233
  0.0233  0.0233  0.0233  0.0233  0.0233  0.0233  0.0233  0.0233  0.0233  0.0233  0.0233  0.0233
  0.0234  0.0234  0.0233  0.0235  0.0233  0.0231  0.0234  0.0235  0.0234  0.0233  0.0233  0.0233
  0.0238  0.0236  0.0235  0.0240  0.0237  0.0233  0.0238  0.0239  0.0236  0.0236  0.0234  0.0235
  0.0245  0.0241  0.0237  0.0250  0.0245  0.0243  0.0245  0.0246  0.0241  0.0242  0.0236  0.0238
niter,ni,del,rscale     3    3    5.0000    0.6000
parameters
   -2.4364   23.9402    6.2383   -4.3371  -19.9004   -3.9160
   -0.1763   -3.6985    1.8950   25.3008    0.1537  -24.6313
eta,q 0.97680  9.16442
  0.0242  0.0239  0.0236  0.0246  0.0242  0.0239  0.0241  0.0243  0.0238  0.0240  0.0235  0.0236
  0.0237  0.0236  0.0234  0.0239  0.0237  0.0237  0.0236  0.0237  0.0235  0.0236  0.0233  0.0234
  0.0234  0.0233  0.0233  0.0235  0.0234  0.0235  0.0233  0.0233  0.0233  0.0233  0.0232  0.0232
  0.0233  0.0233  0.0233  0.0233  0.0233  0.0233  0.0232  0.0232  0.0232  0.0232  0.0232  0.0232
  0.0234  0.0233  0.0233  0.0234  0.0233  0.0231  0.0233  0.0234  0.0233  0.0233  0.0232  0.0233
  0.0237  0.0236  0.0234  0.0239  0.0236  0.0232  0.0236  0.0237  0.0235  0.0235  0.0233  0.0234
  0.0242  0.0239  0.0236  0.0246  0.0242  0.0239  0.0241  0.0243  0.0238  0.0240  0.0234  0.0236
niter,ni,del,rscale     2    3    5.0000    0.5000
parameters
   -2.4606   23.9099    6.1903   -4.2806  -19.8481   -3.5542
   -0.1387   -3.6717    1.9351   25.3311    0.3938  -24.7480
eta,q 0.97686  9.17970
  0.0239  0.0236  0.0234  0.0242  0.0238  0.0237  0.0238  0.0240  0.0236  0.0237  0.0234  0.0234
  0.0235  0.0234  0.0233  0.0237  0.0235  0.0235  0.0234  0.0235  0.0233  0.0234  0.0232  0.0232
  0.0233  0.0232  0.0232  0.0233  0.0233  0.0234  0.0232  0.0232  0.0232  0.0232  0.0232  0.0232
  0.0232  0.0232  0.0232  0.0232  0.0232  0.0232  0.0231  0.0231  0.0231  0.0231  0.0231  0.0231
  0.0233  0.0233  0.0232  0.0233  0.0232  0.0231  0.0232  0.0232  0.0232  0.0232  0.0232  0.0232
  0.0235  0.0234  0.0233  0.0236  0.0234  0.0232  0.0234  0.0235  0.0233  0.0234  0.0232  0.0233
  0.0239  0.0237  0.0235  0.0241  0.0238  0.0237  0.0237  0.0239  0.0236  0.0237  0.0233  0.0234
niter,ni,del,rscale     1    3    5.0000    0.4000
parameters
   -2.4906   23.8852    6.1342   -4.2339  -19.7987   -3.1781
   -0.1136   -3.6491    1.9730   25.3487    0.6547  -24.8808
eta,q 0.97691  9.19396
  0.0236  0.0234  0.0233  0.0238  0.0236  0.0236  0.0235  0.0237  0.0234  0.0235  0.0233  0.0233
  0.0233  0.0233  0.0232  0.0235  0.0233  0.0234  0.0233  0.0233  0.0232  0.0233  0.0232  0.0232
  0.0232  0.0232  0.0232  0.0232  0.0232  0.0233  0.0231  0.0231  0.0231  0.0231  0.0231  0.0231
  0.0231  0.0231  0.0231  0.0231  0.0231  0.0231  0.0231  0.0231  0.0231  0.0231  0.0231  0.0231
  0.0232  0.0232  0.0232  0.0232  0.0232  0.0231  0.0231  0.0232  0.0231  0.0231  0.0231  0.0231
  0.0234  0.0233  0.0232  0.0234  0.0233  0.0231  0.0233  0.0233  0.0232  0.0233  0.0231  0.0232
  0.0236  0.0235  0.0233  0.0238  0.0236  0.0235  0.0235  0.0236  0.0234  0.0235  0.0232  0.0233
registration optimization eta report
parameter search radius
    0.8000    0.8000    0.8000    2.4000    2.4000    2.7600
    2.4000    2.4000    2.4000    2.4000    2.4000    2.4000
100000*second partial in parameter space
       71.       47.       27.       11.        7.        5.
        7.       10.        5.        7.        2.        3.
  0.0236  0.0234  0.0233  0.0238  0.0236  0.0236  0.0235  0.0237  0.0234  0.0235  0.0233  0.0233
  0.0233  0.0233  0.0232  0.0235  0.0233  0.0234  0.0233  0.0233  0.0232  0.0233  0.0232  0.0232
  0.0232  0.0232  0.0232  0.0232  0.0232  0.0233  0.0231  0.0231  0.0231  0.0231  0.0231  0.0231
  0.0231  0.0231  0.0231  0.0231  0.0231  0.0231  0.0231  0.0231  0.0231  0.0231  0.0231  0.0231
  0.0232  0.0232  0.0232  0.0232  0.0232  0.0231  0.0231  0.0232  0.0231  0.0231  0.0231  0.0231
  0.0234  0.0233  0.0232  0.0234  0.0233  0.0231  0.0233  0.0233  0.0232  0.0233  0.0231  0.0232
  0.0236  0.0235  0.0233  0.0238  0.0236  0.0235  0.0235  0.0236  0.0234  0.0235  0.0232  0.0233
   -2.4906   23.8852    6.1342   -4.2339  -19.7987   -3.1781
   -0.1136   -3.6491    1.9730   25.3487    0.6547  -24.8808
eta,q 0.97691  9.19396

---------------------------------------------------------------------
imgreg_4dfp /opt/freesurfer/average/711-2C_as_mni_average_305 /opt/freesurfer/average/711-2B_as_mni_average_305_mask talsrcimg_g11 none talsrcimg_to_711-2C_as_mni_average_305_t4 2311
---------------------------------------------------------------------

freesurfer imgreg_4dfp.c
/opt/freesurfer/average/711-2C_as_mni_average_305.4dfp.img
       256       256       256         1
  1.000000  1.000000  1.000000
orientation T byte_order littleendian
Reading image: /opt/freesurfer/average/711-2C_as_mni_average_305.4dfp.img
dimensions:      256       256       256
mmppix:       1.0000   -1.0000   -1.0000
center:     128.0000 -129.0000 -129.0000
/opt/freesurfer/average/711-2B_as_mni_average_305_mask.4dfp.img
       256       256       256         1
  1.000000  1.000000  1.000000
orientation T byte_order littleendian
Reading mask: /opt/freesurfer/average/711-2B_as_mni_average_305_mask.4dfp.img (2306576 pixels)
talsrcimg_g11.4dfp.img
       256       256       256         1
  1.000000  1.000000  1.000000
orientation T byte_order littleendian
Reading image: talsrcimg_g11.4dfp.img
dimensions:      256       256       256
mmppix:       1.0000   -1.0000   -1.0000
center:     128.0000 -129.0000 -129.0000
fimgreg.f
image alignment mode   2311 decimal      907 hex
parameters
   -2.4906   23.8852    6.1342   -4.2339  -19.7987   -3.1781
   -0.1136   -3.6491    1.9730   25.3487    0.6547  -24.8808
eta,q 0.97691  9.19396
niter,ni,del,rscale     5    3    5.0000    0.8000
parameters
   -2.5177   23.8485    6.1057   -4.3928  -20.1372   -4.0764
   -0.1643   -3.6852    1.9007   25.2904    0.3423  -24.6577
eta,q 0.97676  9.15643
  0.0248  0.0243  0.0238  0.0252  0.0245  0.0238  0.0247  0.0251  0.0242  0.0245  0.0236  0.0240
  0.0239  0.0236  0.0234  0.0242  0.0238  0.0236  0.0239  0.0240  0.0237  0.0238  0.0234  0.0236
  0.0233  0.0232  0.0232  0.0234  0.0233  0.0234  0.0234  0.0234  0.0234  0.0234  0.0233  0.0233
  0.0231  0.0231  0.0231  0.0231  0.0231  0.0231  0.0233  0.0232  0.0232  0.0232  0.0232  0.0232
  0.0233  0.0232  0.0232  0.0234  0.0233  0.0232  0.0234  0.0235  0.0234  0.0234  0.0233  0.0233
  0.0239  0.0237  0.0234  0.0243  0.0239  0.0240  0.0239  0.0241  0.0237  0.0238  0.0235  0.0235
  0.0249  0.0244  0.0239  0.0256  0.0252  0.0256  0.0248  0.0251  0.0243  0.0246  0.0237  0.0238
niter,ni,del,rscale     4    3    5.0000    0.7000
parameters
   -2.4562   23.9306    6.1800   -4.3184  -20.0100   -3.9630
   -0.1713   -3.6722    1.8758   25.3092    0.2256  -24.6595
eta,q 0.97679  9.16211
  0.0247  0.0242  0.0238  0.0249  0.0245  0.0238  0.0244  0.0247  0.0240  0.0242  0.0235  0.0238
  0.0239  0.0237  0.0235  0.0242  0.0239  0.0237  0.0237  0.0238  0.0236  0.0237  0.0233  0.0234
  0.0234  0.0234  0.0233  0.0235  0.0235  0.0234  0.0233  0.0233  0.0233  0.0233  0.0232  0.0233
  0.0232  0.0232  0.0232  0.0232  0.0232  0.0232  0.0232  0.0232  0.0232  0.0232  0.0232  0.0232
  0.0234  0.0233  0.0233  0.0234  0.0233  0.0231  0.0233  0.0234  0.0233  0.0233  0.0233  0.0233
  0.0238  0.0236  0.0234  0.0240  0.0237  0.0233  0.0237  0.0239  0.0236  0.0236  0.0234  0.0235
  0.0244  0.0240  0.0237  0.0249  0.0245  0.0241  0.0244  0.0246  0.0240  0.0243  0.0236  0.0237
niter,ni,del,rscale     3    3    5.0000    0.6000
parameters
   -2.4607   23.9138    6.1710   -4.2872  -19.9293   -3.6111
   -0.1425   -3.6462    1.9255   25.3234    0.3852  -24.7361
eta,q 0.97685  9.17616
  0.0242  0.0238  0.0236  0.0245  0.0241  0.0237  0.0240  0.0243  0.0238  0.0240  0.0235  0.0235
  0.0236  0.0235  0.0234  0.0239  0.0237  0.0236  0.0236  0.0236  0.0234  0.0235  0.0233  0.0233
  0.0233  0.0233  0.0232  0.0234  0.0234  0.0234  0.0233  0.0233  0.0232  0.0233  0.0232  0.0232
  0.0232  0.0232  0.0232  0.0232  0.0232  0.0232  0.0232  0.0232  0.0232  0.0232  0.0232  0.0232
  0.0233  0.0233  0.0232  0.0233  0.0233  0.0231  0.0232  0.0233  0.0232  0.0232  0.0232  0.0232
  0.0237  0.0235  0.0234  0.0238  0.0235  0.0232  0.0235  0.0237  0.0234  0.0235  0.0233  0.0233
  0.0242  0.0239  0.0236  0.0245  0.0241  0.0238  0.0240  0.0243  0.0238  0.0240  0.0234  0.0236
niter,ni,del,rscale     2    3    5.0000    0.5000
parameters
   -2.4837   23.8877    6.1354   -4.2425  -19.8552   -3.2970
   -0.1208   -3.6384    1.9554   25.3366    0.5997  -24.8302
eta,q 0.97689  9.18903
  0.0238  0.0236  0.0234  0.0242  0.0238  0.0236  0.0237  0.0240  0.0236  0.0237  0.0233  0.0234
  0.0234  0.0233  0.0233  0.0237  0.0235  0.0235  0.0234  0.0235  0.0233  0.0234  0.0232  0.0232
  0.0232  0.0232  0.0232  0.0233  0.0233  0.0233  0.0232  0.0232  0.0232  0.0232  0.0231  0.0231
  0.0232  0.0232  0.0232  0.0232  0.0231  0.0231  0.0231  0.0231  0.0231  0.0231  0.0231  0.0231
  0.0232  0.0232  0.0232  0.0232  0.0232  0.0231  0.0232  0.0232  0.0232  0.0232  0.0231  0.0232
  0.0235  0.0234  0.0233  0.0236  0.0234  0.0232  0.0234  0.0235  0.0233  0.0234  0.0232  0.0233
  0.0239  0.0236  0.0234  0.0241  0.0238  0.0236  0.0237  0.0239  0.0235  0.0237  0.0233  0.0234
niter,ni,del,rscale     1    3    5.0000    0.4000
parameters
   -2.5093   23.8676    6.1051   -4.2160  -19.8137   -3.0052
   -0.0968   -3.6354    1.9699   25.3309    0.7885  -24.9245
eta,q 0.97693  9.19890
  0.0235  0.0234  0.0233  0.0238  0.0235  0.0235  0.0235  0.0236  0.0234  0.0235  0.0232  0.0232
  0.0233  0.0232  0.0232  0.0234  0.0233  0.0234  0.0233  0.0233  0.0232  0.0233  0.0232  0.0231
  0.0231  0.0231  0.0231  0.0232  0.0232  0.0232  0.0231  0.0231  0.0231  0.0231  0.0231  0.0231
  0.0231  0.0231  0.0231  0.0231  0.0231  0.0231  0.0231  0.0231  0.0231  0.0231  0.0231  0.0231
  0.0232  0.0232  0.0231  0.0232  0.0231  0.0231  0.0231  0.0231  0.0231  0.0231  0.0231  0.0231
  0.0233  0.0233  0.0232  0.0234  0.0233  0.0231  0.0232  0.0233  0.0232  0.0233  0.0231  0.0232
  0.0236  0.0234  0.0233  0.0238  0.0235  0.0234  0.0235  0.0236  0.0234  0.0235  0.0232  0.0233
registration optimization eta report
parameter search radius
    0.8000    0.8000    0.8000    2.4000    2.4000    2.4000
    2.4000    2.4000    2.4000    2.4000    2.4000    2.4000
100000*second partial in parameter space
       71.       47.       28.       12.        7.        6.
        7.       10.        5.        7.        3.        3.
  0.0235  0.0234  0.0233  0.0238  0.0235  0.0235  0.0235  0.0236  0.0234  0.0235  0.0232  0.0232
  0.0233  0.0232  0.0232  0.0234  0.0233  0.0234  0.0233  0.0233  0.0232  0.0233  0.0232  0.0231
  0.0231  0.0231  0.0231  0.0232  0.0232  0.0232  0.0231  0.0231  0.0231  0.0231  0.0231  0.0231
  0.0231  0.0231  0.0231  0.0231  0.0231  0.0231  0.0231  0.0231  0.0231  0.0231  0.0231  0.0231
  0.0232  0.0232  0.0231  0.0232  0.0231  0.0231  0.0231  0.0231  0.0231  0.0231  0.0231  0.0231
  0.0233  0.0233  0.0232  0.0234  0.0233  0.0231  0.0232  0.0233  0.0232  0.0233  0.0231  0.0232
  0.0236  0.0234  0.0233  0.0238  0.0235  0.0234  0.0235  0.0236  0.0234  0.0235  0.0232  0.0233
   -2.5093   23.8676    6.1051   -4.2160  -19.8137   -3.0052
   -0.0968   -3.6354    1.9699   25.3309    0.7885  -24.9245
eta,q 0.97693  9.19890

---------------------------------------------------------------------
compute_vox2vox talsrcimg talsrcimg_to_711-2C_as_mni_average_305_t4 /opt/freesurfer/average/711-2C_as_mni_average_305
---------------------------------------------------------------------

freesurfer compute_vox2vox.c
Reading: talsrcimg.4dfp.ifh
Reading: talsrcimg_to_711-2C_as_mni_average_305_t4
Reading: /opt/freesurfer/average/711-2C_as_mni_average_305.4dfp.ifh
Writing: talsrcimg_to_711-2C_as_mni_average_305_t4_vox2vox.txt

start time Wed Mar 11 21:16:51 CET 2026
end		time Wed Mar 11 21:17:06 CET 2026

mpr2mni305 success

avi2talxfm orig_nu.mgz /opt/freesurfer/average/mni305.cor.mgz talsrcimg_to_711-2C_as_mni_average_305_t4_vox2vox.txt transforms/talairach.auto.xfm
avi2talxfm done
mv -f /out/sourcedata/freesurfer/sub-v1s0x0050664_ses-1/mri/talsrcimg_to_711-2C_as_mni_average_305_t4_vox2vox.txt /out/sourcedata/freesurfer/sub-v1s0x0050664_ses-1/mri/transforms/talsrcimg_to_711-2C_as_mni_average_305_t4_vox2vox.txt
lta_convert --src orig_nu.mgz --trg /opt/freesurfer/average/mni305.cor.mgz --inxfm transforms/talairach.auto.xfm --outlta transforms/talairach.auto.xfm.lta --subject fsaverage
7.3.2

--src: orig_nu.mgz src image (geometry).
--trg: /opt/freesurfer/average/mni305.cor.mgz trg image (geometry).
--inmni: transforms/talairach.auto.xfm input MNI/XFM transform.
--outlta: transforms/talairach.auto.xfm.lta output LTA.
--s: fsaverage subject name
 LTA read, type : 1
 1.04347   0.03587   0.01241  -5.80588;
-0.01394   0.95310   0.29624  -8.53374;
-0.02123  -0.30196   1.15321  -61.17693;
 0.00000   0.00000   0.00000   1.00000;
setting subject to fsaverage
Writing  LTA to file transforms/talairach.auto.xfm.lta...
lta_convert successful.
 
 
Started at Wed Mar 11 21:16:51 CET 2026
Ended   at Wed Mar 11 21:17:06 CET 2026
talairach_avi done
