/out/sourcedata/freesurfer/sub-v1s0x0050665_ses-1/mri
/opt/freesurfer/bin/talairach_avi
--i orig_nu.mgz --xfm transforms/talairach.auto.xfm
talairach_avi 7.3.2
Linux dna050 5.14.0-427.37.1.el9_4.x86_64 #1 SMP PREEMPT_DYNAMIC Fri Sep 13 12:41:50 EDT 2024 x86_64 x86_64 x86_64 GNU/Linux
Wed Mar 11 21:28:38 CET 2026
mri_convert orig_nu.mgz talsrcimg.img 
reading from orig_nu.mgz...
TR=0.00, TE=0.00, TI=0.00, flip angle=0.00
i_ras = (-1, 0, 0)
j_ras = (0, 0, -1)
k_ras = (0, 1, 0)
writing to talsrcimg.img...
Analyze Output Matrix
-1.00000   0.00000   0.00000   131.81598;
 0.00000   0.00000   1.00000  -134.55084;
 0.00000  -1.00000   0.00000   151.01695;
 0.00000   0.00000   0.00000   1.00000;
--------------------
INFO: set hdr.hist.orient to -1
mpr2mni305 talsrcimg
Wed Mar 11 21:28:38 CET 2026
/opt/freesurfer/bin/mpr2mni305 talsrcimg
mpr2mni305 7.3.2
target=711-2C_as_mni_average_305

---------------------------------------------------------------------
analyzeto4dfp talsrcimg -O0 -y
---------------------------------------------------------------------

freesurfer ifh2hdr.c
Wed Mar 11 21:28:39 2026
Writing: talsrcimg.4dfp.hdr
freesurfer analyzeto4dfp.c
Reading: talsrcimg.hdr
header size 348 bytes
hdr.dime.datatype	offset=70	value=2
hdr.dime.bitpix		offset=72	value=8
hdr.hist.orient		offset=252	value=-1
dimensionality     4
dimensions       256       256       256         1
Reading: talsrcimg.img
Writing: talsrcimg.4dfp.img
Writing: talsrcimg.4dfp.ifh
ifh2hdr talsrcimg -r0to245
ori=2

---------------------------------------------------------------------
gauss_4dfp talsrcimg 1.1
---------------------------------------------------------------------

freesurfer gauss_4dfp.c
Reading: talsrcimg.4dfp.img
Writing: talsrcimg_g11.4dfp.img
image dimensions 256 256 256 padded to 288 288 288
processing volume 1freesurfer ifh2hdr.c
Wed Mar 11 21:28:40 2026
Writing: talsrcimg_g11.4dfp.hdr

Writing: talsrcimg_g11.4dfp.ifh
including: talsrcimg.4dfp.img.rec in talsrcimg_g11.4dfp.img.rec

---------------------------------------------------------------------
imgreg_4dfp /opt/freesurfer/average/711-2C_as_mni_average_305 none talsrcimg_g11 none talsrcimg_to_711-2C_as_mni_average_305_t4 4355
---------------------------------------------------------------------

freesurfer imgreg_4dfp.c
/opt/freesurfer/average/711-2C_as_mni_average_305.4dfp.img
       256       256       256         1
  1.000000  1.000000  1.000000
orientation T byte_order littleendian
Reading image: /opt/freesurfer/average/711-2C_as_mni_average_305.4dfp.img
dimensions:      256       256       256
mmppix:       1.0000   -1.0000   -1.0000
center:     128.0000 -129.0000 -129.0000
talsrcimg_g11.4dfp.img
       256       256       256         1
  1.000000  1.000000  1.000000
orientation T byte_order littleendian
Reading image: talsrcimg_g11.4dfp.img
dimensions:      256       256       256
mmppix:       1.0000   -1.0000   -1.0000
center:     128.0000 -129.0000 -129.0000
t4_read: open error in t4_sub.f l:  41 t4_file(1:l)talsrcimg_to_711-2C_as_mni_average_305_t4 
t4_read: transform initialized to I4
rotation matrix determinant  1.000000
image alignment mode   4355 decimal     1103 hex
   -7.5000  -45.0000  -45.0000 6463.7300   14.6826
    0.0000  -45.0000  -45.0000 6754.8652   14.6409
    7.5000  -45.0000  -45.0000 6524.3291   14.6060
   -7.5000  -37.5000  -45.0000 6989.9404   14.4365
    0.0000  -37.5000  -45.0000 7328.0337   14.4014
    7.5000  -37.5000  -45.0000 7061.1455   14.3699
   -7.5000  -30.0000  -45.0000 7842.5503   14.3752
    0.0000  -30.0000  -45.0000 8236.0400   14.3484
    7.5000  -30.0000  -45.0000 7927.8052   14.3271
   -7.5000  -22.5000  -45.0000 8716.2188   14.3783
    0.0000  -22.5000  -45.0000 9144.8438   14.3531
    7.5000  -22.5000  -45.0000 8804.3926   14.3399
   -7.5000  -15.0000  -45.0000 9550.5146   14.3670
    0.0000  -15.0000  -45.000010011.6855   14.3370
    7.5000  -15.0000  -45.0000 9629.9395   14.3228
   -7.5000   -7.5000  -45.000010383.6055   14.3522
    0.0000   -7.5000  -45.000010892.1650   14.3147
    7.5000   -7.5000  -45.000010455.6826   14.2907
   -7.5000    0.0000  -45.000011091.6270   14.3453
    0.0000    0.0000  -45.000011637.7041   14.3050
    7.5000    0.0000  -45.000011147.1152   14.2719
   -7.5000    7.5000  -45.000010950.2324   14.3571
    0.0000    7.5000  -45.000011501.1191   14.3225
    7.5000    7.5000  -45.000011003.7266   14.2912
   -7.5000   15.0000  -45.000010811.6826   14.3752
    0.0000   15.0000  -45.000011311.0762   14.3484
    7.5000   15.0000  -45.000010834.3916   14.3271
   -7.5000   22.5000  -45.000010602.3623   14.3763
    0.0000   22.5000  -45.000011077.5654   14.3511
    7.5000   22.5000  -45.000010582.7803   14.3379
   -7.5000   30.0000  -45.000010073.1338   14.1756
    0.0000   30.0000  -45.000010547.2305   14.1459
    7.5000   30.0000  -45.000010049.4531   14.1320
   -7.5000   37.5000  -45.0000 9909.5938   14.1610
    0.0000   37.5000  -45.000010421.0557   14.1240
    7.5000   37.5000  -45.0000 9869.9492   14.1003
   -7.5000   45.0000  -45.0000 9337.3320   13.7947
    0.0000   45.0000  -45.0000 9856.7959   13.7560
    7.5000   45.0000  -45.0000 9328.4414   13.7241
   -7.5000  -45.0000  -37.5000 6827.0107   14.6179
    0.0000  -45.0000  -37.5000 7145.8286   14.5723
    7.5000  -45.0000  -37.5000 6886.7666   14.5349
   -7.5000  -37.5000  -37.5000 7404.3940   14.3718
    0.0000  -37.5000  -37.5000 7768.2129   14.3340
    7.5000  -37.5000  -37.5000 7463.4272   14.3011
   -7.5000  -30.0000  -37.5000 8323.8770   14.3055
    0.0000  -30.0000  -37.5000 8747.8379   14.2755
    7.5000  -30.0000  -37.5000 8400.4922   14.2539
   -7.5000  -22.5000  -37.5000 9261.0615   14.3045
    0.0000  -22.5000  -37.5000 9721.3213   14.2748
    7.5000  -22.5000  -37.5000 9348.8213   14.2610
   -7.5000  -15.0000  -37.500010146.9482   14.2942
    0.0000  -15.0000  -37.500010647.0322   14.2590
    7.5000  -15.0000  -37.500010234.6035   14.2432
   -7.5000   -7.5000  -37.500011045.5498   14.2858
    0.0000   -7.5000  -37.500011572.2930   14.2435
    7.5000   -7.5000  -37.500011111.9238   14.2170
   -7.5000    0.0000  -37.500011820.4668   14.2836
    0.0000    0.0000  -37.500012361.5020   14.2397
    7.5000    0.0000  -37.500011869.0117   14.2042
   -7.5000    7.5000  -37.500011649.0273   14.2932
    0.0000    7.5000  -37.500012194.6543   14.2559
    7.5000    7.5000  -37.500011704.2803   14.2233
   -7.5000   15.0000  -37.500011466.9346   14.3055
    0.0000   15.0000  -37.500011992.7275   14.2755
    7.5000   15.0000  -37.500011497.8496   14.2539
   -7.5000   22.5000  -37.500011201.8555   14.3025
    0.0000   22.5000  -37.500011714.5781   14.2728
    7.5000   22.5000  -37.500011195.7471   14.2590
   -7.5000   30.0000  -37.500010631.5742   14.1038
    0.0000   30.0000  -37.500011164.7842   14.0690
    7.5000   30.0000  -37.500010638.8721   14.0534
   -7.5000   37.5000  -37.500010448.3730   14.0954
    0.0000   37.5000  -37.500011000.1445   14.0537
    7.5000   37.5000  -37.500010435.9004   14.0275
   -7.5000   45.0000  -37.5000 9818.5186   13.7354
    0.0000   45.0000  -37.500010369.0039   13.6931
    7.5000   45.0000  -37.5000 9852.1318   13.6590
   -7.5000  -45.0000  -30.0000 7308.8506   15.2483
    0.0000  -45.0000  -30.0000 7677.5850   15.1987
    7.5000  -45.0000  -30.0000 7362.4390   15.1602
   -7.5000  -37.5000  -30.0000 7949.4604   14.9926
    0.0000  -37.5000  -30.0000 8360.5645   14.9519
    7.5000  -37.5000  -30.0000 7991.8267   14.9197
   -7.5000  -30.0000  -30.0000 8937.1211   14.9179
    0.0000  -30.0000  -30.0000 9405.5449   14.8848
    7.5000  -30.0000  -30.0000 8991.5645   14.8641
   -7.5000  -22.5000  -30.0000 9960.6416   14.9094
    0.0000  -22.5000  -30.000010473.1826   14.8754
    7.5000  -22.5000  -30.000010019.9062   14.8605
   -7.5000  -15.0000  -30.000010929.3945   14.8966
    0.0000  -15.0000  -30.000011466.6953   14.8562
    7.5000  -15.0000  -30.000010991.0205   14.8373
   -7.5000   -7.5000  -30.000011878.8486   14.8939
    0.0000   -7.5000  -30.000012435.2490   14.8470
    7.5000   -7.5000  -30.000011917.9736   14.8176
   -7.5000    0.0000  -30.000012718.6143   14.8993
    0.0000    0.0000  -30.000013283.6816   14.8517
    7.5000    0.0000  -30.000012743.5820   14.8151
   -7.5000    7.5000  -30.000012508.6250   14.9104
    0.0000    7.5000  -30.000013083.6924   14.8703
    7.5000    7.5000  -30.000012549.1836   14.8385
   -7.5000   15.0000  -30.000012303.1270   14.9178
    0.0000   15.0000  -30.000012875.0645   14.8848
    7.5000   15.0000  -30.000012303.1533   14.8640
   -7.5000   22.5000  -30.000011991.7910   14.9059
    0.0000   22.5000  -30.000012540.5654   14.8718
    7.5000   22.5000  -30.000011971.2725   14.8569
   -7.5000   30.0000  -30.000011423.3184   14.6995
    0.0000   30.0000  -30.000011974.6270   14.6596
    7.5000   30.0000  -30.000011406.8223   14.6410
   -7.5000   37.5000  -30.000011194.4492   14.6968
    0.0000   37.5000  -30.000011773.8369   14.6506
    7.5000   37.5000  -30.000011193.2031   14.6216
   -7.5000   45.0000  -30.000010511.4229   14.3380
    0.0000   45.0000  -30.000011076.0312   14.2922
    7.5000   45.0000  -30.000010545.3516   14.2570
   -7.5000  -45.0000  -22.5000 7820.6562   15.7937
    0.0000  -45.0000  -22.5000 8222.6260   15.7459
    7.5000  -45.0000  -22.5000 7852.3574   15.7107
   -7.5000  -37.5000  -22.5000 8516.2168   15.5333
    0.0000  -37.5000  -22.5000 8961.2461   15.4941
    7.5000  -37.5000  -22.5000 8540.8105   15.4654
   -7.5000  -30.0000  -22.5000 9584.3740   15.4564
    0.0000  -30.0000  -22.500010093.6816   15.4248
    7.5000  -30.0000  -22.5000 9612.4482   15.4060
   -7.5000  -22.5000  -22.500010675.2148   15.4434
    0.0000  -22.5000  -22.500011222.3613   15.4110
    7.5000  -22.5000  -22.500010709.2080   15.3958
   -7.5000  -15.0000  -22.500011713.7920   15.4258
    0.0000  -15.0000  -22.500012301.5342   15.3872
    7.5000  -15.0000  -22.500011763.0713   15.3673
   -7.5000   -7.5000  -22.500012693.2764   15.4226
    0.0000   -7.5000  -22.500013305.0859   15.3776
    7.5000   -7.5000  -22.500012733.2500   15.3489
   -7.5000    0.0000  -22.500013559.3164   15.4318
    0.0000    0.0000  -22.500014177.4756   15.3858
    7.5000    0.0000  -22.500013586.4600   15.3524
   -7.5000    7.5000  -22.500013346.3496   15.4480
    0.0000    7.5000  -22.500013953.5830   15.4093
    7.5000    7.5000  -22.500013342.1777   15.3809
   -7.5000   15.0000  -22.500013140.4160   15.4564
    0.0000   15.0000  -22.500013747.9375   15.4248
    7.5000   15.0000  -22.500013093.8301   15.4060
   -7.5000   22.5000  -22.500012847.8174   15.4386
    0.0000   22.5000  -22.500013439.6553   15.4063
    7.5000   22.5000  -22.500012762.6299   15.3911
   -7.5000   30.0000  -22.500012294.4102   15.2240
    0.0000   30.0000  -22.500012869.7812   15.1859
    7.5000   30.0000  -22.500012205.9961   15.1663
   -7.5000   37.5000  -22.500011968.1104   15.2209
    0.0000   37.5000  -22.500012572.8477   15.1765
    7.5000   37.5000  -22.500011922.8506   15.1482
   -7.5000   45.0000  -22.500011188.9141   14.8616
    0.0000   45.0000  -22.500011748.4414   14.8173
    7.5000   45.0000  -22.500011179.8838   14.7851
   -7.5000  -45.0000  -15.0000 8330.0947   16.1780
    0.0000  -45.0000  -15.0000 8746.5508   16.1339
    7.5000  -45.0000  -15.0000 8336.7637   16.1015
   -7.5000  -37.5000  -15.0000 9046.8457   15.9148
    0.0000  -37.5000  -15.0000 9526.7344   15.8787
    7.5000  -37.5000  -15.0000 9076.7705   15.8518
   -7.5000  -30.0000  -15.000010173.6387   15.8425
    0.0000  -30.0000  -15.000010703.8477   15.8148
    7.5000  -30.0000  -15.000010229.3096   15.7966
   -7.5000  -22.5000  -15.000011333.4717   15.8324
    0.0000  -22.5000  -15.000011905.1377   15.8050
    7.5000  -22.5000  -15.000011397.6553   15.7904
   -7.5000  -15.0000  -15.000012458.6094   15.8117
    0.0000  -15.0000  -15.000013079.0000   15.7785
    7.5000  -15.0000  -15.000012531.6816   15.7603
   -7.5000   -7.5000  -15.000013472.2520   15.8015
    0.0000   -7.5000  -15.000014120.9707   15.7611
    7.5000   -7.5000  -15.000013545.2891   15.7351
   -7.5000    0.0000  -15.000014374.6934   15.8069
    0.0000    0.0000  -15.000015043.6631   15.7645
    7.5000    0.0000  -15.000014414.1279   15.7337
   -7.5000    7.5000  -15.000014162.5732   15.8274
    0.0000    7.5000  -15.000014813.6318   15.7917
    7.5000    7.5000  -15.000014121.9512   15.7650
   -7.5000   15.0000  -15.000013928.7822   15.8425
    0.0000   15.0000  -15.000014569.5918   15.8148
    7.5000   15.0000  -15.000013836.8750   15.7965
   -7.5000   22.5000  -15.000013659.9736   15.8268
    0.0000   22.5000  -15.000014282.2725   15.7994
    7.5000   22.5000  -15.000013533.5342   15.7848
   -7.5000   30.0000  -15.000013099.3770   15.6070
    0.0000   30.0000  -15.000013725.6328   15.5743
    7.5000   30.0000  -15.000012975.3369   15.5563
   -7.5000   37.5000  -15.000012726.2910   15.5970
    0.0000   37.5000  -15.000013355.2959   15.5571
    7.5000   37.5000  -15.000012639.8262   15.5315
   -7.5000   45.0000  -15.000011851.8145   15.2320
    0.0000   45.0000  -15.000012449.1348   15.1911
    7.5000   45.0000  -15.000011808.9082   15.1615
   -7.5000  -45.0000   -7.5000 8807.1416   16.3473
    0.0000  -45.0000   -7.5000 9261.8721   16.3037
    7.5000  -45.0000   -7.5000 8844.1445   16.2691
   -7.5000  -37.5000   -7.5000 9564.0010   16.0800
    0.0000  -37.5000   -7.500010080.9697   16.0438
    7.5000  -37.5000   -7.5000 9616.1553   16.0135
   -7.5000  -30.0000   -7.500010772.8086   16.0134
    0.0000  -30.0000   -7.500011355.1416   15.9863
    7.5000  -30.0000   -7.500010853.8643   15.9656
   -7.5000  -22.5000   -7.500012043.5166   16.0117
    0.0000  -22.5000   -7.500012662.2969   15.9861
    7.5000  -22.5000   -7.500012097.8301   15.9718
   -7.5000  -15.0000   -7.500013262.8701   15.9933
    0.0000  -15.0000   -7.500013924.8613   15.9622
    7.5000  -15.0000   -7.500013307.0000   15.9460
   -7.5000   -7.5000   -7.500014385.5244   15.9761
    0.0000   -7.5000   -7.500015101.6055   15.9369
    7.5000   -7.5000   -7.500014449.7939   15.9116
   -7.5000    0.0000   -7.500015330.8721   15.9728
    0.0000    0.0000   -7.500016066.1670   15.9306
    7.5000    0.0000   -7.500015339.4277   15.8978
   -7.5000    7.5000   -7.500015109.1055   15.9918
    0.0000    7.5000   -7.500015774.1602   15.9561
    7.5000    7.5000   -7.500014990.5391   15.9260
   -7.5000   15.0000   -7.500014817.6631   16.0133
    0.0000   15.0000   -7.500015445.0752   15.9862
    7.5000   15.0000   -7.500014634.0586   15.9656
   -7.5000   22.5000   -7.500014539.8428   16.0043
    0.0000   22.5000   -7.500015147.4238   15.9787
    7.5000   22.5000   -7.500014346.3164   15.9644
   -7.5000   30.0000   -7.500013934.4307   15.7859
    0.0000   30.0000   -7.500014552.9268   15.7552
    7.5000   30.0000   -7.500013750.7139   15.7392
   -7.5000   37.5000   -7.500013559.3965   15.7689
    0.0000   37.5000   -7.500014189.2041   15.7302
    7.5000   37.5000   -7.500013401.0781   15.7052
   -7.5000   45.0000   -7.500012641.9697   15.3948
    0.0000   45.0000   -7.500013257.0205   15.3541
    7.5000   45.0000   -7.500012518.6650   15.3225
   -7.5000  -45.0000    0.0000 9251.5234   16.3591
    0.0000  -45.0000    0.0000 9712.0654   16.3125
    7.5000  -45.0000    0.0000 9282.3555   16.2737
   -7.5000  -37.5000    0.000010036.3467   16.0868
    0.0000  -37.5000    0.000010580.5723   16.0478
    7.5000  -37.5000    0.000010085.1484   16.0128
   -7.5000  -30.0000    0.000011283.2041   16.0194
    0.0000  -30.0000    0.000011907.3242   15.9896
    7.5000  -30.0000    0.000011362.2578   15.9660
   -7.5000  -22.5000    0.000012579.1807   16.0225
    0.0000  -22.5000    0.000013264.0498   15.9944
    7.5000  -22.5000    0.000012643.9053   15.9797
   -7.5000  -15.0000    0.000013865.1562   16.0092
    0.0000  -15.0000    0.000014624.4746   15.9755
    7.5000  -15.0000    0.000013918.8047   15.9596
   -7.5000   -7.5000    0.000015123.2861   15.9923
    0.0000   -7.5000    0.000015992.6221   15.9503
    7.5000   -7.5000    0.000015237.8525   15.9234
   -7.5000    0.0000    0.000016265.1650   15.9849
    0.0000    0.0000    0.000017154.1504   15.9399
    7.5000    0.0000    0.000016316.9414   15.9029
   -7.5000    7.5000    0.000016089.2793   15.9987
    0.0000    7.5000    0.000016828.0488   15.9603
    7.5000    7.5000    0.000015938.8965   15.9255
   -7.5000   15.0000    0.000015792.7412   16.0194
    0.0000   15.0000    0.000016378.1289   15.9896
    7.5000   15.0000    0.000015488.6787   15.9660
   -7.5000   22.5000    0.000015467.7275   16.0151
    0.0000   22.5000    0.000016094.8125   15.9870
    7.5000   22.5000    0.000015178.8457   15.9723
   -7.5000   30.0000    0.000014819.9795   15.8020
    0.0000   30.0000    0.000015512.6924   15.7688
    7.5000   30.0000    0.000014556.7002   15.7531
   -7.5000   37.5000    0.000014431.8662   15.7854
    0.0000   37.5000    0.000015199.1074   15.7439
    7.5000   37.5000    0.000014206.8203   15.7173
   -7.5000   45.0000    0.000013394.6348   15.4076
    0.0000   45.0000    0.000014180.0059   15.3642
    7.5000   45.0000    0.000013230.8438   15.3285
   -7.5000  -45.0000    7.5000 8898.3516   16.3577
    0.0000  -45.0000    7.5000 9384.2197   16.3066
    7.5000  -45.0000    7.5000 8949.9365   16.2648
   -7.5000  -37.5000    7.5000 9715.6953   16.0823
    0.0000  -37.5000    7.500010260.5146   16.0399
    7.5000  -37.5000    7.5000 9753.4033   16.0032
   -7.5000  -30.0000    7.500010936.4473   16.0081
    0.0000  -30.0000    7.500011545.4014   15.9746
    7.5000  -30.0000    7.500010989.2939   15.9504
   -7.5000  -22.5000    7.500012172.8896   16.0070
    0.0000  -22.5000    7.500012812.0811   15.9737
    7.5000  -22.5000    7.500012208.1357   15.9583
   -7.5000  -15.0000    7.500013400.4043   15.9955
    0.0000  -15.0000    7.500014088.1992   15.9561
    7.5000  -15.0000    7.500013450.7803   15.9384
   -7.5000   -7.5000    7.500014722.5625   15.9861
    0.0000   -7.5000    7.500015591.3516   15.9387
    7.5000   -7.5000    7.500014882.8184   15.9090
   -7.5000    0.0000    7.500016007.2930   15.9836
    0.0000    0.0000    7.500017226.8672   15.9344
    7.5000    0.0000    7.500016275.6768   15.8947
   -7.5000    7.5000    7.500016004.2764   15.9943
    0.0000    7.5000    7.500017109.1855   15.9526
    7.5000    7.5000    7.500016060.5752   15.9161
   -7.5000   15.0000    7.500015618.0156   16.0081
    0.0000   15.0000    7.500016497.2363   15.9745
    7.5000   15.0000    7.500015476.1475   15.9503
   -7.5000   22.5000    7.500015203.0703   15.9996
    0.0000   22.5000    7.500016077.8525   15.9664
    7.5000   22.5000    7.500014994.2188   15.9510
   -7.5000   30.0000    7.500014500.8193   15.7885
    0.0000   30.0000    7.500015427.7021   15.7496
    7.5000   30.0000    7.500014281.6084   15.7321
   -7.5000   37.5000    7.500014110.0449   15.7792
    0.0000   37.5000    7.500015055.7695   15.7325
    7.5000   37.5000    7.500013911.8535   15.7032
   -7.5000   45.0000    7.500013039.3770   15.4063
    0.0000   45.0000    7.500013923.5479   15.3589
    7.5000   45.0000    7.500012900.2549   15.3206
   -7.5000  -45.0000   15.0000 8523.3369   16.3741
    0.0000  -45.0000   15.0000 8953.3057   16.3209
    7.5000  -45.0000   15.0000 8563.6387   16.2796
   -7.5000  -37.5000   15.0000 9325.0850   16.0996
    0.0000  -37.5000   15.0000 9796.1270   16.0558
    7.5000  -37.5000   15.0000 9356.6289   16.0213
   -7.5000  -30.0000   15.000010510.1904   16.0193
    0.0000  -30.0000   15.000011026.4004   15.9839
    7.5000  -30.0000   15.000010541.5303   15.9616
   -7.5000  -22.5000   15.000011708.4434   16.0103
    0.0000  -22.5000   15.000012292.1289   15.9737
    7.5000  -22.5000   15.000011734.9189   15.9577
   -7.5000  -15.0000   15.000012894.4502   15.9965
    0.0000  -15.0000   15.000013587.0527   15.9531
    7.5000  -15.0000   15.000012920.9395   15.9328
   -7.5000   -7.5000   15.000014180.3486   15.9936
    0.0000   -7.5000   15.000015170.7422   15.9433
    7.5000   -7.5000   15.000014314.0967   15.9117
   -7.5000    0.0000   15.000015341.6094   15.9994
    0.0000    0.0000   15.000016833.6895   15.9483
    7.5000    0.0000   15.000015671.5127   15.9090
   -7.5000    7.5000   15.000015205.8271   16.0114
    0.0000    7.5000   15.000016607.5898   15.9683
    7.5000    7.5000   15.000015486.0615   15.9341
   -7.5000   15.0000   15.000014780.4590   16.0193
    0.0000   15.0000   15.000015956.3896   15.9839
    7.5000   15.0000   15.000014916.9395   15.9615
   -7.5000   22.5000   15.000014359.9961   16.0029
    0.0000   22.5000   15.000015446.0088   15.9663
    7.5000   22.5000   15.000014378.6934   15.9503
   -7.5000   30.0000   15.000013735.8740   15.7895
    0.0000   30.0000   15.000014727.3320   15.7466
    7.5000   30.0000   15.000013656.7441   15.7266
   -7.5000   37.5000   15.000013443.5635   15.7866
    0.0000   37.5000   15.000014312.7773   15.7369
    7.5000   37.5000   15.000013303.1426   15.7058
   -7.5000   45.0000   15.000012427.7734   15.4216
    0.0000   45.0000   15.000013194.6768   15.3723
    7.5000   45.0000   15.000012311.2979   15.3344
   -7.5000  -45.0000   22.5000 8032.0151   16.3951
    0.0000  -45.0000   22.5000 8449.9297   16.3455
    7.5000  -45.0000   22.5000 8044.7939   16.3089
   -7.5000  -37.5000   22.5000 8816.7051   16.1248
    0.0000  -37.5000   22.5000 9298.5459   16.0841
    7.5000  -37.5000   22.5000 8839.1025   16.0544
   -7.5000  -30.0000   22.5000 9989.2402   16.0450
    0.0000  -30.0000   22.500010541.3984   16.0122
    7.5000  -30.0000   22.500010012.1318   15.9927
   -7.5000  -22.5000   22.500011139.9004   16.0315
    0.0000  -22.5000   22.500011753.6191   15.9979
    7.5000  -22.5000   22.500011145.6768   15.9821
   -7.5000  -15.0000   22.500012275.6650   16.0132
    0.0000  -15.0000   22.500012969.6484   15.9731
    7.5000  -15.0000   22.500012267.6299   15.9525
   -7.5000   -7.5000   22.500013436.2822   16.0099
    0.0000   -7.5000   22.500014387.5469   15.9632
    7.5000   -7.5000   22.500013530.1543   15.9334
   -7.5000    0.0000   22.500014420.0029   16.0194
    0.0000    0.0000   22.500015579.1738   15.9717
    7.5000    0.0000   22.500014647.8613   15.9370
   -7.5000    7.5000   22.500014193.5928   16.0363
    0.0000    7.5000   22.500015140.3154   15.9961
    7.5000    7.5000   22.500014331.0664   15.9667
   -7.5000   15.0000   22.500013799.0869   16.0449
    0.0000   15.0000   22.500014591.9336   16.0122
    7.5000   15.0000   22.500013833.5586   15.9927
   -7.5000   22.5000   22.500013439.5566   16.0241
    0.0000   22.5000   22.500014235.8389   15.9905
    7.5000   22.5000   22.500013447.2070   15.9747
   -7.5000   30.0000   22.500012906.3555   15.8060
    0.0000   30.0000   22.500013693.2178   15.7664
    7.5000   30.0000   22.500012879.3838   15.7460
   -7.5000   37.5000   22.500012690.8213   15.8027
    0.0000   37.5000   22.500013412.4863   15.7566
    7.5000   37.5000   22.500012606.8867   15.7272
   -7.5000   45.0000   22.500011754.1475   15.4409
    0.0000   45.0000   22.500012415.9590   15.3948
    7.5000   45.0000   22.500011677.2207   15.3614
   -7.5000  -45.0000   30.0000 7391.3042   16.4353
    0.0000  -45.0000   30.0000 7821.7432   16.3904
    7.5000  -45.0000   30.0000 7385.1162   16.3575
   -7.5000  -37.5000   30.0000 8143.7368   16.1675
    0.0000  -37.5000   30.0000 8617.1230   16.1307
    7.5000  -37.5000   30.0000 8141.5835   16.1033
   -7.5000  -30.0000   30.0000 9248.5039   16.0940
    0.0000  -30.0000   30.0000 9766.0117   16.0658
    7.5000  -30.0000   30.0000 9235.2646   16.0472
   -7.5000  -22.5000   30.000010325.3564   16.0836
    0.0000  -22.5000   30.000010860.5283   16.0558
    7.5000  -22.5000   30.000010303.9834   16.0409
   -7.5000  -15.0000   30.000011385.7295   16.0624
    0.0000  -15.0000   30.000011943.8242   16.0287
    7.5000  -15.0000   30.000011362.3076   16.0102
   -7.5000   -7.5000   30.000012385.0244   16.0519
    0.0000   -7.5000   30.000013115.3086   16.0109
    7.5000   -7.5000   30.000012465.3906   15.9846
   -7.5000    0.0000   30.000013269.7344   16.0575
    0.0000    0.0000   30.000014030.0098   16.0143
    7.5000    0.0000   30.000013417.5723   15.9831
   -7.5000    7.5000   30.000013064.5732   16.0784
    0.0000    7.5000   30.000013676.3633   16.0422
    7.5000    7.5000   30.000013124.1680   16.0150
   -7.5000   15.0000   30.000012745.5391   16.0940
    0.0000   15.0000   30.000013322.7783   16.0658
    7.5000   15.0000   30.000012735.1631   16.0471
   -7.5000   22.5000   30.000012381.6738   16.0762
    0.0000   22.5000   30.000012955.0186   16.0484
    7.5000   22.5000   30.000012341.9121   16.0335
   -7.5000   30.0000   30.000011950.8320   15.8545
    0.0000   30.0000   30.000012511.9443   15.8213
    7.5000   30.0000   30.000011875.8545   15.8030
   -7.5000   37.5000   30.000011785.6035   15.8442
    0.0000   37.5000   30.000012336.4570   15.8037
    7.5000   37.5000   30.000011681.1660   15.7777
   -7.5000   45.0000   30.000010962.2588   15.4776
    0.0000   45.0000   30.000011477.5771   15.4359
    7.5000   45.0000   30.000010851.8975   15.4059
   -7.5000  -45.0000   37.5000 7049.8667   16.6728
    0.0000  -45.0000   37.5000 7420.0205   16.6276
    7.5000  -45.0000   37.5000 7021.3760   16.5920
   -7.5000  -37.5000   37.5000 7784.2725   16.3955
    0.0000  -37.5000   37.5000 8169.6367   16.3578
    7.5000  -37.5000   37.5000 7755.3120   16.3262
   -7.5000  -30.0000   37.5000 8818.7559   16.3265
    0.0000  -30.0000   37.5000 9250.7979   16.2983
    7.5000  -30.0000   37.5000 8808.1562   16.2764
   -7.5000  -22.5000   37.5000 9857.0566   16.3249
    0.0000  -22.5000   37.500010299.2383   16.2985
    7.5000  -22.5000   37.5000 9857.8555   16.2834
   -7.5000  -15.0000   37.500010873.8691   16.3058
    0.0000  -15.0000   37.500011368.9297   16.2740
    7.5000  -15.0000   37.500010891.1553   16.2573
   -7.5000   -7.5000   37.500011828.1045   16.2878
    0.0000   -7.5000   37.500012429.6494   16.2475
    7.5000   -7.5000   37.500011927.8848   16.2216
   -7.5000    0.0000   37.500012658.2402   16.2842
    0.0000    0.0000   37.500013234.4287   16.2405
    7.5000    0.0000   37.500012786.3770   16.2068
   -7.5000    7.5000   37.500012509.6836   16.3039
    0.0000    7.5000   37.500013008.9199   16.2668
    7.5000    7.5000   37.500012554.1543   16.2354
   -7.5000   15.0000   37.500012215.1875   16.3265
    0.0000   15.0000   37.500012721.0430   16.2983
    7.5000   15.0000   37.500012219.8154   16.2764
   -7.5000   22.5000   37.500011843.8301   16.3173
    0.0000   22.5000   37.500012348.9512   16.2910
    7.5000   22.5000   37.500011813.6680   16.2759
   -7.5000   30.0000   37.500011426.7373   16.0948
    0.0000   30.0000   37.500011929.6562   16.0634
    7.5000   30.0000   37.500011365.9258   16.0469
   -7.5000   37.5000   37.500011289.7842   16.0770
    0.0000   37.5000   37.500011799.4219   16.0372
    7.5000   37.5000   37.500011213.1895   16.0117
   -7.5000   45.0000   37.500010544.9639   15.6960
    0.0000   45.0000   37.500011036.4805   15.6540
    7.5000   45.0000   37.500010459.4307   15.6214
   -7.5000  -45.0000   45.0000 6439.0063   17.0374
    0.0000  -45.0000   45.0000 6763.6460   16.9865
    7.5000  -45.0000   45.0000 6413.2446   16.9444
   -7.5000  -37.5000   45.0000 7101.1318   16.7442
    0.0000  -37.5000   45.0000 7453.1318   16.7015
    7.5000  -37.5000   45.0000 7092.6416   16.6632
   -7.5000  -30.0000   45.0000 8034.8213   16.6719
    0.0000  -30.0000   45.0000 8441.2393   16.6397
    7.5000  -30.0000   45.0000 8075.5835   16.6134
   -7.5000  -22.5000   45.0000 9001.4785   16.6716
    0.0000  -22.5000   45.0000 9436.6445   16.6418
    7.5000  -22.5000   45.0000 9060.7676   16.6252
   -7.5000  -15.0000   45.0000 9975.6943   16.6528
    0.0000  -15.0000   45.000010432.6943   16.6170
    7.5000  -15.0000   45.000010015.1875   16.5996
   -7.5000   -7.5000   45.000010863.9219   16.6343
    0.0000   -7.5000   45.000011385.4658   16.5889
    7.5000   -7.5000   45.000010955.2715   16.5599
   -7.5000    0.0000   45.000011633.8193   16.6292
    0.0000    0.0000   45.000012132.1270   16.5802
    7.5000    0.0000   45.000011743.5137   16.5402
   -7.5000    7.5000   45.000011480.4746   16.6481
    0.0000    7.5000   45.000011959.6377   16.6061
    7.5000    7.5000   45.000011537.5410   16.5681
   -7.5000   15.0000   45.000011215.1963   16.6719
    0.0000   15.0000   45.000011684.1387   16.6397
    7.5000   15.0000   45.000011228.6934   16.6133
   -7.5000   22.5000   45.000010866.8506   16.6639
    0.0000   22.5000   45.000011315.7354   16.6341
    7.5000   22.5000   45.000010849.2549   16.6174
   -7.5000   30.0000   45.000010485.2910   16.4359
    0.0000   30.0000   45.000010929.2705   16.4005
    7.5000   30.0000   45.000010463.0693   16.3833
   -7.5000   37.5000   45.000010368.6143   16.4176
    0.0000   37.5000   45.000010851.0000   16.3728
    7.5000   37.5000   45.000010328.7227   16.3442
   -7.5000   45.0000   45.0000 9709.8086   16.0359
    0.0000   45.0000   45.000010196.9482   15.9886
    7.5000   45.0000   45.0000 9669.6494   15.9501

---------------------------------------------------------------------
imgreg_4dfp /opt/freesurfer/average/711-2C_as_mni_average_305 /opt/freesurfer/average/711-2B_as_mni_average_305_mask talsrcimg_g11 none talsrcimg_to_711-2C_as_mni_average_305_t4 4355
---------------------------------------------------------------------

freesurfer imgreg_4dfp.c
/opt/freesurfer/average/711-2C_as_mni_average_305.4dfp.img
       256       256       256         1
  1.000000  1.000000  1.000000
orientation T byte_order littleendian
Reading image: /opt/freesurfer/average/711-2C_as_mni_average_305.4dfp.img
dimensions:      256       256       256
mmppix:       1.0000   -1.0000   -1.0000
center:     128.0000 -129.0000 -129.0000
/opt/freesurfer/average/711-2B_as_mni_average_305_mask.4dfp.img
       256       256       256         1
  1.000000  1.000000  1.000000
orientation T byte_order littleendian
Reading mask: /opt/freesurfer/average/711-2B_as_mni_average_305_mask.4dfp.img (2306576 pixels)
talsrcimg_g11.4dfp.img
       256       256       256         1
  1.000000  1.000000  1.000000
orientation T byte_order littleendian
Reading image: talsrcimg_g11.4dfp.img
dimensions:      256       256       256
mmppix:       1.0000   -1.0000   -1.0000
center:     128.0000 -129.0000 -129.0000
rotation matrix determinant  1.000000
image alignment mode   4355 decimal     1103 hex
   -7.5000  -45.0000  -37.5000 1878.4121   20.4171
    0.0000  -45.0000  -37.5000 1891.9895   20.2767
    7.5000  -45.0000  -37.5000 1889.4420   20.2411
   -7.5000  -37.5000  -37.5000 2010.4698   18.2109
    0.0000  -37.5000  -37.5000 2024.7598   18.0660
    7.5000  -37.5000  -37.5000 2020.5674   18.0229
   -7.5000  -30.0000  -37.5000 2130.3621   16.4448
    0.0000  -30.0000  -37.5000 2148.4192   16.3130
    7.5000  -30.0000  -37.5000 2141.9333   16.2616
   -7.5000  -22.5000  -37.5000 2232.5525   14.9921
    0.0000  -22.5000  -37.5000 2251.1375   14.8717
    7.5000  -22.5000  -37.5000 2246.9404   14.8367
   -7.5000  -15.0000  -37.5000 2312.5776   13.8019
    0.0000  -15.0000  -37.5000 2335.6262   13.6848
    7.5000  -15.0000  -37.5000 2328.5063   13.6801
   -7.5000   -7.5000  -37.5000 2379.6531   12.9919
    0.0000   -7.5000  -37.5000 2404.8591   12.8646
    7.5000   -7.5000  -37.5000 2396.2908   12.8726
   -7.5000    0.0000  -37.5000 2405.8926   12.5217
    0.0000    0.0000  -37.5000 2431.1023   12.3725
    7.5000    0.0000  -37.5000 2423.8848   12.4002
   -7.5000    7.5000  -37.5000 2417.1318   12.4219
    0.0000    7.5000  -37.5000 2439.5916   12.2179
    7.5000    7.5000  -37.5000 2435.1875   12.2245
   -7.5000   15.0000  -37.5000 2409.2983   12.5844
    0.0000   15.0000  -37.5000 2429.7927   12.3977
    7.5000   15.0000  -37.5000 2429.6511   12.3789
   -7.5000   22.5000  -37.5000 2386.5872   12.9360
    0.0000   22.5000  -37.5000 2412.7871   12.7740
    7.5000   22.5000  -37.5000 2408.5227   12.7708
   -7.5000   30.0000  -37.5000 2343.4854   13.5554
    0.0000   30.0000  -37.5000 2374.6721   13.4072
    7.5000   30.0000  -37.5000 2372.3052   13.4007
   -7.5000   37.5000  -37.5000 2292.4080   14.3730
    0.0000   37.5000  -37.5000 2322.4219   14.2250
    7.5000   37.5000  -37.5000 2318.2578   14.1950
   -7.5000   45.0000  -37.5000 2214.0300   15.4634
    0.0000   45.0000  -37.5000 2241.9937   15.2939
    7.5000   45.0000  -37.5000 2238.8833   15.2791
   -7.5000  -45.0000  -30.0000 1963.2405   20.0679
    0.0000  -45.0000  -30.0000 1979.5048   19.9046
    7.5000  -45.0000  -30.0000 1976.3573   19.7728
   -7.5000  -37.5000  -30.0000 2100.5132   17.8226
    0.0000  -37.5000  -30.0000 2122.7810   17.6805
    7.5000  -37.5000  -30.0000 2117.4150   17.5574
   -7.5000  -30.0000  -30.0000 2226.7229   16.0761
    0.0000  -30.0000  -30.0000 2253.0962   15.9287
    7.5000  -30.0000  -30.0000 2246.8889   15.8138
   -7.5000  -22.5000  -30.0000 2343.5544   14.6296
    0.0000  -22.5000  -30.0000 2370.7612   14.5019
    7.5000  -22.5000  -30.0000 2361.5876   14.4327
   -7.5000  -15.0000  -30.0000 2431.8157   13.4286
    0.0000  -15.0000  -30.0000 2460.2817   13.2706
    7.5000  -15.0000  -30.0000 2453.6562   13.2585
   -7.5000   -7.5000  -30.0000 2506.6001   12.5429
    0.0000   -7.5000  -30.0000 2535.5166   12.3704
    7.5000   -7.5000  -30.0000 2528.7690   12.3906
   -7.5000    0.0000  -30.0000 2553.0632   12.0433
    0.0000    0.0000  -30.0000 2578.1191   11.8378
    7.5000    0.0000  -30.0000 2568.9670   11.8758
   -7.5000    7.5000  -30.0000 2567.8621   11.8675
    0.0000    7.5000  -30.0000 2587.8447   11.6830
    7.5000    7.5000  -30.0000 2585.0916   11.7140
   -7.5000   15.0000  -30.0000 2562.6938   11.9901
    0.0000   15.0000  -30.0000 2583.9497   11.8300
    7.5000   15.0000  -30.0000 2581.3662   11.8603
   -7.5000   22.5000  -30.0000 2532.2126   12.3576
    0.0000   22.5000  -30.0000 2558.0979   12.2078
    7.5000   22.5000  -30.0000 2557.9531   12.2496
   -7.5000   30.0000  -30.0000 2488.0479   12.9526
    0.0000   30.0000  -30.0000 2523.8726   12.7893
    7.5000   30.0000  -30.0000 2521.4265   12.8161
   -7.5000   37.5000  -30.0000 2431.3252   13.7173
    0.0000   37.5000  -30.0000 2472.2808   13.5492
    7.5000   37.5000  -30.0000 2468.6887   13.5559
   -7.5000   45.0000  -30.0000 2346.2629   14.7474
    0.0000   45.0000  -30.0000 2385.5920   14.5805
    7.5000   45.0000  -30.0000 2383.6035   14.5939
   -7.5000  -45.0000  -22.5000 2026.8969   19.6139
    0.0000  -45.0000  -22.5000 2045.2880   19.4712
    7.5000  -45.0000  -22.5000 2036.4148   19.2644
   -7.5000  -37.5000  -22.5000 2169.8137   17.3847
    0.0000  -37.5000  -22.5000 2190.9534   17.2090
    7.5000  -37.5000  -22.5000 2181.6533   17.0837
   -7.5000  -30.0000  -22.5000 2301.5098   15.6021
    0.0000  -30.0000  -22.5000 2327.9871   15.4190
    7.5000  -30.0000  -22.5000 2319.4473   15.3372
   -7.5000  -22.5000  -22.5000 2422.3679   14.1435
    0.0000  -22.5000  -22.5000 2449.1785   13.9798
    7.5000  -22.5000  -22.5000 2440.2944   13.9404
   -7.5000  -15.0000  -22.5000 2518.1509   12.9776
    0.0000  -15.0000  -22.5000 2545.1455   12.8007
    7.5000  -15.0000  -22.5000 2540.9263   12.7967
   -7.5000   -7.5000  -22.5000 2596.2961   12.0769
    0.0000   -7.5000  -22.5000 2624.8323   11.8628
    7.5000   -7.5000  -22.5000 2624.7268   11.8870
   -7.5000    0.0000  -22.5000 2653.5012   11.5052
    0.0000    0.0000  -22.5000 2679.5105   11.3019
    7.5000    0.0000  -22.5000 2679.5557   11.3312
   -7.5000    7.5000  -22.5000 2675.8857   11.2604
    0.0000    7.5000  -22.5000 2697.5132   11.0889
    7.5000    7.5000  -22.5000 2698.0964   11.1143
   -7.5000   15.0000  -22.5000 2683.9277   11.3349
    0.0000   15.0000  -22.5000 2706.6548   11.1838
    7.5000   15.0000  -22.5000 2703.2144   11.2236
   -7.5000   22.5000  -22.5000 2666.0876   11.7192
    0.0000   22.5000  -22.5000 2690.2375   11.5367
    7.5000   22.5000  -22.5000 2681.7058   11.6128
   -7.5000   30.0000  -22.5000 2623.4180   12.2908
    0.0000   30.0000  -22.5000 2653.7483   12.0972
    7.5000   30.0000  -22.5000 2647.0417   12.1683
   -7.5000   37.5000  -22.5000 2556.3857   13.0403
    0.0000   37.5000  -22.5000 2594.1943   12.8229
    7.5000   37.5000  -22.5000 2587.8582   12.8559
   -7.5000   45.0000  -22.5000 2462.1516   14.0184
    0.0000   45.0000  -22.5000 2500.4404   13.8142
    7.5000   45.0000  -22.5000 2495.7200   13.8331
   -7.5000  -45.0000  -15.0000 2062.9158   19.1442
    0.0000  -45.0000  -15.0000 2077.6765   18.9432
    7.5000  -45.0000  -15.0000 2065.1643   18.8207
   -7.5000  -37.5000  -15.0000 2200.9417   16.8736
    0.0000  -37.5000  -15.0000 2220.1116   16.6866
    7.5000  -37.5000  -15.0000 2209.5093   16.6323
   -7.5000  -30.0000  -15.0000 2334.5693   15.1138
    0.0000  -30.0000  -15.0000 2356.2546   14.9322
    7.5000  -30.0000  -15.0000 2351.4331   14.9058
   -7.5000  -22.5000  -15.0000 2457.8308   13.6816
    0.0000  -22.5000  -15.0000 2482.2336   13.4936
    7.5000  -22.5000  -15.0000 2478.8960   13.5021
   -7.5000  -15.0000  -15.0000 2559.7688   12.5322
    0.0000  -15.0000  -15.0000 2585.5505   12.3183
    7.5000  -15.0000  -15.0000 2587.2583   12.3570
   -7.5000   -7.5000  -15.0000 2639.2458   11.6082
    0.0000   -7.5000  -15.0000 2670.9724   11.4280
    7.5000   -7.5000  -15.0000 2675.6008   11.4439
   -7.5000    0.0000  -15.0000 2711.4097   11.0121
    0.0000    0.0000  -15.0000 2740.5928   10.8078
    7.5000    0.0000  -15.0000 2744.4177   10.8352
   -7.5000    7.5000  -15.0000 2748.6589   10.7012
    0.0000    7.5000  -15.0000 2775.7881   10.5061
    7.5000    7.5000  -15.0000 2773.4062   10.5335
   -7.5000   15.0000  -15.0000 2767.0908   10.7336
    0.0000   15.0000  -15.0000 2790.9900   10.5533
    7.5000   15.0000  -15.0000 2788.1003   10.5900
   -7.5000   22.5000  -15.0000 2763.4167   11.1016
    0.0000   22.5000  -15.0000 2781.2505   10.9170
    7.5000   22.5000  -15.0000 2774.5903   10.9868
   -7.5000   30.0000  -15.0000 2723.5596   11.6633
    0.0000   30.0000  -15.0000 2746.6304   11.4559
    7.5000   30.0000  -15.0000 2734.1055   11.5269
   -7.5000   37.5000  -15.0000 2649.6287   12.3821
    0.0000   37.5000  -15.0000 2678.3884   12.1627
    7.5000   37.5000  -15.0000 2671.7642   12.2098
   -7.5000   45.0000  -15.0000 2545.8418   13.3369
    0.0000   45.0000  -15.0000 2576.7058   13.1259
    7.5000   45.0000  -15.0000 2575.7117   13.1518
   -7.5000  -45.0000   -7.5000 2063.7454   18.6529
    0.0000  -45.0000   -7.5000 2086.3118   18.4946
    7.5000  -45.0000   -7.5000 2079.4766   18.4479
   -7.5000  -37.5000   -7.5000 2203.2292   16.4244
    0.0000  -37.5000   -7.5000 2229.4321   16.2544
    7.5000  -37.5000   -7.5000 2220.9558   16.2532
   -7.5000  -30.0000   -7.5000 2341.7158   14.7089
    0.0000  -30.0000   -7.5000 2370.6250   14.5173
    7.5000  -30.0000   -7.5000 2364.6372   14.5416
   -7.5000  -22.5000   -7.5000 2472.2761   13.3153
    0.0000  -22.5000   -7.5000 2496.5679   13.1050
    7.5000  -22.5000   -7.5000 2492.5984   13.1076
   -7.5000  -15.0000   -7.5000 2580.8054   12.1804
    0.0000  -15.0000   -7.5000 2605.7173   11.9578
    7.5000  -15.0000   -7.5000 2605.6687   11.9686
   -7.5000   -7.5000   -7.5000 2675.1567   11.2680
    0.0000   -7.5000   -7.5000 2705.9321   11.0533
    7.5000   -7.5000   -7.5000 2706.1821   11.0666
   -7.5000    0.0000   -7.5000 2756.0581   10.6341
    0.0000    0.0000   -7.5000 2788.9644   10.4064
    7.5000    0.0000   -7.5000 2787.3633   10.4096
   -7.5000    7.5000   -7.5000 2809.7122   10.2680
    0.0000    7.5000   -7.5000 2833.5181   10.0236
    7.5000    7.5000   -7.5000 2831.5325   10.0300
   -7.5000   15.0000   -7.5000 2838.8901   10.2336
    0.0000   15.0000   -7.5000 2857.1570   10.0101
    7.5000   15.0000   -7.5000 2855.3628   10.0513
   -7.5000   22.5000   -7.5000 2839.5063   10.5781
    0.0000   22.5000   -7.5000 2852.5320   10.3581
    7.5000   22.5000   -7.5000 2848.7795   10.4099
   -7.5000   30.0000   -7.5000 2798.0918   11.1337
    0.0000   30.0000   -7.5000 2812.8311   10.8938
    7.5000   30.0000   -7.5000 2803.6392   10.9636
   -7.5000   37.5000   -7.5000 2719.3281   11.8459
    0.0000   37.5000   -7.5000 2736.3984   11.5962
    7.5000   37.5000   -7.5000 2733.9661   11.6585
   -7.5000   45.0000   -7.5000 2613.9036   12.7642
    0.0000   45.0000   -7.5000 2633.9792   12.4935
    7.5000   45.0000   -7.5000 2632.6824   12.5636
   -7.5000  -45.0000    0.0000 2056.1975   18.6491
    0.0000  -45.0000    0.0000 2079.1182   18.4189
    7.5000  -45.0000    0.0000 2077.0808   18.4018
   -7.5000  -37.5000    0.0000 2198.6873   16.3278
    0.0000  -37.5000    0.0000 2224.0100   16.1287
    7.5000  -37.5000    0.0000 2221.6157   16.1095
   -7.5000  -30.0000    0.0000 2334.7266   14.5282
    0.0000  -30.0000    0.0000 2359.5728   14.3419
    7.5000  -30.0000    0.0000 2359.6077   14.3562
   -7.5000  -22.5000    0.0000 2459.0320   13.1061
    0.0000  -22.5000    0.0000 2483.9675   12.9369
    7.5000  -22.5000    0.0000 2480.0503   12.9171
   -7.5000  -15.0000    0.0000 2570.9309   11.9721
    0.0000  -15.0000    0.0000 2599.0303   11.7850
    7.5000  -15.0000    0.0000 2594.4761   11.7893
   -7.5000   -7.5000    0.0000 2682.2217   11.0725
    0.0000   -7.5000    0.0000 2712.6304   10.8862
    7.5000   -7.5000    0.0000 2711.3879   10.8908
   -7.5000    0.0000    0.0000 2776.1694   10.4481
    0.0000    0.0000    0.0000 2804.6504   10.2680
    7.5000    0.0000    0.0000 2807.4856   10.2599
   -7.5000    7.5000    0.0000 2844.0144   10.0741
    0.0000    7.5000    0.0000 2867.7756    9.7952
    7.5000    7.5000    0.0000 2867.3577    9.8188
   -7.5000   15.0000    0.0000 2886.9766    9.9816
    0.0000   15.0000    0.0000 2904.4929    9.6872
    7.5000   15.0000    0.0000 2901.5002    9.7610
   -7.5000   22.5000    0.0000 2894.7542   10.2651
    0.0000   22.5000    0.0000 2907.9036   10.0144
    7.5000   22.5000    0.0000 2904.9768   10.0711
   -7.5000   30.0000    0.0000 2848.0081   10.7799
    0.0000   30.0000    0.0000 2866.4629   10.5654
    7.5000   30.0000    0.0000 2855.7161   10.6399
   -7.5000   37.5000    0.0000 2766.6162   11.4651
    0.0000   37.5000    0.0000 2788.7488   11.2461
    7.5000   37.5000    0.0000 2781.8469   11.3172
   -7.5000   45.0000    0.0000 2651.3860   12.3677
    0.0000   45.0000    0.0000 2680.3962   12.1510
    7.5000   45.0000    0.0000 2673.1099   12.2004
   -7.5000  -45.0000    7.5000 2034.1311   18.8279
    0.0000  -45.0000    7.5000 2059.1890   18.6299
    7.5000  -45.0000    7.5000 2059.2434   18.5747
   -7.5000  -37.5000    7.5000 2183.5300   16.4827
    0.0000  -37.5000    7.5000 2208.7485   16.2784
    7.5000  -37.5000    7.5000 2202.8210   16.2445
   -7.5000  -30.0000    7.5000 2314.2910   14.6284
    0.0000  -30.0000    7.5000 2339.5544   14.4399
    7.5000  -30.0000    7.5000 2332.7524   14.4590
   -7.5000  -22.5000    7.5000 2435.2625   13.1508
    0.0000  -22.5000    7.5000 2455.7996   12.9530
    7.5000  -22.5000    7.5000 2452.9377   12.9974
   -7.5000  -15.0000    7.5000 2551.3689   11.9872
    0.0000  -15.0000    7.5000 2572.0737   11.7855
    7.5000  -15.0000    7.5000 2572.8584   11.8288
   -7.5000   -7.5000    7.5000 2674.9624   11.1093
    0.0000   -7.5000    7.5000 2694.7297   10.9305
    7.5000   -7.5000    7.5000 2700.1323   10.9712
   -7.5000    0.0000    7.5000 2783.0300   10.5527
    0.0000    0.0000    7.5000 2807.3374   10.4200
    7.5000    0.0000    7.5000 2812.7717   10.4295
   -7.5000    7.5000    7.5000 2867.0867   10.1722
    0.0000    7.5000    7.5000 2906.0027   10.0630
    7.5000    7.5000    7.5000 2898.7356   10.0434
   -7.5000   15.0000    7.5000 2914.2717    9.9568
    0.0000   15.0000    7.5000 2948.5383    9.7772
    7.5000   15.0000    7.5000 2934.5286    9.8092
   -7.5000   22.5000    7.5000 2923.5330   10.0451
    0.0000   22.5000    7.5000 2961.7847    9.9139
    7.5000   22.5000    7.5000 2933.0159    9.9430
   -7.5000   30.0000    7.5000 2872.7698   10.5232
    0.0000   30.0000    7.5000 2911.5730   10.3784
    7.5000   30.0000    7.5000 2883.0552   10.4262
   -7.5000   37.5000    7.5000 2785.2412   11.2519
    0.0000   37.5000    7.5000 2816.1428   11.0947
    7.5000   37.5000    7.5000 2801.1887   11.1337
   -7.5000   45.0000    7.5000 2670.7034   12.2029
    0.0000   45.0000    7.5000 2700.8870   12.0176
    7.5000   45.0000    7.5000 2693.9263   12.0476
   -7.5000  -45.0000   15.0000 2002.4880   19.3696
    0.0000  -45.0000   15.0000 2023.3484   19.0923
    7.5000  -45.0000   15.0000 2027.2570   19.1733
   -7.5000  -37.5000   15.0000 2156.5752   16.8700
    0.0000  -37.5000   15.0000 2173.6868   16.5741
    7.5000  -37.5000   15.0000 2176.6707   16.6527
   -7.5000  -30.0000   15.0000 2284.6187   14.9632
    0.0000  -30.0000   15.0000 2298.7324   14.6680
    7.5000  -30.0000   15.0000 2302.9175   14.7793
   -7.5000  -22.5000   15.0000 2407.6238   13.4571
    0.0000  -22.5000   15.0000 2418.3225   13.2103
    7.5000  -22.5000   15.0000 2421.0591   13.3225
   -7.5000  -15.0000   15.0000 2528.0085   12.2840
    0.0000  -15.0000   15.0000 2542.9827   12.0936
    7.5000  -15.0000   15.0000 2544.5771   12.1784
   -7.5000   -7.5000   15.0000 2655.2004   11.4105
    0.0000   -7.5000   15.0000 2682.0740   11.3108
    7.5000   -7.5000   15.0000 2680.3030   11.3415
   -7.5000    0.0000   15.0000 2763.4939   10.8138
    0.0000    0.0000   15.0000 2805.4604   10.8163
    7.5000    0.0000   15.0000 2796.7703   10.7835
   -7.5000    7.5000   15.0000 2849.2227   10.3447
    0.0000    7.5000   15.0000 2909.6377   10.4092
    7.5000    7.5000   15.0000 2882.4587   10.3573
   -7.5000   15.0000   15.0000 2895.4294   10.0670
    0.0000   15.0000   15.0000 2948.6377   10.0108
    7.5000   15.0000   15.0000 2918.7817   10.0779
   -7.5000   22.5000   15.0000 2917.8931   10.0737
    0.0000   22.5000   15.0000 2962.5020    9.9787
    7.5000   22.5000   15.0000 2927.3660   10.0709
   -7.5000   30.0000   15.0000 2871.7373   10.5026
    0.0000   30.0000   15.0000 2906.8743   10.3921
    7.5000   30.0000   15.0000 2876.8330   10.4764
   -7.5000   37.5000   15.0000 2785.8594   11.2406
    0.0000   37.5000   15.0000 2809.8147   11.1070
    7.5000   37.5000   15.0000 2794.5405   11.1647
   -7.5000   45.0000   15.0000 2667.5842   12.2172
    0.0000   45.0000   15.0000 2687.1531   12.0267
    7.5000   45.0000   15.0000 2684.9631   12.0773
   -7.5000  -45.0000   22.5000 1963.7456   20.2422
    0.0000  -45.0000   22.5000 1975.8605   20.0229
    7.5000  -45.0000   22.5000 1979.0751   20.0369
   -7.5000  -37.5000   22.5000 2120.7522   17.5719
    0.0000  -37.5000   22.5000 2134.4329   17.3684
    7.5000  -37.5000   22.5000 2132.0334   17.4399
   -7.5000  -30.0000   22.5000 2254.9526   15.5830
    0.0000  -30.0000   22.5000 2269.5681   15.4109
    7.5000  -30.0000   22.5000 2264.9829   15.5259
   -7.5000  -22.5000   22.5000 2380.7722   14.0037
    0.0000  -22.5000   22.5000 2395.7498   13.8661
    7.5000  -22.5000   22.5000 2387.7495   13.9923
   -7.5000  -15.0000   22.5000 2501.3977   12.7689
    0.0000  -15.0000   22.5000 2523.5715   12.6564
    7.5000  -15.0000   22.5000 2513.7734   12.7522
   -7.5000   -7.5000   22.5000 2621.0996   11.8330
    0.0000   -7.5000   22.5000 2652.1855   11.7606
    7.5000   -7.5000   22.5000 2646.6694   11.8271
   -7.5000    0.0000   22.5000 2726.5815   11.1572
    0.0000    0.0000   22.5000 2768.5239   11.1399
    7.5000    0.0000   22.5000 2763.4905   11.1421
   -7.5000    7.5000   22.5000 2809.4922   10.6440
    0.0000    7.5000   22.5000 2860.0078   10.5454
    7.5000    7.5000   22.5000 2844.2476   10.6385
   -7.5000   15.0000   22.5000 2862.2856   10.3523
    0.0000   15.0000   22.5000 2899.2715   10.1761
    7.5000   15.0000   22.5000 2883.3655   10.3308
   -7.5000   22.5000   22.5000 2877.8782   10.4237
    0.0000   22.5000   22.5000 2914.7632   10.2858
    7.5000   22.5000   22.5000 2896.8367   10.3967
   -7.5000   30.0000   22.5000 2834.6150   10.8403
    0.0000   30.0000   22.5000 2868.5107   10.7211
    7.5000   30.0000   22.5000 2848.0007   10.8101
   -7.5000   37.5000   22.5000 2758.8284   11.5386
    0.0000   37.5000   22.5000 2782.6230   11.4003
    7.5000   37.5000   22.5000 2767.7983   11.4800
   -7.5000   45.0000   22.5000 2639.0164   12.4747
    0.0000   45.0000   22.5000 2657.0432   12.3133
    7.5000   45.0000   22.5000 2657.0959   12.3731
   -7.5000  -45.0000   30.0000 1910.0703   21.4547
    0.0000  -45.0000   30.0000 1930.9567   21.3956
    7.5000  -45.0000   30.0000 1926.5864   21.3612
   -7.5000  -37.5000   30.0000 2065.7998   18.5965
    0.0000  -37.5000   30.0000 2087.3538   18.4999
    7.5000  -37.5000   30.0000 2082.1738   18.5748
   -7.5000  -30.0000   30.0000 2212.5212   16.4260
    0.0000  -30.0000   30.0000 2233.9707   16.3185
    7.5000  -30.0000   30.0000 2221.7561   16.4623
   -7.5000  -22.5000   30.0000 2341.4883   14.7146
    0.0000  -22.5000   30.0000 2364.0188   14.6000
    7.5000  -22.5000   30.0000 2350.8882   14.7682
   -7.5000  -15.0000   30.0000 2461.0898   13.3619
    0.0000  -15.0000   30.0000 2484.3972   13.2319
    7.5000  -15.0000   30.0000 2476.4854   13.4177
   -7.5000   -7.5000   30.0000 2571.0017   12.3742
    0.0000   -7.5000   30.0000 2596.4719   12.2118
    7.5000   -7.5000   30.0000 2598.7727   12.3959
   -7.5000    0.0000   30.0000 2677.3821   11.6195
    0.0000    0.0000   30.0000 2707.8689   11.4795
    7.5000    0.0000   30.0000 2711.1494   11.6169
   -7.5000    7.5000   30.0000 2758.2363   11.0825
    0.0000    7.5000   30.0000 2785.3499   10.8071
    7.5000    7.5000   30.0000 2781.9294   11.0566
   -7.5000   15.0000   30.0000 2807.9526   10.8465
    0.0000   15.0000   30.0000 2833.6028   10.6138
    7.5000   15.0000   30.0000 2822.1340   10.7941
   -7.5000   22.5000   30.0000 2808.6079   10.9430
    0.0000   22.5000   30.0000 2839.1375   10.7493
    7.5000   22.5000   30.0000 2829.6213   10.8843
   -7.5000   30.0000   30.0000 2772.5510   11.3298
    0.0000   30.0000   30.0000 2801.3489   11.1732
    7.5000   30.0000   30.0000 2788.3406   11.2557
   -7.5000   37.5000   30.0000 2703.4270   12.0379
    0.0000   37.5000   30.0000 2726.7339   11.8658
    7.5000   37.5000   30.0000 2716.1721   11.9534
   -7.5000   45.0000   30.0000 2588.1653   12.9347
    0.0000   45.0000   30.0000 2605.6487   12.7759
    7.5000   45.0000   30.0000 2604.5410   12.8364
   -7.5000  -45.0000   37.5000 1851.4509   22.8938
    0.0000  -45.0000   37.5000 1869.6334   22.7578
    7.5000  -45.0000   37.5000 1868.6356   22.8101
   -7.5000  -37.5000   37.5000 2013.4017   19.7446
    0.0000  -37.5000   37.5000 2030.8621   19.5893
    7.5000  -37.5000   37.5000 2029.8307   19.7554
   -7.5000  -30.0000   37.5000 2159.9580   17.4004
    0.0000  -30.0000   37.5000 2180.3853   17.1918
    7.5000  -30.0000   37.5000 2174.7087   17.4480
   -7.5000  -22.5000   37.5000 2290.9807   15.5514
    0.0000  -22.5000   37.5000 2309.8511   15.3372
    7.5000  -22.5000   37.5000 2303.1597   15.6386
   -7.5000  -15.0000   37.5000 2412.1277   14.1135
    0.0000  -15.0000   37.5000 2431.7480   13.8676
    7.5000  -15.0000   37.5000 2429.5930   14.2052
   -7.5000   -7.5000   37.5000 2521.2483   13.0275
    0.0000   -7.5000   37.5000 2540.4822   12.7827
    7.5000   -7.5000   37.5000 2543.4783   13.0743
   -7.5000    0.0000   37.5000 2619.4600   12.2132
    0.0000    0.0000   37.5000 2638.7073   11.9169
    7.5000    0.0000   37.5000 2646.7068   12.2352
   -7.5000    7.5000   37.5000 2692.6008   11.6983
    0.0000    7.5000   37.5000 2709.9612   11.3698
    7.5000    7.5000   37.5000 2709.2908   11.6688
   -7.5000   15.0000   37.5000 2734.9763   11.5044
    0.0000   15.0000   37.5000 2751.2600   11.2406
    7.5000   15.0000   37.5000 2748.5718   11.4524
   -7.5000   22.5000   37.5000 2727.8633   11.5994
    0.0000   22.5000   37.5000 2748.7131   11.3614
    7.5000   22.5000   37.5000 2742.8508   11.5327
   -7.5000   30.0000   37.5000 2694.0530   11.9585
    0.0000   30.0000   37.5000 2715.5361   11.7545
    7.5000   30.0000   37.5000 2707.1235   11.8711
   -7.5000   37.5000   37.5000 2628.0642   12.6174
    0.0000   37.5000   37.5000 2653.0898   12.4124
    7.5000   37.5000   37.5000 2643.2781   12.5185
   -7.5000   45.0000   37.5000 2525.8491   13.5097
    0.0000   45.0000   37.5000 2546.6340   13.3193
    7.5000   45.0000   37.5000 2543.7192   13.4021
   -7.5000  -45.0000   45.0000 1786.4799   24.4678
    0.0000  -45.0000   45.0000 1806.4574   24.2414
    7.5000  -45.0000   45.0000 1801.9398   24.4574
   -7.5000  -37.5000   45.0000 1954.6147   20.9625
    0.0000  -37.5000   45.0000 1970.2058   20.7257
    7.5000  -37.5000   45.0000 1970.4963   21.0587
   -7.5000  -30.0000   45.0000 2098.0305   18.4141
    0.0000  -30.0000   45.0000 2115.4590   18.1700
    7.5000  -30.0000   45.0000 2115.4351   18.5594
   -7.5000  -22.5000   45.0000 2231.0444   16.4602
    0.0000  -22.5000   45.0000 2249.4719   16.1960
    7.5000  -22.5000   45.0000 2247.6892   16.6242
   -7.5000  -15.0000   45.0000 2356.9548   14.9666
    0.0000  -15.0000   45.0000 2369.6421   14.6807
    7.5000  -15.0000   45.0000 2367.0811   15.0977
   -7.5000   -7.5000   45.0000 2458.0173   13.8514
    0.0000   -7.5000   45.0000 2473.5676   13.5288
    7.5000   -7.5000   45.0000 2475.0688   13.8869
   -7.5000    0.0000   45.0000 2544.0757   13.0077
    0.0000    0.0000   45.0000 2564.1538   12.6535
    7.5000    0.0000   45.0000 2569.6257   13.0337
   -7.5000    7.5000   45.0000 2609.7898   12.4933
    0.0000    7.5000   45.0000 2625.8379   12.1820
    7.5000    7.5000   45.0000 2625.0352   12.4720
   -7.5000   15.0000   45.0000 2643.4214   12.3095
    0.0000   15.0000   45.0000 2658.8848   12.0470
    7.5000   15.0000   45.0000 2657.1018   12.2710
   -7.5000   22.5000   45.0000 2635.8174   12.3709
    0.0000   22.5000   45.0000 2649.7168   12.1488
    7.5000   22.5000   45.0000 2649.9253   12.3362
   -7.5000   30.0000   45.0000 2601.3027   12.7240
    0.0000   30.0000   45.0000 2618.6411   12.5227
    7.5000   30.0000   45.0000 2616.1343   12.6670
   -7.5000   37.5000   45.0000 2542.2046   13.3410
    0.0000   37.5000   45.0000 2568.2053   13.1178
    7.5000   37.5000   45.0000 2560.9700   13.2481
   -7.5000   45.0000   45.0000 2457.5947   14.1586
    0.0000   45.0000   45.0000 2485.0310   13.9626
    7.5000   45.0000   45.0000 2474.9221   14.0718
   -7.5000  -45.0000   52.5000 1714.7485   26.2953
    0.0000  -45.0000   52.5000 1737.7616   26.0249
    7.5000  -45.0000   52.5000 1730.4476   26.3123
   -7.5000  -37.5000   52.5000 1888.0076   22.4547
    0.0000  -37.5000   52.5000 1908.5338   22.1944
    7.5000  -37.5000   52.5000 1902.6045   22.5858
   -7.5000  -30.0000   52.5000 2033.0760   19.6818
    0.0000  -30.0000   52.5000 2050.7979   19.4094
    7.5000  -30.0000   52.5000 2046.4668   19.8952
   -7.5000  -22.5000   52.5000 2165.1868   17.6187
    0.0000  -22.5000   52.5000 2184.6233   17.3194
    7.5000  -22.5000   52.5000 2180.1221   17.7985
   -7.5000  -15.0000   52.5000 2281.2820   16.0690
    0.0000  -15.0000   52.5000 2301.5227   15.7472
    7.5000  -15.0000   52.5000 2293.3850   16.1904
   -7.5000   -7.5000   52.5000 2384.6409   14.8731
    0.0000   -7.5000   52.5000 2405.6135   14.5129
    7.5000   -7.5000   52.5000 2398.7114   14.9066
   -7.5000    0.0000   52.5000 2465.9734   13.9950
    0.0000    0.0000   52.5000 2490.0854   13.6596
    7.5000    0.0000   52.5000 2484.9446   14.0237
   -7.5000    7.5000   52.5000 2519.7927   13.4717
    0.0000    7.5000   52.5000 2539.9412   13.2010
    7.5000    7.5000   52.5000 2535.1072   13.4537
   -7.5000   15.0000   52.5000 2539.5037   13.2866
    0.0000   15.0000   52.5000 2561.4016   13.0525
    7.5000   15.0000   52.5000 2558.3613   13.2583
   -7.5000   22.5000   52.5000 2539.2466   13.3252
    0.0000   22.5000   52.5000 2554.6953   13.1352
    7.5000   22.5000   52.5000 2553.7568   13.2896
   -7.5000   30.0000   52.5000 2503.7974   13.6300
    0.0000   30.0000   52.5000 2526.2275   13.4599
    7.5000   30.0000   52.5000 2521.1733   13.5828
   -7.5000   37.5000   52.5000 2449.4189   14.2479
    0.0000   37.5000   52.5000 2479.0369   14.0673
    7.5000   37.5000   52.5000 2468.4988   14.1704
   -7.5000   45.0000   52.5000 2379.0662   15.0603
    0.0000   45.0000   52.5000 2407.7471   14.8538
    7.5000   45.0000   52.5000 2394.6594   14.9549

---------------------------------------------------------------------
imgreg_4dfp /opt/freesurfer/average/711-2C_as_mni_average_305 /opt/freesurfer/average/711-2B_as_mni_average_305_mask talsrcimg_g11 none talsrcimg_to_711-2C_as_mni_average_305_t4 1283
---------------------------------------------------------------------

freesurfer imgreg_4dfp.c
/opt/freesurfer/average/711-2C_as_mni_average_305.4dfp.img
       256       256       256         1
  1.000000  1.000000  1.000000
orientation T byte_order littleendian
Reading image: /opt/freesurfer/average/711-2C_as_mni_average_305.4dfp.img
dimensions:      256       256       256
mmppix:       1.0000   -1.0000   -1.0000
center:     128.0000 -129.0000 -129.0000
/opt/freesurfer/average/711-2B_as_mni_average_305_mask.4dfp.img
       256       256       256         1
  1.000000  1.000000  1.000000
orientation T byte_order littleendian
Reading mask: /opt/freesurfer/average/711-2B_as_mni_average_305_mask.4dfp.img (2306576 pixels)
talsrcimg_g11.4dfp.img
       256       256       256         1
  1.000000  1.000000  1.000000
orientation T byte_order littleendian
Reading image: talsrcimg_g11.4dfp.img
dimensions:      256       256       256
mmppix:       1.0000   -1.0000   -1.0000
center:     128.0000 -129.0000 -129.0000
rotation matrix determinant  1.000000
fimgreg.f
image alignment mode   1283 decimal      503 hex
parameters
    0.0000   22.5000   15.0000    0.0000    0.0000    0.0000
eta,q 0.92978 10.00982
niter,ni,del,rscale     5    3   12.0000    1.2000
parameter  2  0.919605 ->  0.500000 qaram    1.1500
parameter  3  0.825068 ->  0.500000 qaram    1.1500
parameter  4  0.831436 ->  0.500000 qaram    1.1500
parameters
    0.9286   19.0500   11.5500   -3.4500    0.6478   -1.3941
eta,q 0.93791  9.71071
  0.0838  0.0692  0.0657  0.0630  0.0699  0.0659
  0.0790  0.0678  0.0654  0.0623  0.0661  0.0635
  0.0763  0.0684  0.0663  0.0632  0.0632  0.0622
  0.0733  0.0723  0.0679  0.0653  0.0624  0.0622
  0.0726  0.0770  0.0715  0.0674  0.0628  0.0641
  0.0760  0.0800  0.0756  0.0705  0.0648  0.0676
  0.0793  0.0844  0.0794  0.0743  0.0668  0.0721
niter,ni,del,rscale     7    3   12.0000    1.2000
parameters
    1.2246   19.7790   10.4650   -5.1268    1.5033   -1.9381
eta,q 0.94036  9.72533
  0.0724  0.0746  0.0673  0.0647  0.0679  0.0661
  0.0690  0.0687  0.0637  0.0626  0.0645  0.0628
  0.0647  0.0643  0.0609  0.0602  0.0617  0.0604
  0.0621  0.0621  0.0614  0.0609  0.0600  0.0597
  0.0636  0.0613  0.0638  0.0640  0.0598  0.0615
  0.0666  0.0663  0.0674  0.0668  0.0618  0.0649
  0.0715  0.0703  0.0718  0.0696  0.0647  0.0685
niter,ni,del,rscale     6    3   12.0000    1.2000
parameters
    0.8832   20.6731    9.9786   -6.5420    2.1940   -1.9896
eta,q 0.94165  9.75193
  0.0694  0.0725  0.0674  0.0636  0.0666  0.0647
  0.0659  0.0660  0.0629  0.0627  0.0630  0.0621
  0.0617  0.0623  0.0593  0.0592  0.0601  0.0599
  0.0596  0.0597  0.0589  0.0587  0.0585  0.0583
  0.0618  0.0593  0.0611  0.0620  0.0586  0.0588
  0.0665  0.0641  0.0652  0.0664  0.0607  0.0617
  0.0727  0.0667  0.0694  0.0691  0.0639  0.0656
niter,ni,del,rscale     5    3   12.0000    1.2000
parameters
    0.5491   21.5809    9.3965   -7.8714    2.7691   -2.3416
eta,q 0.94285  9.77246
  0.0695  0.0695  0.0670  0.0624  0.0644  0.0624
  0.0651  0.0641  0.0614  0.0614  0.0610  0.0598
  0.0608  0.0617  0.0579  0.0580  0.0586  0.0581
  0.0583  0.0585  0.0577  0.0575  0.0572  0.0570
  0.0604  0.0583  0.0604  0.0598  0.0573  0.0576
  0.0663  0.0623  0.0648  0.0647  0.0591  0.0603
  0.0731  0.0650  0.0692  0.0689  0.0625  0.0646
niter,ni,del,rscale     4    3   12.0000    1.2000
parameters
    0.3413   22.2440    8.7430   -8.7625    3.2476   -2.5682
eta,q 0.94420  9.77493
  0.0693  0.0669  0.0666  0.0622  0.0630  0.0622
  0.0640  0.0634  0.0604  0.0606  0.0601  0.0590
  0.0597  0.0619  0.0565  0.0571  0.0575  0.0571
  0.0572  0.0573  0.0564  0.0561  0.0559  0.0557
  0.0586  0.0572  0.0593  0.0587  0.0560  0.0562
  0.0645  0.0609  0.0647  0.0622  0.0580  0.0594
  0.0722  0.0653  0.0696  0.0670  0.0617  0.0640
niter,ni,del,rscale     3    3   12.0000    1.2000
parameters
    0.1716   22.4066    8.3015   -9.0245    3.4315   -2.5707
eta,q 0.94444  9.76346
  0.0688  0.0657  0.0672  0.0631  0.0626  0.0625
  0.0629  0.0636  0.0611  0.0609  0.0597  0.0593
  0.0583  0.0614  0.0567  0.0578  0.0570  0.0572
  0.0558  0.0559  0.0556  0.0556  0.0556  0.0556
  0.0575  0.0570  0.0581  0.0576  0.0563  0.0556
  0.0634  0.0609  0.0640  0.0608  0.0584  0.0587
  0.0712  0.0676  0.0698  0.0651  0.0624  0.0634
niter,ni,del,rscale     2    3   12.0000    1.2000
parameters
    0.0726   22.4655    8.1388   -9.0614    3.5191   -2.5496
eta,q 0.94448  9.75749
  0.0690  0.0658  0.0680  0.0636  0.0625  0.0625
  0.0629  0.0638  0.0620  0.0611  0.0596  0.0593
  0.0580  0.0608  0.0573  0.0581  0.0569  0.0572
  0.0556  0.0556  0.0555  0.0555  0.0555  0.0555
  0.0573  0.0571  0.0574  0.0573  0.0564  0.0555
  0.0632  0.0611  0.0630  0.0605  0.0586  0.0586
  0.0705  0.0684  0.0691  0.0645  0.0627  0.0634
niter,ni,del,rscale     1    3   12.0000    1.2000
parameters
    0.0321   22.4909    8.1002   -9.0669    3.5591   -2.5361
eta,q 0.94449  9.75593
  0.0692  0.0660  0.0684  0.0637  0.0625  0.0625
  0.0631  0.0639  0.0623  0.0612  0.0595  0.0593
  0.0580  0.0606  0.0575  0.0581  0.0568  0.0572
  0.0555  0.0555  0.0555  0.0555  0.0555  0.0555
  0.0572  0.0572  0.0571  0.0573  0.0564  0.0555
  0.0630  0.0611  0.0625  0.0605  0.0586  0.0586
  0.0701  0.0687  0.0688  0.0645  0.0628  0.0634
registration optimization eta report
parameter search radius
    6.0000    6.9000    6.9000    6.9000    6.0000    6.0000
100000*second partial in parameter space
       38.       22.       27.       16.       19.       21.
  0.0692  0.0660  0.0684  0.0637  0.0625  0.0625
  0.0631  0.0639  0.0623  0.0612  0.0595  0.0593
  0.0580  0.0606  0.0575  0.0581  0.0568  0.0572
  0.0555  0.0555  0.0555  0.0555  0.0555  0.0555
  0.0572  0.0572  0.0571  0.0573  0.0564  0.0555
  0.0630  0.0611  0.0625  0.0605  0.0586  0.0586
  0.0701  0.0687  0.0688  0.0645  0.0628  0.0634
    0.0321   22.4909    8.1002   -9.0669    3.5591   -2.5361
eta,q 0.94449  9.75593

---------------------------------------------------------------------
imgreg_4dfp /opt/freesurfer/average/711-2C_as_mni_average_305 /opt/freesurfer/average/711-2B_as_mni_average_305_mask talsrcimg_g11 none talsrcimg_to_711-2C_as_mni_average_305_t4 3335
---------------------------------------------------------------------

freesurfer imgreg_4dfp.c
/opt/freesurfer/average/711-2C_as_mni_average_305.4dfp.img
       256       256       256         1
  1.000000  1.000000  1.000000
orientation T byte_order littleendian
Reading image: /opt/freesurfer/average/711-2C_as_mni_average_305.4dfp.img
dimensions:      256       256       256
mmppix:       1.0000   -1.0000   -1.0000
center:     128.0000 -129.0000 -129.0000
/opt/freesurfer/average/711-2B_as_mni_average_305_mask.4dfp.img
       256       256       256         1
  1.000000  1.000000  1.000000
orientation T byte_order littleendian
Reading mask: /opt/freesurfer/average/711-2B_as_mni_average_305_mask.4dfp.img (2306576 pixels)
talsrcimg_g11.4dfp.img
       256       256       256         1
  1.000000  1.000000  1.000000
orientation T byte_order littleendian
Reading image: talsrcimg_g11.4dfp.img
dimensions:      256       256       256
mmppix:       1.0000   -1.0000   -1.0000
center:     128.0000 -129.0000 -129.0000
fimgreg.f
image alignment mode   3335 decimal      D07 hex
parameters
    0.0321   22.4909    8.1002   -0.2906   -1.3895   -1.4400
    5.3468   -5.4269   -4.4163   16.0147    6.2078  -15.7284
eta,q 0.94513  9.83390
niter,ni,del,rscale     5    3    5.0000    1.2000
parameter  4  1.664431 ->  0.500000 qaram    1.1500
parameter  5  2.682349 ->  0.500000 qaram    1.1500
parameter  6  0.895320 ->  0.500000 qaram    1.1500
parameter 12 -1.209426 -> -0.500000 qaram    1.1500
parameters
   -0.0043   23.2121    8.5999   -4.4306   -5.5295   -5.5800
    6.0191   -3.7518   -3.0748   17.0106    4.6995  -11.5884
eta,q 0.96105  9.72722
  0.0577  0.0573  0.0576  0.0466  0.0405  0.0395  0.0431  0.0483  0.0429  0.0434  0.0412  0.0438
  0.0561  0.0561  0.0562  0.0474  0.0428  0.0404  0.0419  0.0448  0.0416  0.0417  0.0406  0.0424
  0.0551  0.0553  0.0553  0.0503  0.0453  0.0415  0.0411  0.0423  0.0407  0.0406  0.0402  0.0412
  0.0549  0.0549  0.0547  0.0547  0.0480  0.0435  0.0407  0.0407  0.0403  0.0402  0.0402  0.0402
  0.0553  0.0547  0.0547  0.0598  0.0509  0.0474  0.0408  0.0403  0.0403  0.0403  0.0406  0.0394
  0.0563  0.0549  0.0551  0.0653  0.0546  0.0526  0.0413  0.0413  0.0407  0.0408  0.0415  0.0388
  0.0578  0.0555  0.0559  0.0702  0.0588  0.0583  0.0423  0.0437  0.0415  0.0420  0.0428  0.0387
niter,ni,del,rscale     7    3    5.0000    1.2000
parameter  2  1.329034 ->  0.500000 qaram    1.1500
parameter  5 10.221997 ->  0.500000 qaram    1.3225
parameters
    0.1367   21.8321    8.1266   -7.9943  -10.2905   -9.4222
    5.7110   -3.6675   -3.3809   15.3168    5.3728  -11.3220
eta,q 0.97051  9.45559
  0.0433  0.0369  0.0386  0.0385  0.0265  0.0299  0.0321  0.0332  0.0318  0.0317  0.0303  0.0319
  0.0411  0.0373  0.0378  0.0375  0.0296  0.0297  0.0308  0.0313  0.0307  0.0302  0.0299  0.0305
  0.0396  0.0380  0.0374  0.0368  0.0334  0.0300  0.0300  0.0302  0.0300  0.0295  0.0296  0.0297
  0.0390  0.0389  0.0375  0.0374  0.0369  0.0306  0.0298  0.0298  0.0298  0.0298  0.0295  0.0295
  0.0392  0.0401  0.0379  0.0406  0.0396  0.0314  0.0302  0.0301  0.0302  0.0310  0.0295  0.0298
  0.0404  0.0415  0.0388  0.0460  0.0434  0.0345  0.0311  0.0312  0.0310  0.0325  0.0297  0.0305
  0.0425  0.0434  0.0399  0.0522  0.0478  0.0411  0.0325  0.0331  0.0321  0.0342  0.0301  0.0315
niter,ni,del,rscale     7    3    5.0000    1.2000
parameter  2  0.716122 ->  0.500000 qaram    1.3225
parameter  5  0.958975 ->  0.500000 qaram    1.5209
parameters
    0.0245   20.2451    7.3073   -8.4375  -15.7656  -10.3644
    5.9589   -3.9925   -3.3956   15.2052    5.9494  -12.1073
eta,q 0.97605  9.30196
  0.0320  0.0283  0.0284  0.0308  0.0242  0.0256  0.0266  0.0269  0.0260  0.0272  0.0248  0.0256
  0.0305  0.0279  0.0280  0.0298  0.0240  0.0246  0.0253  0.0252  0.0249  0.0254  0.0244  0.0246
  0.0297  0.0283  0.0278  0.0289  0.0248  0.0240  0.0244  0.0243  0.0242  0.0244  0.0241  0.0241
  0.0295  0.0295  0.0280  0.0278  0.0280  0.0241  0.0240  0.0240  0.0240  0.0240  0.0240  0.0240
  0.0299  0.0314  0.0284  0.0274  0.0325  0.0246  0.0242  0.0244  0.0242  0.0244  0.0240  0.0244
  0.0309  0.0339  0.0291  0.0291  0.0372  0.0250  0.0250  0.0255  0.0249  0.0256  0.0242  0.0252
  0.0325  0.0368  0.0302  0.0332  0.0416  0.0266  0.0264  0.0275  0.0261  0.0274  0.0246  0.0262
niter,ni,del,rscale     7    3    5.0000    1.2000
parameters
    0.0841   20.4357    7.7143   -6.5853  -18.8376   -9.3625
    5.9581   -3.9153   -3.5182   15.9561    5.9872  -12.3431
eta,q 0.97698  9.31889
  0.0265  0.0290  0.0258  0.0275  0.0265  0.0255  0.0255  0.0268  0.0249  0.0266  0.0239  0.0248
  0.0251  0.0264  0.0249  0.0262  0.0243  0.0242  0.0242  0.0248  0.0239  0.0248  0.0234  0.0238
  0.0243  0.0247  0.0242  0.0251  0.0231  0.0233  0.0234  0.0235  0.0233  0.0236  0.0231  0.0232
  0.0239  0.0239  0.0239  0.0239  0.0231  0.0230  0.0230  0.0230  0.0230  0.0230  0.0230  0.0230
  0.0241  0.0242  0.0239  0.0228  0.0251  0.0232  0.0233  0.0234  0.0233  0.0233  0.0231  0.0233
  0.0249  0.0255  0.0242  0.0232  0.0302  0.0236  0.0241  0.0246  0.0240  0.0241  0.0234  0.0240
  0.0263  0.0280  0.0248  0.0260  0.0357  0.0245  0.0256  0.0268  0.0251  0.0253  0.0239  0.0250
niter,ni,del,rscale     6    3    5.0000    1.2000
parameters
   -0.0179   20.4587    8.0073   -6.6775  -19.4631   -8.9192
    6.0632   -3.9508   -3.4569   16.1928    6.1478  -12.2839
eta,q 0.97687  9.31423
  0.0257  0.0272  0.0246  0.0265  0.0287  0.0253  0.0256  0.0267  0.0250  0.0262  0.0240  0.0251
  0.0242  0.0249  0.0238  0.0254  0.0261  0.0241  0.0243  0.0248  0.0240  0.0246  0.0235  0.0240
  0.0233  0.0235  0.0233  0.0243  0.0240  0.0233  0.0235  0.0236  0.0234  0.0235  0.0232  0.0233
  0.0230  0.0230  0.0230  0.0230  0.0230  0.0231  0.0231  0.0231  0.0231  0.0231  0.0231  0.0231
  0.0234  0.0235  0.0231  0.0226  0.0232  0.0233  0.0233  0.0234  0.0233  0.0235  0.0232  0.0234
  0.0245  0.0249  0.0234  0.0243  0.0261  0.0236  0.0242  0.0247  0.0240  0.0245  0.0235  0.0240
  0.0262  0.0270  0.0240  0.0282  0.0315  0.0250  0.0256  0.0270  0.0250  0.0257  0.0240  0.0250
niter,ni,del,rscale     5    3    5.0000    1.2000
parameters
   -0.0353   20.4725    8.1227   -6.6404  -19.5915   -8.8073
    6.0571   -3.9658   -3.4516   16.2392    6.1729  -12.2125
eta,q 0.97687  9.31582
  0.0260  0.0273  0.0245  0.0267  0.0291  0.0252  0.0256  0.0268  0.0250  0.0261  0.0240  0.0251
  0.0244  0.0250  0.0238  0.0256  0.0265  0.0241  0.0243  0.0248  0.0240  0.0245  0.0235  0.0240
  0.0234  0.0236  0.0233  0.0244  0.0243  0.0233  0.0234  0.0236  0.0234  0.0234  0.0232  0.0233
  0.0231  0.0231  0.0231  0.0231  0.0231  0.0231  0.0231  0.0231  0.0231  0.0231  0.0231  0.0231
  0.0235  0.0237  0.0232  0.0226  0.0231  0.0232  0.0234  0.0234  0.0233  0.0236  0.0232  0.0234
  0.0245  0.0251  0.0236  0.0243  0.0254  0.0237  0.0242  0.0247  0.0240  0.0246  0.0235  0.0240
  0.0261  0.0271  0.0243  0.0281  0.0307  0.0253  0.0257  0.0270  0.0250  0.0258  0.0240  0.0250
niter,ni,del,rscale     4    3    5.0000    1.2000
parameters
   -0.0409   20.4763    8.1570   -6.6324  -19.6124   -8.7844
    6.0543   -3.9696   -3.4447   16.2398    6.1920  -12.1837
eta,q 0.97686  9.31619
  0.0261  0.0273  0.0244  0.0267  0.0292  0.0252  0.0256  0.0268  0.0250  0.0260  0.0240  0.0251
  0.0244  0.0250  0.0237  0.0256  0.0266  0.0240  0.0243  0.0248  0.0240  0.0244  0.0235  0.0240
  0.0235  0.0236  0.0233  0.0245  0.0244  0.0233  0.0234  0.0236  0.0234  0.0234  0.0232  0.0233
  0.0231  0.0231  0.0231  0.0231  0.0231  0.0231  0.0231  0.0231  0.0231  0.0231  0.0231  0.0231
  0.0235  0.0237  0.0233  0.0227  0.0231  0.0232  0.0234  0.0234  0.0233  0.0236  0.0232  0.0234
  0.0245  0.0251  0.0237  0.0243  0.0253  0.0237  0.0242  0.0247  0.0240  0.0246  0.0235  0.0240
  0.0261  0.0271  0.0244  0.0282  0.0305  0.0254  0.0257  0.0270  0.0250  0.0259  0.0240  0.0250
niter,ni,del,rscale     3    3    5.0000    1.2000
parameters
   -0.0422   20.4769    8.1683   -6.6308  -19.6175   -8.7805
    6.0550   -3.9710   -3.4487   16.2387    6.1911  -12.1716
eta,q 0.97687  9.31618
  0.0261  0.0273  0.0244  0.0267  0.0292  0.0252  0.0256  0.0268  0.0250  0.0260  0.0240  0.0251
  0.0245  0.0250  0.0237  0.0256  0.0266  0.0240  0.0243  0.0248  0.0240  0.0244  0.0235  0.0240
  0.0235  0.0236  0.0233  0.0244  0.0244  0.0233  0.0235  0.0236  0.0234  0.0234  0.0232  0.0233
  0.0231  0.0231  0.0231  0.0231  0.0231  0.0231  0.0231  0.0231  0.0231  0.0231  0.0231  0.0231
  0.0235  0.0237  0.0233  0.0227  0.0231  0.0232  0.0234  0.0234  0.0233  0.0236  0.0232  0.0234
  0.0245  0.0251  0.0237  0.0243  0.0253  0.0237  0.0242  0.0247  0.0240  0.0246  0.0235  0.0241
  0.0261  0.0271  0.0244  0.0282  0.0305  0.0254  0.0257  0.0269  0.0250  0.0259  0.0240  0.0250
registration optimization eta report
parameter search radius
    2.4000    3.1740    2.4000    8.2800   10.9503    8.2800
    7.2000    7.2000    7.2000    7.2000    7.2000    8.2800
100000*second partial in parameter space
       51.       40.       22.        6.        6.        3.
        5.        7.        4.        5.        2.        3.
  0.0261  0.0273  0.0244  0.0267  0.0292  0.0252  0.0256  0.0268  0.0250  0.0260  0.0240  0.0251
  0.0245  0.0250  0.0237  0.0256  0.0266  0.0240  0.0243  0.0248  0.0240  0.0244  0.0235  0.0240
  0.0235  0.0236  0.0233  0.0244  0.0244  0.0233  0.0235  0.0236  0.0234  0.0234  0.0232  0.0233
  0.0231  0.0231  0.0231  0.0231  0.0231  0.0231  0.0231  0.0231  0.0231  0.0231  0.0231  0.0231
  0.0235  0.0237  0.0233  0.0227  0.0231  0.0232  0.0234  0.0234  0.0233  0.0236  0.0232  0.0234
  0.0245  0.0251  0.0237  0.0243  0.0253  0.0237  0.0242  0.0247  0.0240  0.0246  0.0235  0.0241
  0.0261  0.0271  0.0244  0.0282  0.0305  0.0254  0.0257  0.0269  0.0250  0.0259  0.0240  0.0250
   -0.0422   20.4769    8.1683   -6.6308  -19.6175   -8.7805
    6.0550   -3.9710   -3.4487   16.2387    6.1911  -12.1716
eta,q 0.97687  9.31618

---------------------------------------------------------------------
imgreg_4dfp /opt/freesurfer/average/711-2C_as_mni_average_305 /opt/freesurfer/average/711-2B_as_mni_average_305_mask talsrcimg_g11 none talsrcimg_to_711-2C_as_mni_average_305_t4 2311
---------------------------------------------------------------------

freesurfer imgreg_4dfp.c
/opt/freesurfer/average/711-2C_as_mni_average_305.4dfp.img
       256       256       256         1
  1.000000  1.000000  1.000000
orientation T byte_order littleendian
Reading image: /opt/freesurfer/average/711-2C_as_mni_average_305.4dfp.img
dimensions:      256       256       256
mmppix:       1.0000   -1.0000   -1.0000
center:     128.0000 -129.0000 -129.0000
/opt/freesurfer/average/711-2B_as_mni_average_305_mask.4dfp.img
       256       256       256         1
  1.000000  1.000000  1.000000
orientation T byte_order littleendian
Reading mask: /opt/freesurfer/average/711-2B_as_mni_average_305_mask.4dfp.img (2306576 pixels)
talsrcimg_g11.4dfp.img
       256       256       256         1
  1.000000  1.000000  1.000000
orientation T byte_order littleendian
Reading image: talsrcimg_g11.4dfp.img
dimensions:      256       256       256
mmppix:       1.0000   -1.0000   -1.0000
center:     128.0000 -129.0000 -129.0000
fimgreg.f
image alignment mode   2311 decimal      907 hex
parameters
   -0.0422   20.4769    8.1683   -6.6308  -19.6175   -8.7805
    6.0550   -3.9710   -3.4487   16.2387    6.1911  -12.1716
eta,q 0.97687  9.31618
niter,ni,del,rscale     5    3    5.0000    0.8000
parameters
   -0.0429   20.4083    8.1726   -4.7547  -18.1108   -8.4082
    5.8510   -3.6982   -3.2875   16.1595    5.6205  -11.6855
eta,q 0.97754  9.43736
  0.0245  0.0242  0.0237  0.0253  0.0244  0.0233  0.0238  0.0248  0.0236  0.0239  0.0229  0.0233
  0.0237  0.0236  0.0234  0.0247  0.0236  0.0228  0.0230  0.0237  0.0230  0.0231  0.0226  0.0229
  0.0233  0.0232  0.0232  0.0239  0.0230  0.0226  0.0226  0.0229  0.0226  0.0226  0.0225  0.0226
  0.0231  0.0231  0.0231  0.0231  0.0226  0.0225  0.0225  0.0225  0.0225  0.0225  0.0225  0.0225
  0.0233  0.0233  0.0232  0.0227  0.0225  0.0225  0.0227  0.0226  0.0226  0.0227  0.0226  0.0225
  0.0237  0.0237  0.0234  0.0228  0.0226  0.0227  0.0232  0.0232  0.0229  0.0232  0.0228  0.0227
  0.0245  0.0243  0.0237  0.0237  0.0231  0.0230  0.0240  0.0245  0.0235  0.0239  0.0232  0.0230
niter,ni,del,rscale     4    3    5.0000    0.7000
parameters
   -0.0947   20.4315    8.2292   -4.9902  -18.1425   -8.3890
    5.9054   -3.6493   -3.2764   16.0697    5.7282  -11.6277
eta,q 0.97753  9.42993
  0.0237  0.0234  0.0230  0.0242  0.0234  0.0230  0.0235  0.0241  0.0233  0.0236  0.0229  0.0230
  0.0230  0.0229  0.0227  0.0234  0.0229  0.0227  0.0230  0.0233  0.0228  0.0229  0.0227  0.0227
  0.0226  0.0226  0.0225  0.0228  0.0226  0.0225  0.0226  0.0227  0.0226  0.0226  0.0225  0.0225
  0.0225  0.0225  0.0225  0.0225  0.0225  0.0225  0.0225  0.0225  0.0225  0.0225  0.0225  0.0225
  0.0227  0.0225  0.0225  0.0226  0.0225  0.0225  0.0226  0.0226  0.0226  0.0227  0.0225  0.0225
  0.0231  0.0228  0.0226  0.0235  0.0228  0.0227  0.0229  0.0231  0.0228  0.0230  0.0226  0.0227
  0.0239  0.0233  0.0229  0.0249  0.0236  0.0229  0.0235  0.0241  0.0233  0.0236  0.0229  0.0230
niter,ni,del,rscale     3    3    5.0000    0.6000
parameters
   -0.0883   20.4384    8.2497   -4.8689  -18.0562   -8.4774
    5.9157   -3.6075   -3.2892   15.9926    5.6909  -11.5471
eta,q 0.97754  9.43028
  0.0235  0.0231  0.0228  0.0240  0.0232  0.0228  0.0232  0.0237  0.0230  0.0233  0.0228  0.0229
  0.0229  0.0228  0.0226  0.0233  0.0228  0.0226  0.0228  0.0230  0.0227  0.0228  0.0226  0.0226
  0.0226  0.0226  0.0225  0.0228  0.0226  0.0225  0.0226  0.0226  0.0225  0.0225  0.0225  0.0225
  0.0225  0.0225  0.0225  0.0225  0.0225  0.0225  0.0225  0.0225  0.0225  0.0225  0.0225  0.0225
  0.0226  0.0225  0.0225  0.0225  0.0225  0.0225  0.0225  0.0226  0.0225  0.0226  0.0225  0.0225
  0.0229  0.0228  0.0226  0.0230  0.0227  0.0226  0.0228  0.0229  0.0227  0.0229  0.0226  0.0226
  0.0234  0.0231  0.0228  0.0240  0.0232  0.0228  0.0232  0.0236  0.0231  0.0233  0.0228  0.0228
niter,ni,del,rscale     2    3    5.0000    0.5000
parameters
   -0.0907   20.4453    8.2432   -4.7502  -17.9744   -8.6061
    5.9221   -3.5692   -3.2922   15.9183    5.6423  -11.5136
eta,q 0.97756  9.42888
  0.0231  0.0229  0.0227  0.0236  0.0229  0.0227  0.0230  0.0233  0.0229  0.0230  0.0226  0.0227
  0.0228  0.0227  0.0226  0.0231  0.0227  0.0225  0.0227  0.0228  0.0226  0.0227  0.0225  0.0226
  0.0225  0.0225  0.0225  0.0227  0.0225  0.0225  0.0225  0.0226  0.0225  0.0225  0.0225  0.0225
  0.0225  0.0225  0.0225  0.0224  0.0224  0.0224  0.0224  0.0224  0.0224  0.0224  0.0224  0.0224
  0.0225  0.0225  0.0225  0.0225  0.0225  0.0225  0.0225  0.0225  0.0225  0.0225  0.0225  0.0225
  0.0228  0.0227  0.0226  0.0228  0.0226  0.0226  0.0227  0.0228  0.0226  0.0227  0.0225  0.0226
  0.0231  0.0229  0.0227  0.0235  0.0229  0.0227  0.0230  0.0233  0.0229  0.0231  0.0227  0.0227
niter,ni,del,rscale     1    3    5.0000    0.4000
parameters
   -0.0932   20.4487    8.2245   -4.6512  -17.9030   -8.7417
    5.9275   -3.5338   -3.2948   15.8588    5.5880  -11.4848
eta,q 0.97757  9.42661
  0.0229  0.0227  0.0226  0.0232  0.0228  0.0226  0.0228  0.0230  0.0227  0.0228  0.0226  0.0226
  0.0226  0.0226  0.0225  0.0228  0.0226  0.0225  0.0226  0.0227  0.0226  0.0226  0.0225  0.0225
  0.0225  0.0225  0.0225  0.0226  0.0225  0.0224  0.0225  0.0225  0.0225  0.0225  0.0224  0.0225
  0.0224  0.0224  0.0224  0.0224  0.0224  0.0224  0.0224  0.0224  0.0224  0.0224  0.0224  0.0224
  0.0225  0.0225  0.0225  0.0225  0.0225  0.0225  0.0225  0.0225  0.0225  0.0225  0.0224  0.0225
  0.0226  0.0226  0.0225  0.0227  0.0225  0.0225  0.0226  0.0227  0.0226  0.0226  0.0225  0.0225
  0.0229  0.0227  0.0226  0.0231  0.0227  0.0226  0.0228  0.0230  0.0227  0.0228  0.0226  0.0226
registration optimization eta report
parameter search radius
    0.8000    0.8000    0.8000    2.4000    2.4000    2.4000
    2.4000    2.4000    2.4000    2.4000    2.4000    2.4000
100000*second partial in parameter space
       70.       47.       25.       13.        5.        3.
        6.        9.        5.        7.        2.        3.
  0.0229  0.0227  0.0226  0.0232  0.0228  0.0226  0.0228  0.0230  0.0227  0.0228  0.0226  0.0226
  0.0226  0.0226  0.0225  0.0228  0.0226  0.0225  0.0226  0.0227  0.0226  0.0226  0.0225  0.0225
  0.0225  0.0225  0.0225  0.0226  0.0225  0.0224  0.0225  0.0225  0.0225  0.0225  0.0224  0.0225
  0.0224  0.0224  0.0224  0.0224  0.0224  0.0224  0.0224  0.0224  0.0224  0.0224  0.0224  0.0224
  0.0225  0.0225  0.0225  0.0225  0.0225  0.0225  0.0225  0.0225  0.0225  0.0225  0.0224  0.0225
  0.0226  0.0226  0.0225  0.0227  0.0225  0.0225  0.0226  0.0227  0.0226  0.0226  0.0225  0.0225
  0.0229  0.0227  0.0226  0.0231  0.0227  0.0226  0.0228  0.0230  0.0227  0.0228  0.0226  0.0226
   -0.0932   20.4487    8.2245   -4.6512  -17.9030   -8.7417
    5.9275   -3.5338   -3.2948   15.8588    5.5880  -11.4848
eta,q 0.97757  9.42661

---------------------------------------------------------------------
imgreg_4dfp /opt/freesurfer/average/711-2C_as_mni_average_305 /opt/freesurfer/average/711-2B_as_mni_average_305_mask talsrcimg_g11 none talsrcimg_to_711-2C_as_mni_average_305_t4 2311
---------------------------------------------------------------------

freesurfer imgreg_4dfp.c
/opt/freesurfer/average/711-2C_as_mni_average_305.4dfp.img
       256       256       256         1
  1.000000  1.000000  1.000000
orientation T byte_order littleendian
Reading image: /opt/freesurfer/average/711-2C_as_mni_average_305.4dfp.img
dimensions:      256       256       256
mmppix:       1.0000   -1.0000   -1.0000
center:     128.0000 -129.0000 -129.0000
/opt/freesurfer/average/711-2B_as_mni_average_305_mask.4dfp.img
       256       256       256         1
  1.000000  1.000000  1.000000
orientation T byte_order littleendian
Reading mask: /opt/freesurfer/average/711-2B_as_mni_average_305_mask.4dfp.img (2306576 pixels)
talsrcimg_g11.4dfp.img
       256       256       256         1
  1.000000  1.000000  1.000000
orientation T byte_order littleendian
Reading image: talsrcimg_g11.4dfp.img
dimensions:      256       256       256
mmppix:       1.0000   -1.0000   -1.0000
center:     128.0000 -129.0000 -129.0000
fimgreg.f
image alignment mode   2311 decimal      907 hex
parameters
   -0.0932   20.4487    8.2245   -4.6512  -17.9030   -8.7417
    5.9275   -3.5338   -3.2948   15.8588    5.5880  -11.4848
eta,q 0.97757  9.42661
niter,ni,del,rscale     5    3    5.0000    0.8000
parameters
   -0.0867   20.4147    8.1831   -5.1462  -18.1817   -8.6204
    5.9539   -3.6941   -3.3175   15.9859    5.7475  -11.6661
eta,q 0.97750  9.41410
  0.0242  0.0236  0.0230  0.0244  0.0237  0.0232  0.0238  0.0244  0.0235  0.0240  0.0230  0.0231
  0.0232  0.0229  0.0227  0.0236  0.0230  0.0228  0.0231  0.0234  0.0230  0.0232  0.0228  0.0228
  0.0226  0.0226  0.0225  0.0228  0.0226  0.0225  0.0227  0.0227  0.0226  0.0227  0.0226  0.0226
  0.0224  0.0224  0.0224  0.0224  0.0225  0.0225  0.0225  0.0225  0.0225  0.0225  0.0225  0.0225
  0.0226  0.0226  0.0225  0.0227  0.0226  0.0226  0.0226  0.0227  0.0226  0.0227  0.0225  0.0226
  0.0232  0.0230  0.0227  0.0239  0.0231  0.0227  0.0231  0.0235  0.0230  0.0232  0.0227  0.0229
  0.0242  0.0237  0.0231  0.0259  0.0242  0.0231  0.0239  0.0248  0.0235  0.0238  0.0230  0.0232
niter,ni,del,rscale     4    3    5.0000    0.7000
parameters
   -0.0880   20.4309    8.2017   -5.0204  -18.1067   -8.5421
    5.9235   -3.6585   -3.2952   16.0038    5.7233  -11.6420
eta,q 0.97752  9.42310
  0.0238  0.0234  0.0230  0.0243  0.0235  0.0230  0.0235  0.0241  0.0233  0.0236  0.0229  0.0230
  0.0231  0.0229  0.0227  0.0236  0.0230  0.0227  0.0229  0.0232  0.0228  0.0230  0.0227  0.0227
  0.0226  0.0226  0.0226  0.0229  0.0226  0.0225  0.0226  0.0227  0.0226  0.0226  0.0225  0.0225
  0.0225  0.0225  0.0225  0.0225  0.0225  0.0225  0.0225  0.0225  0.0225  0.0225  0.0225  0.0225
  0.0226  0.0226  0.0225  0.0225  0.0225  0.0225  0.0226  0.0226  0.0226  0.0226  0.0225  0.0225
  0.0231  0.0229  0.0227  0.0232  0.0228  0.0227  0.0229  0.0231  0.0228  0.0230  0.0227  0.0227
  0.0238  0.0234  0.0230  0.0244  0.0235  0.0229  0.0236  0.0241  0.0233  0.0236  0.0229  0.0230
niter,ni,del,rscale     3    3    5.0000    0.6000
parameters
   -0.0895   20.4364    8.2139   -4.8689  -18.0331   -8.5869
    5.9161   -3.6129   -3.2956   15.9609    5.6754  -11.5819
eta,q 0.97755  9.42619
  0.0234  0.0231  0.0228  0.0240  0.0232  0.0228  0.0232  0.0237  0.0230  0.0233  0.0227  0.0229
  0.0229  0.0228  0.0226  0.0234  0.0228  0.0226  0.0228  0.0230  0.0227  0.0228  0.0226  0.0226
  0.0226  0.0226  0.0225  0.0228  0.0226  0.0225  0.0225  0.0226  0.0225  0.0225  0.0225  0.0225
  0.0225  0.0225  0.0225  0.0225  0.0225  0.0225  0.0225  0.0225  0.0224  0.0224  0.0225  0.0225
  0.0226  0.0225  0.0225  0.0225  0.0225  0.0225  0.0225  0.0226  0.0225  0.0226  0.0225  0.0225
  0.0229  0.0228  0.0226  0.0230  0.0227  0.0226  0.0228  0.0229  0.0227  0.0229  0.0226  0.0226
  0.0234  0.0231  0.0228  0.0239  0.0232  0.0228  0.0232  0.0236  0.0231  0.0233  0.0228  0.0228
niter,ni,del,rscale     2    3    5.0000    0.5000
parameters
   -0.0908   20.4471    8.2154   -4.7450  -17.9595   -8.6639
    5.9188   -3.5676   -3.3021   15.9120    5.6276  -11.5358
eta,q 0.97757  9.42721
  0.0231  0.0229  0.0227  0.0236  0.0229  0.0227  0.0230  0.0233  0.0229  0.0230  0.0226  0.0227
  0.0228  0.0227  0.0226  0.0231  0.0227  0.0225  0.0227  0.0228  0.0226  0.0227  0.0225  0.0226
  0.0225  0.0225  0.0225  0.0227  0.0225  0.0225  0.0225  0.0226  0.0225  0.0225  0.0225  0.0225
  0.0225  0.0225  0.0225  0.0224  0.0224  0.0224  0.0224  0.0224  0.0224  0.0224  0.0224  0.0224
  0.0225  0.0225  0.0225  0.0225  0.0225  0.0225  0.0225  0.0225  0.0225  0.0225  0.0225  0.0225
  0.0228  0.0227  0.0226  0.0228  0.0226  0.0226  0.0227  0.0228  0.0226  0.0227  0.0225  0.0226
  0.0231  0.0229  0.0227  0.0235  0.0229  0.0227  0.0230  0.0233  0.0229  0.0230  0.0227  0.0227
niter,ni,del,rscale     1    3    5.0000    0.4000
parameters
   -0.0939   20.4495    8.2053   -4.6483  -17.9061   -8.7970
    5.9232   -3.5385   -3.2970   15.8397    5.5882  -11.5127
eta,q 0.97757  9.42412
  0.0229  0.0227  0.0226  0.0232  0.0228  0.0226  0.0228  0.0230  0.0227  0.0228  0.0226  0.0226
  0.0226  0.0226  0.0225  0.0228  0.0226  0.0225  0.0226  0.0227  0.0226  0.0226  0.0225  0.0225
  0.0225  0.0225  0.0225  0.0226  0.0225  0.0224  0.0225  0.0225  0.0225  0.0225  0.0224  0.0225
  0.0224  0.0224  0.0224  0.0224  0.0224  0.0224  0.0224  0.0224  0.0224  0.0224  0.0224  0.0224
  0.0225  0.0225  0.0225  0.0225  0.0225  0.0225  0.0225  0.0225  0.0225  0.0225  0.0224  0.0224
  0.0226  0.0226  0.0225  0.0227  0.0225  0.0225  0.0226  0.0227  0.0226  0.0226  0.0225  0.0225
  0.0229  0.0227  0.0226  0.0231  0.0227  0.0226  0.0228  0.0230  0.0227  0.0228  0.0226  0.0226
registration optimization eta report
parameter search radius
    0.8000    0.8000    0.8000    2.4000    2.4000    2.4000
    2.4000    2.4000    2.4000    2.4000    2.4000    2.4000
100000*second partial in parameter space
       69.       47.       26.       13.        5.        3.
        6.        9.        5.        7.        2.        3.
  0.0229  0.0227  0.0226  0.0232  0.0228  0.0226  0.0228  0.0230  0.0227  0.0228  0.0226  0.0226
  0.0226  0.0226  0.0225  0.0228  0.0226  0.0225  0.0226  0.0227  0.0226  0.0226  0.0225  0.0225
  0.0225  0.0225  0.0225  0.0226  0.0225  0.0224  0.0225  0.0225  0.0225  0.0225  0.0224  0.0225
  0.0224  0.0224  0.0224  0.0224  0.0224  0.0224  0.0224  0.0224  0.0224  0.0224  0.0224  0.0224
  0.0225  0.0225  0.0225  0.0225  0.0225  0.0225  0.0225  0.0225  0.0225  0.0225  0.0224  0.0224
  0.0226  0.0226  0.0225  0.0227  0.0225  0.0225  0.0226  0.0227  0.0226  0.0226  0.0225  0.0225
  0.0229  0.0227  0.0226  0.0231  0.0227  0.0226  0.0228  0.0230  0.0227  0.0228  0.0226  0.0226
   -0.0939   20.4495    8.2053   -4.6483  -17.9061   -8.7970
    5.9232   -3.5385   -3.2970   15.8397    5.5882  -11.5127
eta,q 0.97757  9.42412

---------------------------------------------------------------------
compute_vox2vox talsrcimg talsrcimg_to_711-2C_as_mni_average_305_t4 /opt/freesurfer/average/711-2C_as_mni_average_305
---------------------------------------------------------------------

freesurfer compute_vox2vox.c
Reading: talsrcimg.4dfp.ifh
Reading: talsrcimg_to_711-2C_as_mni_average_305_t4
Reading: /opt/freesurfer/average/711-2C_as_mni_average_305.4dfp.ifh
Writing: talsrcimg_to_711-2C_as_mni_average_305_t4_vox2vox.txt

start time Wed Mar 11 21:28:38 CET 2026
end		time Wed Mar 11 21:30:04 CET 2026

mpr2mni305 success

avi2talxfm orig_nu.mgz /opt/freesurfer/average/mni305.cor.mgz talsrcimg_to_711-2C_as_mni_average_305_t4_vox2vox.txt transforms/talairach.auto.xfm
avi2talxfm done
mv -f /out/sourcedata/freesurfer/sub-v1s0x0050665_ses-1/mri/talsrcimg_to_711-2C_as_mni_average_305_t4_vox2vox.txt /out/sourcedata/freesurfer/sub-v1s0x0050665_ses-1/mri/transforms/talsrcimg_to_711-2C_as_mni_average_305_t4_vox2vox.txt
lta_convert --src orig_nu.mgz --trg /opt/freesurfer/average/mni305.cor.mgz --inxfm transforms/talairach.auto.xfm --outlta transforms/talairach.auto.xfm.lta --subject fsaverage
7.3.2

--src: orig_nu.mgz src image (geometry).
--trg: /opt/freesurfer/average/mni305.cor.mgz trg image (geometry).
--inmni: transforms/talairach.auto.xfm input MNI/XFM transform.
--outlta: transforms/talairach.auto.xfm.lta output LTA.
--s: fsaverage subject name
 LTA read, type : 1
 1.04334   0.05228  -0.06795  -0.04110;
-0.05724   1.06752   0.15384  -9.14320;
 0.05295  -0.20387   1.18571  -50.15953;
 0.00000   0.00000   0.00000   1.00000;
setting subject to fsaverage
Writing  LTA to file transforms/talairach.auto.xfm.lta...
lta_convert successful.
 
 
Started at Wed Mar 11 21:28:38 CET 2026
Ended   at Wed Mar 11 21:30:05 CET 2026
talairach_avi done
